{"/Users/duanguang/Documents/Front-End/legions/legions-design-element/packages/legions-pro-design/src/components/LegionsCore/constant.project.ts": {"path":"/Users/duanguang/Documents/Front-End/legions/legions-design-element/packages/legions-pro-design/src/components/LegionsCore/constant.project.ts","statementMap":{"0":{"start":{"line":1,"column":13},"end":{"line":3,"column":2}}},"fnMap":{},"branchMap":{},"s":{"0":2},"f":{},"b":{}}
,"/Users/duanguang/Documents/Front-End/legions/legions-design-element/packages/legions-pro-design/src/components/LegionsCore/constant.storageKeys.ts": {"path":"/Users/duanguang/Documents/Front-End/legions/legions-design-element/packages/legions-pro-design/src/components/LegionsCore/constant.storageKeys.ts","statementMap":{"0":{"start":{"line":3,"column":13},"end":{"line":3,"column":59}},"1":{"start":{"line":5,"column":13},"end":{"line":5,"column":59}},"2":{"start":{"line":7,"column":13},"end":{"line":7,"column":52}},"3":{"start":{"line":9,"column":13},"end":{"line":9,"column":58}},"4":{"start":{"line":11,"column":13},"end":{"line":11,"column":58}},"5":{"start":{"line":13,"column":13},"end":{"line":13,"column":62}}},"fnMap":{},"branchMap":{},"s":{"0":2,"1":2,"2":2,"3":2,"4":2,"5":2},"f":{},"b":{}}
,"/Users/duanguang/Documents/Front-End/legions/legions-design-element/packages/legions-pro-design/src/components/LegionsCore/index.ts": {"path":"/Users/duanguang/Documents/Front-End/legions/legions-design-element/packages/legions-pro-design/src/components/LegionsCore/index.ts","statementMap":{"0":{"start":{"line":11,"column":0},"end":{"line":11,"column":46}},"1":{"start":{"line":12,"column":0},"end":{"line":12,"column":45}},"2":{"start":{"line":13,"column":0},"end":{"line":13,"column":61}},"3":{"start":{"line":14,"column":20},"end":{"line":18,"column":null}},"4":{"start":{"line":20,"column":0},"end":{"line":20,"column":27}}},"fnMap":{},"branchMap":{},"s":{"0":2,"1":2,"2":2,"3":2,"4":2},"f":{},"b":{}}
,"/Users/duanguang/Documents/Front-End/legions/legions-design-element/packages/legions-pro-design/src/components/LegionsCore/legionsFetch.ts": {"path":"/Users/duanguang/Documents/Front-End/legions/legions-design-element/packages/legions-pro-design/src/components/LegionsCore/legionsFetch.ts","statementMap":{"0":{"start":{"line":11,"column":0},"end":{"line":11,"column":53}},"1":{"start":{"line":13,"column":26},"end":{"line":13,"column":46}},"2":{"start":{"line":14,"column":0},"end":{"line":20,"column":null}},"3":{"start":{"line":17,"column":41},"end":{"line":17,"column":49}},"4":{"start":{"line":17,"column":36},"end":{"line":17,"column":41}},"5":{"start":{"line":18,"column":8},"end":{"line":18,"column":57}},"6":{"start":{"line":42,"column":0},"end":{"line":42,"column":13}},"7":{"start":{"line":43,"column":12},"end":{"line":57,"column":null}},"8":{"start":{"line":44,"column":22},"end":{"line":52,"column":10}},"9":{"start":{"line":53,"column":8},"end":{"line":55,"column":null}},"10":{"start":{"line":54,"column":12},"end":{"line":54,"column":null}},"11":{"start":{"line":56,"column":8},"end":{"line":56,"column":23}},"12":{"start":{"line":58,"column":4},"end":{"line":73,"column":null}},"13":{"start":{"line":59,"column":30},"end":{"line":59,"column":74}},"14":{"start":{"line":61,"column":8},"end":{"line":72,"column":15}},"15":{"start":{"line":63,"column":32},"end":{"line":63,"column":38}},"16":{"start":{"line":64,"column":16},"end":{"line":66,"column":null}},"17":{"start":{"line":65,"column":20},"end":{"line":65,"column":null}},"18":{"start":{"line":68,"column":16},"end":{"line":68,"column":52}},"19":{"start":{"line":71,"column":16},"end":{"line":71,"column":52}},"20":{"start":{"line":74,"column":4},"end":{"line":89,"column":null}},"21":{"start":{"line":75,"column":30},"end":{"line":75,"column":74}},"22":{"start":{"line":77,"column":8},"end":{"line":88,"column":15}},"23":{"start":{"line":79,"column":32},"end":{"line":79,"column":38}},"24":{"start":{"line":80,"column":16},"end":{"line":82,"column":null}},"25":{"start":{"line":81,"column":20},"end":{"line":81,"column":null}},"26":{"start":{"line":84,"column":16},"end":{"line":84,"column":52}},"27":{"start":{"line":87,"column":16},"end":{"line":87,"column":52}},"28":{"start":{"line":90,"column":0},"end":{"line":90,"column":null}},"29":{"start":{"line":42,"column":13},"end":{"line":42,"column":25}}},"fnMap":{"0":{"name":"(anonymous_0)","decl":{"start":{"line":15,"column":13},"end":{"line":15,"column":14}},"loc":{"start":{"line":15,"column":21},"end":{"line":19,"column":5}}},"1":{"name":"(anonymous_1)","decl":{"start":{"line":42,"column":0},"end":{"line":42,"column":13}},"loc":{"start":{"line":42,"column":0},"end":{"line":90,"column":null}}},"2":{"name":"(anonymous_3)","decl":{"start":{"line":43,"column":4},"end":{"line":43,"column":12}},"loc":{"start":{"line":43,"column":65},"end":{"line":57,"column":5}}},"3":{"name":"(anonymous_4)","decl":{"start":{"line":58,"column":4},"end":{"line":58,"column":7}},"loc":{"start":{"line":58,"column":69},"end":{"line":73,"column":5}}},"4":{"name":"(anonymous_5)","decl":{"start":{"line":62,"column":18},"end":{"line":62,"column":24}},"loc":{"start":{"line":62,"column":24},"end":{"line":69,"column":13}}},"5":{"name":"(anonymous_6)","decl":{"start":{"line":70,"column":19},"end":{"line":70,"column":22}},"loc":{"start":{"line":70,"column":22},"end":{"line":72,"column":13}}},"6":{"name":"(anonymous_7)","decl":{"start":{"line":74,"column":4},"end":{"line":74,"column":8}},"loc":{"start":{"line":74,"column":70},"end":{"line":89,"column":5}}},"7":{"name":"(anonymous_8)","decl":{"start":{"line":78,"column":18},"end":{"line":78,"column":24}},"loc":{"start":{"line":78,"column":24},"end":{"line":85,"column":13}}},"8":{"name":"(anonymous_9)","decl":{"start":{"line":86,"column":19},"end":{"line":86,"column":22}},"loc":{"start":{"line":86,"column":22},"end":{"line":88,"column":13}}}},"branchMap":{"0":{"loc":{"start":{"line":53,"column":8},"end":{"line":55,"column":null}},"type":"if","locations":[{"start":{"line":53,"column":8},"end":{"line":55,"column":null}},{"start":{"line":53,"column":8},"end":{"line":55,"column":null}}]},"1":{"loc":{"start":{"line":61,"column":51},"end":{"line":61,"column":68}},"type":"binary-expr","locations":[{"start":{"line":61,"column":51},"end":{"line":61,"column":68}},{"start":{"line":61,"column":72},"end":{"line":61,"column":76}}]},"2":{"loc":{"start":{"line":64,"column":16},"end":{"line":66,"column":null}},"type":"if","locations":[{"start":{"line":64,"column":16},"end":{"line":66,"column":null}},{"start":{"line":64,"column":16},"end":{"line":66,"column":null}}]},"3":{"loc":{"start":{"line":71,"column":16},"end":{"line":71,"column":29}},"type":"binary-expr","locations":[{"start":{"line":71,"column":16},"end":{"line":71,"column":29}},{"start":{"line":71,"column":33},"end":{"line":71,"column":51}}]},"4":{"loc":{"start":{"line":77,"column":53},"end":{"line":77,"column":70}},"type":"binary-expr","locations":[{"start":{"line":77,"column":53},"end":{"line":77,"column":70}},{"start":{"line":77,"column":74},"end":{"line":77,"column":78}}]},"5":{"loc":{"start":{"line":80,"column":16},"end":{"line":82,"column":null}},"type":"if","locations":[{"start":{"line":80,"column":16},"end":{"line":82,"column":null}},{"start":{"line":80,"column":16},"end":{"line":82,"column":null}}]},"6":{"loc":{"start":{"line":87,"column":16},"end":{"line":87,"column":29}},"type":"binary-expr","locations":[{"start":{"line":87,"column":16},"end":{"line":87,"column":29}},{"start":{"line":87,"column":33},"end":{"line":87,"column":51}}]}},"s":{"0":2,"1":2,"2":2,"3":0,"4":0,"5":0,"6":2,"7":2,"8":0,"9":0,"10":0,"11":0,"12":2,"13":0,"14":0,"15":0,"16":0,"17":0,"18":0,"19":0,"20":2,"21":0,"22":0,"23":0,"24":0,"25":0,"26":0,"27":0,"28":2,"29":2},"f":{"0":0,"1":2,"2":0,"3":0,"4":0,"5":0,"6":0,"7":0,"8":0},"b":{"0":[0,0],"1":[0,0],"2":[0,0],"3":[0,0],"4":[0,0],"5":[0,0],"6":[0,0]}}
,"/Users/duanguang/Documents/Front-End/legions/legions-design-element/packages/legions-pro-design/src/components/LegionsModels/index.ts": {"path":"/Users/duanguang/Documents/Front-End/legions/legions-design-element/packages/legions-pro-design/src/components/LegionsModels/index.ts","statementMap":{"0":{"start":{"line":11,"column":0},"end":{"line":11,"column":66}},"1":{"start":{"line":12,"column":0},"end":{"line":12,"column":62}},"2":{"start":{"line":13,"column":0},"end":{"line":13,"column":100}},"3":{"start":{"line":14,"column":0},"end":{"line":14,"column":59}},"4":{"start":{"line":16,"column":22},"end":{"line":26,"column":null}},"5":{"start":{"line":28,"column":0},"end":{"line":28,"column":29}}},"fnMap":{},"branchMap":{},"s":{"0":2,"1":2,"2":2,"3":2,"4":2,"5":2},"f":{},"b":{}}
,"/Users/duanguang/Documents/Front-End/legions/legions-design-element/packages/legions-pro-design/src/components/LegionsModels/selectKeyValue.ts": {"path":"/Users/duanguang/Documents/Front-End/legions/legions-design-element/packages/legions-pro-design/src/components/LegionsModels/selectKeyValue.ts","statementMap":{"0":{"start":{"line":1,"column":0},"end":{"line":1,"column":50}},"1":{"start":{"line":2,"column":0},"end":{"line":2,"column":46}},"2":{"start":{"line":3,"column":0},"end":{"line":3,"column":13}},"3":{"start":{"line":5,"column":2},"end":{"line":5,"column":null}},"4":{"start":{"line":8,"column":2},"end":{"line":8,"column":null}},"5":{"start":{"line":11,"column":2},"end":{"line":11,"column":null}},"6":{"start":{"line":14,"column":2},"end":{"line":14,"column":null}},"7":{"start":{"line":17,"column":2},"end":{"line":17,"column":null}},"8":{"start":{"line":18,"column":0},"end":{"line":18,"column":null}},"9":{"start":{"line":3,"column":13},"end":{"line":3,"column":21}},"10":{"start":{"line":20,"column":0},"end":{"line":20,"column":null}},"11":{"start":{"line":20,"column":36},"end":{"line":20,"column":46}},"12":{"start":{"line":35,"column":4},"end":{"line":35,"column":null}},"13":{"start":{"line":23,"column":2},"end":{"line":23,"column":20}},"14":{"start":{"line":24,"column":2},"end":{"line":24,"column":22}},"15":{"start":{"line":25,"column":2},"end":{"line":25,"column":24}},"16":{"start":{"line":36,"column":4},"end":{"line":36,"column":21}},"17":{"start":{"line":37,"column":4},"end":{"line":51,"column":null}},"18":{"start":{"line":38,"column":6},"end":{"line":38,"column":56}},"19":{"start":{"line":39,"column":6},"end":{"line":39,"column":60}},"20":{"start":{"line":40,"column":6},"end":{"line":40,"column":52}},"21":{"start":{"line":41,"column":6},"end":{"line":41,"column":51}},"22":{"start":{"line":42,"column":6},"end":{"line":42,"column":55}},"23":{"start":{"line":43,"column":6},"end":{"line":43,"column":58}},"24":{"start":{"line":44,"column":6},"end":{"line":50,"column":null}},"25":{"start":{"line":48,"column":23},"end":{"line":48,"column":71}},"26":{"start":{"line":49,"column":8},"end":{"line":49,"column":null}},"27":{"start":{"line":53,"column":0},"end":{"line":53,"column":null}},"28":{"start":{"line":20,"column":13},"end":{"line":20,"column":27}}},"fnMap":{"0":{"name":"(anonymous_0)","decl":{"start":{"line":3,"column":0},"end":{"line":3,"column":13}},"loc":{"start":{"line":3,"column":0},"end":{"line":3,"column":13}}},"1":{"name":"(anonymous_2)","decl":{"start":{"line":20,"column":0},"end":{"line":20,"column":13}},"loc":{"start":{"line":20,"column":0},"end":{"line":53,"column":null}}},"2":{"name":"SelectKeyValue","decl":{"start":{"line":26,"column":2},"end":{"line":26,"column":14}},"loc":{"start":{"line":34,"column":3},"end":{"line":52,"column":3}}}},"branchMap":{"0":{"loc":{"start":{"line":35,"column":4},"end":{"line":35,"column":11}},"type":"binary-expr","locations":[{"start":{"line":35,"column":4},"end":{"line":35,"column":11}},{"start":{"line":35,"column":11},"end":{"line":35,"column":null}}]},"1":{"loc":{"start":{"line":37,"column":4},"end":{"line":51,"column":null}},"type":"if","locations":[{"start":{"line":37,"column":4},"end":{"line":51,"column":null}},{"start":{"line":37,"column":4},"end":{"line":51,"column":null}}]},"2":{"loc":{"start":{"line":37,"column":8},"end":{"line":37,"column":15}},"type":"binary-expr","locations":[{"start":{"line":37,"column":8},"end":{"line":37,"column":15}},{"start":{"line":37,"column":19},"end":{"line":37,"column":59}}]},"3":{"loc":{"start":{"line":38,"column":21},"end":{"line":38,"column":45}},"type":"binary-expr","locations":[{"start":{"line":38,"column":21},"end":{"line":38,"column":45}},{"start":{"line":38,"column":49},"end":{"line":38,"column":55}}]},"4":{"loc":{"start":{"line":39,"column":47},"end":{"line":39,"column":51}},"type":"cond-expr","locations":[{"start":{"line":39,"column":47},"end":{"line":39,"column":51}},{"start":{"line":39,"column":54},"end":{"line":39,"column":59}}]},"5":{"loc":{"start":{"line":40,"column":18},"end":{"line":40,"column":45}},"type":"binary-expr","locations":[{"start":{"line":40,"column":18},"end":{"line":40,"column":45}},{"start":{"line":40,"column":49},"end":{"line":40,"column":51}}]},"6":{"loc":{"start":{"line":41,"column":19},"end":{"line":41,"column":45}},"type":"binary-expr","locations":[{"start":{"line":41,"column":19},"end":{"line":41,"column":45}},{"start":{"line":41,"column":49},"end":{"line":41,"column":50}}]},"7":{"loc":{"start":{"line":42,"column":21},"end":{"line":42,"column":49}},"type":"binary-expr","locations":[{"start":{"line":42,"column":21},"end":{"line":42,"column":49}},{"start":{"line":42,"column":53},"end":{"line":42,"column":54}}]},"8":{"loc":{"start":{"line":43,"column":22},"end":{"line":43,"column":51}},"type":"binary-expr","locations":[{"start":{"line":43,"column":22},"end":{"line":43,"column":51}},{"start":{"line":43,"column":55},"end":{"line":43,"column":57}}]},"9":{"loc":{"start":{"line":44,"column":6},"end":{"line":50,"column":null}},"type":"if","locations":[{"start":{"line":44,"column":6},"end":{"line":50,"column":null}},{"start":{"line":44,"column":6},"end":{"line":50,"column":null}}]},"10":{"loc":{"start":{"line":45,"column":8},"end":{"line":45,"column":29}},"type":"binary-expr","locations":[{"start":{"line":45,"column":8},"end":{"line":45,"column":29}},{"start":{"line":46,"column":8},"end":{"line":46,"column":51}}]}},"s":{"0":2,"1":2,"2":2,"3":2,"4":2,"5":2,"6":2,"7":2,"8":2,"9":2,"10":2,"11":2,"12":0,"13":0,"14":0,"15":0,"16":0,"17":0,"18":0,"19":0,"20":0,"21":0,"22":0,"23":0,"24":0,"25":0,"26":0,"27":2,"28":2},"f":{"0":2,"1":2,"2":0},"b":{"0":[0,0],"1":[0,0],"2":[0,0],"3":[0,0],"4":[0,0],"5":[0,0],"6":[0,0],"7":[0,0],"8":[0,0],"9":[0,0],"10":[0,0]}}
,"/Users/duanguang/Documents/Front-End/legions/legions-design-element/packages/legions-pro-design/src/components/LegionsModels/pro.base.model/index.ts": {"path":"/Users/duanguang/Documents/Front-End/legions/legions-design-element/packages/legions-pro-design/src/components/LegionsModels/pro.base.model/index.ts","statementMap":{"0":{"start":{"line":1,"column":0},"end":{"line":1,"column":50}},"1":{"start":{"line":3,"column":0},"end":{"line":3,"column":13}},"2":{"start":{"line":11,"column":2},"end":{"line":11,"column":26}},"3":{"start":{"line":19,"column":2},"end":{"line":19,"column":23}},"4":{"start":{"line":27,"column":2},"end":{"line":27,"column":29}},"5":{"start":{"line":36,"column":2},"end":{"line":36,"column":19}},"6":{"start":{"line":37,"column":2},"end":{"line":41,"column":null}},"7":{"start":{"line":37,"column":2},"end":{"line":37,"column":16}},"8":{"start":{"line":38,"column":4},"end":{"line":40,"column":7}},"9":{"start":{"line":39,"column":6},"end":{"line":39,"column":47}},"10":{"start":{"line":42,"column":2},"end":{"line":46,"column":null}},"11":{"start":{"line":42,"column":2},"end":{"line":42,"column":15}},"12":{"start":{"line":43,"column":4},"end":{"line":45,"column":7}},"13":{"start":{"line":44,"column":6},"end":{"line":44,"column":47}},"14":{"start":{"line":47,"column":2},"end":{"line":49,"column":null}},"15":{"start":{"line":48,"column":4},"end":{"line":48,"column":40}},"16":{"start":{"line":50,"column":0},"end":{"line":50,"column":null}},"17":{"start":{"line":3,"column":13},"end":{"line":3,"column":23}},"18":{"start":{"line":51,"column":0},"end":{"line":51,"column":53}},"19":{"start":{"line":51,"column":40},"end":{"line":51,"column":50}},"20":{"start":{"line":54,"column":4},"end":{"line":54,"column":null}},"21":{"start":{"line":56,"column":4},"end":{"line":61,"column":null}},"22":{"start":{"line":57,"column":6},"end":{"line":57,"column":43}},"23":{"start":{"line":58,"column":6},"end":{"line":58,"column":43}},"24":{"start":{"line":59,"column":6},"end":{"line":59,"column":37}},"25":{"start":{"line":60,"column":6},"end":{"line":60,"column":45}},"26":{"start":{"line":63,"column":0},"end":{"line":63,"column":null}},"27":{"start":{"line":51,"column":13},"end":{"line":51,"column":28}}},"fnMap":{"0":{"name":"(anonymous_0)","decl":{"start":{"line":3,"column":0},"end":{"line":3,"column":13}},"loc":{"start":{"line":3,"column":0},"end":{"line":50,"column":null}}},"1":{"name":"BaseEntity","decl":{"start":{"line":4,"column":2},"end":{"line":4,"column":17}},"loc":{"start":{"line":4,"column":2},"end":{"line":4,"column":18}}},"2":{"name":"(anonymous_2)","decl":{"start":{"line":37,"column":2},"end":{"line":37,"column":16}},"loc":{"start":{"line":37,"column":32},"end":{"line":41,"column":3}}},"3":{"name":"(anonymous_3)","decl":{"start":{"line":38,"column":28},"end":{"line":38,"column":31}},"loc":{"start":{"line":38,"column":31},"end":{"line":40,"column":5}}},"4":{"name":"(anonymous_4)","decl":{"start":{"line":42,"column":2},"end":{"line":42,"column":15}},"loc":{"start":{"line":42,"column":31},"end":{"line":46,"column":3}}},"5":{"name":"(anonymous_5)","decl":{"start":{"line":43,"column":28},"end":{"line":43,"column":31}},"loc":{"start":{"line":43,"column":31},"end":{"line":45,"column":5}}},"6":{"name":"(anonymous_6)","decl":{"start":{"line":47,"column":2},"end":{"line":47,"column":14}},"loc":{"start":{"line":47,"column":29},"end":{"line":49,"column":3}}},"7":{"name":"(anonymous_7)","decl":{"start":{"line":51,"column":0},"end":{"line":51,"column":13}},"loc":{"start":{"line":51,"column":0},"end":{"line":63,"column":null}}},"8":{"name":"ContainerEntity","decl":{"start":{"line":53,"column":2},"end":{"line":53,"column":14}},"loc":{"start":{"line":53,"column":26},"end":{"line":62,"column":3}}}},"branchMap":{"0":{"loc":{"start":{"line":38,"column":12},"end":{"line":38,"column":16}},"type":"binary-expr","locations":[{"start":{"line":38,"column":12},"end":{"line":38,"column":16}},{"start":{"line":38,"column":20},"end":{"line":38,"column":22}}]},"1":{"loc":{"start":{"line":43,"column":12},"end":{"line":43,"column":16}},"type":"binary-expr","locations":[{"start":{"line":43,"column":12},"end":{"line":43,"column":16}},{"start":{"line":43,"column":20},"end":{"line":43,"column":22}}]},"2":{"loc":{"start":{"line":54,"column":4},"end":{"line":54,"column":11}},"type":"binary-expr","locations":[{"start":{"line":54,"column":4},"end":{"line":54,"column":11}},{"start":{"line":54,"column":11},"end":{"line":54,"column":null}}]},"3":{"loc":{"start":{"line":56,"column":4},"end":{"line":61,"column":null}},"type":"if","locations":[{"start":{"line":56,"column":4},"end":{"line":61,"column":null}},{"start":{"line":56,"column":4},"end":{"line":61,"column":null}}]},"4":{"loc":{"start":{"line":56,"column":8},"end":{"line":56,"column":19}},"type":"binary-expr","locations":[{"start":{"line":56,"column":8},"end":{"line":56,"column":19}},{"start":{"line":56,"column":23},"end":{"line":56,"column":54}}]},"5":{"loc":{"start":{"line":57,"column":18},"end":{"line":57,"column":36}},"type":"binary-expr","locations":[{"start":{"line":57,"column":18},"end":{"line":57,"column":36}},{"start":{"line":57,"column":40},"end":{"line":57,"column":42}}]},"6":{"loc":{"start":{"line":58,"column":21},"end":{"line":58,"column":36}},"type":"binary-expr","locations":[{"start":{"line":58,"column":21},"end":{"line":58,"column":36}},{"start":{"line":58,"column":40},"end":{"line":58,"column":42}}]},"7":{"loc":{"start":{"line":60,"column":21},"end":{"line":60,"column":35}},"type":"binary-expr","locations":[{"start":{"line":60,"column":21},"end":{"line":60,"column":35}},{"start":{"line":60,"column":39},"end":{"line":60,"column":44}}]}},"s":{"0":2,"1":2,"2":0,"3":0,"4":0,"5":0,"6":2,"7":0,"8":0,"9":0,"10":2,"11":0,"12":0,"13":0,"14":2,"15":0,"16":2,"17":2,"18":2,"19":2,"20":0,"21":0,"22":0,"23":0,"24":0,"25":0,"26":2,"27":2},"f":{"0":2,"1":0,"2":0,"3":0,"4":0,"5":0,"6":0,"7":2,"8":0},"b":{"0":[0,0],"1":[0,0],"2":[0,0],"3":[0,0],"4":[0,0],"5":[0,0],"6":[0,0],"7":[0,0]}}
,"/Users/duanguang/Documents/Front-End/legions/legions-design-element/packages/legions-pro-design/src/components/LegionsModels/pro.menu.model/index.ts": {"path":"/Users/duanguang/Documents/Front-End/legions/legions-design-element/packages/legions-pro-design/src/components/LegionsModels/pro.menu.model/index.ts","statementMap":{"0":{"start":{"line":10,"column":0},"end":{"line":10,"column":50}},"1":{"start":{"line":12,"column":0},"end":{"line":12,"column":47}},"2":{"start":{"line":16,"column":0},"end":{"line":16,"column":22}},"3":{"start":{"line":42,"column":0},"end":{"line":42,"column":null}},"4":{"start":{"line":16,"column":22},"end":{"line":16,"column":41}},"5":{"start":{"line":43,"column":0},"end":{"line":43,"column":null}},"6":{"start":{"line":43,"column":32},"end":{"line":43,"column":51}},"7":{"start":{"line":45,"column":4},"end":{"line":45,"column":null}},"8":{"start":{"line":53,"column":11},"end":{"line":53,"column":20}},"9":{"start":{"line":61,"column":11},"end":{"line":61,"column":22}},"10":{"start":{"line":69,"column":2},"end":{"line":69,"column":15}},"11":{"start":{"line":77,"column":2},"end":{"line":77,"column":13}},"12":{"start":{"line":85,"column":11},"end":{"line":85,"column":29}},"13":{"start":{"line":94,"column":11},"end":{"line":94,"column":49}},"14":{"start":{"line":97,"column":11},"end":{"line":97,"column":36}},"15":{"start":{"line":100,"column":11},"end":{"line":100,"column":29}},"16":{"start":{"line":102,"column":2},"end":{"line":102,"column":66}},"17":{"start":{"line":103,"column":2},"end":{"line":109,"column":4}},"18":{"start":{"line":53,"column":2},"end":{"line":53,"column":null}},"19":{"start":{"line":61,"column":2},"end":{"line":61,"column":null}},"20":{"start":{"line":69,"column":2},"end":{"line":69,"column":null}},"21":{"start":{"line":77,"column":2},"end":{"line":77,"column":null}},"22":{"start":{"line":85,"column":2},"end":{"line":85,"column":null}},"23":{"start":{"line":94,"column":2},"end":{"line":94,"column":null}},"24":{"start":{"line":97,"column":2},"end":{"line":97,"column":null}},"25":{"start":{"line":100,"column":2},"end":{"line":100,"column":null}},"26":{"start":{"line":112,"column":0},"end":{"line":112,"column":null}},"27":{"start":{"line":43,"column":13},"end":{"line":43,"column":23}},"28":{"start":{"line":120,"column":0},"end":{"line":120,"column":null}},"29":{"start":{"line":120,"column":41},"end":{"line":120,"column":51}},"30":{"start":{"line":132,"column":4},"end":{"line":132,"column":null}},"31":{"start":{"line":133,"column":4},"end":{"line":133,"column":42}},"32":{"start":{"line":134,"column":4},"end":{"line":134,"column":39}},"33":{"start":{"line":135,"column":4},"end":{"line":135,"column":38}},"34":{"start":{"line":136,"column":15},"end":{"line":136,"column":28}},"35":{"start":{"line":137,"column":4},"end":{"line":141,"column":null}},"36":{"start":{"line":138,"column":6},"end":{"line":138,"column":58}},"37":{"start":{"line":140,"column":6},"end":{"line":140,"column":23}},"38":{"start":{"line":143,"column":0},"end":{"line":143,"column":null}},"39":{"start":{"line":120,"column":13},"end":{"line":120,"column":32}}},"fnMap":{"0":{"name":"(anonymous_0)","decl":{"start":{"line":16,"column":0},"end":{"line":16,"column":22}},"loc":{"start":{"line":16,"column":0},"end":{"line":42,"column":null}}},"1":{"name":"(anonymous_2)","decl":{"start":{"line":43,"column":0},"end":{"line":43,"column":13}},"loc":{"start":{"line":43,"column":0},"end":{"line":43,"column":13}}},"2":{"name":"MenuEntity","decl":{"start":{"line":44,"column":2},"end":{"line":44,"column":null}},"loc":{"start":{"line":44,"column":2},"end":{"line":46,"column":3}}},"3":{"name":"(anonymous_4)","decl":{"start":{"line":120,"column":0},"end":{"line":120,"column":13}},"loc":{"start":{"line":120,"column":0},"end":{"line":143,"column":null}}},"4":{"name":"MenuContainerEntity","decl":{"start":{"line":131,"column":2},"end":{"line":131,"column":14}},"loc":{"start":{"line":131,"column":35},"end":{"line":142,"column":3}}}},"branchMap":{"0":{"loc":{"start":{"line":45,"column":4},"end":{"line":45,"column":11}},"type":"binary-expr","locations":[{"start":{"line":45,"column":4},"end":{"line":45,"column":11}},{"start":{"line":45,"column":11},"end":{"line":45,"column":null}}]},"1":{"loc":{"start":{"line":132,"column":4},"end":{"line":132,"column":11}},"type":"binary-expr","locations":[{"start":{"line":132,"column":4},"end":{"line":132,"column":11}},{"start":{"line":132,"column":11},"end":{"line":132,"column":null}}]},"2":{"loc":{"start":{"line":133,"column":19},"end":{"line":133,"column":31}},"type":"binary-expr","locations":[{"start":{"line":133,"column":19},"end":{"line":133,"column":31}},{"start":{"line":133,"column":35},"end":{"line":133,"column":41}}]},"3":{"loc":{"start":{"line":134,"column":19},"end":{"line":134,"column":30}},"type":"binary-expr","locations":[{"start":{"line":134,"column":19},"end":{"line":134,"column":30}},{"start":{"line":134,"column":34},"end":{"line":134,"column":38}}]},"4":{"loc":{"start":{"line":135,"column":16},"end":{"line":135,"column":31}},"type":"binary-expr","locations":[{"start":{"line":135,"column":16},"end":{"line":135,"column":31}},{"start":{"line":135,"column":35},"end":{"line":135,"column":37}}]},"5":{"loc":{"start":{"line":137,"column":4},"end":{"line":141,"column":null}},"type":"if","locations":[{"start":{"line":137,"column":4},"end":{"line":141,"column":null}},{"start":{"line":137,"column":4},"end":{"line":141,"column":null}}]},"6":{"loc":{"start":{"line":137,"column":8},"end":{"line":137,"column":16}},"type":"binary-expr","locations":[{"start":{"line":137,"column":8},"end":{"line":137,"column":16}},{"start":{"line":137,"column":20},"end":{"line":137,"column":24}}]}},"s":{"0":2,"1":2,"2":2,"3":2,"4":2,"5":2,"6":2,"7":0,"8":0,"9":0,"10":0,"11":0,"12":0,"13":0,"14":0,"15":0,"16":0,"17":0,"18":2,"19":2,"20":2,"21":2,"22":2,"23":2,"24":2,"25":2,"26":2,"27":2,"28":2,"29":2,"30":0,"31":0,"32":0,"33":0,"34":0,"35":0,"36":0,"37":0,"38":2,"39":2},"f":{"0":2,"1":2,"2":0,"3":2,"4":0},"b":{"0":[0,0],"1":[0,0],"2":[0,0],"3":[0,0],"4":[0,0],"5":[0,0],"6":[0,0]}}
,"/Users/duanguang/Documents/Front-End/legions/legions-design-element/packages/legions-pro-design/src/components/LegionsModels/pro.table.model/index.ts": {"path":"/Users/duanguang/Documents/Front-End/legions/legions-design-element/packages/legions-pro-design/src/components/LegionsModels/pro.table.model/index.ts","statementMap":{"0":{"start":{"line":1,"column":0},"end":{"line":1,"column":50}},"1":{"start":{"line":2,"column":0},"end":{"line":2,"column":47}},"2":{"start":{"line":3,"column":0},"end":{"line":3,"column":13}},"3":{"start":{"line":5,"column":2},"end":{"line":5,"column":25}},"4":{"start":{"line":7,"column":2},"end":{"line":7,"column":21}},"5":{"start":{"line":5,"column":2},"end":{"line":5,"column":null}},"6":{"start":{"line":7,"column":2},"end":{"line":7,"column":null}},"7":{"start":{"line":8,"column":0},"end":{"line":8,"column":null}},"8":{"start":{"line":3,"column":13},"end":{"line":3,"column":29}},"9":{"start":{"line":9,"column":0},"end":{"line":9,"column":13}},"10":{"start":{"line":16,"column":2},"end":{"line":16,"column":18}},"11":{"start":{"line":24,"column":2},"end":{"line":24,"column":21}},"12":{"start":{"line":16,"column":2},"end":{"line":16,"column":null}},"13":{"start":{"line":24,"column":2},"end":{"line":24,"column":null}},"14":{"start":{"line":25,"column":0},"end":{"line":25,"column":null}},"15":{"start":{"line":9,"column":13},"end":{"line":9,"column":31}},"16":{"start":{"line":34,"column":0},"end":{"line":34,"column":null}},"17":{"start":{"line":34,"column":49},"end":{"line":34,"column":59}},"18":{"start":{"line":38,"column":4},"end":{"line":38,"column":null}},"19":{"start":{"line":39,"column":4},"end":{"line":47,"column":null}},"20":{"start":{"line":40,"column":6},"end":{"line":40,"column":48}},"21":{"start":{"line":41,"column":6},"end":{"line":41,"column":46}},"22":{"start":{"line":42,"column":6},"end":{"line":42,"column":40}},"23":{"start":{"line":43,"column":19},"end":{"line":43,"column":32}},"24":{"start":{"line":44,"column":6},"end":{"line":46,"column":null}},"25":{"start":{"line":45,"column":8},"end":{"line":45,"column":67}},"26":{"start":{"line":49,"column":0},"end":{"line":49,"column":null}},"27":{"start":{"line":34,"column":13},"end":{"line":34,"column":40}}},"fnMap":{"0":{"name":"(anonymous_0)","decl":{"start":{"line":3,"column":0},"end":{"line":3,"column":13}},"loc":{"start":{"line":3,"column":0},"end":{"line":3,"column":13}}},"1":{"name":"(anonymous_2)","decl":{"start":{"line":9,"column":0},"end":{"line":9,"column":13}},"loc":{"start":{"line":9,"column":0},"end":{"line":9,"column":13}}},"2":{"name":"(anonymous_4)","decl":{"start":{"line":34,"column":0},"end":{"line":34,"column":13}},"loc":{"start":{"line":34,"column":0},"end":{"line":49,"column":null}}},"3":{"name":"TableColumnsContainerEntity","decl":{"start":{"line":37,"column":2},"end":{"line":37,"column":14}},"loc":{"start":{"line":37,"column":44},"end":{"line":48,"column":3}}}},"branchMap":{"0":{"loc":{"start":{"line":38,"column":4},"end":{"line":38,"column":11}},"type":"binary-expr","locations":[{"start":{"line":38,"column":4},"end":{"line":38,"column":11}},{"start":{"line":38,"column":11},"end":{"line":38,"column":null}}]},"1":{"loc":{"start":{"line":39,"column":4},"end":{"line":47,"column":null}},"type":"if","locations":[{"start":{"line":39,"column":4},"end":{"line":47,"column":null}},{"start":{"line":39,"column":4},"end":{"line":47,"column":null}}]},"2":{"loc":{"start":{"line":40,"column":21},"end":{"line":40,"column":37}},"type":"binary-expr","locations":[{"start":{"line":40,"column":21},"end":{"line":40,"column":37}},{"start":{"line":40,"column":41},"end":{"line":40,"column":47}}]},"3":{"loc":{"start":{"line":41,"column":21},"end":{"line":41,"column":37}},"type":"binary-expr","locations":[{"start":{"line":41,"column":21},"end":{"line":41,"column":37}},{"start":{"line":41,"column":41},"end":{"line":41,"column":45}}]},"4":{"loc":{"start":{"line":42,"column":18},"end":{"line":42,"column":33}},"type":"binary-expr","locations":[{"start":{"line":42,"column":18},"end":{"line":42,"column":33}},{"start":{"line":42,"column":37},"end":{"line":42,"column":39}}]},"5":{"loc":{"start":{"line":44,"column":6},"end":{"line":46,"column":null}},"type":"if","locations":[{"start":{"line":44,"column":6},"end":{"line":46,"column":null}},{"start":{"line":44,"column":6},"end":{"line":46,"column":null}}]},"6":{"loc":{"start":{"line":44,"column":10},"end":{"line":44,"column":18}},"type":"binary-expr","locations":[{"start":{"line":44,"column":10},"end":{"line":44,"column":18}},{"start":{"line":44,"column":22},"end":{"line":44,"column":26}}]}},"s":{"0":2,"1":2,"2":2,"3":0,"4":0,"5":2,"6":2,"7":2,"8":2,"9":2,"10":0,"11":0,"12":2,"13":2,"14":2,"15":2,"16":2,"17":2,"18":0,"19":0,"20":0,"21":0,"22":0,"23":0,"24":0,"25":0,"26":2,"27":2},"f":{"0":2,"1":2,"2":2,"3":0},"b":{"0":[0,0],"1":[0,0],"2":[0,0],"3":[0,0],"4":[0,0],"5":[0,0],"6":[0,0]}}
,"/Users/duanguang/Documents/Front-End/legions/legions-design-element/packages/legions-pro-design/src/components/LegionsProDragger/index.tsx": {"path":"/Users/duanguang/Documents/Front-End/legions/legions-design-element/packages/legions-pro-design/src/components/LegionsProDragger/index.tsx","statementMap":{"0":{"start":{"line":2,"column":0},"end":{"line":2,"column":35}},"1":{"start":{"line":3,"column":0},"end":{"line":3,"column":40}},"2":{"start":{"line":4,"column":0},"end":{"line":4,"column":36}},"3":{"start":{"line":7,"column":14},"end":{"line":10,"column":2}},"4":{"start":{"line":11,"column":0},"end":{"line":11,"column":74}},"5":{"start":{"line":11,"column":47},"end":{"line":11,"column":56}},"6":{"start":{"line":11,"column":0},"end":{"line":11,"column":21}},"7":{"start":{"line":27,"column":4},"end":{"line":27,"column":16}},"8":{"start":{"line":28,"column":4},"end":{"line":28,"column":20}},"9":{"start":{"line":30,"column":4},"end":{"line":87,"column":null}},"10":{"start":{"line":30,"column":4},"end":{"line":30,"column":21}},"11":{"start":{"line":31,"column":21},"end":{"line":31,"column":49}},"12":{"start":{"line":33,"column":8},"end":{"line":84,"column":11}},"13":{"start":{"line":45,"column":33},"end":{"line":45,"column":46}},"14":{"start":{"line":47,"column":12},"end":{"line":83,"column":14}},"15":{"start":{"line":47,"column":29},"end":{"line":47,"column":38}},"16":{"start":{"line":48,"column":22},"end":{"line":48,"column":37}},"17":{"start":{"line":48,"column":26},"end":{"line":48,"column":30}},"18":{"start":{"line":50,"column":16},"end":{"line":72,"column":null}},"19":{"start":{"line":51,"column":20},"end":{"line":51,"column":68}},"20":{"start":{"line":52,"column":20},"end":{"line":52,"column":49}},"21":{"start":{"line":53,"column":23},"end":{"line":72,"column":null}},"22":{"start":{"line":54,"column":34},"end":{"line":54,"column":57}},"23":{"start":{"line":55,"column":35},"end":{"line":55,"column":56}},"24":{"start":{"line":56,"column":40},"end":{"line":56,"column":65}},"25":{"start":{"line":58,"column":42},"end":{"line":58,"column":129}},"26":{"start":{"line":59,"column":20},"end":{"line":59,"column":66}},"27":{"start":{"line":60,"column":20},"end":{"line":69,"column":null}},"28":{"start":{"line":61,"column":46},"end":{"line":61,"column":72}},"29":{"start":{"line":63,"column":24},"end":{"line":66,"column":null}},"30":{"start":{"line":65,"column":28},"end":{"line":65,"column":70}},"31":{"start":{"line":68,"column":24},"end":{"line":68,"column":104}},"32":{"start":{"line":71,"column":20},"end":{"line":71,"column":88}},"33":{"start":{"line":74,"column":16},"end":{"line":78,"column":null}},"34":{"start":{"line":75,"column":26},"end":{"line":75,"column":55}},"35":{"start":{"line":75,"column":30},"end":{"line":75,"column":31}},"36":{"start":{"line":75,"column":44},"end":{"line":75,"column":48}},"37":{"start":{"line":76,"column":36},"end":{"line":76,"column":89}},"38":{"start":{"line":77,"column":20},"end":{"line":77,"column":35}},"39":{"start":{"line":80,"column":16},"end":{"line":82,"column":21}},"40":{"start":{"line":81,"column":20},"end":{"line":81,"column":54}},"41":{"start":{"line":86,"column":8},"end":{"line":86,"column":61}},"42":{"start":{"line":89,"column":4},"end":{"line":96,"column":null}},"43":{"start":{"line":92,"column":8},"end":{"line":94,"column":null}},"44":{"start":{"line":93,"column":12},"end":{"line":93,"column":25}},"45":{"start":{"line":95,"column":8},"end":{"line":95,"column":20}},"46":{"start":{"line":98,"column":4},"end":{"line":103,"column":null}},"47":{"start":{"line":99,"column":8},"end":{"line":102,"column":null}},"48":{"start":{"line":100,"column":12},"end":{"line":100,"column":36}},"49":{"start":{"line":101,"column":12},"end":{"line":101,"column":33}},"50":{"start":{"line":105,"column":4},"end":{"line":128,"column":null}},"51":{"start":{"line":105,"column":4},"end":{"line":105,"column":10}},"52":{"start":{"line":114,"column":12},"end":{"line":114,"column":22}},"53":{"start":{"line":107,"column":26},"end":{"line":107,"column":null}},"54":{"start":{"line":108,"column":19},"end":{"line":108,"column":21}},"55":{"start":{"line":109,"column":20},"end":{"line":109,"column":22}},"56":{"start":{"line":111,"column":17},"end":{"line":111,"column":null}},"57":{"start":{"line":112,"column":20},"end":{"line":112,"column":null}},"58":{"start":{"line":113,"column":20},"end":{"line":114,"column":12}},"59":{"start":{"line":115,"column":8},"end":{"line":127,"column":10}},"60":{"start":{"line":122,"column":20},"end":{"line":122,"column":37}},"61":{"start":{"line":12,"column":11},"end":{"line":20,"column":6}},"62":{"start":{"line":22,"column":11},"end":{"line":26,"column":6}},"63":{"start":{"line":129,"column":0},"end":{"line":129,"column":null}},"64":{"start":{"line":11,"column":21},"end":{"line":11,"column":47}}},"fnMap":{"0":{"name":"(anonymous_0)","decl":{"start":{"line":11,"column":0},"end":{"line":11,"column":21}},"loc":{"start":{"line":11,"column":0},"end":{"line":11,"column":21}}},"1":{"name":"(anonymous_2)","decl":{"start":{"line":30,"column":4},"end":{"line":30,"column":21}},"loc":{"start":{"line":30,"column":4},"end":{"line":87,"column":5}}},"2":{"name":"(anonymous_3)","decl":{"start":{"line":44,"column":18},"end":{"line":44,"column":19}},"loc":{"start":{"line":44,"column":23},"end":{"line":84,"column":9}}},"3":{"name":"(anonymous_4)","decl":{"start":{"line":47,"column":28},"end":{"line":47,"column":29}},"loc":{"start":{"line":47,"column":28},"end":{"line":83,"column":13}}},"4":{"name":"(anonymous_5)","decl":{"start":{"line":80,"column":27},"end":{"line":80,"column":null}},"loc":{"start":{"line":80,"column":27},"end":{"line":82,"column":17}}},"5":{"name":"(anonymous_6)","decl":{"start":{"line":89,"column":4},"end":{"line":89,"column":25}},"loc":{"start":{"line":89,"column":35},"end":{"line":96,"column":5}}},"6":{"name":"(anonymous_7)","decl":{"start":{"line":98,"column":4},"end":{"line":98,"column":24}},"loc":{"start":{"line":98,"column":4},"end":{"line":103,"column":5}}},"7":{"name":"(anonymous_8)","decl":{"start":{"line":105,"column":4},"end":{"line":105,"column":10}},"loc":{"start":{"line":105,"column":4},"end":{"line":128,"column":5}}},"8":{"name":"(anonymous_9)","decl":{"start":{"line":121,"column":21},"end":{"line":121,"column":25}},"loc":{"start":{"line":121,"column":25},"end":{"line":123,"column":17}}}},"branchMap":{"0":{"loc":{"start":{"line":11,"column":0},"end":{"line":11,"column":21}},"type":"binary-expr","locations":[{"start":{"line":11,"column":0},"end":{"line":11,"column":21}},{"start":{"line":11,"column":0},"end":{"line":11,"column":21}},{"start":{"line":11,"column":0},"end":{"line":11,"column":21}}]},"1":{"loc":{"start":{"line":50,"column":16},"end":{"line":72,"column":null}},"type":"if","locations":[{"start":{"line":50,"column":16},"end":{"line":72,"column":null}},{"start":{"line":50,"column":16},"end":{"line":72,"column":null}}]},"2":{"loc":{"start":{"line":53,"column":23},"end":{"line":72,"column":null}},"type":"if","locations":[{"start":{"line":53,"column":23},"end":{"line":72,"column":null}},{"start":{"line":53,"column":23},"end":{"line":72,"column":null}}]},"3":{"loc":{"start":{"line":53,"column":28},"end":{"line":53,"column":44}},"type":"binary-expr","locations":[{"start":{"line":53,"column":28},"end":{"line":53,"column":44}},{"start":{"line":53,"column":48},"end":{"line":53,"column":67}},{"start":{"line":53,"column":72},"end":{"line":53,"column":91}}]},"4":{"loc":{"start":{"line":58,"column":105},"end":{"line":58,"column":122}},"type":"cond-expr","locations":[{"start":{"line":58,"column":105},"end":{"line":58,"column":122}},{"start":{"line":58,"column":125},"end":{"line":58,"column":129}}]},"5":{"loc":{"start":{"line":58,"column":43},"end":{"line":58,"column":60}},"type":"binary-expr","locations":[{"start":{"line":58,"column":43},"end":{"line":58,"column":60}},{"start":{"line":58,"column":64},"end":{"line":58,"column":101}}]},"6":{"loc":{"start":{"line":60,"column":20},"end":{"line":69,"column":null}},"type":"if","locations":[{"start":{"line":60,"column":20},"end":{"line":69,"column":null}},{"start":{"line":60,"column":20},"end":{"line":69,"column":null}}]},"7":{"loc":{"start":{"line":61,"column":46},"end":{"line":61,"column":66}},"type":"binary-expr","locations":[{"start":{"line":61,"column":46},"end":{"line":61,"column":66}},{"start":{"line":61,"column":70},"end":{"line":61,"column":72}}]},"8":{"loc":{"start":{"line":63,"column":24},"end":{"line":66,"column":null}},"type":"if","locations":[{"start":{"line":63,"column":24},"end":{"line":66,"column":null}},{"start":{"line":63,"column":24},"end":{"line":66,"column":null}}]},"9":{"loc":{"start":{"line":63,"column":29},"end":{"line":63,"column":68}},"type":"binary-expr","locations":[{"start":{"line":63,"column":29},"end":{"line":63,"column":68}},{"start":{"line":63,"column":74},"end":{"line":63,"column":110}}]},"10":{"loc":{"start":{"line":68,"column":24},"end":{"line":68,"column":45}},"type":"binary-expr","locations":[{"start":{"line":68,"column":24},"end":{"line":68,"column":45}},{"start":{"line":68,"column":49},"end":{"line":68,"column":103}}]},"11":{"loc":{"start":{"line":71,"column":20},"end":{"line":71,"column":39}},"type":"binary-expr","locations":[{"start":{"line":71,"column":20},"end":{"line":71,"column":39}},{"start":{"line":71,"column":43},"end":{"line":71,"column":87}}]},"12":{"loc":{"start":{"line":74,"column":16},"end":{"line":78,"column":null}},"type":"if","locations":[{"start":{"line":74,"column":16},"end":{"line":78,"column":null}},{"start":{"line":74,"column":16},"end":{"line":78,"column":null}}]},"13":{"loc":{"start":{"line":76,"column":51},"end":{"line":76,"column":82}},"type":"cond-expr","locations":[{"start":{"line":76,"column":51},"end":{"line":76,"column":82}},{"start":{"line":76,"column":85},"end":{"line":76,"column":89}}]},"14":{"loc":{"start":{"line":81,"column":20},"end":{"line":81,"column":32}},"type":"binary-expr","locations":[{"start":{"line":81,"column":20},"end":{"line":81,"column":32}},{"start":{"line":81,"column":36},"end":{"line":81,"column":53}}]},"15":{"loc":{"start":{"line":92,"column":8},"end":{"line":94,"column":null}},"type":"if","locations":[{"start":{"line":92,"column":8},"end":{"line":94,"column":null}},{"start":{"line":92,"column":8},"end":{"line":94,"column":null}}]},"16":{"loc":{"start":{"line":99,"column":8},"end":{"line":102,"column":null}},"type":"if","locations":[{"start":{"line":99,"column":8},"end":{"line":102,"column":null}},{"start":{"line":99,"column":8},"end":{"line":102,"column":null}}]}},"s":{"0":2,"1":2,"2":2,"3":2,"4":2,"5":2,"6":1,"7":1,"8":1,"9":2,"10":1,"11":1,"12":1,"13":10,"14":10,"15":0,"16":0,"17":0,"18":0,"19":0,"20":0,"21":0,"22":0,"23":0,"24":0,"25":0,"26":0,"27":0,"28":0,"29":0,"30":0,"31":0,"32":0,"33":0,"34":0,"35":0,"36":0,"37":0,"38":0,"39":0,"40":0,"41":1,"42":2,"43":0,"44":0,"45":0,"46":2,"47":0,"48":0,"49":0,"50":2,"51":1,"52":1,"53":1,"54":1,"55":1,"56":1,"57":1,"58":1,"59":1,"60":1,"61":2,"62":2,"63":2,"64":2},"f":{"0":3,"1":1,"2":10,"3":0,"4":0,"5":0,"6":0,"7":1,"8":1},"b":{"0":[1,1,1],"1":[0,0],"2":[0,0],"3":[0,0,0],"4":[0,0],"5":[0,0],"6":[0,0],"7":[0,0],"8":[0,0],"9":[0,0],"10":[0,0],"11":[0,0],"12":[0,0],"13":[0,0],"14":[0,0],"15":[0,0],"16":[0,0]}}
,"/Users/duanguang/Documents/Front-End/legions/legions-design-element/packages/legions-pro-design/src/components/LegionsProForm/AbstractForm.tsx": {"path":"/Users/duanguang/Documents/Front-End/legions/legions-design-element/packages/legions-pro-design/src/components/LegionsProForm/AbstractForm.tsx","statementMap":{"0":{"start":{"line":1,"column":0},"end":{"line":1,"column":40}},"1":{"start":{"line":4,"column":0},"end":{"line":4,"column":74}},"2":{"start":{"line":4,"column":60},"end":{"line":4,"column":69}},"3":{"start":{"line":5,"column":4},"end":{"line":15,"column":null}},"4":{"start":{"line":6,"column":20},"end":{"line":6,"column":54}},"5":{"start":{"line":7,"column":18},"end":{"line":7,"column":23}},"6":{"start":{"line":8,"column":8},"end":{"line":13,"column":null}},"7":{"start":{"line":9,"column":12},"end":{"line":12,"column":null}},"8":{"start":{"line":10,"column":16},"end":{"line":10,"column":null}},"9":{"start":{"line":11,"column":16},"end":{"line":11,"column":22}},"10":{"start":{"line":14,"column":8},"end":{"line":14,"column":null}},"11":{"start":{"line":16,"column":4},"end":{"line":23,"column":null}},"12":{"start":{"line":17,"column":8},"end":{"line":22,"column":null}},"13":{"start":{"line":18,"column":30},"end":{"line":18,"column":52}},"14":{"start":{"line":19,"column":12},"end":{"line":21,"column":null}},"15":{"start":{"line":20,"column":16},"end":{"line":20,"column":null}},"16":{"start":{"line":24,"column":4},"end":{"line":33,"column":null}},"17":{"start":{"line":25,"column":8},"end":{"line":31,"column":null}},"18":{"start":{"line":26,"column":30},"end":{"line":26,"column":52}},"19":{"start":{"line":27,"column":12},"end":{"line":30,"column":null}},"20":{"start":{"line":28,"column":16},"end":{"line":28,"column":null}},"21":{"start":{"line":29,"column":16},"end":{"line":29,"column":null}},"22":{"start":{"line":32,"column":8},"end":{"line":32,"column":21}},"23":{"start":{"line":34,"column":0},"end":{"line":34,"column":null}}},"fnMap":{"0":{"name":"(anonymous_0)","decl":{"start":{"line":4,"column":0},"end":{"line":4,"column":60}},"loc":{"start":{"line":4,"column":0},"end":{"line":34,"column":null}}},"1":{"name":"(anonymous_2)","decl":{"start":{"line":5,"column":4},"end":{"line":5,"column":18}},"loc":{"start":{"line":5,"column":44},"end":{"line":15,"column":5}}},"2":{"name":"(anonymous_3)","decl":{"start":{"line":16,"column":4},"end":{"line":16,"column":26}},"loc":{"start":{"line":16,"column":81},"end":{"line":23,"column":5}}},"3":{"name":"(anonymous_4)","decl":{"start":{"line":24,"column":4},"end":{"line":24,"column":27}},"loc":{"start":{"line":24,"column":82},"end":{"line":33,"column":5}}}},"branchMap":{"0":{"loc":{"start":{"line":6,"column":20},"end":{"line":6,"column":34}},"type":"binary-expr","locations":[{"start":{"line":6,"column":20},"end":{"line":6,"column":34}},{"start":{"line":6,"column":38},"end":{"line":6,"column":54}}]},"1":{"loc":{"start":{"line":9,"column":12},"end":{"line":12,"column":null}},"type":"if","locations":[{"start":{"line":9,"column":12},"end":{"line":12,"column":null}},{"start":{"line":9,"column":12},"end":{"line":12,"column":null}}]},"2":{"loc":{"start":{"line":17,"column":8},"end":{"line":22,"column":null}},"type":"if","locations":[{"start":{"line":17,"column":8},"end":{"line":22,"column":null}},{"start":{"line":17,"column":8},"end":{"line":22,"column":null}}]},"3":{"loc":{"start":{"line":19,"column":12},"end":{"line":21,"column":null}},"type":"if","locations":[{"start":{"line":19,"column":12},"end":{"line":21,"column":null}},{"start":{"line":19,"column":12},"end":{"line":21,"column":null}}]},"4":{"loc":{"start":{"line":25,"column":8},"end":{"line":31,"column":null}},"type":"if","locations":[{"start":{"line":25,"column":8},"end":{"line":31,"column":null}},{"start":{"line":25,"column":8},"end":{"line":31,"column":null}}]},"5":{"loc":{"start":{"line":27,"column":12},"end":{"line":30,"column":null}},"type":"if","locations":[{"start":{"line":27,"column":12},"end":{"line":30,"column":null}},{"start":{"line":27,"column":12},"end":{"line":30,"column":null}}]}},"s":{"0":2,"1":2,"2":2,"3":2,"4":0,"5":0,"6":0,"7":0,"8":0,"9":0,"10":0,"11":2,"12":1,"13":1,"14":1,"15":1,"16":2,"17":0,"18":0,"19":0,"20":0,"21":0,"22":0,"23":2},"f":{"0":3,"1":0,"2":1,"3":0},"b":{"0":[0,0],"1":[0,0],"2":[1,0],"3":[1,0],"4":[0,0],"5":[0,0]}}
,"/Users/duanguang/Documents/Front-End/legions/legions-design-element/packages/legions-pro-design/src/components/LegionsProForm/CreateForm.tsx": {"path":"/Users/duanguang/Documents/Front-End/legions/legions-design-element/packages/legions-pro-design/src/components/LegionsProForm/CreateForm.tsx","statementMap":{"0":{"start":{"line":1,"column":0},"end":{"line":1,"column":25}},"1":{"start":{"line":2,"column":0},"end":{"line":2,"column":61}},"2":{"start":{"line":4,"column":0},"end":{"line":4,"column":82}},"3":{"start":{"line":5,"column":0},"end":{"line":5,"column":98}},"4":{"start":{"line":6,"column":0},"end":{"line":6,"column":79}},"5":{"start":{"line":7,"column":0},"end":{"line":7,"column":79}},"6":{"start":{"line":8,"column":0},"end":{"line":8,"column":64}},"7":{"start":{"line":9,"column":0},"end":{"line":9,"column":38}},"8":{"start":{"line":11,"column":0},"end":{"line":11,"column":79}},"9":{"start":{"line":13,"column":0},"end":{"line":13,"column":64}},"10":{"start":{"line":14,"column":0},"end":{"line":14,"column":79}},"11":{"start":{"line":16,"column":0},"end":{"line":16,"column":57}},"12":{"start":{"line":17,"column":0},"end":{"line":17,"column":70}},"13":{"start":{"line":18,"column":0},"end":{"line":18,"column":42}},"14":{"start":{"line":19,"column":0},"end":{"line":19,"column":92}},"15":{"start":{"line":19,"column":63},"end":{"line":19,"column":68}},"16":{"start":{"line":20,"column":14},"end":{"line":34,"column":null}},"17":{"start":{"line":21,"column":48},"end":{"line":21,"column":56}},"18":{"start":{"line":22,"column":8},"end":{"line":33,"column":10}},"19":{"start":{"line":35,"column":14},"end":{"line":48,"column":null}},"20":{"start":{"line":36,"column":50},"end":{"line":36,"column":58}},"21":{"start":{"line":37,"column":8},"end":{"line":47,"column":10}},"22":{"start":{"line":49,"column":14},"end":{"line":64,"column":null}},"23":{"start":{"line":50,"column":46},"end":{"line":50,"column":54}},"24":{"start":{"line":51,"column":8},"end":{"line":63,"column":null}},"25":{"start":{"line":65,"column":14},"end":{"line":79,"column":null}},"26":{"start":{"line":66,"column":48},"end":{"line":66,"column":56}},"27":{"start":{"line":67,"column":8},"end":{"line":78,"column":null}},"28":{"start":{"line":80,"column":14},"end":{"line":92,"column":null}},"29":{"start":{"line":81,"column":48},"end":{"line":81,"column":56}},"30":{"start":{"line":82,"column":8},"end":{"line":91,"column":10}},"31":{"start":{"line":93,"column":14},"end":{"line":105,"column":null}},"32":{"start":{"line":94,"column":48},"end":{"line":94,"column":56}},"33":{"start":{"line":95,"column":8},"end":{"line":104,"column":10}},"34":{"start":{"line":106,"column":14},"end":{"line":118,"column":null}},"35":{"start":{"line":107,"column":48},"end":{"line":107,"column":56}},"36":{"start":{"line":108,"column":8},"end":{"line":117,"column":10}},"37":{"start":{"line":119,"column":14},"end":{"line":133,"column":null}},"38":{"start":{"line":120,"column":48},"end":{"line":120,"column":56}},"39":{"start":{"line":121,"column":8},"end":{"line":132,"column":null}},"40":{"start":{"line":134,"column":14},"end":{"line":148,"column":null}},"41":{"start":{"line":135,"column":48},"end":{"line":135,"column":56}},"42":{"start":{"line":136,"column":8},"end":{"line":147,"column":null}},"43":{"start":{"line":149,"column":14},"end":{"line":163,"column":null}},"44":{"start":{"line":150,"column":48},"end":{"line":150,"column":56}},"45":{"start":{"line":151,"column":8},"end":{"line":162,"column":null}},"46":{"start":{"line":164,"column":14},"end":{"line":178,"column":null}},"47":{"start":{"line":165,"column":47},"end":{"line":165,"column":55}},"48":{"start":{"line":166,"column":8},"end":{"line":177,"column":null}},"49":{"start":{"line":180,"column":14},"end":{"line":190,"column":null}},"50":{"start":{"line":181,"column":46},"end":{"line":181,"column":54}},"51":{"start":{"line":182,"column":8},"end":{"line":189,"column":null}},"52":{"start":{"line":191,"column":14},"end":{"line":205,"column":null}},"53":{"start":{"line":192,"column":48},"end":{"line":192,"column":56}},"54":{"start":{"line":193,"column":8},"end":{"line":204,"column":null}},"55":{"start":{"line":206,"column":0},"end":{"line":206,"column":null}}},"fnMap":{"0":{"name":"(anonymous_0)","decl":{"start":{"line":19,"column":0},"end":{"line":19,"column":63}},"loc":{"start":{"line":19,"column":0},"end":{"line":206,"column":null}}},"1":{"name":"(anonymous_2)","decl":{"start":{"line":20,"column":4},"end":{"line":20,"column":14}},"loc":{"start":{"line":20,"column":144},"end":{"line":34,"column":5}}},"2":{"name":"(anonymous_3)","decl":{"start":{"line":35,"column":4},"end":{"line":35,"column":14}},"loc":{"start":{"line":35,"column":156},"end":{"line":48,"column":5}}},"3":{"name":"(anonymous_4)","decl":{"start":{"line":49,"column":4},"end":{"line":49,"column":14}},"loc":{"start":{"line":49,"column":146},"end":{"line":64,"column":5}}},"4":{"name":"(anonymous_5)","decl":{"start":{"line":65,"column":4},"end":{"line":65,"column":14}},"loc":{"start":{"line":65,"column":127},"end":{"line":79,"column":5}}},"5":{"name":"(anonymous_6)","decl":{"start":{"line":80,"column":4},"end":{"line":80,"column":14}},"loc":{"start":{"line":80,"column":154},"end":{"line":92,"column":5}}},"6":{"name":"(anonymous_7)","decl":{"start":{"line":93,"column":4},"end":{"line":93,"column":14}},"loc":{"start":{"line":93,"column":156},"end":{"line":105,"column":5}}},"7":{"name":"(anonymous_8)","decl":{"start":{"line":106,"column":4},"end":{"line":106,"column":14}},"loc":{"start":{"line":106,"column":156},"end":{"line":118,"column":5}}},"8":{"name":"(anonymous_9)","decl":{"start":{"line":119,"column":4},"end":{"line":119,"column":14}},"loc":{"start":{"line":119,"column":146},"end":{"line":133,"column":5}}},"9":{"name":"(anonymous_10)","decl":{"start":{"line":134,"column":4},"end":{"line":134,"column":14}},"loc":{"start":{"line":134,"column":146},"end":{"line":148,"column":5}}},"10":{"name":"(anonymous_11)","decl":{"start":{"line":149,"column":4},"end":{"line":149,"column":14}},"loc":{"start":{"line":149,"column":156},"end":{"line":163,"column":5}}},"11":{"name":"(anonymous_12)","decl":{"start":{"line":164,"column":4},"end":{"line":164,"column":14}},"loc":{"start":{"line":164,"column":142},"end":{"line":178,"column":5}}},"12":{"name":"(anonymous_13)","decl":{"start":{"line":180,"column":4},"end":{"line":180,"column":14}},"loc":{"start":{"line":180,"column":149},"end":{"line":190,"column":5}}},"13":{"name":"(anonymous_14)","decl":{"start":{"line":191,"column":4},"end":{"line":191,"column":14}},"loc":{"start":{"line":191,"column":150},"end":{"line":205,"column":5}}}},"branchMap":{},"s":{"0":2,"1":2,"2":2,"3":2,"4":2,"5":2,"6":2,"7":2,"8":2,"9":2,"10":2,"11":2,"12":2,"13":2,"14":2,"15":2,"16":2,"17":3,"18":1,"19":2,"20":0,"21":0,"22":2,"23":0,"24":0,"25":2,"26":0,"27":0,"28":2,"29":0,"30":0,"31":2,"32":0,"33":0,"34":2,"35":0,"36":0,"37":2,"38":0,"39":0,"40":2,"41":0,"42":0,"43":2,"44":0,"45":0,"46":2,"47":0,"48":0,"49":2,"50":0,"51":0,"52":2,"53":0,"54":0,"55":2},"f":{"0":4,"1":1,"2":0,"3":0,"4":0,"5":0,"6":0,"7":0,"8":0,"9":0,"10":0,"11":0,"12":0,"13":0},"b":{}}
,"/Users/duanguang/Documents/Front-End/legions/legions-design-element/packages/legions-pro-design/src/components/LegionsProForm/FormCascader.tsx": {"path":"/Users/duanguang/Documents/Front-End/legions/legions-design-element/packages/legions-pro-design/src/components/LegionsProForm/FormCascader.tsx","statementMap":{"0":{"start":{"line":4,"column":0},"end":{"line":4,"column":26}},"1":{"start":{"line":5,"column":0},"end":{"line":5,"column":56}},"2":{"start":{"line":7,"column":0},"end":{"line":7,"column":42}},"3":{"start":{"line":8,"column":0},"end":{"line":8,"column":40}},"4":{"start":{"line":11,"column":17},"end":{"line":11,"column":26}},"5":{"start":{"line":13,"column":0},"end":{"line":13,"column":13}},"6":{"start":{"line":14,"column":23},"end":{"line":14,"column":45}},"7":{"start":{"line":15,"column":15},"end":{"line":15,"column":45}},"8":{"start":{"line":16,"column":15},"end":{"line":16,"column":34}},"9":{"start":{"line":20,"column":0},"end":{"line":20,"column":null}},"10":{"start":{"line":13,"column":13},"end":{"line":13,"column":35}},"11":{"start":{"line":52,"column":0},"end":{"line":52,"column":79}},"12":{"start":{"line":52,"column":42},"end":{"line":52,"column":54}},"13":{"start":{"line":55,"column":8},"end":{"line":55,"column":null}},"14":{"start":{"line":53,"column":4},"end":{"line":53,"column":null}},"15":{"start":{"line":57,"column":4},"end":{"line":59,"column":null}},"16":{"start":{"line":60,"column":4},"end":{"line":62,"column":null}},"17":{"start":{"line":61,"column":8},"end":{"line":61,"column":null}},"18":{"start":{"line":63,"column":4},"end":{"line":65,"column":null}},"19":{"start":{"line":64,"column":7},"end":{"line":64,"column":null}},"20":{"start":{"line":66,"column":11},"end":{"line":101,"column":null}},"21":{"start":{"line":66,"column":4},"end":{"line":66,"column":11}},"22":{"start":{"line":67,"column":69},"end":{"line":67,"column":79}},"23":{"start":{"line":67,"column":20},"end":{"line":67,"column":21}},"24":{"start":{"line":67,"column":31},"end":{"line":67,"column":32}},"25":{"start":{"line":67,"column":49},"end":{"line":67,"column":50}},"26":{"start":{"line":67,"column":58},"end":{"line":67,"column":59}},"27":{"start":{"line":67,"column":64},"end":{"line":67,"column":69}},"28":{"start":{"line":68,"column":53},"end":{"line":68,"column":58}},"29":{"start":{"line":69,"column":55},"end":{"line":69,"column":null}},"30":{"start":{"line":69,"column":50},"end":{"line":69,"column":55}},"31":{"start":{"line":70,"column":28},"end":{"line":70,"column":30}},"32":{"start":{"line":71,"column":8},"end":{"line":73,"column":null}},"33":{"start":{"line":72,"column":12},"end":{"line":72,"column":49}},"34":{"start":{"line":74,"column":8},"end":{"line":100,"column":null}},"35":{"start":{"line":77,"column":20},"end":{"line":77,"column":null}},"36":{"start":{"line":102,"column":0},"end":{"line":102,"column":null}}},"fnMap":{"0":{"name":"(anonymous_0)","decl":{"start":{"line":13,"column":0},"end":{"line":13,"column":13}},"loc":{"start":{"line":13,"column":0},"end":{"line":20,"column":null}}},"1":{"name":"LabelWithCascaderModel","decl":{"start":{"line":14,"column":4},"end":{"line":14,"column":23}},"loc":{"start":{"line":16,"column":34},"end":{"line":19,"column":5}}},"2":{"name":"(anonymous_2)","decl":{"start":{"line":52,"column":0},"end":{"line":52,"column":42}},"loc":{"start":{"line":52,"column":0},"end":{"line":102,"column":null}}},"3":{"name":"FormCascader","decl":{"start":{"line":54,"column":4},"end":{"line":54,"column":16}},"loc":{"start":{"line":54,"column":21},"end":{"line":56,"column":5}}},"4":{"name":"(anonymous_4)","decl":{"start":{"line":57,"column":20},"end":{"line":57,"column":21}},"loc":{"start":{"line":57,"column":25},"end":{"line":59,"column":5}}},"5":{"name":"(anonymous_5)","decl":{"start":{"line":60,"column":4},"end":{"line":60,"column":21}},"loc":{"start":{"line":60,"column":4},"end":{"line":62,"column":5}}},"6":{"name":"(anonymous_6)","decl":{"start":{"line":63,"column":4},"end":{"line":63,"column":25}},"loc":{"start":{"line":63,"column":71},"end":{"line":65,"column":5}}},"7":{"name":"(anonymous_7)","decl":{"start":{"line":66,"column":4},"end":{"line":66,"column":11}},"loc":{"start":{"line":66,"column":4},"end":{"line":101,"column":5}}},"8":{"name":"(anonymous_8)","decl":{"start":{"line":76,"column":25},"end":{"line":76,"column":26}},"loc":{"start":{"line":76,"column":31},"end":{"line":78,"column":17}}}},"branchMap":{"0":{"loc":{"start":{"line":55,"column":8},"end":{"line":55,"column":20}},"type":"binary-expr","locations":[{"start":{"line":55,"column":8},"end":{"line":55,"column":20}},{"start":{"line":55,"column":20},"end":{"line":55,"column":null}}]},"1":{"loc":{"start":{"line":71,"column":8},"end":{"line":73,"column":null}},"type":"if","locations":[{"start":{"line":71,"column":8},"end":{"line":73,"column":null}},{"start":{"line":71,"column":8},"end":{"line":73,"column":null}}]}},"s":{"0":2,"1":2,"2":2,"3":2,"4":2,"5":2,"6":0,"7":0,"8":0,"9":2,"10":2,"11":2,"12":2,"13":0,"14":0,"15":0,"16":2,"17":0,"18":2,"19":0,"20":2,"21":0,"22":0,"23":0,"24":0,"25":0,"26":0,"27":0,"28":0,"29":0,"30":0,"31":0,"32":0,"33":0,"34":0,"35":0,"36":2},"f":{"0":2,"1":0,"2":2,"3":0,"4":0,"5":0,"6":0,"7":0,"8":0},"b":{"0":[0,0],"1":[0,0]}}
,"/Users/duanguang/Documents/Front-End/legions/legions-design-element/packages/legions-pro-design/src/components/LegionsProForm/FormCheckbox.tsx": {"path":"/Users/duanguang/Documents/Front-End/legions/legions-design-element/packages/legions-pro-design/src/components/LegionsProForm/FormCheckbox.tsx","statementMap":{"0":{"start":{"line":8,"column":0},"end":{"line":8,"column":26}},"1":{"start":{"line":9,"column":0},"end":{"line":9,"column":56}},"2":{"start":{"line":12,"column":0},"end":{"line":12,"column":42}},"3":{"start":{"line":13,"column":0},"end":{"line":13,"column":40}},"4":{"start":{"line":15,"column":17},"end":{"line":15,"column":26}},"5":{"start":{"line":16,"column":0},"end":{"line":16,"column":13}},"6":{"start":{"line":17,"column":23},"end":{"line":17,"column":45}},"7":{"start":{"line":18,"column":15},"end":{"line":18,"column":45}},"8":{"start":{"line":19,"column":15},"end":{"line":19,"column":34}},"9":{"start":{"line":23,"column":0},"end":{"line":23,"column":null}},"10":{"start":{"line":16,"column":13},"end":{"line":16,"column":35}},"11":{"start":{"line":53,"column":0},"end":{"line":53,"column":79}},"12":{"start":{"line":53,"column":42},"end":{"line":53,"column":54}},"13":{"start":{"line":56,"column":8},"end":{"line":56,"column":null}},"14":{"start":{"line":54,"column":4},"end":{"line":54,"column":null}},"15":{"start":{"line":57,"column":8},"end":{"line":58,"column":null}},"16":{"start":{"line":60,"column":4},"end":{"line":62,"column":null}},"17":{"start":{"line":61,"column":8},"end":{"line":61,"column":null}},"18":{"start":{"line":63,"column":4},"end":{"line":65,"column":null}},"19":{"start":{"line":64,"column":7},"end":{"line":64,"column":null}},"20":{"start":{"line":66,"column":11},"end":{"line":105,"column":null}},"21":{"start":{"line":66,"column":4},"end":{"line":66,"column":11}},"22":{"start":{"line":67,"column":69},"end":{"line":67,"column":79}},"23":{"start":{"line":67,"column":20},"end":{"line":67,"column":21}},"24":{"start":{"line":67,"column":31},"end":{"line":67,"column":32}},"25":{"start":{"line":67,"column":49},"end":{"line":67,"column":50}},"26":{"start":{"line":67,"column":58},"end":{"line":67,"column":59}},"27":{"start":{"line":67,"column":64},"end":{"line":67,"column":69}},"28":{"start":{"line":68,"column":53},"end":{"line":68,"column":58}},"29":{"start":{"line":69,"column":63},"end":{"line":69,"column":81}},"30":{"start":{"line":69,"column":58},"end":{"line":69,"column":63}},"31":{"start":{"line":70,"column":28},"end":{"line":70,"column":30}},"32":{"start":{"line":71,"column":8},"end":{"line":73,"column":null}},"33":{"start":{"line":72,"column":12},"end":{"line":72,"column":49}},"34":{"start":{"line":74,"column":8},"end":{"line":104,"column":null}},"35":{"start":{"line":77,"column":20},"end":{"line":77,"column":null}},"36":{"start":{"line":93,"column":53},"end":{"line":93,"column":55}},"37":{"start":{"line":94,"column":36},"end":{"line":96,"column":null}},"38":{"start":{"line":95,"column":40},"end":{"line":95,"column":77}},"39":{"start":{"line":97,"column":36},"end":{"line":97,"column":null}},"40":{"start":{"line":106,"column":0},"end":{"line":106,"column":null}}},"fnMap":{"0":{"name":"(anonymous_0)","decl":{"start":{"line":16,"column":0},"end":{"line":16,"column":13}},"loc":{"start":{"line":16,"column":0},"end":{"line":23,"column":null}}},"1":{"name":"LabelWithCheckboxModel","decl":{"start":{"line":17,"column":4},"end":{"line":17,"column":23}},"loc":{"start":{"line":19,"column":34},"end":{"line":22,"column":5}}},"2":{"name":"(anonymous_2)","decl":{"start":{"line":53,"column":0},"end":{"line":53,"column":42}},"loc":{"start":{"line":53,"column":0},"end":{"line":106,"column":null}}},"3":{"name":"FormCheckbox","decl":{"start":{"line":55,"column":4},"end":{"line":55,"column":16}},"loc":{"start":{"line":55,"column":21},"end":{"line":59,"column":5}}},"4":{"name":"(anonymous_4)","decl":{"start":{"line":60,"column":4},"end":{"line":60,"column":21}},"loc":{"start":{"line":60,"column":4},"end":{"line":62,"column":5}}},"5":{"name":"(anonymous_5)","decl":{"start":{"line":63,"column":4},"end":{"line":63,"column":25}},"loc":{"start":{"line":63,"column":71},"end":{"line":65,"column":5}}},"6":{"name":"(anonymous_6)","decl":{"start":{"line":66,"column":4},"end":{"line":66,"column":11}},"loc":{"start":{"line":66,"column":4},"end":{"line":105,"column":5}}},"7":{"name":"(anonymous_7)","decl":{"start":{"line":76,"column":25},"end":{"line":76,"column":26}},"loc":{"start":{"line":76,"column":31},"end":{"line":78,"column":17}}},"8":{"name":"(anonymous_8)","decl":{"start":{"line":92,"column":44},"end":{"line":92,"column":45}},"loc":{"start":{"line":92,"column":49},"end":{"line":98,"column":33}}}},"branchMap":{"0":{"loc":{"start":{"line":56,"column":8},"end":{"line":56,"column":20}},"type":"binary-expr","locations":[{"start":{"line":56,"column":8},"end":{"line":56,"column":20}},{"start":{"line":56,"column":20},"end":{"line":56,"column":null}}]},"1":{"loc":{"start":{"line":71,"column":8},"end":{"line":73,"column":null}},"type":"if","locations":[{"start":{"line":71,"column":8},"end":{"line":73,"column":null}},{"start":{"line":71,"column":8},"end":{"line":73,"column":null}}]},"2":{"loc":{"start":{"line":94,"column":36},"end":{"line":96,"column":null}},"type":"if","locations":[{"start":{"line":94,"column":36},"end":{"line":96,"column":null}},{"start":{"line":94,"column":36},"end":{"line":96,"column":null}}]}},"s":{"0":2,"1":2,"2":2,"3":2,"4":2,"5":2,"6":0,"7":0,"8":0,"9":2,"10":2,"11":2,"12":2,"13":0,"14":0,"15":0,"16":2,"17":0,"18":2,"19":0,"20":2,"21":0,"22":0,"23":0,"24":0,"25":0,"26":0,"27":0,"28":0,"29":0,"30":0,"31":0,"32":0,"33":0,"34":0,"35":0,"36":0,"37":0,"38":0,"39":0,"40":2},"f":{"0":2,"1":0,"2":2,"3":0,"4":0,"5":0,"6":0,"7":0,"8":0},"b":{"0":[0,0],"1":[0,0],"2":[0,0]}}
,"/Users/duanguang/Documents/Front-End/legions/legions-design-element/packages/legions-pro-design/src/components/LegionsProForm/FormDatePicker.tsx": {"path":"/Users/duanguang/Documents/Front-End/legions/legions-design-element/packages/legions-pro-design/src/components/LegionsProForm/FormDatePicker.tsx","statementMap":{"0":{"start":{"line":1,"column":0},"end":{"line":1,"column":25}},"1":{"start":{"line":2,"column":0},"end":{"line":2,"column":47}},"2":{"start":{"line":4,"column":0},"end":{"line":4,"column":42}},"3":{"start":{"line":5,"column":0},"end":{"line":5,"column":40}},"4":{"start":{"line":7,"column":17},"end":{"line":7,"column":26}},"5":{"start":{"line":9,"column":0},"end":{"line":9,"column":13}},"6":{"start":{"line":10,"column":23},"end":{"line":10,"column":45}},"7":{"start":{"line":11,"column":15},"end":{"line":11,"column":47}},"8":{"start":{"line":12,"column":15},"end":{"line":12,"column":34}},"9":{"start":{"line":16,"column":0},"end":{"line":16,"column":null}},"10":{"start":{"line":9,"column":13},"end":{"line":9,"column":37}},"11":{"start":{"line":37,"column":0},"end":{"line":37,"column":82}},"12":{"start":{"line":37,"column":44},"end":{"line":37,"column":56}},"13":{"start":{"line":40,"column":8},"end":{"line":40,"column":null}},"14":{"start":{"line":38,"column":4},"end":{"line":38,"column":null}},"15":{"start":{"line":42,"column":4},"end":{"line":51,"column":null}},"16":{"start":{"line":43,"column":21},"end":{"line":43,"column":73}},"17":{"start":{"line":44,"column":8},"end":{"line":49,"column":null}},"18":{"start":{"line":45,"column":12},"end":{"line":45,"column":null}},"19":{"start":{"line":46,"column":12},"end":{"line":48,"column":null}},"20":{"start":{"line":47,"column":16},"end":{"line":47,"column":null}},"21":{"start":{"line":50,"column":8},"end":{"line":50,"column":null}},"22":{"start":{"line":52,"column":4},"end":{"line":54,"column":null}},"23":{"start":{"line":53,"column":8},"end":{"line":53,"column":null}},"24":{"start":{"line":55,"column":4},"end":{"line":57,"column":null}},"25":{"start":{"line":56,"column":7},"end":{"line":56,"column":null}},"26":{"start":{"line":58,"column":4},"end":{"line":100,"column":null}},"27":{"start":{"line":58,"column":4},"end":{"line":58,"column":10}},"28":{"start":{"line":59,"column":79},"end":{"line":59,"column":89}},"29":{"start":{"line":59,"column":20},"end":{"line":59,"column":22}},"30":{"start":{"line":59,"column":32},"end":{"line":59,"column":34}},"31":{"start":{"line":59,"column":49},"end":{"line":59,"column":51}},"32":{"start":{"line":59,"column":59},"end":{"line":59,"column":61}},"33":{"start":{"line":59,"column":66},"end":{"line":59,"column":67}},"34":{"start":{"line":59,"column":74},"end":{"line":59,"column":79}},"35":{"start":{"line":60,"column":88},"end":{"line":60,"column":93}},"36":{"start":{"line":61,"column":55},"end":{"line":61,"column":null}},"37":{"start":{"line":61,"column":50},"end":{"line":61,"column":55}},"38":{"start":{"line":62,"column":28},"end":{"line":62,"column":30}},"39":{"start":{"line":63,"column":8},"end":{"line":65,"column":null}},"40":{"start":{"line":64,"column":12},"end":{"line":64,"column":49}},"41":{"start":{"line":66,"column":8},"end":{"line":99,"column":null}},"42":{"start":{"line":72,"column":20},"end":{"line":72,"column":null}},"43":{"start":{"line":101,"column":0},"end":{"line":101,"column":null}}},"fnMap":{"0":{"name":"(anonymous_0)","decl":{"start":{"line":9,"column":0},"end":{"line":9,"column":13}},"loc":{"start":{"line":9,"column":0},"end":{"line":16,"column":null}}},"1":{"name":"LabelWithDatePickerModel","decl":{"start":{"line":10,"column":4},"end":{"line":10,"column":23}},"loc":{"start":{"line":12,"column":34},"end":{"line":15,"column":5}}},"2":{"name":"(anonymous_2)","decl":{"start":{"line":37,"column":0},"end":{"line":37,"column":44}},"loc":{"start":{"line":37,"column":0},"end":{"line":101,"column":null}}},"3":{"name":"FormDatePicker","decl":{"start":{"line":39,"column":4},"end":{"line":39,"column":16}},"loc":{"start":{"line":39,"column":21},"end":{"line":41,"column":5}}},"4":{"name":"(anonymous_4)","decl":{"start":{"line":42,"column":4},"end":{"line":42,"column":16}},"loc":{"start":{"line":42,"column":31},"end":{"line":51,"column":5}}},"5":{"name":"(anonymous_5)","decl":{"start":{"line":52,"column":4},"end":{"line":52,"column":21}},"loc":{"start":{"line":52,"column":4},"end":{"line":54,"column":5}}},"6":{"name":"(anonymous_6)","decl":{"start":{"line":55,"column":4},"end":{"line":55,"column":25}},"loc":{"start":{"line":55,"column":78},"end":{"line":57,"column":5}}},"7":{"name":"(anonymous_7)","decl":{"start":{"line":58,"column":4},"end":{"line":58,"column":10}},"loc":{"start":{"line":58,"column":4},"end":{"line":100,"column":5}}},"8":{"name":"(anonymous_8)","decl":{"start":{"line":71,"column":25},"end":{"line":71,"column":26}},"loc":{"start":{"line":71,"column":31},"end":{"line":73,"column":17}}}},"branchMap":{"0":{"loc":{"start":{"line":40,"column":8},"end":{"line":40,"column":20}},"type":"binary-expr","locations":[{"start":{"line":40,"column":8},"end":{"line":40,"column":20}},{"start":{"line":40,"column":20},"end":{"line":40,"column":null}}]},"1":{"loc":{"start":{"line":44,"column":8},"end":{"line":49,"column":null}},"type":"if","locations":[{"start":{"line":44,"column":8},"end":{"line":49,"column":null}},{"start":{"line":44,"column":8},"end":{"line":49,"column":null}}]},"2":{"loc":{"start":{"line":46,"column":12},"end":{"line":48,"column":null}},"type":"if","locations":[{"start":{"line":46,"column":12},"end":{"line":48,"column":null}},{"start":{"line":46,"column":12},"end":{"line":48,"column":null}}]},"3":{"loc":{"start":{"line":46,"column":16},"end":{"line":46,"column":23}},"type":"binary-expr","locations":[{"start":{"line":46,"column":16},"end":{"line":46,"column":23}},{"start":{"line":46,"column":26},"end":{"line":46,"column":49}}]},"4":{"loc":{"start":{"line":50,"column":8},"end":{"line":50,"column":34}},"type":"binary-expr","locations":[{"start":{"line":50,"column":8},"end":{"line":50,"column":34}},{"start":{"line":50,"column":36},"end":{"line":50,"column":75}},{"start":{"line":50,"column":77},"end":{"line":50,"column":124}}]},"5":{"loc":{"start":{"line":63,"column":8},"end":{"line":65,"column":null}},"type":"if","locations":[{"start":{"line":63,"column":8},"end":{"line":65,"column":null}},{"start":{"line":63,"column":8},"end":{"line":65,"column":null}}]}},"s":{"0":2,"1":2,"2":2,"3":2,"4":2,"5":2,"6":0,"7":0,"8":0,"9":2,"10":2,"11":2,"12":2,"13":0,"14":0,"15":2,"16":0,"17":0,"18":0,"19":0,"20":0,"21":0,"22":2,"23":0,"24":2,"25":0,"26":2,"27":0,"28":0,"29":0,"30":0,"31":0,"32":0,"33":0,"34":0,"35":0,"36":0,"37":0,"38":0,"39":0,"40":0,"41":0,"42":0,"43":2},"f":{"0":2,"1":0,"2":2,"3":0,"4":0,"5":0,"6":0,"7":0,"8":0},"b":{"0":[0,0],"1":[0,0],"2":[0,0],"3":[0,0],"4":[0,0,0],"5":[0,0]}}
,"/Users/duanguang/Documents/Front-End/legions/legions-design-element/packages/legions-pro-design/src/components/LegionsProForm/FormElement.tsx": {"path":"/Users/duanguang/Documents/Front-End/legions/legions-design-element/packages/legions-pro-design/src/components/LegionsProForm/FormElement.tsx","statementMap":{"0":{"start":{"line":1,"column":0},"end":{"line":1,"column":25}},"1":{"start":{"line":2,"column":0},"end":{"line":2,"column":27}},"2":{"start":{"line":5,"column":0},"end":{"line":5,"column":54}},"3":{"start":{"line":6,"column":0},"end":{"line":6,"column":52}},"4":{"start":{"line":7,"column":0},"end":{"line":7,"column":40}},"5":{"start":{"line":10,"column":0},"end":{"line":10,"column":51}},"6":{"start":{"line":11,"column":0},"end":{"line":11,"column":58}},"7":{"start":{"line":47,"column":0},"end":{"line":47,"column":null}},"8":{"start":{"line":52,"column":4},"end":{"line":52,"column":null}},"9":{"start":{"line":58,"column":4},"end":{"line":58,"column":null}},"10":{"start":{"line":64,"column":4},"end":{"line":64,"column":null}},"11":{"start":{"line":66,"column":29},"end":{"line":66,"column":59}},"12":{"start":{"line":67,"column":31},"end":{"line":67,"column":63}},"13":{"start":{"line":77,"column":0},"end":{"line":77,"column":78}},"14":{"start":{"line":77,"column":41},"end":{"line":77,"column":46}},"15":{"start":{"line":86,"column":8},"end":{"line":86,"column":null}},"16":{"start":{"line":83,"column":4},"end":{"line":83,"column":null}},"17":{"start":{"line":84,"column":4},"end":{"line":84,"column":null}},"18":{"start":{"line":90,"column":4},"end":{"line":90,"column":null}},"19":{"start":{"line":93,"column":4},"end":{"line":108,"column":null}},"20":{"start":{"line":94,"column":23},"end":{"line":94,"column":28}},"21":{"start":{"line":95,"column":8},"end":{"line":107,"column":null}},"22":{"start":{"line":96,"column":12},"end":{"line":106,"column":null}},"23":{"start":{"line":97,"column":43},"end":{"line":97,"column":64}},"24":{"start":{"line":98,"column":16},"end":{"line":100,"column":null}},"25":{"start":{"line":99,"column":20},"end":{"line":99,"column":null}},"26":{"start":{"line":101,"column":51},"end":{"line":101,"column":94}},"27":{"start":{"line":102,"column":16},"end":{"line":104,"column":null}},"28":{"start":{"line":103,"column":20},"end":{"line":103,"column":null}},"29":{"start":{"line":105,"column":16},"end":{"line":105,"column":null}},"30":{"start":{"line":87,"column":8},"end":{"line":87,"column":null}},"31":{"start":{"line":109,"column":4},"end":{"line":111,"column":null}},"32":{"start":{"line":110,"column":8},"end":{"line":110,"column":null}},"33":{"start":{"line":112,"column":4},"end":{"line":114,"column":null}},"34":{"start":{"line":113,"column":7},"end":{"line":113,"column":null}},"35":{"start":{"line":121,"column":4},"end":{"line":131,"column":null}},"36":{"start":{"line":121,"column":19},"end":{"line":121,"column":null}},"37":{"start":{"line":122,"column":26},"end":{"line":122,"column":64}},"38":{"start":{"line":123,"column":8},"end":{"line":129,"column":null}},"39":{"start":{"line":124,"column":39},"end":{"line":124,"column":77}},"40":{"start":{"line":125,"column":12},"end":{"line":127,"column":null}},"41":{"start":{"line":126,"column":16},"end":{"line":126,"column":null}},"42":{"start":{"line":128,"column":12},"end":{"line":128,"column":null}},"43":{"start":{"line":130,"column":8},"end":{"line":130,"column":null}},"44":{"start":{"line":132,"column":4},"end":{"line":141,"column":null}},"45":{"start":{"line":133,"column":8},"end":{"line":133,"column":null}},"46":{"start":{"line":135,"column":8},"end":{"line":140,"column":null}},"47":{"start":{"line":136,"column":12},"end":{"line":138,"column":null}},"48":{"start":{"line":137,"column":16},"end":{"line":137,"column":62}},"49":{"start":{"line":139,"column":12},"end":{"line":139,"column":null}},"50":{"start":{"line":142,"column":4},"end":{"line":148,"column":null}},"51":{"start":{"line":143,"column":8},"end":{"line":143,"column":null}},"52":{"start":{"line":145,"column":8},"end":{"line":147,"column":null}},"53":{"start":{"line":146,"column":12},"end":{"line":146,"column":null}},"54":{"start":{"line":149,"column":4},"end":{"line":163,"column":null}},"55":{"start":{"line":150,"column":25},"end":{"line":150,"column":65}},"56":{"start":{"line":151,"column":8},"end":{"line":153,"column":null}},"57":{"start":{"line":152,"column":12},"end":{"line":152,"column":null}},"58":{"start":{"line":154,"column":35},"end":{"line":154,"column":56}},"59":{"start":{"line":155,"column":8},"end":{"line":157,"column":null}},"60":{"start":{"line":156,"column":12},"end":{"line":156,"column":null}},"61":{"start":{"line":159,"column":43},"end":{"line":159,"column":86}},"62":{"start":{"line":160,"column":8},"end":{"line":162,"column":null}},"63":{"start":{"line":161,"column":12},"end":{"line":161,"column":null}},"64":{"start":{"line":164,"column":4},"end":{"line":187,"column":null}},"65":{"start":{"line":164,"column":4},"end":{"line":164,"column":28}},"66":{"start":{"line":165,"column":28},"end":{"line":165,"column":33}},"67":{"start":{"line":166,"column":8},"end":{"line":186,"column":null}},"68":{"start":{"line":167,"column":30},"end":{"line":167,"column":68}},"69":{"start":{"line":168,"column":12},"end":{"line":185,"column":null}},"70":{"start":{"line":169,"column":43},"end":{"line":169,"column":94}},"71":{"start":{"line":170,"column":38},"end":{"line":170,"column":40}},"72":{"start":{"line":171,"column":16},"end":{"line":176,"column":null}},"73":{"start":{"line":172,"column":37},"end":{"line":172,"column":133}},"74":{"start":{"line":172,"column":86},"end":{"line":172,"column":133}},"75":{"start":{"line":173,"column":20},"end":{"line":175,"column":null}},"76":{"start":{"line":174,"column":24},"end":{"line":174,"column":null}},"77":{"start":{"line":177,"column":16},"end":{"line":184,"column":null}},"78":{"start":{"line":178,"column":20},"end":{"line":178,"column":null}},"79":{"start":{"line":179,"column":20},"end":{"line":179,"column":42}},"80":{"start":{"line":180,"column":20},"end":{"line":180,"column":null}},"81":{"start":{"line":183,"column":20},"end":{"line":183,"column":null}},"82":{"start":{"line":194,"column":4},"end":{"line":234,"column":null}},"83":{"start":{"line":194,"column":4},"end":{"line":194,"column":19}},"84":{"start":{"line":195,"column":28},"end":{"line":195,"column":33}},"85":{"start":{"line":196,"column":8},"end":{"line":219,"column":null}},"86":{"start":{"line":197,"column":30},"end":{"line":197,"column":68}},"87":{"start":{"line":198,"column":12},"end":{"line":218,"column":null}},"88":{"start":{"line":199,"column":43},"end":{"line":199,"column":94}},"89":{"start":{"line":200,"column":38},"end":{"line":200,"column":40}},"90":{"start":{"line":201,"column":16},"end":{"line":206,"column":null}},"91":{"start":{"line":202,"column":37},"end":{"line":202,"column":133}},"92":{"start":{"line":202,"column":86},"end":{"line":202,"column":133}},"93":{"start":{"line":203,"column":20},"end":{"line":205,"column":null}},"94":{"start":{"line":204,"column":24},"end":{"line":204,"column":null}},"95":{"start":{"line":207,"column":16},"end":{"line":217,"column":null}},"96":{"start":{"line":208,"column":20},"end":{"line":208,"column":null}},"97":{"start":{"line":209,"column":20},"end":{"line":211,"column":null}},"98":{"start":{"line":210,"column":24},"end":{"line":210,"column":null}},"99":{"start":{"line":214,"column":20},"end":{"line":214,"column":null}},"100":{"start":{"line":215,"column":20},"end":{"line":215,"column":42}},"101":{"start":{"line":216,"column":20},"end":{"line":216,"column":null}},"102":{"start":{"line":220,"column":8},"end":{"line":233,"column":null}},"103":{"start":{"line":221,"column":30},"end":{"line":221,"column":68}},"104":{"start":{"line":222,"column":12},"end":{"line":232,"column":null}},"105":{"start":{"line":223,"column":43},"end":{"line":223,"column":94}},"106":{"start":{"line":224,"column":16},"end":{"line":231,"column":null}},"107":{"start":{"line":225,"column":20},"end":{"line":225,"column":null}},"108":
[...]
17":{"start":{"line":37,"column":8},"end":{"line":39,"column":null}},"18":{"start":{"line":38,"column":12},"end":{"line":38,"column":45}},"19":{"start":{"line":40,"column":8},"end":{"line":40,"column":18}},"20":{"start":{"line":42,"column":14},"end":{"line":47,"column":null}},"21":{"start":{"line":43,"column":8},"end":{"line":45,"column":null}},"22":{"start":{"line":44,"column":12},"end":{"line":44,"column":45}},"23":{"start":{"line":46,"column":8},"end":{"line":46,"column":18}},"24":{"start":{"line":48,"column":12},"end":{"line":50,"column":null}},"25":{"start":{"line":49,"column":8},"end":{"line":49,"column":28}},"26":{"start":{"line":51,"column":12},"end":{"line":53,"column":null}},"27":{"start":{"line":52,"column":8},"end":{"line":52,"column":36}},"28":{"start":{"line":54,"column":12},"end":{"line":56,"column":null}},"29":{"start":{"line":55,"column":8},"end":{"line":55,"column":34}},"30":{"start":{"line":57,"column":12},"end":{"line":59,"column":null}},"31":{"start":{"line":58,"column":8},"end":{"line":58,"column":34}},"32":{"start":{"line":18,"column":16},"end":{"line":18,"column":null}},"33":{"start":{"line":20,"column":16},"end":{"line":20,"column":null}},"34":{"start":{"line":22,"column":16},"end":{"line":22,"column":null}},"35":{"start":{"line":23,"column":16},"end":{"line":23,"column":null}},"36":{"start":{"line":60,"column":0},"end":{"line":60,"column":null}},"37":{"start":{"line":14,"column":13},"end":{"line":14,"column":25}},"38":{"start":{"line":61,"column":0},"end":{"line":61,"column":13}},"39":{"start":{"line":67,"column":24},"end":{"line":67,"column":34}},"40":{"start":{"line":69,"column":16},"end":{"line":69,"column":44}},"41":{"start":{"line":72,"column":25},"end":{"line":72,"column":null}},"42":{"start":{"line":63,"column":8},"end":{"line":63,"column":null}},"43":{"start":{"line":64,"column":8},"end":{"line":64,"column":24}},"44":{"start":{"line":65,"column":8},"end":{"line":65,"column":null}},"45":{"start":{"line":75,"column":14},"end":{"line":81,"column":null}},"46":{"start":{"line":76,"column":38},"end":{"line":76,"column":40}},"47":{"start":{"line":77,"column":8},"end":{"line":79,"column":null}},"48":{"start":{"line":77,"column":25},"end":{"line":77,"column":49}},"49":{"start":{"line":77,"column":47},"end":{"line":77,"column":49}},"50":{"start":{"line":77,"column":21},"end":{"line":77,"column":25}},"51":{"start":{"line":78,"column":10},"end":{"line":78,"column":27}},"52":{"start":{"line":80,"column":8},"end":{"line":80,"column":21}},"53":{"start":{"line":82,"column":14},"end":{"line":84,"column":null}},"54":{"start":{"line":83,"column":8},"end":{"line":83,"column":34}},"55":{"start":{"line":85,"column":14},"end":{"line":87,"column":null}},"56":{"start":{"line":86,"column":8},"end":{"line":86,"column":39}},"57":{"start":{"line":88,"column":12},"end":{"line":91,"column":null}},"58":{"start":{"line":89,"column":21},"end":{"line":89,"column":63}},"59":{"start":{"line":90,"column":8},"end":{"line":90,"column":20}},"60":{"start":{"line":92,"column":12},"end":{"line":98,"column":null}},"61":{"start":{"line":93,"column":21},"end":{"line":93,"column":38}},"62":{"start":{"line":94,"column":8},"end":{"line":96,"column":null}},"63":{"start":{"line":95,"column":11},"end":{"line":95,"column":null}},"64":{"start":{"line":97,"column":8},"end":{"line":97,"column":38}},"65":{"start":{"line":99,"column":12},"end":{"line":108,"column":null}},"66":{"start":{"line":100,"column":21},"end":{"line":100,"column":38}},"67":{"start":{"line":101,"column":8},"end":{"line":103,"column":null}},"68":{"start":{"line":102,"column":12},"end":{"line":102,"column":24}},"69":{"start":{"line":104,"column":8},"end":{"line":106,"column":null}},"70":{"start":{"line":105,"column":12},"end":{"line":105,"column":24}},"71":{"start":{"line":107,"column":8},"end":{"line":107,"column":21}},"72":{"start":{"line":109,"column":12},"end":{"line":111,"column":null}},"73":{"start":{"line":110,"column":8},"end":{"line":110,"column":36}},"74":{"start":{"line":112,"column":12},"end":{"line":115,"column":null}},"75":{"start":{"line":113,"column":8},"end":{"line":113,"column":31}},"76":{"start":{"line":114,"column":8},"end":{"line":114,"column":30}},"77":{"start":{"line":120,"column":12},"end":{"line":122,"column":null}},"78":{"start":{"line":121,"column":8},"end":{"line":121,"column":null}},"79":{"start":{"line":128,"column":12},"end":{"line":148,"column":null}},"80":{"start":{"line":129,"column":18},"end":{"line":129,"column":20}},"81":{"start":{"line":130,"column":23},"end":{"line":130,"column":73}},"82":{"start":{"line":131,"column":30},"end":{"line":131,"column":87}},"83":{"start":{"line":132,"column":18},"end":{"line":132,"column":32}},"84":{"start":{"line":133,"column":8},"end":{"line":137,"column":null}},"85":{"start":{"line":134,"column":12},"end":{"line":134,"column":null}},"86":{"start":{"line":136,"column":12},"end":{"line":136,"column":null}},"87":{"start":{"line":138,"column":8},"end":{"line":140,"column":null}},"88":{"start":{"line":139,"column":12},"end":{"line":139,"column":null}},"89":{"start":{"line":141,"column":8},"end":{"line":141,"column":null}},"90":{"start":{"line":143,"column":8},"end":{"line":146,"column":null}},"91":{"start":{"line":145,"column":12},"end":{"line":145,"column":null}},"92":{"start":{"line":147,"column":8},"end":{"line":147,"column":null}},"93":{"start":{"line":67,"column":16},"end":{"line":67,"column":null}},"94":{"start":{"line":69,"column":16},"end":{"line":69,"column":null}},"95":{"start":{"line":72,"column":16},"end":{"line":72,"column":null}},"96":{"start":{"line":149,"column":0},"end":{"line":149,"column":null}},"97":{"start":{"line":61,"column":13},"end":{"line":61,"column":25}}},"fnMap":{"0":{"name":"(anonymous_0)","decl":{"start":{"line":14,"column":0},"end":{"line":14,"column":13}},"loc":{"start":{"line":14,"column":0},"end":{"line":14,"column":13}}},"1":{"name":"TabsItemView","decl":{"start":{"line":24,"column":4},"end":{"line":24,"column":16}},"loc":{"start":{"line":24,"column":27},"end":{"line":26,"column":5}}},"2":{"name":"(anonymous_2)","decl":{"start":{"line":27,"column":14},"end":{"line":27,"column":18}},"loc":{"start":{"line":27,"column":14},"end":{"line":29,"column":5}}},"3":{"name":"(anonymous_3)","decl":{"start":{"line":30,"column":14},"end":{"line":30,"column":18}},"loc":{"start":{"line":30,"column":14},"end":{"line":35,"column":5}}},"4":{"name":"(anonymous_4)","decl":{"start":{"line":36,"column":14},"end":{"line":36,"column":18}},"loc":{"start":{"line":36,"column":14},"end":{"line":41,"column":5}}},"5":{"name":"(anonymous_5)","decl":{"start":{"line":42,"column":14},"end":{"line":42,"column":18}},"loc":{"start":{"line":42,"column":14},"end":{"line":47,"column":5}}},"6":{"name":"(anonymous_6)","decl":{"start":{"line":48,"column":12},"end":{"line":48,"column":20}},"loc":{"start":{"line":48,"column":46},"end":{"line":50,"column":5}}},"7":{"name":"(anonymous_7)","decl":{"start":{"line":51,"column":12},"end":{"line":51,"column":24}},"loc":{"start":{"line":51,"column":41},"end":{"line":53,"column":5}}},"8":{"name":"(anonymous_8)","decl":{"start":{"line":54,"column":12},"end":{"line":54,"column":23}},"loc":{"start":{"line":54,"column":40},"end":{"line":56,"column":5}}},"9":{"name":"(anonymous_9)","decl":{"start":{"line":57,"column":12},"end":{"line":57,"column":23}},"loc":{"start":{"line":57,"column":40},"end":{"line":59,"column":5}}},"10":{"name":"(anonymous_10)","decl":{"start":{"line":61,"column":0},"end":{"line":61,"column":13}},"loc":{"start":{"line":61,"column":0},"end":{"line":61,"column":13}}},"11":{"name":"TabsFormView","decl":{"start":{"line":62,"column":4},"end":{"line":62,"column":16}},"loc":{"start":{"line":62,"column":26},"end":{"line":66,"column":5}}},"12":{"name":"(anonymous_12)","decl":{"start":{"line":75,"column":14},"end":{"line":75,"column":18}},"loc":{"start":{"line":75,"column":14},"end":{"line":81,"column":5}}},"13":{"name":"(anonymous_13)","decl":{"start":{"line":82,"column":14},"end":{"line":82,"column":18}},"loc":{"start":{"line":82,"column":14},"end":{"line":84,"column":5}}},"14":{"name":"(anonymous_14)","decl":{"start":{"line":85,"column":14},"end":{"line":85,"column":18}},"loc":{"start":{"line":85,"column":14},"end":{"line":87,"column":5}}},"15":{"name":"(anonymous_15)","decl":{"start":{"line":88,"column":4},"end":{"line":88,"column":12}},"loc":{"start":{"line":88,"column":31},"end":{"line":91,"column":5}}},"16":{"name":"(anonymous_16)","decl":{"start":{"line":92,"column":12},"end":{"line":92,"column":19}},"loc":{"start":{"line":92,"column":31},"end":{"line":98,"column":5}}},"17":{"name":"(anonymous_17)","decl":{"start":{"line":99,"column":12},"end":{"line":99,"column":19}},"loc":{"start":{"line":99,"column":31},"end":{"line":108,"column":5}}},"18":{"name":"(anonymous_18)","decl":{"start":{"line":109,"column":12},"end":{"line":109,"column":23}},"loc":{"start":{"line":109,"column":12},"end":{"line":111,"column":5}}},"19":{"name":"(anonymous_19)","decl":{"start":{"line":112,"column":12},"end":{"line":112,"column":21}},"loc":{"start":{"line":112,"column":12},"end":{"line":115,"column":5}}},"20":{"name":"(anonymous_20)","decl":{"start":{"line":120,"column":12},"end":{"line":120,"column":22}},"loc":{"start":{"line":120,"column":34},"end":{"line":122,"column":5}}},"21":{"name":"(anonymous_21)","decl":{"start":{"line":128,"column":12},"end":{"line":128,"column":23}},"loc":{"start":{"line":128,"column":67},"end":{"line":148,"column":5}}},"22":{"name":"(anonymous_22)","decl":{"start":{"line":143,"column":19},"end":{"line":143,"column":null}},"loc":{"start":{"line":143,"column":19},"end":{"line":146,"column":9}}}},"branchMap":{"0":{"loc":{"start":{"line":31,"column":8},"end":{"line":33,"column":null}},"type":"if","locations":[{"start":{"line":31,"column":8},"end":{"line":33,"column":null}},{"start":{"line":31,"column":8},"end":{"line":33,"column":null}}]},"1":{"loc":{"start":{"line":37,"column":8},"end":{"line":39,"column":null}},"type":"if","locations":[{"start":{"line":37,"column":8},"end":{"line":39,"column":null}},{"start":{"line":37,"column":8},"end":{"line":39,"column":null}}]},"2":{"loc":{"start":{"line":43,"column":8},"end":{"line":45,"column":null}},"type":"if","locations":[{"start":{"line":43,"column":8},"end":{"line":45,"column":null}},{"start":{"line":43,"column":8},"end":{"line":45,"column":null}}]},"3":{"loc":{"start":{"line":94,"column":8},"end":{"line":96,"column":null}},"type":"if","locations":[{"start":{"line":94,"column":8},"end":{"line":96,"column":null}},{"start":{"line":94,"column":8},"end":{"line":96,"column":null}}]},"4":{"loc":{"start":{"line":101,"column":8},"end":{"line":103,"column":null}},"type":"if","locations":[{"start":{"line":101,"column":8},"end":{"line":103,"column":null}},{"start":{"line":101,"column":8},"end":{"line":103,"column":null}}]},"5":{"loc":{"start":{"line":104,"column":8},"end":{"line":106,"column":null}},"type":"if","locations":[{"start":{"line":104,"column":8},"end":{"line":106,"column":null}},{"start":{"line":104,"column":8},"end":{"line":106,"column":null}}]},"6":{"loc":{"start":{"line":130,"column":23},"end":{"line":130,"column":30}},"type":"binary-expr","locations":[{"start":{"line":130,"column":23},"end":{"line":130,"column":30}},{"start":{"line":130,"column":34},"end":{"line":130,"column":73}}]},"7":{"loc":{"start":{"line":131,"column":61},"end":{"line":131,"column":65}},"type":"cond-expr","locations":[{"start":{"line":131,"column":61},"end":{"line":131,"column":65}},{"start":{"line":131,"column":66},"end":{"line":131,"column":87}}]},"8":{"loc":{"start":{"line":132,"column":18},"end":{"line":132,"column":28}},"type":"binary-expr","locations":[{"start":{"line":132,"column":18},"end":{"line":132,"column":28}},{"start":{"line":132,"column":30},"end":{"line":132,"column":32}}]},"9":{"loc":{"start":{"line":133,"column":8},"end":{"line":137,"column":null}},"type":"if","locations":[{"start":{"line":133,"column":8},"end":{"line":137,"column":null}},{"start":{"line":133,"column":8},"end":{"line":137,"column":null}}]},"10":{"loc":{"start":{"line":138,"column":8},"end":{"line":140,"column":null}},"type":"if","locations":[{"start":{"line":138,"column":8},"end":{"line":140,"column":null}},{"start":{"line":138,"column":8},"end":{"line":140,"column":null}}]},"11":{"loc":{"start":{"line":141,"column":8},"end":{"line":141,"column":22}},"type":"binary-expr","locations":[{"start":{"line":141,"column":8},"end":{"line":141,"column":22}},{"start":{"line":141,"column":27},"end":{"line":141,"column":50}}]},"12":{"loc":{"start":{"line":145,"column":12},"end":{"line":145,"column":27}},"type":"binary-expr","locations":[{"start":{"line":145,"column":12},"end":{"line":145,"column":27}},{"start":{"line":145,"column":31},"end":{"line":145,"column":48}}]}},"s":{"0":2,"1":2,"2":2,"3":0,"4":0,"5":0,"6":0,"7":0,"8":0,"9":0,"10":4,"11":0,"12":4,"13":0,"14":0,"15":0,"16":4,"17":0,"18":0,"19":0,"20":4,"21":0,"22":0,"23":0,"24":4,"25":0,"26":4,"27":0,"28":4,"29":0,"30":4,"31":0,"32":2,"33":2,"34":2,"35":2,"36":2,"37":2,"38":2,"39":0,"40":0,"41":0,"42":0,"43":0,"44":0,"45":4,"46":0,"47":0,"48":0,"49":0,"50":0,"51":0,"52":0,"53":4,"54":0,"55":4,"56":0,"57":2,"58":0,"59":0,"60":4,"61":0,"62":0,"63":0,"64":0,"65":4,"66":0,"67":0,"68":0,"69":0,"70":0,"71":0,"72":4,"73":0,"74":4,"75":0,"76":0,"77":4,"78":0,"79":4,"80":0,"81":0,"82":0,"83":0,"84":0,"85":0,"86":0,"87":0,"88":0,"89":0,"90":0,"91":0,"92":0,"93":2,"94":2,"95":2,"96":2,"97":2},"f":{"0":2,"1":0,"2":0,"3":0,"4":0,"5":0,"6":0,"7":0,"8":0,"9":0,"10":2,"11":0,"12":0,"13":0,"14":0,"15":0,"16":0,"17":0,"18":0,"19":0,"20":0,"21":0,"22":0},"b":{"0":[0,0],"1":[0,0],"2":[0,0],"3":[0,0],"4":[0,0],"5":[0,0],"6":[0,0],"7":[0,0],"8":[0,0],"9":[0,0],"10":[0,0],"11":[0,0],"12":[0,0]}}
,"/Users/duanguang/Documents/Front-End/legions/legions-design-element/packages/legions-pro-design/src/components/db/Database.ts": {"path":"/Users/duanguang/Documents/Front-End/legions/legions-design-element/packages/legions-pro-design/src/components/db/Database.ts","statementMap":{"0":{"start":{"line":1,"column":0},"end":{"line":1,"column":58}},"1":{"start":{"line":2,"column":0},"end":{"line":2,"column":13}},"2":{"start":{"line":3,"column":15},"end":{"line":29,"column":null}},"3":{"start":{"line":4,"column":8},"end":{"line":4,"column":9}},"4":{"start":{"line":5,"column":6},"end":{"line":16,"column":9}},"5":{"start":{"line":5,"column":39},"end":{"line":16,"column":8}},"6":{"start":{"line":6,"column":8},"end":{"line":15,"column":10}},"7":{"start":{"line":18,"column":6},"end":{"line":27,"column":8}},"8":{"start":{"line":30,"column":0},"end":{"line":30,"column":null}},"9":{"start":{"line":2,"column":13},"end":{"line":2,"column":21}}},"fnMap":{"0":{"name":"(anonymous_0)","decl":{"start":{"line":2,"column":0},"end":{"line":2,"column":13}},"loc":{"start":{"line":2,"column":0},"end":{"line":30,"column":null}}},"1":{"name":"(anonymous_2)","decl":{"start":{"line":3,"column":2},"end":{"line":3,"column":15}},"loc":{"start":{"line":3,"column":36},"end":{"line":29,"column":null}}},"2":{"name":"(anonymous_5)","decl":{"start":{"line":5,"column":39},"end":{"line":5,"column":null}},"loc":{"start":{"line":5,"column":39},"end":{"line":16,"column":8}}}},"branchMap":{"0":{"loc":{"start":{"line":18,"column":6},"end":{"line":27,"column":8}},"type":"switch","locations":[{"start":{"line":18,"column":6},"end":{"line":27,"column":8}}]},"1":{"loc":{"start":{"line":4,"column":8},"end":{"line":4,"column":9}},"type":"if","locations":[{"start":{"line":4,"column":8},"end":{"line":4,"column":9}},{"start":{"line":4,"column":8},"end":{"line":4,"column":9}}]},"2":{"loc":{"start":{"line":6,"column":8},"end":{"line":15,"column":10}},"type":"switch","locations":[{"start":{"line":6,"column":8},"end":{"line":15,"column":10}}]}},"s":{"0":2,"1":2,"2":2,"3":0,"4":0,"5":0,"6":0,"7":0,"8":2,"9":2},"f":{"0":2,"1":0,"2":0},"b":{"0":[0],"1":[0,0],"2":[0]}}
,"/Users/duanguang/Documents/Front-End/legions/legions-design-element/packages/legions-pro-design/src/components/db/SelectDatabase.ts": {"path":"/Users/duanguang/Documents/Front-End/legions/legions-design-element/packages/legions-pro-design/src/components/db/SelectDatabase.ts","statementMap":{"0":{"start":{"line":10,"column":0},"end":{"line":10,"column":38}},"1":{"start":{"line":11,"column":0},"end":{"line":11,"column":58}},"2":{"start":{"line":13,"column":0},"end":{"line":13,"column":null}},"3":{"start":{"line":13,"column":38},"end":{"line":13,"column":46}},"4":{"start":{"line":24,"column":4},"end":{"line":24,"column":null}},"5":{"start":{"line":25,"column":4},"end":{"line":42,"column":null}},"6":{"start":{"line":26,"column":6},"end":{"line":33,"column":9}},"7":{"start":{"line":27,"column":19},"end":{"line":28,"column":null}},"8":{"start":{"line":30,"column":8},"end":{"line":32,"column":null}},"9":{"start":{"line":31,"column":10},"end":{"line":31,"column":54}},"10":{"start":{"line":36,"column":17},"end":{"line":37,"column":null}},"11":{"start":{"line":39,"column":6},"end":{"line":41,"column":null}},"12":{"start":{"line":40,"column":8},"end":{"line":40,"column":52}},"13":{"start":{"line":44,"column":0},"end":{"line":44,"column":null}},"14":{"start":{"line":13,"column":13},"end":{"line":13,"column":29}}},"fnMap":{"0":{"name":"(anonymous_0)","decl":{"start":{"line":13,"column":0},"end":{"line":13,"column":13}},"loc":{"start":{"line":13,"column":0},"end":{"line":44,"column":null}}},"1":{"name":"SelectDatabaseDB","decl":{"start":{"line":23,"column":2},"end":{"line":23,"column":21}},"loc":{"start":{"line":23,"column":38},"end":{"line":43,"column":3}}},"2":{"name":"(anonymous_2)","decl":{"start":{"line":26,"column":38},"end":{"line":26,"column":null}},"loc":{"start":{"line":26,"column":38},"end":{"line":33,"column":7}}}},"branchMap":{"0":{"loc":{"start":{"line":24,"column":4},"end":{"line":24,"column":11}},"type":"binary-expr","locations":[{"start":{"line":24,"column":4},"end":{"line":24,"column":11}},{"start":{"line":24,"column":11},"end":{"line":24,"column":null}}]},"1":{"loc":{"start":{"line":25,"column":4},"end":{"line":42,"column":null}},"type":"if","locations":[{"start":{"line":25,"column":4},"end":{"line":42,"column":null}},{"start":{"line":25,"column":4},"end":{"line":42,"column":null}}]},"2":{"loc":{"start":{"line":30,"column":8},"end":{"line":32,"column":null}},"type":"if","locations":[{"start":{"line":30,"column":8},"end":{"line":32,"column":null}},{"start":{"line":30,"column":8},"end":{"line":32,"column":null}}]},"3":{"loc":{"start":{"line":30,"column":12},"end":{"line":30,"column":14}},"type":"binary-expr","locations":[{"start":{"line":30,"column":12},"end":{"line":30,"column":14}},{"start":{"line":30,"column":18},"end":{"line":30,"column":23}}]},"4":{"loc":{"start":{"line":39,"column":6},"end":{"line":41,"column":null}},"type":"if","locations":[{"start":{"line":39,"column":6},"end":{"line":41,"column":null}},{"start":{"line":39,"column":6},"end":{"line":41,"column":null}}]},"5":{"loc":{"start":{"line":39,"column":10},"end":{"line":39,"column":12}},"type":"binary-expr","locations":[{"start":{"line":39,"column":10},"end":{"line":39,"column":12}},{"start":{"line":39,"column":16},"end":{"line":39,"column":21}}]}},"s":{"0":2,"1":2,"2":2,"3":2,"4":0,"5":0,"6":0,"7":0,"8":0,"9":0,"10":0,"11":0,"12":0,"13":2,"14":2},"f":{"0":2,"1":0,"2":0},"b":{"0":[0,0],"1":[0,0],"2":[0,0],"3":[0,0],"4":[0,0],"5":[0,0]}}
,"/Users/duanguang/Documents/Front-End/legions/legions-design-element/packages/legions-pro-design/src/components/db/index.ts": {"path":"/Users/duanguang/Documents/Front-End/legions/legions-design-element/packages/legions-pro-design/src/components/db/index.ts","statementMap":{"0":{"start":{"line":10,"column":0},"end":{"line":10,"column":9}},"1":{"start":{"line":10,"column":9},"end":{"line":10,"column":52}}},"fnMap":{"0":{"name":"(anonymous_0)","decl":{"start":{"line":10,"column":9},"end":{"line":10,"column":25}},"loc":{"start":{"line":10,"column":9},"end":{"line":10,"column":52}}}},"branchMap":{},"s":{"0":2,"1":2},"f":{"0":0},"b":{}}
}
