{"/Users/duanguang/Documents/Front-End/legions/legions-design-element/packages/legions-pro-design/src/components/LegionsCore/constant.project.ts": {"path":"/Users/duanguang/Documents/Front-End/legions/legions-design-element/packages/legions-pro-design/src/components/LegionsCore/constant.project.ts","statementMap":{"0":{"start":{"line":1,"column":13},"end":{"line":3,"column":2}}},"fnMap":{},"branchMap":{},"s":{"0":1},"f":{},"b":{}}
,"/Users/duanguang/Documents/Front-End/legions/legions-design-element/packages/legions-pro-design/src/components/LegionsCore/constant.storageKeys.ts": {"path":"/Users/duanguang/Documents/Front-End/legions/legions-design-element/packages/legions-pro-design/src/components/LegionsCore/constant.storageKeys.ts","statementMap":{"0":{"start":{"line":3,"column":13},"end":{"line":3,"column":59}},"1":{"start":{"line":5,"column":13},"end":{"line":5,"column":59}},"2":{"start":{"line":7,"column":13},"end":{"line":7,"column":52}},"3":{"start":{"line":9,"column":13},"end":{"line":9,"column":58}},"4":{"start":{"line":11,"column":13},"end":{"line":11,"column":58}},"5":{"start":{"line":13,"column":13},"end":{"line":13,"column":62}}},"fnMap":{},"branchMap":{},"s":{"0":1,"1":1,"2":1,"3":1,"4":1,"5":1},"f":{},"b":{}}
,"/Users/duanguang/Documents/Front-End/legions/legions-design-element/packages/legions-pro-design/src/components/LegionsCore/index.ts": {"path":"/Users/duanguang/Documents/Front-End/legions/legions-design-element/packages/legions-pro-design/src/components/LegionsCore/index.ts","statementMap":{"0":{"start":{"line":11,"column":0},"end":{"line":11,"column":46}},"1":{"start":{"line":12,"column":0},"end":{"line":12,"column":45}},"2":{"start":{"line":13,"column":0},"end":{"line":13,"column":61}},"3":{"start":{"line":14,"column":20},"end":{"line":18,"column":null}},"4":{"start":{"line":20,"column":0},"end":{"line":20,"column":27}}},"fnMap":{},"branchMap":{},"s":{"0":1,"1":1,"2":1,"3":1,"4":1},"f":{},"b":{}}
,"/Users/duanguang/Documents/Front-End/legions/legions-design-element/packages/legions-pro-design/src/components/LegionsCore/legionsFetch.ts": {"path":"/Users/duanguang/Documents/Front-End/legions/legions-design-element/packages/legions-pro-design/src/components/LegionsCore/legionsFetch.ts","statementMap":{"0":{"start":{"line":11,"column":0},"end":{"line":11,"column":53}},"1":{"start":{"line":13,"column":26},"end":{"line":13,"column":46}},"2":{"start":{"line":14,"column":0},"end":{"line":20,"column":null}},"3":{"start":{"line":17,"column":41},"end":{"line":17,"column":49}},"4":{"start":{"line":17,"column":36},"end":{"line":17,"column":41}},"5":{"start":{"line":18,"column":8},"end":{"line":18,"column":57}},"6":{"start":{"line":42,"column":0},"end":{"line":42,"column":13}},"7":{"start":{"line":43,"column":12},"end":{"line":57,"column":null}},"8":{"start":{"line":44,"column":22},"end":{"line":52,"column":10}},"9":{"start":{"line":53,"column":8},"end":{"line":55,"column":null}},"10":{"start":{"line":54,"column":12},"end":{"line":54,"column":null}},"11":{"start":{"line":56,"column":8},"end":{"line":56,"column":23}},"12":{"start":{"line":58,"column":4},"end":{"line":73,"column":null}},"13":{"start":{"line":59,"column":30},"end":{"line":59,"column":74}},"14":{"start":{"line":61,"column":8},"end":{"line":72,"column":15}},"15":{"start":{"line":63,"column":32},"end":{"line":63,"column":38}},"16":{"start":{"line":64,"column":16},"end":{"line":66,"column":null}},"17":{"start":{"line":65,"column":20},"end":{"line":65,"column":null}},"18":{"start":{"line":68,"column":16},"end":{"line":68,"column":52}},"19":{"start":{"line":71,"column":16},"end":{"line":71,"column":52}},"20":{"start":{"line":74,"column":4},"end":{"line":89,"column":null}},"21":{"start":{"line":75,"column":30},"end":{"line":75,"column":74}},"22":{"start":{"line":77,"column":8},"end":{"line":88,"column":15}},"23":{"start":{"line":79,"column":32},"end":{"line":79,"column":38}},"24":{"start":{"line":80,"column":16},"end":{"line":82,"column":null}},"25":{"start":{"line":81,"column":20},"end":{"line":81,"column":null}},"26":{"start":{"line":84,"column":16},"end":{"line":84,"column":52}},"27":{"start":{"line":87,"column":16},"end":{"line":87,"column":52}},"28":{"start":{"line":90,"column":0},"end":{"line":90,"column":null}},"29":{"start":{"line":42,"column":13},"end":{"line":42,"column":25}}},"fnMap":{"0":{"name":"(anonymous_0)","decl":{"start":{"line":15,"column":13},"end":{"line":15,"column":14}},"loc":{"start":{"line":15,"column":21},"end":{"line":19,"column":5}}},"1":{"name":"(anonymous_1)","decl":{"start":{"line":42,"column":0},"end":{"line":42,"column":13}},"loc":{"start":{"line":42,"column":0},"end":{"line":90,"column":null}}},"2":{"name":"(anonymous_3)","decl":{"start":{"line":43,"column":4},"end":{"line":43,"column":12}},"loc":{"start":{"line":43,"column":65},"end":{"line":57,"column":5}}},"3":{"name":"(anonymous_4)","decl":{"start":{"line":58,"column":4},"end":{"line":58,"column":7}},"loc":{"start":{"line":58,"column":69},"end":{"line":73,"column":5}}},"4":{"name":"(anonymous_5)","decl":{"start":{"line":62,"column":18},"end":{"line":62,"column":24}},"loc":{"start":{"line":62,"column":24},"end":{"line":69,"column":13}}},"5":{"name":"(anonymous_6)","decl":{"start":{"line":70,"column":19},"end":{"line":70,"column":22}},"loc":{"start":{"line":70,"column":22},"end":{"line":72,"column":13}}},"6":{"name":"(anonymous_7)","decl":{"start":{"line":74,"column":4},"end":{"line":74,"column":8}},"loc":{"start":{"line":74,"column":70},"end":{"line":89,"column":5}}},"7":{"name":"(anonymous_8)","decl":{"start":{"line":78,"column":18},"end":{"line":78,"column":24}},"loc":{"start":{"line":78,"column":24},"end":{"line":85,"column":13}}},"8":{"name":"(anonymous_9)","decl":{"start":{"line":86,"column":19},"end":{"line":86,"column":22}},"loc":{"start":{"line":86,"column":22},"end":{"line":88,"column":13}}}},"branchMap":{"0":{"loc":{"start":{"line":53,"column":8},"end":{"line":55,"column":null}},"type":"if","locations":[{"start":{"line":53,"column":8},"end":{"line":55,"column":null}},{"start":{"line":53,"column":8},"end":{"line":55,"column":null}}]},"1":{"loc":{"start":{"line":61,"column":51},"end":{"line":61,"column":68}},"type":"binary-expr","locations":[{"start":{"line":61,"column":51},"end":{"line":61,"column":68}},{"start":{"line":61,"column":72},"end":{"line":61,"column":76}}]},"2":{"loc":{"start":{"line":64,"column":16},"end":{"line":66,"column":null}},"type":"if","locations":[{"start":{"line":64,"column":16},"end":{"line":66,"column":null}},{"start":{"line":64,"column":16},"end":{"line":66,"column":null}}]},"3":{"loc":{"start":{"line":71,"column":16},"end":{"line":71,"column":29}},"type":"binary-expr","locations":[{"start":{"line":71,"column":16},"end":{"line":71,"column":29}},{"start":{"line":71,"column":33},"end":{"line":71,"column":51}}]},"4":{"loc":{"start":{"line":77,"column":53},"end":{"line":77,"column":70}},"type":"binary-expr","locations":[{"start":{"line":77,"column":53},"end":{"line":77,"column":70}},{"start":{"line":77,"column":74},"end":{"line":77,"column":78}}]},"5":{"loc":{"start":{"line":80,"column":16},"end":{"line":82,"column":null}},"type":"if","locations":[{"start":{"line":80,"column":16},"end":{"line":82,"column":null}},{"start":{"line":80,"column":16},"end":{"line":82,"column":null}}]},"6":{"loc":{"start":{"line":87,"column":16},"end":{"line":87,"column":29}},"type":"binary-expr","locations":[{"start":{"line":87,"column":16},"end":{"line":87,"column":29}},{"start":{"line":87,"column":33},"end":{"line":87,"column":51}}]}},"s":{"0":1,"1":1,"2":1,"3":0,"4":0,"5":0,"6":1,"7":1,"8":0,"9":0,"10":0,"11":0,"12":1,"13":0,"14":0,"15":0,"16":0,"17":0,"18":0,"19":0,"20":1,"21":0,"22":0,"23":0,"24":0,"25":0,"26":0,"27":0,"28":1,"29":1},"f":{"0":0,"1":1,"2":0,"3":0,"4":0,"5":0,"6":0,"7":0,"8":0},"b":{"0":[0,0],"1":[0,0],"2":[0,0],"3":[0,0],"4":[0,0],"5":[0,0],"6":[0,0]}}
,"/Users/duanguang/Documents/Front-End/legions/legions-design-element/packages/legions-pro-design/src/components/LegionsModels/index.ts": {"path":"/Users/duanguang/Documents/Front-End/legions/legions-design-element/packages/legions-pro-design/src/components/LegionsModels/index.ts","statementMap":{"0":{"start":{"line":11,"column":0},"end":{"line":11,"column":66}},"1":{"start":{"line":12,"column":0},"end":{"line":12,"column":62}},"2":{"start":{"line":13,"column":0},"end":{"line":13,"column":100}},"3":{"start":{"line":14,"column":0},"end":{"line":14,"column":59}},"4":{"start":{"line":16,"column":22},"end":{"line":26,"column":null}},"5":{"start":{"line":28,"column":0},"end":{"line":28,"column":29}}},"fnMap":{},"branchMap":{},"s":{"0":1,"1":1,"2":1,"3":1,"4":1,"5":1},"f":{},"b":{}}
,"/Users/duanguang/Documents/Front-End/legions/legions-design-element/packages/legions-pro-design/src/components/LegionsModels/selectKeyValue.ts": {"path":"/Users/duanguang/Documents/Front-End/legions/legions-design-element/packages/legions-pro-design/src/components/LegionsModels/selectKeyValue.ts","statementMap":{"0":{"start":{"line":1,"column":0},"end":{"line":1,"column":50}},"1":{"start":{"line":2,"column":0},"end":{"line":2,"column":46}},"2":{"start":{"line":3,"column":0},"end":{"line":3,"column":13}},"3":{"start":{"line":5,"column":2},"end":{"line":5,"column":null}},"4":{"start":{"line":8,"column":2},"end":{"line":8,"column":null}},"5":{"start":{"line":11,"column":2},"end":{"line":11,"column":null}},"6":{"start":{"line":14,"column":2},"end":{"line":14,"column":null}},"7":{"start":{"line":17,"column":2},"end":{"line":17,"column":null}},"8":{"start":{"line":18,"column":0},"end":{"line":18,"column":null}},"9":{"start":{"line":3,"column":13},"end":{"line":3,"column":21}},"10":{"start":{"line":20,"column":0},"end":{"line":20,"column":null}},"11":{"start":{"line":20,"column":36},"end":{"line":20,"column":46}},"12":{"start":{"line":35,"column":4},"end":{"line":35,"column":null}},"13":{"start":{"line":23,"column":2},"end":{"line":23,"column":20}},"14":{"start":{"line":24,"column":2},"end":{"line":24,"column":22}},"15":{"start":{"line":25,"column":2},"end":{"line":25,"column":24}},"16":{"start":{"line":36,"column":4},"end":{"line":36,"column":21}},"17":{"start":{"line":37,"column":4},"end":{"line":51,"column":null}},"18":{"start":{"line":38,"column":6},"end":{"line":38,"column":56}},"19":{"start":{"line":39,"column":6},"end":{"line":39,"column":60}},"20":{"start":{"line":40,"column":6},"end":{"line":40,"column":52}},"21":{"start":{"line":41,"column":6},"end":{"line":41,"column":51}},"22":{"start":{"line":42,"column":6},"end":{"line":42,"column":55}},"23":{"start":{"line":43,"column":6},"end":{"line":43,"column":58}},"24":{"start":{"line":44,"column":6},"end":{"line":50,"column":null}},"25":{"start":{"line":48,"column":23},"end":{"line":48,"column":71}},"26":{"start":{"line":49,"column":8},"end":{"line":49,"column":null}},"27":{"start":{"line":53,"column":0},"end":{"line":53,"column":null}},"28":{"start":{"line":20,"column":13},"end":{"line":20,"column":27}}},"fnMap":{"0":{"name":"(anonymous_0)","decl":{"start":{"line":3,"column":0},"end":{"line":3,"column":13}},"loc":{"start":{"line":3,"column":0},"end":{"line":3,"column":13}}},"1":{"name":"(anonymous_2)","decl":{"start":{"line":20,"column":0},"end":{"line":20,"column":13}},"loc":{"start":{"line":20,"column":0},"end":{"line":53,"column":null}}},"2":{"name":"SelectKeyValue","decl":{"start":{"line":26,"column":2},"end":{"line":26,"column":14}},"loc":{"start":{"line":34,"column":3},"end":{"line":52,"column":3}}}},"branchMap":{"0":{"loc":{"start":{"line":35,"column":4},"end":{"line":35,"column":11}},"type":"binary-expr","locations":[{"start":{"line":35,"column":4},"end":{"line":35,"column":11}},{"start":{"line":35,"column":11},"end":{"line":35,"column":null}}]},"1":{"loc":{"start":{"line":37,"column":4},"end":{"line":51,"column":null}},"type":"if","locations":[{"start":{"line":37,"column":4},"end":{"line":51,"column":null}},{"start":{"line":37,"column":4},"end":{"line":51,"column":null}}]},"2":{"loc":{"start":{"line":37,"column":8},"end":{"line":37,"column":15}},"type":"binary-expr","locations":[{"start":{"line":37,"column":8},"end":{"line":37,"column":15}},{"start":{"line":37,"column":19},"end":{"line":37,"column":59}}]},"3":{"loc":{"start":{"line":38,"column":21},"end":{"line":38,"column":45}},"type":"binary-expr","locations":[{"start":{"line":38,"column":21},"end":{"line":38,"column":45}},{"start":{"line":38,"column":49},"end":{"line":38,"column":55}}]},"4":{"loc":{"start":{"line":39,"column":47},"end":{"line":39,"column":51}},"type":"cond-expr","locations":[{"start":{"line":39,"column":47},"end":{"line":39,"column":51}},{"start":{"line":39,"column":54},"end":{"line":39,"column":59}}]},"5":{"loc":{"start":{"line":40,"column":18},"end":{"line":40,"column":45}},"type":"binary-expr","locations":[{"start":{"line":40,"column":18},"end":{"line":40,"column":45}},{"start":{"line":40,"column":49},"end":{"line":40,"column":51}}]},"6":{"loc":{"start":{"line":41,"column":19},"end":{"line":41,"column":45}},"type":"binary-expr","locations":[{"start":{"line":41,"column":19},"end":{"line":41,"column":45}},{"start":{"line":41,"column":49},"end":{"line":41,"column":50}}]},"7":{"loc":{"start":{"line":42,"column":21},"end":{"line":42,"column":49}},"type":"binary-expr","locations":[{"start":{"line":42,"column":21},"end":{"line":42,"column":49}},{"start":{"line":42,"column":53},"end":{"line":42,"column":54}}]},"8":{"loc":{"start":{"line":43,"column":22},"end":{"line":43,"column":51}},"type":"binary-expr","locations":[{"start":{"line":43,"column":22},"end":{"line":43,"column":51}},{"start":{"line":43,"column":55},"end":{"line":43,"column":57}}]},"9":{"loc":{"start":{"line":44,"column":6},"end":{"line":50,"column":null}},"type":"if","locations":[{"start":{"line":44,"column":6},"end":{"line":50,"column":null}},{"start":{"line":44,"column":6},"end":{"line":50,"column":null}}]},"10":{"loc":{"start":{"line":45,"column":8},"end":{"line":45,"column":29}},"type":"binary-expr","locations":[{"start":{"line":45,"column":8},"end":{"line":45,"column":29}},{"start":{"line":46,"column":8},"end":{"line":46,"column":51}}]}},"s":{"0":1,"1":1,"2":1,"3":1,"4":1,"5":1,"6":1,"7":1,"8":1,"9":1,"10":1,"11":1,"12":0,"13":0,"14":0,"15":0,"16":0,"17":0,"18":0,"19":0,"20":0,"21":0,"22":0,"23":0,"24":0,"25":0,"26":0,"27":1,"28":1},"f":{"0":1,"1":1,"2":0},"b":{"0":[0,0],"1":[0,0],"2":[0,0],"3":[0,0],"4":[0,0],"5":[0,0],"6":[0,0],"7":[0,0],"8":[0,0],"9":[0,0],"10":[0,0]}}
,"/Users/duanguang/Documents/Front-End/legions/legions-design-element/packages/legions-pro-design/src/components/LegionsModels/pro.base.model/index.ts": {"path":"/Users/duanguang/Documents/Front-End/legions/legions-design-element/packages/legions-pro-design/src/components/LegionsModels/pro.base.model/index.ts","statementMap":{"0":{"start":{"line":1,"column":0},"end":{"line":1,"column":50}},"1":{"start":{"line":3,"column":0},"end":{"line":3,"column":13}},"2":{"start":{"line":11,"column":2},"end":{"line":11,"column":26}},"3":{"start":{"line":19,"column":2},"end":{"line":19,"column":23}},"4":{"start":{"line":27,"column":2},"end":{"line":27,"column":29}},"5":{"start":{"line":36,"column":2},"end":{"line":36,"column":19}},"6":{"start":{"line":37,"column":2},"end":{"line":41,"column":null}},"7":{"start":{"line":37,"column":2},"end":{"line":37,"column":16}},"8":{"start":{"line":38,"column":4},"end":{"line":40,"column":7}},"9":{"start":{"line":39,"column":6},"end":{"line":39,"column":47}},"10":{"start":{"line":42,"column":2},"end":{"line":46,"column":null}},"11":{"start":{"line":42,"column":2},"end":{"line":42,"column":15}},"12":{"start":{"line":43,"column":4},"end":{"line":45,"column":7}},"13":{"start":{"line":44,"column":6},"end":{"line":44,"column":47}},"14":{"start":{"line":47,"column":2},"end":{"line":49,"column":null}},"15":{"start":{"line":48,"column":4},"end":{"line":48,"column":40}},"16":{"start":{"line":50,"column":0},"end":{"line":50,"column":null}},"17":{"start":{"line":3,"column":13},"end":{"line":3,"column":23}},"18":{"start":{"line":51,"column":0},"end":{"line":51,"column":53}},"19":{"start":{"line":51,"column":40},"end":{"line":51,"column":50}},"20":{"start":{"line":54,"column":4},"end":{"line":54,"column":null}},"21":{"start":{"line":56,"column":4},"end":{"line":61,"column":null}},"22":{"start":{"line":57,"column":6},"end":{"line":57,"column":43}},"23":{"start":{"line":58,"column":6},"end":{"line":58,"column":43}},"24":{"start":{"line":59,"column":6},"end":{"line":59,"column":37}},"25":{"start":{"line":60,"column":6},"end":{"line":60,"column":45}},"26":{"start":{"line":63,"column":0},"end":{"line":63,"column":null}},"27":{"start":{"line":51,"column":13},"end":{"line":51,"column":28}}},"fnMap":{"0":{"name":"(anonymous_0)","decl":{"start":{"line":3,"column":0},"end":{"line":3,"column":13}},"loc":{"start":{"line":3,"column":0},"end":{"line":50,"column":null}}},"1":{"name":"BaseEntity","decl":{"start":{"line":4,"column":2},"end":{"line":4,"column":17}},"loc":{"start":{"line":4,"column":2},"end":{"line":4,"column":18}}},"2":{"name":"(anonymous_2)","decl":{"start":{"line":37,"column":2},"end":{"line":37,"column":16}},"loc":{"start":{"line":37,"column":32},"end":{"line":41,"column":3}}},"3":{"name":"(anonymous_3)","decl":{"start":{"line":38,"column":28},"end":{"line":38,"column":31}},"loc":{"start":{"line":38,"column":31},"end":{"line":40,"column":5}}},"4":{"name":"(anonymous_4)","decl":{"start":{"line":42,"column":2},"end":{"line":42,"column":15}},"loc":{"start":{"line":42,"column":31},"end":{"line":46,"column":3}}},"5":{"name":"(anonymous_5)","decl":{"start":{"line":43,"column":28},"end":{"line":43,"column":31}},"loc":{"start":{"line":43,"column":31},"end":{"line":45,"column":5}}},"6":{"name":"(anonymous_6)","decl":{"start":{"line":47,"column":2},"end":{"line":47,"column":14}},"loc":{"start":{"line":47,"column":29},"end":{"line":49,"column":3}}},"7":{"name":"(anonymous_7)","decl":{"start":{"line":51,"column":0},"end":{"line":51,"column":13}},"loc":{"start":{"line":51,"column":0},"end":{"line":63,"column":null}}},"8":{"name":"ContainerEntity","decl":{"start":{"line":53,"column":2},"end":{"line":53,"column":14}},"loc":{"start":{"line":53,"column":26},"end":{"line":62,"column":3}}}},"branchMap":{"0":{"loc":{"start":{"line":38,"column":12},"end":{"line":38,"column":16}},"type":"binary-expr","locations":[{"start":{"line":38,"column":12},"end":{"line":38,"column":16}},{"start":{"line":38,"column":20},"end":{"line":38,"column":22}}]},"1":{"loc":{"start":{"line":43,"column":12},"end":{"line":43,"column":16}},"type":"binary-expr","locations":[{"start":{"line":43,"column":12},"end":{"line":43,"column":16}},{"start":{"line":43,"column":20},"end":{"line":43,"column":22}}]},"2":{"loc":{"start":{"line":54,"column":4},"end":{"line":54,"column":11}},"type":"binary-expr","locations":[{"start":{"line":54,"column":4},"end":{"line":54,"column":11}},{"start":{"line":54,"column":11},"end":{"line":54,"column":null}}]},"3":{"loc":{"start":{"line":56,"column":4},"end":{"line":61,"column":null}},"type":"if","locations":[{"start":{"line":56,"column":4},"end":{"line":61,"column":null}},{"start":{"line":56,"column":4},"end":{"line":61,"column":null}}]},"4":{"loc":{"start":{"line":56,"column":8},"end":{"line":56,"column":19}},"type":"binary-expr","locations":[{"start":{"line":56,"column":8},"end":{"line":56,"column":19}},{"start":{"line":56,"column":23},"end":{"line":56,"column":54}}]},"5":{"loc":{"start":{"line":57,"column":18},"end":{"line":57,"column":36}},"type":"binary-expr","locations":[{"start":{"line":57,"column":18},"end":{"line":57,"column":36}},{"start":{"line":57,"column":40},"end":{"line":57,"column":42}}]},"6":{"loc":{"start":{"line":58,"column":21},"end":{"line":58,"column":36}},"type":"binary-expr","locations":[{"start":{"line":58,"column":21},"end":{"line":58,"column":36}},{"start":{"line":58,"column":40},"end":{"line":58,"column":42}}]},"7":{"loc":{"start":{"line":60,"column":21},"end":{"line":60,"column":35}},"type":"binary-expr","locations":[{"start":{"line":60,"column":21},"end":{"line":60,"column":35}},{"start":{"line":60,"column":39},"end":{"line":60,"column":44}}]}},"s":{"0":1,"1":1,"2":0,"3":0,"4":0,"5":0,"6":1,"7":0,"8":0,"9":0,"10":1,"11":0,"12":0,"13":0,"14":1,"15":0,"16":1,"17":1,"18":1,"19":1,"20":0,"21":0,"22":0,"23":0,"24":0,"25":0,"26":1,"27":1},"f":{"0":1,"1":0,"2":0,"3":0,"4":0,"5":0,"6":0,"7":1,"8":0},"b":{"0":[0,0],"1":[0,0],"2":[0,0],"3":[0,0],"4":[0,0],"5":[0,0],"6":[0,0],"7":[0,0]}}
,"/Users/duanguang/Documents/Front-End/legions/legions-design-element/packages/legions-pro-design/src/components/LegionsModels/pro.menu.model/index.ts": {"path":"/Users/duanguang/Documents/Front-End/legions/legions-design-element/packages/legions-pro-design/src/components/LegionsModels/pro.menu.model/index.ts","statementMap":{"0":{"start":{"line":10,"column":0},"end":{"line":10,"column":50}},"1":{"start":{"line":12,"column":0},"end":{"line":12,"column":47}},"2":{"start":{"line":16,"column":0},"end":{"line":16,"column":22}},"3":{"start":{"line":42,"column":0},"end":{"line":42,"column":null}},"4":{"start":{"line":16,"column":22},"end":{"line":16,"column":41}},"5":{"start":{"line":43,"column":0},"end":{"line":43,"column":null}},"6":{"start":{"line":43,"column":32},"end":{"line":43,"column":51}},"7":{"start":{"line":45,"column":4},"end":{"line":45,"column":null}},"8":{"start":{"line":53,"column":11},"end":{"line":53,"column":20}},"9":{"start":{"line":61,"column":11},"end":{"line":61,"column":22}},"10":{"start":{"line":69,"column":2},"end":{"line":69,"column":15}},"11":{"start":{"line":77,"column":2},"end":{"line":77,"column":13}},"12":{"start":{"line":85,"column":11},"end":{"line":85,"column":29}},"13":{"start":{"line":94,"column":11},"end":{"line":94,"column":49}},"14":{"start":{"line":97,"column":11},"end":{"line":97,"column":36}},"15":{"start":{"line":100,"column":11},"end":{"line":100,"column":29}},"16":{"start":{"line":102,"column":2},"end":{"line":102,"column":66}},"17":{"start":{"line":103,"column":2},"end":{"line":109,"column":4}},"18":{"start":{"line":53,"column":2},"end":{"line":53,"column":null}},"19":{"start":{"line":61,"column":2},"end":{"line":61,"column":null}},"20":{"start":{"line":69,"column":2},"end":{"line":69,"column":null}},"21":{"start":{"line":77,"column":2},"end":{"line":77,"column":null}},"22":{"start":{"line":85,"column":2},"end":{"line":85,"column":null}},"23":{"start":{"line":94,"column":2},"end":{"line":94,"column":null}},"24":{"start":{"line":97,"column":2},"end":{"line":97,"column":null}},"25":{"start":{"line":100,"column":2},"end":{"line":100,"column":null}},"26":{"start":{"line":112,"column":0},"end":{"line":112,"column":null}},"27":{"start":{"line":43,"column":13},"end":{"line":43,"column":23}},"28":{"start":{"line":120,"column":0},"end":{"line":120,"column":null}},"29":{"start":{"line":120,"column":41},"end":{"line":120,"column":51}},"30":{"start":{"line":132,"column":4},"end":{"line":132,"column":null}},"31":{"start":{"line":133,"column":4},"end":{"line":133,"column":42}},"32":{"start":{"line":134,"column":4},"end":{"line":134,"column":39}},"33":{"start":{"line":135,"column":4},"end":{"line":135,"column":38}},"34":{"start":{"line":136,"column":15},"end":{"line":136,"column":28}},"35":{"start":{"line":137,"column":4},"end":{"line":141,"column":null}},"36":{"start":{"line":138,"column":6},"end":{"line":138,"column":58}},"37":{"start":{"line":140,"column":6},"end":{"line":140,"column":23}},"38":{"start":{"line":143,"column":0},"end":{"line":143,"column":null}},"39":{"start":{"line":120,"column":13},"end":{"line":120,"column":32}}},"fnMap":{"0":{"name":"(anonymous_0)","decl":{"start":{"line":16,"column":0},"end":{"line":16,"column":22}},"loc":{"start":{"line":16,"column":0},"end":{"line":42,"column":null}}},"1":{"name":"(anonymous_2)","decl":{"start":{"line":43,"column":0},"end":{"line":43,"column":13}},"loc":{"start":{"line":43,"column":0},"end":{"line":43,"column":13}}},"2":{"name":"MenuEntity","decl":{"start":{"line":44,"column":2},"end":{"line":44,"column":null}},"loc":{"start":{"line":44,"column":2},"end":{"line":46,"column":3}}},"3":{"name":"(anonymous_4)","decl":{"start":{"line":120,"column":0},"end":{"line":120,"column":13}},"loc":{"start":{"line":120,"column":0},"end":{"line":143,"column":null}}},"4":{"name":"MenuContainerEntity","decl":{"start":{"line":131,"column":2},"end":{"line":131,"column":14}},"loc":{"start":{"line":131,"column":35},"end":{"line":142,"column":3}}}},"branchMap":{"0":{"loc":{"start":{"line":45,"column":4},"end":{"line":45,"column":11}},"type":"binary-expr","locations":[{"start":{"line":45,"column":4},"end":{"line":45,"column":11}},{"start":{"line":45,"column":11},"end":{"line":45,"column":null}}]},"1":{"loc":{"start":{"line":132,"column":4},"end":{"line":132,"column":11}},"type":"binary-expr","locations":[{"start":{"line":132,"column":4},"end":{"line":132,"column":11}},{"start":{"line":132,"column":11},"end":{"line":132,"column":null}}]},"2":{"loc":{"start":{"line":133,"column":19},"end":{"line":133,"column":31}},"type":"binary-expr","locations":[{"start":{"line":133,"column":19},"end":{"line":133,"column":31}},{"start":{"line":133,"column":35},"end":{"line":133,"column":41}}]},"3":{"loc":{"start":{"line":134,"column":19},"end":{"line":134,"column":30}},"type":"binary-expr","locations":[{"start":{"line":134,"column":19},"end":{"line":134,"column":30}},{"start":{"line":134,"column":34},"end":{"line":134,"column":38}}]},"4":{"loc":{"start":{"line":135,"column":16},"end":{"line":135,"column":31}},"type":"binary-expr","locations":[{"start":{"line":135,"column":16},"end":{"line":135,"column":31}},{"start":{"line":135,"column":35},"end":{"line":135,"column":37}}]},"5":{"loc":{"start":{"line":137,"column":4},"end":{"line":141,"column":null}},"type":"if","locations":[{"start":{"line":137,"column":4},"end":{"line":141,"column":null}},{"start":{"line":137,"column":4},"end":{"line":141,"column":null}}]},"6":{"loc":{"start":{"line":137,"column":8},"end":{"line":137,"column":16}},"type":"binary-expr","locations":[{"start":{"line":137,"column":8},"end":{"line":137,"column":16}},{"start":{"line":137,"column":20},"end":{"line":137,"column":24}}]}},"s":{"0":1,"1":1,"2":1,"3":1,"4":1,"5":1,"6":1,"7":0,"8":0,"9":0,"10":0,"11":0,"12":0,"13":0,"14":0,"15":0,"16":0,"17":0,"18":1,"19":1,"20":1,"21":1,"22":1,"23":1,"24":1,"25":1,"26":1,"27":1,"28":1,"29":1,"30":0,"31":0,"32":0,"33":0,"34":0,"35":0,"36":0,"37":0,"38":1,"39":1},"f":{"0":1,"1":1,"2":0,"3":1,"4":0},"b":{"0":[0,0],"1":[0,0],"2":[0,0],"3":[0,0],"4":[0,0],"5":[0,0],"6":[0,0]}}
,"/Users/duanguang/Documents/Front-End/legions/legions-design-element/packages/legions-pro-design/src/components/LegionsModels/pro.table.model/index.ts": {"path":"/Users/duanguang/Documents/Front-End/legions/legions-design-element/packages/legions-pro-design/src/components/LegionsModels/pro.table.model/index.ts","statementMap":{"0":{"start":{"line":1,"column":0},"end":{"line":1,"column":50}},"1":{"start":{"line":2,"column":0},"end":{"line":2,"column":47}},"2":{"start":{"line":3,"column":0},"end":{"line":3,"column":13}},"3":{"start":{"line":5,"column":2},"end":{"line":5,"column":25}},"4":{"start":{"line":7,"column":2},"end":{"line":7,"column":21}},"5":{"start":{"line":5,"column":2},"end":{"line":5,"column":null}},"6":{"start":{"line":7,"column":2},"end":{"line":7,"column":null}},"7":{"start":{"line":8,"column":0},"end":{"line":8,"column":null}},"8":{"start":{"line":3,"column":13},"end":{"line":3,"column":29}},"9":{"start":{"line":9,"column":0},"end":{"line":9,"column":13}},"10":{"start":{"line":16,"column":2},"end":{"line":16,"column":18}},"11":{"start":{"line":24,"column":2},"end":{"line":24,"column":21}},"12":{"start":{"line":16,"column":2},"end":{"line":16,"column":null}},"13":{"start":{"line":24,"column":2},"end":{"line":24,"column":null}},"14":{"start":{"line":25,"column":0},"end":{"line":25,"column":null}},"15":{"start":{"line":9,"column":13},"end":{"line":9,"column":31}},"16":{"start":{"line":34,"column":0},"end":{"line":34,"column":null}},"17":{"start":{"line":34,"column":49},"end":{"line":34,"column":59}},"18":{"start":{"line":38,"column":4},"end":{"line":38,"column":null}},"19":{"start":{"line":39,"column":4},"end":{"line":47,"column":null}},"20":{"start":{"line":40,"column":6},"end":{"line":40,"column":48}},"21":{"start":{"line":41,"column":6},"end":{"line":41,"column":46}},"22":{"start":{"line":42,"column":6},"end":{"line":42,"column":40}},"23":{"start":{"line":43,"column":19},"end":{"line":43,"column":32}},"24":{"start":{"line":44,"column":6},"end":{"line":46,"column":null}},"25":{"start":{"line":45,"column":8},"end":{"line":45,"column":67}},"26":{"start":{"line":49,"column":0},"end":{"line":49,"column":null}},"27":{"start":{"line":34,"column":13},"end":{"line":34,"column":40}}},"fnMap":{"0":{"name":"(anonymous_0)","decl":{"start":{"line":3,"column":0},"end":{"line":3,"column":13}},"loc":{"start":{"line":3,"column":0},"end":{"line":3,"column":13}}},"1":{"name":"(anonymous_2)","decl":{"start":{"line":9,"column":0},"end":{"line":9,"column":13}},"loc":{"start":{"line":9,"column":0},"end":{"line":9,"column":13}}},"2":{"name":"(anonymous_4)","decl":{"start":{"line":34,"column":0},"end":{"line":34,"column":13}},"loc":{"start":{"line":34,"column":0},"end":{"line":49,"column":null}}},"3":{"name":"TableColumnsContainerEntity","decl":{"start":{"line":37,"column":2},"end":{"line":37,"column":14}},"loc":{"start":{"line":37,"column":44},"end":{"line":48,"column":3}}}},"branchMap":{"0":{"loc":{"start":{"line":38,"column":4},"end":{"line":38,"column":11}},"type":"binary-expr","locations":[{"start":{"line":38,"column":4},"end":{"line":38,"column":11}},{"start":{"line":38,"column":11},"end":{"line":38,"column":null}}]},"1":{"loc":{"start":{"line":39,"column":4},"end":{"line":47,"column":null}},"type":"if","locations":[{"start":{"line":39,"column":4},"end":{"line":47,"column":null}},{"start":{"line":39,"column":4},"end":{"line":47,"column":null}}]},"2":{"loc":{"start":{"line":40,"column":21},"end":{"line":40,"column":37}},"type":"binary-expr","locations":[{"start":{"line":40,"column":21},"end":{"line":40,"column":37}},{"start":{"line":40,"column":41},"end":{"line":40,"column":47}}]},"3":{"loc":{"start":{"line":41,"column":21},"end":{"line":41,"column":37}},"type":"binary-expr","locations":[{"start":{"line":41,"column":21},"end":{"line":41,"column":37}},{"start":{"line":41,"column":41},"end":{"line":41,"column":45}}]},"4":{"loc":{"start":{"line":42,"column":18},"end":{"line":42,"column":33}},"type":"binary-expr","locations":[{"start":{"line":42,"column":18},"end":{"line":42,"column":33}},{"start":{"line":42,"column":37},"end":{"line":42,"column":39}}]},"5":{"loc":{"start":{"line":44,"column":6},"end":{"line":46,"column":null}},"type":"if","locations":[{"start":{"line":44,"column":6},"end":{"line":46,"column":null}},{"start":{"line":44,"column":6},"end":{"line":46,"column":null}}]},"6":{"loc":{"start":{"line":44,"column":10},"end":{"line":44,"column":18}},"type":"binary-expr","locations":[{"start":{"line":44,"column":10},"end":{"line":44,"column":18}},{"start":{"line":44,"column":22},"end":{"line":44,"column":26}}]}},"s":{"0":1,"1":1,"2":1,"3":0,"4":0,"5":1,"6":1,"7":1,"8":1,"9":1,"10":0,"11":0,"12":1,"13":1,"14":1,"15":1,"16":1,"17":1,"18":0,"19":0,"20":0,"21":0,"22":0,"23":0,"24":0,"25":0,"26":1,"27":1},"f":{"0":1,"1":1,"2":1,"3":0},"b":{"0":[0,0],"1":[0,0],"2":[0,0],"3":[0,0],"4":[0,0],"5":[0,0],"6":[0,0]}}
,"/Users/duanguang/Documents/Front-End/legions/legions-design-element/packages/legions-pro-design/src/components/LegionsProDragger/index.tsx": {"path":"/Users/duanguang/Documents/Front-End/legions/legions-design-element/packages/legions-pro-design/src/components/LegionsProDragger/index.tsx","statementMap":{"0":{"start":{"line":2,"column":0},"end":{"line":2,"column":35}},"1":{"start":{"line":3,"column":0},"end":{"line":3,"column":40}},"2":{"start":{"line":4,"column":0},"end":{"line":4,"column":36}},"3":{"start":{"line":7,"column":14},"end":{"line":10,"column":2}},"4":{"start":{"line":11,"column":0},"end":{"line":11,"column":74}},"5":{"start":{"line":11,"column":47},"end":{"line":11,"column":56}},"6":{"start":{"line":11,"column":0},"end":{"line":11,"column":21}},"7":{"start":{"line":27,"column":4},"end":{"line":27,"column":16}},"8":{"start":{"line":28,"column":4},"end":{"line":28,"column":20}},"9":{"start":{"line":30,"column":4},"end":{"line":87,"column":null}},"10":{"start":{"line":30,"column":4},"end":{"line":30,"column":21}},"11":{"start":{"line":31,"column":21},"end":{"line":31,"column":49}},"12":{"start":{"line":33,"column":8},"end":{"line":84,"column":11}},"13":{"start":{"line":45,"column":33},"end":{"line":45,"column":46}},"14":{"start":{"line":47,"column":12},"end":{"line":83,"column":14}},"15":{"start":{"line":47,"column":29},"end":{"line":47,"column":38}},"16":{"start":{"line":48,"column":22},"end":{"line":48,"column":37}},"17":{"start":{"line":48,"column":26},"end":{"line":48,"column":30}},"18":{"start":{"line":50,"column":16},"end":{"line":72,"column":null}},"19":{"start":{"line":51,"column":20},"end":{"line":51,"column":68}},"20":{"start":{"line":52,"column":20},"end":{"line":52,"column":49}},"21":{"start":{"line":53,"column":23},"end":{"line":72,"column":null}},"22":{"start":{"line":54,"column":34},"end":{"line":54,"column":57}},"23":{"start":{"line":55,"column":35},"end":{"line":55,"column":56}},"24":{"start":{"line":56,"column":40},"end":{"line":56,"column":65}},"25":{"start":{"line":58,"column":42},"end":{"line":58,"column":129}},"26":{"start":{"line":59,"column":20},"end":{"line":59,"column":66}},"27":{"start":{"line":60,"column":20},"end":{"line":69,"column":null}},"28":{"start":{"line":61,"column":46},"end":{"line":61,"column":72}},"29":{"start":{"line":63,"column":24},"end":{"line":66,"column":null}},"30":{"start":{"line":65,"column":28},"end":{"line":65,"column":70}},"31":{"start":{"line":68,"column":24},"end":{"line":68,"column":104}},"32":{"start":{"line":71,"column":20},"end":{"line":71,"column":88}},"33":{"start":{"line":74,"column":16},"end":{"line":78,"column":null}},"34":{"start":{"line":75,"column":26},"end":{"line":75,"column":55}},"35":{"start":{"line":75,"column":30},"end":{"line":75,"column":31}},"36":{"start":{"line":75,"column":44},"end":{"line":75,"column":48}},"37":{"start":{"line":76,"column":36},"end":{"line":76,"column":89}},"38":{"start":{"line":77,"column":20},"end":{"line":77,"column":35}},"39":{"start":{"line":80,"column":16},"end":{"line":82,"column":21}},"40":{"start":{"line":81,"column":20},"end":{"line":81,"column":54}},"41":{"start":{"line":86,"column":8},"end":{"line":86,"column":61}},"42":{"start":{"line":89,"column":4},"end":{"line":96,"column":null}},"43":{"start":{"line":92,"column":8},"end":{"line":94,"column":null}},"44":{"start":{"line":93,"column":12},"end":{"line":93,"column":25}},"45":{"start":{"line":95,"column":8},"end":{"line":95,"column":20}},"46":{"start":{"line":98,"column":4},"end":{"line":103,"column":null}},"47":{"start":{"line":99,"column":8},"end":{"line":102,"column":null}},"48":{"start":{"line":100,"column":12},"end":{"line":100,"column":36}},"49":{"start":{"line":101,"column":12},"end":{"line":101,"column":33}},"50":{"start":{"line":105,"column":4},"end":{"line":128,"column":null}},"51":{"start":{"line":105,"column":4},"end":{"line":105,"column":10}},"52":{"start":{"line":114,"column":12},"end":{"line":114,"column":22}},"53":{"start":{"line":107,"column":26},"end":{"line":107,"column":null}},"54":{"start":{"line":108,"column":19},"end":{"line":108,"column":21}},"55":{"start":{"line":109,"column":20},"end":{"line":109,"column":22}},"56":{"start":{"line":111,"column":17},"end":{"line":111,"column":null}},"57":{"start":{"line":112,"column":20},"end":{"line":112,"column":null}},"58":{"start":{"line":113,"column":20},"end":{"line":114,"column":12}},"59":{"start":{"line":115,"column":8},"end":{"line":127,"column":10}},"60":{"start":{"line":122,"column":20},"end":{"line":122,"column":37}},"61":{"start":{"line":12,"column":11},"end":{"line":20,"column":6}},"62":{"start":{"line":22,"column":11},"end":{"line":26,"column":6}},"63":{"start":{"line":129,"column":0},"end":{"line":129,"column":null}},"64":{"start":{"line":11,"column":21},"end":{"line":11,"column":47}}},"fnMap":{"0":{"name":"(anonymous_0)","decl":{"start":{"line":11,"column":0},"end":{"line":11,"column":21}},"loc":{"start":{"line":11,"column":0},"end":{"line":11,"column":21}}},"1":{"name":"(anonymous_2)","decl":{"start":{"line":30,"column":4},"end":{"line":30,"column":21}},"loc":{"start":{"line":30,"column":4},"end":{"line":87,"column":5}}},"2":{"name":"(anonymous_3)","decl":{"start":{"line":44,"column":18},"end":{"line":44,"column":19}},"loc":{"start":{"line":44,"column":23},"end":{"line":84,"column":9}}},"3":{"name":"(anonymous_4)","decl":{"start":{"line":47,"column":28},"end":{"line":47,"column":29}},"loc":{"start":{"line":47,"column":28},"end":{"line":83,"column":13}}},"4":{"name":"(anonymous_5)","decl":{"start":{"line":80,"column":27},"end":{"line":80,"column":null}},"loc":{"start":{"line":80,"column":27},"end":{"line":82,"column":17}}},"5":{"name":"(anonymous_6)","decl":{"start":{"line":89,"column":4},"end":{"line":89,"column":25}},"loc":{"start":{"line":89,"column":35},"end":{"line":96,"column":5}}},"6":{"name":"(anonymous_7)","decl":{"start":{"line":98,"column":4},"end":{"line":98,"column":24}},"loc":{"start":{"line":98,"column":4},"end":{"line":103,"column":5}}},"7":{"name":"(anonymous_8)","decl":{"start":{"line":105,"column":4},"end":{"line":105,"column":10}},"loc":{"start":{"line":105,"column":4},"end":{"line":128,"column":5}}},"8":{"name":"(anonymous_9)","decl":{"start":{"line":121,"column":21},"end":{"line":121,"column":25}},"loc":{"start":{"line":121,"column":25},"end":{"line":123,"column":17}}}},"branchMap":{"0":{"loc":{"start":{"line":11,"column":0},"end":{"line":11,"column":21}},"type":"binary-expr","locations":[{"start":{"line":11,"column":0},"end":{"line":11,"column":21}},{"start":{"line":11,"column":0},"end":{"line":11,"column":21}},{"start":{"line":11,"column":0},"end":{"line":11,"column":21}}]},"1":{"loc":{"start":{"line":50,"column":16},"end":{"line":72,"column":null}},"type":"if","locations":[{"start":{"line":50,"column":16},"end":{"line":72,"column":null}},{"start":{"line":50,"column":16},"end":{"line":72,"column":null}}]},"2":{"loc":{"start":{"line":53,"column":23},"end":{"line":72,"column":null}},"type":"if","locations":[{"start":{"line":53,"column":23},"end":{"line":72,"column":null}},{"start":{"line":53,"column":23},"end":{"line":72,"column":null}}]},"3":{"loc":{"start":{"line":53,"column":28},"end":{"line":53,"column":44}},"type":"binary-expr","locations":[{"start":{"line":53,"column":28},"end":{"line":53,"column":44}},{"start":{"line":53,"column":48},"end":{"line":53,"column":67}},{"start":{"line":53,"column":72},"end":{"line":53,"column":91}}]},"4":{"loc":{"start":{"line":58,"column":105},"end":{"line":58,"column":122}},"type":"cond-expr","locations":[{"start":{"line":58,"column":105},"end":{"line":58,"column":122}},{"start":{"line":58,"column":125},"end":{"line":58,"column":129}}]},"5":{"loc":{"start":{"line":58,"column":43},"end":{"line":58,"column":60}},"type":"binary-expr","locations":[{"start":{"line":58,"column":43},"end":{"line":58,"column":60}},{"start":{"line":58,"column":64},"end":{"line":58,"column":101}}]},"6":{"loc":{"start":{"line":60,"column":20},"end":{"line":69,"column":null}},"type":"if","locations":[{"start":{"line":60,"column":20},"end":{"line":69,"column":null}},{"start":{"line":60,"column":20},"end":{"line":69,"column":null}}]},"7":{"loc":{"start":{"line":61,"column":46},"end":{"line":61,"column":66}},"type":"binary-expr","locations":[{"start":{"line":61,"column":46},"end":{"line":61,"column":66}},{"start":{"line":61,"column":70},"end":{"line":61,"column":72}}]},"8":{"loc":{"start":{"line":63,"column":24},"end":{"line":66,"column":null}},"type":"if","locations":[{"start":{"line":63,"column":24},"end":{"line":66,"column":null}},{"start":{"line":63,"column":24},"end":{"line":66,"column":null}}]},"9":{"loc":{"start":{"line":63,"column":29},"end":{"line":63,"column":68}},"type":"binary-expr","locations":[{"start":{"line":63,"column":29},"end":{"line":63,"column":68}},{"start":{"line":63,"column":74},"end":{"line":63,"column":110}}]},"10":{"loc":{"start":{"line":68,"column":24},"end":{"line":68,"column":45}},"type":"binary-expr","locations":[{"start":{"line":68,"column":24},"end":{"line":68,"column":45}},{"start":{"line":68,"column":49},"end":{"line":68,"column":103}}]},"11":{"loc":{"start":{"line":71,"column":20},"end":{"line":71,"column":39}},"type":"binary-expr","locations":[{"start":{"line":71,"column":20},"end":{"line":71,"column":39}},{"start":{"line":71,"column":43},"end":{"line":71,"column":87}}]},"12":{"loc":{"start":{"line":74,"column":16},"end":{"line":78,"column":null}},"type":"if","locations":[{"start":{"line":74,"column":16},"end":{"line":78,"column":null}},{"start":{"line":74,"column":16},"end":{"line":78,"column":null}}]},"13":{"loc":{"start":{"line":76,"column":51},"end":{"line":76,"column":82}},"type":"cond-expr","locations":[{"start":{"line":76,"column":51},"end":{"line":76,"column":82}},{"start":{"line":76,"column":85},"end":{"line":76,"column":89}}]},"14":{"loc":{"start":{"line":81,"column":20},"end":{"line":81,"column":32}},"type":"binary-expr","locations":[{"start":{"line":81,"column":20},"end":{"line":81,"column":32}},{"start":{"line":81,"column":36},"end":{"line":81,"column":53}}]},"15":{"loc":{"start":{"line":92,"column":8},"end":{"line":94,"column":null}},"type":"if","locations":[{"start":{"line":92,"column":8},"end":{"line":94,"column":null}},{"start":{"line":92,"column":8},"end":{"line":94,"column":null}}]},"16":{"loc":{"start":{"line":99,"column":8},"end":{"line":102,"column":null}},"type":"if","locations":[{"start":{"line":99,"column":8},"end":{"line":102,"column":null}},{"start":{"line":99,"column":8},"end":{"line":102,"column":null}}]}},"s":{"0":1,"1":1,"2":1,"3":1,"4":1,"5":1,"6":0,"7":0,"8":0,"9":1,"10":0,"11":0,"12":0,"13":0,"14":0,"15":0,"16":0,"17":0,"18":0,"19":0,"20":0,"21":0,"22":0,"23":0,"24":0,"25":0,"26":0,"27":0,"28":0,"29":0,"30":0,"31":0,"32":0,"33":0,"34":0,"35":0,"36":0,"37":0,"38":0,"39":0,"40":0,"41":0,"42":1,"43":0,"44":0,"45":0,"46":1,"47":0,"48":0,"49":0,"50":1,"51":0,"52":0,"53":0,"54":0,"55":0,"56":0,"57":0,"58":0,"59":0,"60":0,"61":1,"62":1,"63":1,"64":1},"f":{"0":1,"1":0,"2":0,"3":0,"4":0,"5":0,"6":0,"7":0,"8":0},"b":{"0":[0,0,0],"1":[0,0],"2":[0,0],"3":[0,0,0],"4":[0,0],"5":[0,0],"6":[0,0],"7":[0,0],"8":[0,0],"9":[0,0],"10":[0,0],"11":[0,0],"12":[0,0],"13":[0,0],"14":[0,0],"15":[0,0],"16":[0,0]}}
,"/Users/duanguang/Documents/Front-End/legions/legions-design-element/packages/legions-pro-design/src/components/LegionsProLineOverflow/index.tsx": {"path":"/Users/duanguang/Documents/Front-End/legions/legions-design-element/packages/legions-pro-design/src/components/LegionsProLineOverflow/index.tsx","statementMap":{"0":{"start":{"line":10,"column":0},"end":{"line":10,"column":40}},"1":{"start":{"line":11,"column":0},"end":{"line":11,"column":27}},"2":{"start":{"line":12,"column":0},"end":{"line":12,"column":31}},"3":{"start":{"line":17,"column":14},"end":{"line":17,"column":40}},"4":{"start":{"line":18,"column":0},"end":{"line":18,"column":69}},"5":{"start":{"line":18,"column":52},"end":{"line":18,"column":61}},"6":{"start":{"line":23,"column":4},"end":{"line":35,"column":null}},"7":{"start":{"line":24,"column":8},"end":{"line":34,"column":null}},"8":{"start":{"line":19,"column":11},"end":{"line":22,"column":6}},"9":{"start":{"line":36,"column":0},"end":{"line":36,"column":null}},"10":{"start":{"line":18,"column":21},"end":{"line":18,"column":52}}},"fnMap":{"0":{"name":"(anonymous_0)","decl":{"start":{"line":18,"column":0},"end":{"line":18,"column":21}},"loc":{"start":{"line":18,"column":0},"end":{"line":18,"column":21}}},"1":{"name":"(anonymous_2)","decl":{"start":{"line":23,"column":4},"end":{"line":23,"column":10}},"loc":{"start":{"line":23,"column":4},"end":{"line":35,"column":5}}}},"branchMap":{"0":{"loc":{"start":{"line":25,"column":66},"end":{"line":25,"column":81}},"type":"cond-expr","locations":[{"start":{"line":25,"column":66},"end":{"line":25,"column":81}},{"start":{"line":25,"column":84},"end":{"line":25,"column":86}}]}},"s":{"0":1,"1":1,"2":1,"3":1,"4":1,"5":1,"6":1,"7":0,"8":1,"9":1,"10":1},"f":{"0":1,"1":0},"b":{"0":[0,0]}}
,"/Users/duanguang/Documents/Front-End/legions/legions-design-element/packages/legions-pro-design/src/components/LegionsProModal/LegionsProModalContext.tsx": {"path":"/Users/duanguang/Documents/Front-End/legions/legions-design-element/packages/legions-pro-design/src/components/LegionsProModal/LegionsProModalContext.tsx","statementMap":{"0":{"start":{"line":10,"column":0},"end":{"line":10,"column":39}},"1":{"start":{"line":11,"column":0},"end":{"line":11,"column":68}},"2":{"start":{"line":12,"column":0},"end":{"line":12,"column":44}},"3":{"start":{"line":21,"column":0},"end":{"line":21,"column":67}},"4":{"start":{"line":21,"column":44},"end":{"line":21,"column":49}},"5":{"start":{"line":22,"column":4},"end":{"line":32,"column":null}},"6":{"start":{"line":22,"column":4},"end":{"line":22,"column":29}},"7":{"start":{"line":23,"column":8},"end":{"line":31,"column":null}},"8":{"start":{"line":27,"column":16},"end":{"line":27,"column":null}},"9":{"start":{"line":33,"column":4},"end":{"line":35,"column":null}},"10":{"start":{"line":34,"column":8},"end":{"line":34,"column":null}},"11":{"start":{"line":36,"column":4},"end":{"line":40,"column":null}},"12":{"start":{"line":37,"column":6},"end":{"line":39,"column":8}},"13":{"start":{"line":41,"column":0},"end":{"line":41,"column":null}},"14":{"start":{"line":21,"column":13},"end":{"line":21,"column":35}},"15":{"start":{"line":42,"column":0},"end":{"line":42,"column":null}}},"fnMap":{"0":{"name":"(anonymous_0)","decl":{"start":{"line":21,"column":0},"end":{"line":21,"column":13}},"loc":{"start":{"line":21,"column":0},"end":{"line":41,"column":null}}},"1":{"name":"(anonymous_2)","decl":{"start":{"line":22,"column":4},"end":{"line":22,"column":29}},"loc":{"start":{"line":22,"column":4},"end":{"line":32,"column":5}}},"2":{"name":"(anonymous_3)","decl":{"start":{"line":25,"column":16},"end":{"line":25,"column":17}},"loc":{"start":{"line":25,"column":24},"end":{"line":28,"column":17}}},"3":{"name":"(anonymous_4)","decl":{"start":{"line":33,"column":4},"end":{"line":33,"column":21}},"loc":{"start":{"line":33,"column":4},"end":{"line":35,"column":5}}},"4":{"name":"(anonymous_5)","decl":{"start":{"line":36,"column":4},"end":{"line":36,"column":10}},"loc":{"start":{"line":36,"column":4},"end":{"line":40,"column":5}}}},"branchMap":{"0":{"loc":{"start":{"line":27,"column":42},"end":{"line":27,"column":58}},"type":"binary-expr","locations":[{"start":{"line":27,"column":42},"end":{"line":27,"column":58}},{"start":{"line":27,"column":60},"end":{"line":27,"column":79}}]},"1":{"loc":{"start":{"line":34,"column":34},"end":{"line":34,"column":50}},"type":"binary-expr","locations":[{"start":{"line":34,"column":34},"end":{"line":34,"column":50}},{"start":{"line":34,"column":52},"end":{"line":34,"column":71}}]},"2":{"loc":{"start":{"line":34,"column":137},"end":{"line":34,"column":161}},"type":"cond-expr","locations":[{"start":{"line":34,"column":137},"end":{"line":34,"column":161}},{"start":{"line":34,"column":162},"end":{"line":34,"column":175}}]}},"s":{"0":1,"1":1,"2":1,"3":1,"4":1,"5":1,"6":0,"7":0,"8":0,"9":1,"10":0,"11":1,"12":0,"13":1,"14":1,"15":1},"f":{"0":1,"1":0,"2":0,"3":0,"4":0},"b":{"0":[0,0],"1":[0,0],"2":[0,0]}}
,"/Users/duanguang/Documents/Front-End/legions/legions-design-element/packages/legions-pro-design/src/components/LegionsProModal/index.tsx": {"path":"/Users/duanguang/Documents/Front-End/legions/legions-design-element/packages/legions-pro-design/src/components/LegionsProModal/index.tsx","statementMap":{"0":{"start":{"line":1,"column":0},"end":{"line":1,"column":39}},"1":{"start":{"line":2,"column":0},"end":{"line":2,"column":98}},"2":{"start":{"line":3,"column":0},"end":{"line":3,"column":37}},"3":{"start":{"line":4,"column":0},"end":{"line":4,"column":51}},"4":{"start":{"line":5,"column":0},"end":{"line":5,"column":53}},"5":{"start":{"line":9,"column":0},"end":{"line":9,"column":54}},"6":{"start":{"line":10,"column":0},"end":{"line":10,"column":28}},"7":{"start":{"line":11,"column":0},"end":{"line":11,"column":43}},"8":{"start":{"line":12,"column":0},"end":{"line":12,"column":66}},"9":{"start":{"line":13,"column":20},"end":{"line":13,"column":88}},"10":{"start":{"line":14,"column":16},"end":{"line":14,"column":80}},"11":{"start":{"line":15,"column":18},"end":{"line":15,"column":23}},"12":{"start":{"line":26,"column":18},"end":{"line":46,"column":null}},"13":{"start":{"line":47,"column":11},"end":{"line":61,"column":4}},"14":{"start":{"line":48,"column":4},"end":{"line":60,"column":null}},"15":{"start":{"line":49,"column":8},"end":{"line":53,"column":10}},"16":{"start":{"line":49,"column":47},"end":{"line":49,"column":null}},"17":{"start":{"line":50,"column":12},"end":{"line":52,"column":null}},"18":{"start":{"line":51,"column":16},"end":{"line":51,"column":67}},"19":{"start":{"line":55,"column":8},"end":{"line":59,"column":10}},"20":{"start":{"line":56,"column":12},"end":{"line":58,"column":null}},"21":{"start":{"line":57,"column":16},"end":{"line":57,"column":58}},"22":{"start":{"line":62,"column":12},"end":{"line":76,"column":4}},"23":{"start":{"line":63,"column":4},"end":{"line":75,"column":null}},"24":{"start":{"line":64,"column":8},"end":{"line":68,"column":10}},"25":{"start":{"line":64,"column":47},"end":{"line":64,"column":null}},"26":{"start":{"line":65,"column":12},"end":{"line":67,"column":null}},"27":{"start":{"line":66,"column":16},"end":{"line":66,"column":70}},"28":{"start":{"line":70,"column":8},"end":{"line":74,"column":10}},"29":{"start":{"line":71,"column":12},"end":{"line":73,"column":null}},"30":{"start":{"line":72,"column":16},"end":{"line":72,"column":58}},"31":{"start":{"line":77,"column":27},"end":{"line":82,"column":null}},"32":{"start":{"line":86,"column":1},"end":{"line":86,"column":48}},"33":{"start":{"line":86,"column":24},"end":{"line":86,"column":33}},"34":{"start":{"line":143,"column":8},"end":{"line":143,"column":null}},"35":{"start":{"line":87,"column":4},"end":{"line":87,"column":null}},"36":{"start":{"line":88,"column":4},"end":{"line":88,"column":null}},"37":{"start":{"line":89,"column":4},"end":{"line":89,"column":33}},"38":{"start":{"line":94,"column":4},"end":{"line":94,"column":32}},"39":{"start":{"line":97,"column":4},"end":{"line":97,"column":32}},"40":{"start":{"line":100,"column":4},"end":{"line":100,"column":25}},"41":{"start":{"line":101,"column":4},"end":{"line":101,"column":41}},"42":{"start":{"line":102,"column":4},"end":{"line":102,"column":33}},"43":{"start":{"line":103,"column":4},"end":{"line":103,"column":35}},"44":{"start":{"line":104,"column":4},"end":{"line":104,"column":42}},"45":{"start":{"line":109,"column":4},"end":{"line":122,"column":null}},"46":{"start":{"line":124,"column":4},"end":{"line":124,"column":42}},"47":{"start":{"line":125,"column":4},"end":{"line":125,"column":21}},"48":{"start":{"line":126,"column":4},"end":{"line":126,"column":20}},"49":{"start":{"line":127,"column":4},"end":{"line":127,"column":43}},"50":{"start":{"line":128,"column":4},"end":{"line":128,"column":32}},"51":{"start":{"line":130,"column":4},"end":{"line":130,"column":32}},"52":{"start":{"line":132,"column":4},"end":{"line":132,"column":33}},"53":{"start":{"line":134,"column":4},"end":{"line":134,"column":34}},"54":{"start":{"line":147,"column":4},"end":{"line":157,"column":null}},"55":{"start":{"line":151,"column":8},"end":{"line":156,"column":null}},"56":{"start":{"line":152,"column":27},"end":{"line":155,"column":16}},"57":{"start":{"line":153,"column":16},"end":{"line":153,"column":null}},"58":{"start":{"line":154,"column":16},"end":{"line":154,"column":37}},"59":{"start":{"line":159,"column":4},"end":{"line":170,"column":null}},"60":{"start":{"line":160,"column":24},"end":{"line":160,"column":46}},"61":{"start":{"line":161,"column":8},"end":{"line":168,"column":null}},"62":{"start":{"line":162,"column":27},"end":{"line":167,"column":18}},"63":{"start":{"line":163,"column":16},"end":{"line":163,"column":35}},"64":{"start":{"line":164,"column":16},"end":{"line":164,"column":53}},"65":{"start":{"line":165,"column":16},"end":{"line":165,"column":null}},"66":{"start":{"line":166,"column":16},"end":{"line":166,"column":37}},"67":{"start":{"line":169,"column":8},"end":{"line":169,"column":74}},"68":{"start":{"line":465,"column":4},"end":{"line":511,"column":null}},"69":{"start":{"line":469,"column":8},"end":{"line":469,"column":61}},"70":{"start":{"line":469,"column":48},"end":{"line":469,"column":61}},"71":{"start":{"line":470,"column":8},"end":{"line":509,"column":null}},"72":{"start":{"line":471,"column":29},"end":{"line":474,"column":14}},"73":{"start":{"line":475,"column":34},"end":{"line":478,"column":14}},"74":{"start":{"line":479,"column":12},"end":{"line":508,"column":null}},"75":{"start":{"line":480,"column":29},"end":{"line":480,"column":76}},"76":{"start":{"line":481,"column":37},"end":{"line":481,"column":65}},"77":{"start":{"line":482,"column":36},"end":{"line":482,"column":64}},"78":{"start":{"line":489,"column":16},"end":{"line":504,"column":null}},"79":{"start":{"line":490,"column":20},"end":{"line":490,"column":51}},"80":{"start":{"line":492,"column":21},"end":{"line":504,"column":null}},"81":{"start":{"line":493,"column":20},"end":{"line":493,"column":63}},"82":{"start":{"line":495,"column":21},"end":{"line":504,"column":null}},"83":{"start":{"line":496,"column":20},"end":{"line":496,"column":64}},"84":{"start":{"line":498,"column":21},"end":{"line":504,"column":null}},"85":{"start":{"line":499,"column":20},"end":{"line":499,"column":64}},"86":{"start":{"line":502,"column":20},"end":{"line":502,"column":66}},"87":{"start":{"line":503,"column":20},"end":{"line":503,"column":66}},"88":{"start":{"line":506,"column":16},"end":{"line":506,"column":60}},"89":{"start":{"line":507,"column":16},"end":{"line":507,"column":60}},"90":{"start":{"line":510,"column":8},"end":{"line":510,"column":null}},"91":{"start":{"line":513,"column":4},"end":{"line":524,"column":null}},"92":{"start":{"line":514,"column":8},"end":{"line":517,"column":null}},"93":{"start":{"line":515,"column":12},"end":{"line":515,"column":54}},"94":{"start":{"line":516,"column":12},"end":{"line":516,"column":null}},"95":{"start":{"line":518,"column":8},"end":{"line":521,"column":null}},"96":{"start":{"line":519,"column":25},"end":{"line":519,"column":72}},"97":{"start":{"line":520,"column":12},"end":{"line":520,"column":52}},"98":{"start":{"line":522,"column":8},"end":{"line":522,"column":47}},"99":{"start":{"line":523,"column":8},"end":{"line":523,"column":45}},"100":{"start":{"line":526,"column":4},"end":{"line":538,"column":null}},"101":{"start":{"line":527,"column":25},"end":{"line":530,"column":10}},"102":{"start":{"line":531,"column":8},"end":{"line":536,"column":null}},"103":{"start":{"line":532,"column":12},"end":{"line":535,"column":15}},"104":{"start":{"line":542,"column":4},"end":{"line":587,"column":null}},"105":{"start":{"line":543,"column":8},"end":{"line":545,"column":null}},"106":{"start":{"line":544,"column":12},"end":{"line":544,"column":59}},"107":{"start":{"line":546,"column":8},"end":{"line":546,"column":67}},"108":{"start":{"line":546,"column":54},"end":{"line":546,"column":67}},"109":{"start":{"line":547,"column":8},"end":{"line":586,"column":null}},"110":{"start":{"line":548,"column":29},"end":{"line":551,"column":14}},"111":{"start":{"line":552,"column":34},"end":{"line":555,"column":14}},"112":{"start":{"line":561,"column":12},"end":{"line":561,"column":63}},"113":{"start":{"line":562,"column":12},"end":{"line":562,"column":63}},"114":{"start":{"line":563,"column":12},"end":{"line":563,"column":66}},"115":{"start":{"line":564,"column":12},"end":{"line":564,"column":66}},"116":{"start":{"line":565,"column":12},"end":{"line":567,"column":null}},"117":{"start":{"line":566,"column":16},"end":{"line":566,"column":73}},"118":{"start":{"line":568,"column":12},"end":{"line":571,"column":null}},"119":{"start":{"line":569,"column":16},"end":{"line":569,"column":84}},"120":{"start":{"line":570,"column":16},"end":{"line":570,"column":79}},"121":{"start":{"line":572,"column":12},"end":{"line":578,"column":null}},"122":{"start":{"line":573,"column":16},"end":{"line":573,"column":77}},"123":{"start":{"line":579,"column":12},"end":{"line":581,"column":null}},"124":{"start":{"line":580,"column":16},"end":{"line":580,"column":75}},"125":{"start":{"line":582,"column":12},"end":{"line":585,"column":null}},"126":{"start":{"line":590,"column":4},"end":{"line":602,"column":null}},"127":{"start":{"line":591,"column":8},"end":{"line":593,"column":null}},"128":{"start":{"line":592,"column":12},"end":{"line":592,"column":60}},"129":{"start":{"line":594,"column":8},"end":{"line":594,"column":38}},"130":{"start":{"line":595,"column":8},"end":{"line":598,"column":11}},"131":{"start":{"line":599,"column":8},"end":{"line":599,"column":61}},"132":{"start":{"line":600,"column":8},"end":{"line":600,"column":58}},"133":{"start":{"line":606,"column":4},"end":{"line":634,"column":null}},"134":{"start":{"line":607,"column":8},"end":{"line":633,"column":null}},"135":{"start":{"line":608,"column":12},"end":{"line":632,"column":null}},"136":{"start":{"line":609,"column":29},"end":{"line":609,"column":76}},"137":{"start":{"line":610,"column":16},"end":{"line":629,"column":null}},"138":{"start":{"line":611,"column":20},"end":{"line":611,"column":74}},"139":{"start":{"line":612,"column":20},"end":{"line":612,"column":73}},"140":{"start":{"line":613,"column":37},"end":{"line":616,"column":22}},"141":{"start":{"line":617,"column":20},"end":{"line":617,"column":74}},"142":{"start":{"line":618,"column":20},"end":{"line":618,"column":74}},"143":{"start":{"line":626,"column":20},"end":{"line":626,"column":61}},"144":{"start":{"line":627,"column":20},"end":{"line":627,"column":68}},"145":{"start":{"line":628,"column":20},"end":{"line":628,"column":null}},"146":{"start":{"line":630,"column":16},"end":{"line":630,"column":52}},"147":{"start":{"line":631,"column":16},"end":{"line":631,"column":51}},"148":{"start":{"line":144,"column":8},"end":{"line":144,"column":57}},"149":{"start":{"line":145,"column":8},"end":{"line":145,"column":53}},"150":{"start":{"line":171,"column":4},"end":{"line":176,"column":null}},"151":{"start":{"line":172,"column":8},"end":{"line":174,"column":null}},"152":{"start":{"line":173,"column":12},"end":{"line":173,"column":null}},"153":{"start":{"line":175,"column":8},"end":{"line":175,"column":20}},"154":{"start":{"line":177,"column":4},"end":{"line":182,"column":null}},"155":{"start":{"line":178,"column":8},"end":{"line":180,"column":null}},"156":{"start":{"line":179,"column":12},"end":{"line":179,"column":null}},"157":{"start":{"line":181,"column":8},"end":{"line":181,"column":20}},"158":{"start":{"line":184,"column":4},"end":{"line":188,"column":null}},"159":{"start":{"line":185,"column":8},"end":{"line":187,"column":null}},"160":{"start":{"line":186,"column":12},"end":{"line":186,"column":70}},"161":{"start":{"line":190,"column":4},"end":{"line":197,"column":null}},"162":{"start":{"line":191,"column":25},"end":{"line":191,"column":41}},"163":{"start":{"line":192,"column":8},"end":{"line":196,"column":null}},"164":{"start":{"line":193,"column":12},"end":{"line":195,"column":null}},"165":{"start":{"line":194,"column":16},"end":{"line":194,"column":null}},"166":{"start":{"line":198,"column":4},"end":{"line":200,"column":null}},"167":{"start":{"line":199,"column":8},"end":{"line":199,"column":61}},"168":{"start":{"line":201,"column":4},"end":{"line":203,"column":null}},"169":{"start":{"line":202,"column":8},"end":{"line":202,"column":58}},"170":{"start":{"line":204,"column":4},"end":{"line":206,"column":null}},"171":{"start":{"line":205,"column":8},"end":{"line":205,"column":60}},"172":{"start":{"line":207,"column":4},"end":{"line":209,"column":null}},"173":{"start":{"line":208,"column":8},"end":{"line":208,"column":57}},"174":{"start":{"line":213,"column":4},"end":{"line":215,"column":null}},"175":{"start":{"line":214,"column":8},"end":{"line":214,"column":60}},"176":{"start":{"line":218,"column":4},"end":{"line":220,"column":null}},"177":{"start":{"line":219,"column":8},"end":{"line":219,"column":57}},"178":{"start":{"line":222,"column":4},"end":{"line":235,"column":null}},"179":{"start":{"line":223,"column":8},"end":{"line":233,"column":null}},"180":{"start":{"line":224,"column":12},"end":{"line":232,"column":null}},"181":{"start":{"line":225,"column":29},"end":{"line":225,"column":76}},"182":{"start":{"line":226,"column":16},"end":{"line":228,"column":null}},"183":{"start":{"line":227,"column":20},"end":{"line":227,"column":60}},"184":{"start":{"line":229,"column":16},"end":{"line":229,"column":null}},"185":{"start":{"line":231,"column":16},"end":{"line":231,"column":48}},"186":{"start":{"line":234,"column":8},"end":{"line":234,"column":49}},"187":{"start":{"line":237,"column":4},"end":{"line":244,"column":null}},"188":{"start":{"line":238,"column":8},"end":{"line":243,"column":null}},"189":{"start":{"line":239,"column":12},"end":{"line":239,"column":null}},"190":{"start":{"line":240,"column":12},"end":{"line":242,"column":null}},"191":{"start":{"line":241,"column":16},"end":{"line":241,"column":null}},"192":{"start":{"line":245,"column":4},"end":{"line":270,"column":null}},"193":{"start":{"line":245,"column":4},"end":{"line":245,"column":18}},"194":{"start":{"line":246,"column":26},"end":{"line":246,"column":42}},"195":{"start":{"line":247,"column":8},"end":{"line":269,"column":null}},"196":{"start":{"line":248,"column":30},"end":{"line":248,"column":67}},"197":{"start":{"line":249,"column":12},"end":{"line":266,"column":null}},"198":{"start":{"line":250,"column":41},"end":{"line":256,"column":17}},"199":{"start":{"line":251,"column":32},"end":{"line":251,"column":61}},"200":{"start":{"line":252,"column":20},"end":{"line":252,"column":74}},"201":{"start":{"line":253,"column":20},"end":{"line":253,"column":54}},"202":{"start":{"line":254,"column":20},"end":{"line":254,"column":null}},"203":{"start":{"line":255,"column":20},"end":{"line":255,"column":116}},"204":{"start":{"line":257,"column":16},"end":{"line":259,"column":null}},"205":{"start":{"line":258,"column":20},"end":{"line":258,"column":null}},"206":{"start":{"line":260,"column":16},"end":{"line":262,"column":null}},"207":{"start":{"line":261,"column":20},"end":{"line":261,"column":null}},"208":{"start":{"line":263,"column":16},"end":{"line":265,"column":null}},"209":{"start":{"line":264,"column":20},"end":{"line":264,"column":null}},"210":{"start":{"line":271,"column":4},"end":{"line":287,"column":null}},"211":{"start":{"line":272,"column":8},"end":{"line":272,"column":null}},"212":{"start":{"line":273,"column":8},"end":{"line":276,"column":null}},"213":{"start":{"line":274,"column":12},"end":{"line":274,"column":null}},"214":{"start":{"line":275,"column":12},"end":{"line":275,"column":null}},"215":{"start":{"line":277,"column":8},"end":{"line":277,"column":null}},"216":{"start":{"line":278,"column":8},"end":{"line":278,"column":null}},"217":{"start":{"line":279,"column":8},"end":{"line":279,"column":57}},"218":{"start":{"line":280,"column":21},"end":{"line":280,"column":66}},"219":{"start":{"line":281,"column":8},"end":{"line":283,"column":null}},"220":{"start":{"line":282,"column":12},"end":{"line":282,"column":null}},"221":{"start":{"line":284,"column":8},"end":{"line":284,"column":null}},"222":{"start":{"line":285,"column":8},"end":{"line":285,"column":108}},"223":{"start":{"line":286,"column":8},"end":{"line":286,"column":57}},"224":{"start":{"line":288,"column":4},"end":{"line":296,"column":null}},"225":{"start":{"line":289,"column":8},"end":{"line":289,"column":null}},"226":{"start":{"line":290,"column":8},"end":{"line":290,"column":45}},"227":{"start":{"line":291,"column":8},"end":{"line":291,"column":55}},"228":{"start":{"line":292,"column":8},"end":{"line":292,"column":53}},"229":{"start":{"line":293,"column":8},"end":{"line":293,"column":51}},"230":{"start":{"line":294,"column":8},"end":{"line":294,"column":43}},"231":{"start":{"line":295,"column":8},"end":{"line":295,"column":110}},"232":{"start":{"line":297,"column":4},"end":{"line":301,"column":null}},"233":{"start":{"line":298,"column":8},"end":{"line":300,"column":null}},"234":{"start":{"line":299,"column":12},"end":{"line":299,"column":60}},"235":{"start":{"line":302,"column":4},"end":{"line":309,"column":null}},"236":{"start":{"line":303,"column":8},"end":{"line":303,"column":27}},"237":{"start":{"line":304,"column":8},"end":{"line":304,"column":45}},"238":{"start":{"line":305,"column":8},"end":{"line":305,"column":30}},"239":{"start":{"line":306,"column":8},"end":{"line":306,"column":51}},"240":{"start":{"line":307,"column":8},"end":{"line":307,"column":43}},"241":{"start":{"line":308,"column":8},"end":{"line":308,"column":null}},"242":{"start":{"line":310,"column":4},"end":{"line":319,"column":null}},"243":{"start":{"line":311,"column":8},"end":{"line":311,"column":42}},"244":{"start":{"line":312,"column":8},"end":{"line":312,"column":61}},"245":{"start":{"line":313,"column":8},"end":{"line":313,"column":75}},"246":{"start":{"line":314,"column":8},"end":{"line":314,"column":29}},"247":{"start":{"line":315,"column":8},"end":{"line":315,"column":38}},"248":{"start":{"line":316,"column":8},"end":{"line":318,"column":null}},"249":{"start":{"line":317,"column":12},"end":{"line":317,"column":109}},"250":{"start":{"line":321,"column":4},"end":{"line":325,"column":null}},"251":{"start":{"line":322,"column":8},"end":{"line":324,"column":null}},"252":{"start":{"line":323,"column":12},"end":{"line":323,"column":54}},"253":{"start":{"line":327,"column":4},"end":{"line":343,"column":null}},"254":{"start":{"line":328,"column":8},"end":{"line":342,"column":null}},"255":{"start":{"line":329,"column":12},"end":{"line":341,"column":null}},"256":{"start":{"line":331,"column":31},"end":{"line":331,"column":63}},"257":{"start":{"line":332,"column":16},"end":{"line":332,"column":61}},"258":{"start":{"line":333,"column":16},"end":{"line":333,"column":43}},"259":{"start":{"line":334,"column":16},"end":{"line":334,"column":null}},"260":{"start":{"line":335,"column":16},"end":{"line":335,"column":38}},"261":{"start":{"line":346,"column":4},"end":{"line":371,"column":null}},"262":{"start":{"line":346,"column":4},"end":{"line":346,"column":18}},"263":{"start":{"line":347,"column":8},"end":{"line":370,"column":null}},"264":{"start":{"line":348,"column":25},"end":{"line":348,"column":27}},"265":{"start":{"line":349,"column":12},"end":{"line":369,"column":null}},"266":{"start":{"line":352,"column":20},"end":{"line":366,"column":null}},"267":{"start":{"line":353,"column":24},"end":{"line":358,"column":null}},"268":{"start":{"line":354,"column":28},"end":{"line":354,"column":69}},"269":{"start":{"line":357,"column":28},"end":{"line":357,"column":68}},"270":{"start":{"line":359,"column":24},"end":{"line":364,"column":null}},"271":{"start":{"line":360,"column":43},"end":{"line":363,"column":34}},"272":{"start":{"line":361,"column":32},"end":{"line":361,"column":null}},"273":{"start":{"line":362,"column":32},"end":{"line":362,"column":null}},"274":{"start":{"line":365,"column":24},"end":{"line":365,"column":null}},"275":{"start":{"line":372,"column":4},"end":{"line":382,"column":null}},"276":{"start":{"line":373,"column":21},"end":{"line":373,"column":23}},"277":{"start":{"line":374,"column":8},"end":{"line":376,"column":null}},"278":{"start":{"line":375,"column":12},"end":{"line":375,"column":null}},"279":{"start":{"line":377,"column":8},"end":{"line":381,"column":null}},"280":{"start":{"line":384,"column":4},"end":{"line":402,"column":null}},"281":{"start":{"line":385,"column":8},"end":{"line":401,"column":null}},"282":{"start":{"line":386,"column":29},"end":{"line":386,"column":82}},"283":{"start":{"line":387,"column":12},"end":{"line":392,"column":null}},"284":{"start":{"line":388,"column":28},"end":{"line":388,"column":57}},"285":{"start":{"line":389,"column":16},"end":{"line":389,"column":69}},"286":{"start":{"line":390,"column":16},"end":{"line":390,"column":48}},"287":{"start":{"line":391,"column":16},"end":{"line":391,"column":null}},"288":{"start":{"line":393,"column":12},"end":{"line":393,"column":38}},"289":{"start":{"line":394,"column":12},"end":{"line":400,"column":null}},"290":{"start":{"line":395,"column":38},"end":{"line":395,"column":113}},"291":{"start":{"line":396,"column":16},"end":{"line":399,"column":null}},"292":{"start":{"line":397,"column":20},"end":{"line":397,"column":null}},"293":{"start":{"line":398,"column":20},"end":{"line":398,"column":45}},"294":{"start":{"line":404,"column":4},"end":{"line":431,"column":null}},"295":{"start":{"line":408,"column":32},"end":{"line":408,"column":36}},"296":{"start":{"line":409,"column":36},"end":{"line":409,"column":40}},"297":{"start":{"line":410,"column":8},"end":{"line":420,"column":null}},"298":{"start":{"line":411,"column":12},"end":{"line":413,"column":null}},"299":{"start":{"line":412,"column":16},"end":{"line":412,"column":null}},"300":{"start":{"line":414,"column":12},"end":{"line":416,"column":null}},"301":{"start":{"line":415,"column":16},"end":{"line":415,"column":null}},"302":{"start":{"line":419,"column":12},"end":{"line":419,"column":40}},"303":{"start":{"line":421,"column":8},"end":{"line":430,"column":null}},"304":{"start":{"line":422,"column":12},"end":{"line":422,"column":51}},"305":{"start":{"line":423,"column":12},"end":{"line":429,"column":null}},"306":{"start":{"line":424,"column":29},"end":{"line":424,"column":65}},"307":{"start":{"line":425,"column":16},"end":{"line":425,"column":50}},"308":{"start":{"line":426,"column":16},"end":{"line":426,"column":52}},"309":{"start":{"line":427,"column":16},"end":{"line":427,"column":46}},"310":{"start":{"line":428,"column":16},"end":{"line":428,"column":54}},"311":{"start":{"line":440,"column":4},"end":{"line":461,"column":null}},"312":{"start":{"line":440,"column":4},"end":{"line":440,"column":28}},"313":{"start":{"line":441,"column":8},"end":{"line":459,"column":null}},"314":{"start":{"line":442,"column":12},"end":{"line":458,"column":null}},"315":{"start":{"line":443,"column":29},"end":{"line":443,"column":76}},"316":{"start":{"line":444,"column":16},"end":{"line":455,"column":null}},"317":{"start":{"line":445,"column":20},"end":{"line":445,"column":69}},"318":{"start":{"line":446,"column":20},"end":{"line":446,"column":68}},"319":{"start":{"line":447,"column":37},"end":{"line":450,"column":22}},"320":{"start":{"line":451,"column":20},"end":{"line":451,"column":64}},"321":{"start":{"line":452,"column":20},"end":{"line":452,"column":64}},"322":{"start":{"line":453,"column":20},"end":{"line":453,"column":61}},"323":{"start":{"line":454,"column":20},"end":{"line":454,"column":61}},"324":{"start":{"line":456,"column":16},"end":{"line":456,"column":53}},"325":{"start":{"line":457,"column":16},"end":{"line":457,"column":51}},"326":{"start":{"line":460,"column":8},"end":{"line":460,"column":null}},"327":{"start":{"line":638,"column":4},"end":{"line":646,"column":null}},"328":{"start":{"line":639,"column":8},"end":{"line":645,"column":null}},"329":{"start":{"line":640,"column":30},"end":{"line":640,"column":60}},"330":{"start":{"line":641,"column":29},"end":{"line":641,"column":66}},"331":{"start":{"line":642,"column":12},"end":{"line":644,"column":null}},"332":{"start":{"line":643,"column":16},"end":{"line":643,"column":100}},"333":{"start":{"line":647,"column":4},"end":{"line":668,"column":null}},"334":{"start":{"line":647,"column":4},"end":{"line":647,"column":16}},"335":{"start":{"line":648,"column":25},"end":{"line":648,"column":70}},"336":{"start":{"line":649,"column":8},"end":{"line":666,"column":null}},"337":{"start":{"line":650,"column":24},"end":{"line":661,"column":14}},"338":{"start":{"line":657,"column":20},"end":{"line":657,"column":53}},"339":{"start":{"line":658,"column":20},"end":{"line":658,"column":null}},"340":{"start":{"line":659,"column":20},"end":{"line":659,"column":null}},"341":{"start":{"line":664,"column":12},"end":{"line":664,"column":45}},"342":{"start":{"line":665,"column":12},"end":{"line":665,"column":null}},"343":{"start":{"line":669,"column":4},"end":{"line":672,"column":null}},"344":{"start":{"line":670,"column":25},"end":{"line":670,"column":36}},"345":{"start":{"line":671,"column":8},"end":{"line":671,"column":null}},"346":{"start":{"line":673,"column":4},"end":{"line":742,"column":null}},"347":{"start":{"line":674,"column":25},"end":{"line":674,"column":39}},"348":{"start":{"line":675,"column":33},"end":{"line":675,"column":75}},"349":{"start":{"line":676,"column":34},"end":{"line":676,"column":36}},"350":{"start":{"line":677,"column":30},"end":{"line":677,"column":32}},"351":{"start":{"line":678,"column":33},"end":{"line":678,"column":35}},"352":{"start":{"line":679,"column":30},"end":{"line":679,"column":32}},"353":{"start":{"line":680,"column":34},"end":{"line":680,"column":36}},"354":{"start":{"line":681,"column":8},"end":{"line":688,"column":null}},"355":{"start":{"line":682,"column":12},"end":{"line":682,"column":null}},"356":{"start":{"line":683,"column":12},"end":{"line":686,"column":null}},"357":{"start":{"line":687,"column":12},"end":{"line":687,"column":null}},"358":{"start":{"line":689,"column":8},"end":{"line":693,"column":null}},"359":{"start":{"line":690,"column":12},"end":{"line":692,"column":null}},"360":{"start":{"line":694,"column":8},"end":{"line":698,"column":null}},"361":{"start":{"line":695,"column":12},"end":{"line":697,"column":null}},"362":{"start":{"line":699,"column":50},"end":{"line":699,"column":191}},"363":{"start":{"line":700,"column":8},"end":{"line":741,"column":null}},"364":{"start":{"line":135,"column":11},"end":{"line":140,"column":null}},"365":{"start":{"line":141,"column":11},"end":{"line":141,"column":null}},"366":{"start":{"line":86,"column":7},"end":{"line":743,"column":null}},"367":{"start":{"line":743,"column":0},"end":{"line":743,"column":null}},"368":{"start":{"line":745,"column":24},"end":{"line":754,"column":1}},"369":{"start":{"line":746,"column":33},"end":{"line":746,"column":39}},"370":{"start":{"line":746,"column":28},"end":{"line":746,"column":33}},"371":{"start":{"line":747,"column":4},"end":{"line":753,"column":null}},"372":{"start":{"line":755,"column":0},"end":{"line":755,"column":31}}},"fnMap":{"0":{"name":"(anonymous_0)","decl":{"start":{"line":47,"column":12},"end":{"line":47,"column":null}},"loc":{"start":{"line":47,"column":12},"end":{"line":61,"column":1}}},"1":{"name":"(anonymous_1)","decl":{"start":{"line":49,"column":15},"end":{"line":49,"column":25}},"loc":{"start":{"line":49,"column":65},"end":{"line":53,"column":9}}},"2":{"name":"(anonymous_2)","decl":{"start":{"line":55,"column":15},"end":{"line":55,"column":25}},"loc":{"start":{"line":55,"column":46},"end":{"line":59,"column":9}}},"3":{"name":"(anonymous_3)","decl":{"start":{"line":62,"column":13},"end":{"line":62,"column":null}},"loc":{"start":{"line":62,"column":13},"end":{"line":76,"column":1}}},"4":{"name":"(anonymous_4)","decl":{"start":{"line":64,"column":15},"end":{"line":64,"column":25}},"loc":{"start":{"line":64,"column":65},"end":{"line":68,"column":9}}},"5":{"name":"(anonymous_5)","decl":{"start":{"line":70,"column":15},"end":{"line":70,"column":25}},"loc":{"start":{"line":70,"column":46},"end":{"line":74,"column":9}}},"6":{"name":"(anonymous_6)","decl":{"start":{"line":86,"column":1},"end":{"line":86,"column":7}},"loc":{"start":{"line":86,"column":1},"end":{"line":86,"column":7}}},"7":{"name":"ProModal","decl":{"start":{"line":142,"column":4},"end":{"line":142,"column":16}},"loc":{"start":{"line":142,"column":21},"end":{"line":146,"column":5}}},"8":{"name":"(anonymous_8)","decl":{"start":{"line":147,"column":10},"end":{"line":147,"column":11}},"loc":{"start":{"line":147,"column":12},"end":{"line":157,"column":5}}},"9":{"name":"(anonymous_9)","decl":{"start":{"line":152,"column":38},"end":{"line":152,"column":null}},"loc":{"start":{"line":152,"column":38},"end":{"line":155,"column":13}}},"10":{"name":"(anonymous_10)","decl":{"start":{"line":159,"column":25},"end":{"line":159,"column":26}},"loc":{"start":{"line":159,"column":27},"end":{"line":170,"column":5}}},"11":{"name":"(anonymous_11)","decl":{"start":{"line":162,"column":38},"end":{"line":162,"column":null}},"loc":{"start":{"line":162,"column":38},"end":{"line":167,"column":13}}},"12":{"name":"(anonymous_12)","decl":{"start":{"line":465,"column":30},"end":{"line":465,"column":31}},"loc":{"start":{"line":465,"column":48},"end":{"line":511,"column":5}}},"13":{"name":"(anonymous_13)","decl":{"start":{"line":470,"column":20},"end":{"line":470,"column":null}},"loc":{"start":{"line":470,"column":20},"end":{"line":509,"column":9}}},"14":{"name":"(anonymous_14)","decl":{"start":{"line":513,"column":29},"end":{"line":513,"column":null}},"loc":{"start":{"line":513,"column":29},"end":{"line":524,"column":5}}},"15":{"name":"(anonymous_15)","decl":{"start":{"line":514,"column":20},"end":{"line":514,"column":null}},"loc":{"start":{"line":514,"column":20},"end":{"line":517,"column":9}}},"16":{"name":"(anonymous_16)","decl":{"start":{"line":526,"column":30},"end":{"line":526,"column":31}},"loc":{"start":{"line":526,"column":48},"end":{"line":538,"column":5}}},"17":{"name":"(anonymous_17)","decl":{"start":{"line":542,"column":30},"end":{"line":542,"column":31}},"loc":{"start":{"line":542,"column":48},"end":{"line":587,"column":5}}},"18":{"name":"(anonymous_18)","decl":{"start":{"line":543,"column":20},"end":{"line":543,"column":null}},"loc":{"start":{"line":543,"column":20},"end":{"line":545,"column":9}}},"19":{"name":"(anonymous_19)","decl":{"start":{"line":547,"column":20},"end":{"line":547,"column":null}},"loc":{"start":{"line":547,"column":20},"end":{"line":586,"column":9}}},"20":{"name":"(anonymous_20)","decl":{"start":{"line":590,"column":29},"end":{"line":590,"column":null}},"loc":{"start":{"line":590,"column":29},"end":{"line":602,"column":5}}},"21":{"name":"(anonymous_21)","decl":{"start":{"line":591,"column":20},"end":{"line":591,"column":null}},"loc":{"start":{"line":591,"column":20},"end":{"line":593,"column":9}}},"22":{"name":"(anonymous_22)","decl":{"start":{"line":606,"column":32},"end":{"line":606,"column":33}},"loc":{"start":{"line":606,"column":75},"end":{"line":634,"column":5}}},"23":{"name":"(anonymous_23)","decl":{"start":{"line":610,"column":28},"end":{"line":610,"column":null}},"loc":{"start":{"line":610,"column":28},"end":{"line":629,"column":17}}},"24":{"name":"(anonymous_24)","decl":{"start":{"line":171,"column":4},"end":{"line":171,"column":8}},"loc":{"start":{"line":171,"column":4},"end":{"line":176,"column":5}}},"25":{"name":"(anonymous_25)","decl":{"start":{"line":177,"column":4},"end":{"line":177,"column":8}},"loc":{"start":{"line":177,"column":4},"end":{"line":182,"column":5}}},"26":{"name":"(anonymous_26)","decl":{"start":{"line":184,"column":4},"end":{"line":184,"column":15}},"loc":{"start":{"line":184,"column":4},"end":{"line":188,"column":5}}},"27":{"name":"(anonymous_27)","decl":{"start":{"line":190,"column":4},"end":{"line":190,"column":26}},"loc":{"start":{"line":190,"column":4},"end":{"line":197,"column":5}}},"28":{"name":"(anonymous_28)","decl":{"start":{"line":198,"column":4},"end":{"line":198,"column":35}},"loc":{"start":{"line":198,"column":4},"end":{"line":200,"column":5}}},"29":{"name":"(anonymous_29)","decl":{"start":{"line":201,"column":4},"end":{"line":201,"column":33}},"loc":{"start":{"line":201,"column":4},"end":{"line":203,"column":5}}},"30
[...]
ine":513,"column":6},"end":{"line":518,"column":null}},"type":"if","locations":[{"start":{"line":513,"column":6},"end":{"line":518,"column":null}},{"start":{"line":513,"column":6},"end":{"line":518,"column":null}}]},"34":{"loc":{"start":{"line":516,"column":17},"end":{"line":516,"column":29}},"type":"binary-expr","locations":[{"start":{"line":516,"column":17},"end":{"line":516,"column":29}},{"start":{"line":516,"column":34},"end":{"line":516,"column":57}}]},"35":{"loc":{"start":{"line":532,"column":6},"end":{"line":537,"column":null}},"type":"if","locations":[{"start":{"line":532,"column":6},"end":{"line":537,"column":null}},{"start":{"line":532,"column":6},"end":{"line":537,"column":null}}]},"36":{"loc":{"start":{"line":535,"column":17},"end":{"line":535,"column":29}},"type":"binary-expr","locations":[{"start":{"line":535,"column":17},"end":{"line":535,"column":29}},{"start":{"line":535,"column":34},"end":{"line":535,"column":57}}]},"37":{"loc":{"start":{"line":551,"column":6},"end":{"line":556,"column":null}},"type":"if","locations":[{"start":{"line":551,"column":6},"end":{"line":556,"column":null}},{"start":{"line":551,"column":6},"end":{"line":556,"column":null}}]},"38":{"loc":{"start":{"line":554,"column":17},"end":{"line":554,"column":29}},"type":"binary-expr","locations":[{"start":{"line":554,"column":17},"end":{"line":554,"column":29}},{"start":{"line":554,"column":34},"end":{"line":554,"column":57}}]},"39":{"loc":{"start":{"line":562,"column":6},"end":{"line":564,"column":null}},"type":"if","locations":[{"start":{"line":562,"column":6},"end":{"line":564,"column":null}},{"start":{"line":562,"column":6},"end":{"line":564,"column":null}}]},"40":{"loc":{"start":{"line":562,"column":10},"end":{"line":562,"column":23}},"type":"binary-expr","locations":[{"start":{"line":562,"column":10},"end":{"line":562,"column":23}},{"start":{"line":562,"column":27},"end":{"line":562,"column":48}}]},"41":{"loc":{"start":{"line":567,"column":4},"end":{"line":578,"column":null}},"type":"if","locations":[{"start":{"line":567,"column":4},"end":{"line":578,"column":null}},{"start":{"line":567,"column":4},"end":{"line":578,"column":null}}]},"42":{"loc":{"start":{"line":573,"column":9},"end":{"line":578,"column":null}},"type":"if","locations":[{"start":{"line":573,"column":9},"end":{"line":578,"column":null}},{"start":{"line":573,"column":9},"end":{"line":578,"column":null}}]},"43":{"loc":{"start":{"line":573,"column":13},"end":{"line":573,"column":25}},"type":"binary-expr","locations":[{"start":{"line":573,"column":13},"end":{"line":573,"column":25}},{"start":{"line":573,"column":29},"end":{"line":573,"column":32}}]},"44":{"loc":{"start":{"line":587,"column":4},"end":{"line":589,"column":null}},"type":"if","locations":[{"start":{"line":587,"column":4},"end":{"line":589,"column":null}},{"start":{"line":587,"column":4},"end":{"line":589,"column":null}}]},"45":{"loc":{"start":{"line":599,"column":4},"end":{"line":608,"column":null}},"type":"if","locations":[{"start":{"line":599,"column":4},"end":{"line":608,"column":null}},{"start":{"line":599,"column":4},"end":{"line":608,"column":null}}]}},"s":{"0":1,"1":1,"2":1,"3":1,"4":1,"5":1,"6":1,"7":0,"8":0,"9":0,"10":0,"11":0,"12":1,"13":0,"14":0,"15":0,"16":0,"17":0,"18":0,"19":0,"20":0,"21":0,"22":0,"23":0,"24":0,"25":0,"26":0,"27":0,"28":0,"29":0,"30":0,"31":0,"32":0,"33":0,"34":0,"35":0,"36":0,"37":0,"38":0,"39":0,"40":0,"41":0,"42":0,"43":0,"44":0,"45":0,"46":0,"47":0,"48":0,"49":0,"50":0,"51":0,"52":0,"53":0,"54":0,"55":2,"56":0,"57":2,"58":0,"59":0,"60":0,"61":0,"62":0,"63":0,"64":2,"65":0,"66":0,"67":0,"68":0,"69":0,"70":0,"71":0,"72":0,"73":0,"74":0,"75":0,"76":0,"77":2,"78":0,"79":2,"80":0,"81":2,"82":0,"83":2,"84":0,"85":0,"86":0,"87":0,"88":0,"89":0,"90":0,"91":0,"92":0,"93":0,"94":0,"95":0,"96":0,"97":0,"98":0,"99":0,"100":0,"101":0,"102":0,"103":0,"104":0,"105":0,"106":0,"107":0,"108":0,"109":0,"110":0,"111":0,"112":0,"113":0,"114":0,"115":0,"116":0,"117":0,"118":0,"119":0,"120":0,"121":0,"122":2,"123":0,"124":0,"125":0,"126":0,"127":0,"128":2,"129":0,"130":2,"131":0,"132":0,"133":0,"134":0,"135":0,"136":0,"137":0,"138":0,"139":0,"140":0,"141":0,"142":0,"143":0,"144":0,"145":0,"146":0,"147":2,"148":0,"149":0,"150":0,"151":0,"152":0,"153":0,"154":0,"155":2,"156":0,"157":0,"158":0,"159":0,"160":0,"161":0,"162":0,"163":2,"164":0,"165":0,"166":0,"167":0,"168":0,"169":0,"170":0,"171":2,"172":0,"173":0,"174":0,"175":0,"176":0,"177":0,"178":0,"179":2,"180":0,"181":0,"182":0,"183":0,"184":0,"185":0,"186":0,"187":0,"188":0,"189":0,"190":2,"191":0,"192":0,"193":0,"194":0,"195":2,"196":0,"197":0,"198":0,"199":0,"200":0,"201":1,"202":0,"203":0,"204":0,"205":1,"206":0,"207":0,"208":0,"209":2,"210":0,"211":2,"212":0,"213":2,"214":0,"215":1,"216":1,"217":1,"218":1,"219":1,"220":1,"221":1,"222":1,"223":1,"224":1,"225":1,"226":1,"227":1,"228":1,"229":1,"230":1,"231":1,"232":1,"233":1,"234":1,"235":1,"236":1,"237":1,"238":1,"239":1,"240":1,"241":1,"242":1,"243":1,"244":1,"245":1,"246":1},"f":{"0":1,"1":0,"2":0,"3":0,"4":0,"5":0,"6":0,"7":0,"8":0,"9":0,"10":0,"11":0,"12":0,"13":0,"14":0,"15":0,"16":0,"17":0,"18":0,"19":0,"20":0,"21":0,"22":0,"23":0,"24":0,"25":0,"26":0,"27":0,"28":0,"29":0,"30":0,"31":0,"32":0,"33":0,"34":0,"35":0,"36":0,"37":0,"38":0,"39":0,"40":0,"41":0,"42":0,"43":0,"44":0,"45":0,"46":0,"47":0,"48":0,"49":0,"50":0,"51":0,"52":0},"b":{"0":[0,0],"1":[0,0],"2":[0,0],"3":[0,0],"4":[0,0],"5":[0,0],"6":[0,0,0],"7":[0,0],"8":[0,0],"9":[0,0],"10":[0,0],"11":[0,0],"12":[0,0],"13":[0,0,0],"14":[0,0],"15":[0,0],"16":[0,0],"17":[0,0],"18":[0,0],"19":[0,0],"20":[0,0],"21":[0,0],"22":[0,0],"23":[0,0,0,0,0],"24":[0,0],"25":[0,0],"26":[0,0],"27":[0,0],"28":[0,0],"29":[0,0],"30":[0,0],"31":[0,0],"32":[0,0],"33":[0,0],"34":[0,0],"35":[0,0],"36":[0,0],"37":[0,0],"38":[0,0],"39":[0,0],"40":[0,0],"41":[0,0],"42":[0,0],"43":[0,0],"44":[0,0],"45":[0,0]}}
,"/Users/duanguang/Documents/Front-End/legions/legions-design-element/packages/legions-pro-design/src/components/LegionsStoreTable/index.ts": {"path":"/Users/duanguang/Documents/Front-End/legions/legions-design-element/packages/legions-pro-design/src/components/LegionsStoreTable/index.ts","statementMap":{"0":{"start":{"line":12,"column":0},"end":{"line":12,"column":43}},"1":{"start":{"line":19,"column":0},"end":{"line":19,"column":65}},"2":{"start":{"line":20,"column":0},"end":{"line":20,"column":77}},"3":{"start":{"line":22,"column":0},"end":{"line":22,"column":54}},"4":{"start":{"line":23,"column":0},"end":{"line":23,"column":46}},"5":{"start":{"line":24,"column":0},"end":{"line":24,"column":56}},"6":{"start":{"line":27,"column":0},"end":{"line":27,"column":50}},"7":{"start":{"line":34,"column":0},"end":{"line":34,"column":null}},"8":{"start":{"line":34,"column":47},"end":{"line":34,"column":59}},"9":{"start":{"line":40,"column":4},"end":{"line":40,"column":null}},"10":{"start":{"line":42,"column":2},"end":{"line":47,"column":11}},"11":{"start":{"line":53,"column":14},"end":{"line":55,"column":6}},"12":{"start":{"line":56,"column":14},"end":{"line":56,"column":65}},"13":{"start":{"line":63,"column":14},"end":{"line":65,"column":6}},"14":{"start":{"line":66,"column":10},"end":{"line":71,"column":null}},"15":{"start":{"line":68,"column":17},"end":{"line":68,"column":69}},"16":{"start":{"line":69,"column":4},"end":{"line":69,"column":42}},"17":{"start":{"line":70,"column":4},"end":{"line":70,"column":76}},"18":{"start":{"line":72,"column":10},"end":{"line":79,"column":null}},"19":{"start":{"line":73,"column":18},"end":{"line":73,"column":48}},"20":{"start":{"line":74,"column":4},"end":{"line":74,"column":45}},"21":{"start":{"line":75,"column":4},"end":{"line":75,"column":44}},"22":{"start":{"line":76,"column":4},"end":{"line":78,"column":null}},"23":{"start":{"line":77,"column":6},"end":{"line":77,"column":56}},"24":{"start":{"line":80,"column":10},"end":{"line":82,"column":null}},"25":{"start":{"line":81,"column":4},"end":{"line":81,"column":38}},"26":{"start":{"line":83,"column":10},"end":{"line":85,"column":null}},"27":{"start":{"line":84,"column":4},"end":{"line":84,"column":53}},"28":{"start":{"line":86,"column":10},"end":{"line":88,"column":null}},"29":{"start":{"line":87,"column":4},"end":{"line":87,"column":42}},"30":{"start":{"line":89,"column":10},"end":{"line":98,"column":null}},"31":{"start":{"line":90,"column":4},"end":{"line":97,"column":null}},"32":{"start":{"line":91,"column":6},"end":{"line":96,"column":null}},"33":{"start":{"line":92,"column":8},"end":{"line":95,"column":10}},"34":{"start":{"line":107,"column":10},"end":{"line":113,"column":null}},"35":{"start":{"line":108,"column":17},"end":{"line":108,"column":40}},"36":{"start":{"line":109,"column":4},"end":{"line":112,"column":6}},"37":{"start":{"line":114,"column":10},"end":{"line":116,"column":null}},"38":{"start":{"line":115,"column":4},"end":{"line":115,"column":48}},"39":{"start":{"line":117,"column":10},"end":{"line":119,"column":null}},"40":{"start":{"line":118,"column":4},"end":{"line":118,"column":52}},"41":{"start":{"line":35,"column":9},"end":{"line":36,"column":null}},"42":{"start":{"line":38,"column":9},"end":{"line":38,"column":41}},"43":{"start":{"line":53,"column":14},"end":{"line":55,"column":null}},"44":{"start":{"line":56,"column":14},"end":{"line":56,"column":null}},"45":{"start":{"line":63,"column":14},"end":{"line":65,"column":null}},"46":{"start":{"line":34,"column":21},"end":{"line":120,"column":null}},"47":{"start":{"line":120,"column":0},"end":{"line":120,"column":null}},"48":{"start":{"line":34,"column":21},"end":{"line":34,"column":47}}},"fnMap":{"0":{"name":"(anonymous_0)","decl":{"start":{"line":34,"column":0},"end":{"line":34,"column":21}},"loc":{"start":{"line":34,"column":0},"end":{"line":34,"column":21}}},"1":{"name":"LegionsStoreTable","decl":{"start":{"line":39,"column":2},"end":{"line":39,"column":14}},"loc":{"start":{"line":39,"column":21},"end":{"line":41,"column":3}}},"2":{"name":"(anonymous_2)","decl":{"start":{"line":66,"column":10},"end":{"line":66,"column":13}},"loc":{"start":{"line":66,"column":63},"end":{"line":71,"column":3}}},"3":{"name":"(anonymous_3)","decl":{"start":{"line":72,"column":10},"end":{"line":72,"column":14}},"loc":{"start":{"line":72,"column":49},"end":{"line":79,"column":3}}},"4":{"name":"(anonymous_4)","decl":{"start":{"line":80,"column":10},"end":{"line":80,"column":16}},"loc":{"start":{"line":80,"column":28},"end":{"line":82,"column":3}}},"5":{"name":"(anonymous_5)","decl":{"start":{"line":83,"column":10},"end":{"line":83,"column":28}},"loc":{"start":{"line":83,"column":48},"end":{"line":85,"column":3}}},"6":{"name":"(anonymous_6)","decl":{"start":{"line":86,"column":10},"end":{"line":86,"column":13}},"loc":{"start":{"line":86,"column":25},"end":{"line":88,"column":3}}},"7":{"name":"(anonymous_7)","decl":{"start":{"line":89,"column":10},"end":{"line":89,"column":29}},"loc":{"start":{"line":89,"column":49},"end":{"line":98,"column":3}}},"8":{"name":"(anonymous_8)","decl":{"start":{"line":107,"column":10},"end":{"line":107,"column":24}},"loc":{"start":{"line":107,"column":36},"end":{"line":113,"column":3}}},"9":{"name":"(anonymous_9)","decl":{"start":{"line":114,"column":10},"end":{"line":114,"column":27}},"loc":{"start":{"line":114,"column":39},"end":{"line":116,"column":3}}},"10":{"name":"(anonymous_10)","decl":{"start":{"line":117,"column":10},"end":{"line":117,"column":23}},"loc":{"start":{"line":117,"column":35},"end":{"line":119,"column":3}}}},"branchMap":{"0":{"loc":{"start":{"line":40,"column":4},"end":{"line":40,"column":18}},"type":"binary-expr","locations":[{"start":{"line":40,"column":4},"end":{"line":40,"column":18}},{"start":{"line":40,"column":18},"end":{"line":40,"column":null}}]},"1":{"loc":{"start":{"line":74,"column":22},"end":{"line":74,"column":39}},"type":"binary-expr","locations":[{"start":{"line":74,"column":22},"end":{"line":74,"column":39}},{"start":{"line":74,"column":43},"end":{"line":74,"column":44}}]},"2":{"loc":{"start":{"line":75,"column":21},"end":{"line":75,"column":37}},"type":"binary-expr","locations":[{"start":{"line":75,"column":21},"end":{"line":75,"column":37}},{"start":{"line":75,"column":41},"end":{"line":75,"column":43}}]},"3":{"loc":{"start":{"line":76,"column":4},"end":{"line":78,"column":null}},"type":"if","locations":[{"start":{"line":76,"column":4},"end":{"line":78,"column":null}},{"start":{"line":76,"column":4},"end":{"line":78,"column":null}}]},"4":{"loc":{"start":{"line":90,"column":4},"end":{"line":97,"column":null}},"type":"if","locations":[{"start":{"line":90,"column":4},"end":{"line":97,"column":null}},{"start":{"line":90,"column":4},"end":{"line":97,"column":null}}]},"5":{"loc":{"start":{"line":91,"column":6},"end":{"line":96,"column":null}},"type":"if","locations":[{"start":{"line":91,"column":6},"end":{"line":96,"column":null}},{"start":{"line":91,"column":6},"end":{"line":96,"column":null}}]}},"s":{"0":1,"1":1,"2":1,"3":1,"4":1,"5":1,"6":1,"7":1,"8":1,"9":0,"10":0,"11":0,"12":0,"13":0,"14":2,"15":0,"16":0,"17":0,"18":2,"19":0,"20":0,"21":0,"22":0,"23":0,"24":2,"25":0,"26":2,"27":0,"28":2,"29":0,"30":2,"31":0,"32":0,"33":0,"34":2,"35":0,"36":0,"37":2,"38":0,"39":2,"40":0,"41":1,"42":1,"43":1,"44":1,"45":1,"46":1,"47":1,"48":1},"f":{"0":1,"1":0,"2":0,"3":0,"4":0,"5":0,"6":0,"7":0,"8":0,"9":0,"10":0},"b":{"0":[0,0],"1":[0,0],"2":[0,0],"3":[0,0],"4":[0,0],"5":[0,0]}}
,"/Users/duanguang/Documents/Front-End/legions/legions-design-element/packages/legions-pro-design/src/components/LegionsStoreTable/pageListEntity.ts": {"path":"/Users/duanguang/Documents/Front-End/legions/legions-design-element/packages/legions-pro-design/src/components/LegionsStoreTable/pageListEntity.ts","statementMap":{"0":{"start":{"line":1,"column":0},"end":{"line":1,"column":45}},"1":{"start":{"line":3,"column":0},"end":{"line":3,"column":null}},"2":{"start":{"line":3,"column":52},"end":{"line":3,"column":65}},"3":{"start":{"line":19,"column":4},"end":{"line":19,"column":null}},"4":{"start":{"line":6,"column":2},"end":{"line":6,"column":20}},"5":{"start":{"line":7,"column":2},"end":{"line":7,"column":22}},"6":{"start":{"line":8,"column":2},"end":{"line":8,"column":24}},"7":{"start":{"line":20,"column":4},"end":{"line":20,"column":21}},"8":{"start":{"line":21,"column":4},"end":{"line":34,"column":null}},"9":{"start":{"line":22,"column":6},"end":{"line":22,"column":56}},"10":{"start":{"line":23,"column":6},"end":{"line":23,"column":60}},"11":{"start":{"line":24,"column":6},"end":{"line":24,"column":52}},"12":{"start":{"line":25,"column":6},"end":{"line":25,"column":51}},"13":{"start":{"line":26,"column":6},"end":{"line":26,"column":55}},"14":{"start":{"line":27,"column":6},"end":{"line":27,"column":58}},"15":{"start":{"line":28,"column":6},"end":{"line":33,"column":null}},"16":{"start":{"line":32,"column":8},"end":{"line":32,"column":58}},"17":{"start":{"line":36,"column":0},"end":{"line":36,"column":null}},"18":{"start":{"line":3,"column":13},"end":{"line":3,"column":27}}},"fnMap":{"0":{"name":"(anonymous_0)","decl":{"start":{"line":3,"column":0},"end":{"line":3,"column":13}},"loc":{"start":{"line":3,"column":0},"end":{"line":36,"column":null}}},"1":{"name":"PageListEntity","decl":{"start":{"line":9,"column":2},"end":{"line":9,"column":14}},"loc":{"start":{"line":18,"column":3},"end":{"line":35,"column":3}}}},"branchMap":{"0":{"loc":{"start":{"line":19,"column":4},"end":{"line":19,"column":11}},"type":"binary-expr","locations":[{"start":{"line":19,"column":4},"end":{"line":19,"column":11}},{"start":{"line":19,"column":11},"end":{"line":19,"column":null}}]},"1":{"loc":{"start":{"line":21,"column":4},"end":{"line":34,"column":null}},"type":"if","locations":[{"start":{"line":21,"column":4},"end":{"line":34,"column":null}},{"start":{"line":21,"column":4},"end":{"line":34,"column":null}}]},"2":{"loc":{"start":{"line":21,"column":8},"end":{"line":21,"column":15}},"type":"binary-expr","locations":[{"start":{"line":21,"column":8},"end":{"line":21,"column":15}},{"start":{"line":21,"column":19},"end":{"line":21,"column":59}}]},"3":{"loc":{"start":{"line":22,"column":21},"end":{"line":22,"column":45}},"type":"binary-expr","locations":[{"start":{"line":22,"column":21},"end":{"line":22,"column":45}},{"start":{"line":22,"column":49},"end":{"line":22,"column":55}}]},"4":{"loc":{"start":{"line":23,"column":47},"end":{"line":23,"column":51}},"type":"cond-expr","locations":[{"start":{"line":23,"column":47},"end":{"line":23,"column":51}},{"start":{"line":23,"column":54},"end":{"line":23,"column":59}}]},"5":{"loc":{"start":{"line":24,"column":18},"end":{"line":24,"column":45}},"type":"binary-expr","locations":[{"start":{"line":24,"column":18},"end":{"line":24,"column":45}},{"start":{"line":24,"column":49},"end":{"line":24,"column":51}}]},"6":{"loc":{"start":{"line":25,"column":19},"end":{"line":25,"column":45}},"type":"binary-expr","locations":[{"start":{"line":25,"column":19},"end":{"line":25,"column":45}},{"start":{"line":25,"column":49},"end":{"line":25,"column":50}}]},"7":{"loc":{"start":{"line":26,"column":21},"end":{"line":26,"column":49}},"type":"binary-expr","locations":[{"start":{"line":26,"column":21},"end":{"line":26,"column":49}},{"start":{"line":26,"column":53},"end":{"line":26,"column":54}}]},"8":{"loc":{"start":{"line":27,"column":22},"end":{"line":27,"column":51}},"type":"binary-expr","locations":[{"start":{"line":27,"column":22},"end":{"line":27,"column":51}},{"start":{"line":27,"column":55},"end":{"line":27,"column":57}}]},"9":{"loc":{"start":{"line":28,"column":6},"end":{"line":33,"column":null}},"type":"if","locations":[{"start":{"line":28,"column":6},"end":{"line":33,"column":null}},{"start":{"line":28,"column":6},"end":{"line":33,"column":null}}]},"10":{"loc":{"start":{"line":29,"column":8},"end":{"line":29,"column":29}},"type":"binary-expr","locations":[{"start":{"line":29,"column":8},"end":{"line":29,"column":29}},{"start":{"line":30,"column":8},"end":{"line":30,"column":51}}]}},"s":{"0":1,"1":1,"2":1,"3":0,"4":0,"5":0,"6":0,"7":0,"8":0,"9":0,"10":0,"11":0,"12":0,"13":0,"14":0,"15":0,"16":0,"17":1,"18":1},"f":{"0":1,"1":0},"b":{"0":[0,0],"1":[0,0],"2":[0,0],"3":[0,0],"4":[0,0],"5":[0,0],"6":[0,0],"7":[0,0],"8":[0,0],"9":[0,0],"10":[0,0]}}
,"/Users/duanguang/Documents/Front-End/legions/legions-design-element/packages/legions-pro-design/src/components/services/index.ts": {"path":"/Users/duanguang/Documents/Front-End/legions/legions-design-element/packages/legions-pro-design/src/components/services/index.ts","statementMap":{"0":{"start":{"line":11,"column":0},"end":{"line":11,"column":45}},"1":{"start":{"line":12,"column":0},"end":{"line":12,"column":40}},"2":{"start":{"line":24,"column":10},"end":{"line":24,"column":54}},"3":{"start":{"line":25,"column":4},"end":{"line":31,"column":null}},"4":{"start":{"line":30,"column":8},"end":{"line":30,"column":22}},"5":{"start":{"line":19,"column":0},"end":{"line":19,"column":22}},"6":{"start":{"line":35,"column":10},"end":{"line":35,"column":54}},"7":{"start":{"line":36,"column":4},"end":{"line":42,"column":null}},"8":{"start":{"line":41,"column":8},"end":{"line":41,"column":22}},"9":{"start":{"line":34,"column":0},"end":{"line":34,"column":22}}},"fnMap":{"0":{"name":"editTableColumns","decl":{"start":{"line":19,"column":22},"end":{"line":19,"column":38}},"loc":{"start":{"line":22,"column":15},"end":{"line":32,"column":null}}},"1":{"name":"(anonymous_3)","decl":{"start":{"line":29,"column":12},"end":{"line":29,"column":18}},"loc":{"start":{"line":29,"column":18},"end":{"line":31,"column":5}}},"2":{"name":"queryTableColumns","decl":{"start":{"line":34,"column":22},"end":{"line":34,"column":39}},"loc":{"start":{"line":34,"column":69},"end":{"line":43,"column":null}}},"3":{"name":"(anonymous_7)","decl":{"start":{"line":40,"column":12},"end":{"line":40,"column":18}},"loc":{"start":{"line":40,"column":18},"end":{"line":42,"column":5}}}},"branchMap":{},"s":{"0":1,"1":1,"2":0,"3":0,"4":0,"5":1,"6":0,"7":0,"8":0,"9":1},"f":{"0":0,"1":0,"2":0,"3":0},"b":{}}
}
