TN:
SF:/Users/duanguang/Documents/Front-End/legions/legions-design-element/packages/legions-pro-design/src/components/LegionsCore/constant.project.ts
FNF:0
FNH:0
DA:1,2
LF:1
LH:1
BRF:0
BRH:0
end_of_record
TN:
SF:/Users/duanguang/Documents/Front-End/legions/legions-design-element/packages/legions-pro-design/src/components/LegionsCore/constant.storageKeys.ts
FNF:0
FNH:0
DA:3,2
DA:5,2
DA:7,2
DA:9,2
DA:11,2
DA:13,2
LF:6
LH:6
BRF:0
BRH:0
end_of_record
TN:
SF:/Users/duanguang/Documents/Front-End/legions/legions-design-element/packages/legions-pro-design/src/components/LegionsCore/index.ts
FNF:0
FNH:0
DA:11,2
DA:12,2
DA:13,2
DA:14,2
DA:20,2
LF:5
LH:5
BRF:0
BRH:0
end_of_record
TN:
SF:/Users/duanguang/Documents/Front-End/legions/legions-design-element/packages/legions-pro-design/src/components/LegionsCore/legionsFetch.ts
FN:15,(anonymous_0)
FN:42,(anonymous_1)
FN:43,(anonymous_3)
FN:58,(anonymous_4)
FN:62,(anonymous_5)
FN:70,(anonymous_6)
FN:74,(anonymous_7)
FN:78,(anonymous_8)
FN:86,(anonymous_9)
FNF:9
FNH:4
FNDA:1,(anonymous_0)
FNDA:3,(anonymous_1)
FNDA:1,(anonymous_3)
FNDA:0,(anonymous_4)
FNDA:0,(anonymous_5)
FNDA:0,(anonymous_6)
FNDA:1,(anonymous_7)
FNDA:0,(anonymous_8)
FNDA:0,(anonymous_9)
DA:11,2
DA:13,2
DA:14,2
DA:17,1
DA:18,1
DA:42,2
DA:43,2
DA:44,1
DA:53,1
DA:54,1
DA:56,1
DA:58,2
DA:59,0
DA:61,0
DA:63,0
DA:64,0
DA:65,0
DA:68,0
DA:71,0
DA:74,2
DA:75,1
DA:77,1
DA:79,0
DA:80,0
DA:81,0
DA:84,0
DA:87,0
DA:90,2
LF:28
LH:16
BRDA:53,0,0,1
BRDA:53,0,1,0
BRDA:61,1,0,0
BRDA:61,1,1,0
BRDA:64,2,0,0
BRDA:64,2,1,0
BRDA:71,3,0,0
BRDA:71,3,1,0
BRDA:77,4,0,1
BRDA:77,4,1,0
BRDA:80,5,0,0
BRDA:80,5,1,0
BRDA:87,6,0,0
BRDA:87,6,1,0
BRF:14
BRH:2
end_of_record
TN:
SF:/Users/duanguang/Documents/Front-End/legions/legions-design-element/packages/legions-pro-design/src/components/LegionsModels/index.ts
FNF:0
FNH:0
DA:11,2
DA:12,2
DA:13,2
DA:14,2
DA:16,2
DA:28,2
LF:6
LH:6
BRF:0
BRH:0
end_of_record
TN:
SF:/Users/duanguang/Documents/Front-End/legions/legions-design-element/packages/legions-pro-design/src/components/LegionsModels/selectKeyValue.ts
FN:3,(anonymous_0)
FN:20,(anonymous_2)
FN:26,SelectKeyValue
FNF:3
FNH:2
FNDA:2,(anonymous_0)
FNDA:2,(anonymous_2)
FNDA:0,SelectKeyValue
DA:1,2
DA:2,2
DA:3,2
DA:5,2
DA:8,2
DA:11,2
DA:14,2
DA:17,2
DA:18,2
DA:20,2
DA:23,0
DA:24,0
DA:25,0
DA:35,0
DA:36,0
DA:37,0
DA:38,0
DA:39,0
DA:40,0
DA:41,0
DA:42,0
DA:43,0
DA:44,0
DA:48,0
DA:49,0
DA:53,2
LF:26
LH:11
BRDA:35,0,0,0
BRDA:35,0,1,0
BRDA:37,1,0,0
BRDA:37,1,1,0
BRDA:37,2,0,0
BRDA:37,2,1,0
BRDA:38,3,0,0
BRDA:38,3,1,0
BRDA:39,4,0,0
BRDA:39,4,1,0
BRDA:40,5,0,0
BRDA:40,5,1,0
BRDA:41,6,0,0
BRDA:41,6,1,0
BRDA:42,7,0,0
BRDA:42,7,1,0
BRDA:43,8,0,0
BRDA:43,8,1,0
BRDA:44,9,0,0
BRDA:44,9,1,0
BRDA:45,10,0,0
BRDA:45,10,1,0
BRF:22
BRH:0
end_of_record
TN:
SF:/Users/duanguang/Documents/Front-End/legions/legions-design-element/packages/legions-pro-design/src/components/LegionsModels/pro.base.model/index.ts
FN:3,(anonymous_0)
FN:4,BaseEntity
FN:37,(anonymous_2)
FN:38,(anonymous_3)
FN:42,(anonymous_4)
FN:43,(anonymous_5)
FN:47,(anonymous_6)
FN:51,(anonymous_7)
FN:53,ContainerEntity
FNF:9
FNH:2
FNDA:2,(anonymous_0)
FNDA:0,BaseEntity
FNDA:0,(anonymous_2)
FNDA:0,(anonymous_3)
FNDA:0,(anonymous_4)
FNDA:0,(anonymous_5)
FNDA:0,(anonymous_6)
FNDA:2,(anonymous_7)
FNDA:0,ContainerEntity
DA:1,2
DA:3,2
DA:11,0
DA:19,0
DA:27,0
DA:36,0
DA:37,2
DA:38,0
DA:39,0
DA:42,2
DA:43,0
DA:44,0
DA:47,2
DA:48,0
DA:50,2
DA:51,2
DA:54,0
DA:56,0
DA:57,0
DA:58,0
DA:59,0
DA:60,0
DA:63,2
LF:23
LH:8
BRDA:38,0,0,0
BRDA:38,0,1,0
BRDA:43,1,0,0
BRDA:43,1,1,0
BRDA:54,2,0,0
BRDA:54,2,1,0
BRDA:56,3,0,0
BRDA:56,3,1,0
BRDA:56,4,0,0
BRDA:56,4,1,0
BRDA:57,5,0,0
BRDA:57,5,1,0
BRDA:58,6,0,0
BRDA:58,6,1,0
BRDA:60,7,0,0
BRDA:60,7,1,0
BRF:16
BRH:0
end_of_record
TN:
SF:/Users/duanguang/Documents/Front-End/legions/legions-design-element/packages/legions-pro-design/src/components/LegionsModels/pro.menu.model/index.ts
FN:16,(anonymous_0)
FN:43,(anonymous_2)
FN:44,MenuEntity
FN:120,(anonymous_4)
FN:131,MenuContainerEntity
FNF:5
FNH:3
FNDA:2,(anonymous_0)
FNDA:2,(anonymous_2)
FNDA:0,MenuEntity
FNDA:2,(anonymous_4)
FNDA:0,MenuContainerEntity
DA:10,2
DA:12,2
DA:16,2
DA:42,2
DA:43,2
DA:45,0
DA:53,2
DA:61,2
DA:69,2
DA:77,2
DA:85,2
DA:94,2
DA:97,2
DA:100,2
DA:102,0
DA:103,0
DA:112,2
DA:120,2
DA:132,0
DA:133,0
DA:134,0
DA:135,0
DA:136,0
DA:137,0
DA:138,0
DA:140,0
DA:143,2
LF:27
LH:16
BRDA:45,0,0,0
BRDA:45,0,1,0
BRDA:132,1,0,0
BRDA:132,1,1,0
BRDA:133,2,0,0
BRDA:133,2,1,0
BRDA:134,3,0,0
BRDA:134,3,1,0
BRDA:135,4,0,0
BRDA:135,4,1,0
BRDA:137,5,0,0
BRDA:137,5,1,0
BRDA:137,6,0,0
BRDA:137,6,1,0
BRF:14
BRH:0
end_of_record
TN:
SF:/Users/duanguang/Documents/Front-End/legions/legions-design-element/packages/legions-pro-design/src/components/LegionsModels/pro.table.model/index.ts
FN:3,(anonymous_0)
FN:9,(anonymous_2)
FN:34,(anonymous_4)
FN:37,TableColumnsContainerEntity
FNF:4
FNH:3
FNDA:2,(anonymous_0)
FNDA:2,(anonymous_2)
FNDA:2,(anonymous_4)
FNDA:0,TableColumnsContainerEntity
DA:1,2
DA:2,2
DA:3,2
DA:5,2
DA:7,2
DA:8,2
DA:9,2
DA:16,2
DA:24,2
DA:25,2
DA:34,2
DA:38,0
DA:39,0
DA:40,0
DA:41,0
DA:42,0
DA:43,0
DA:44,0
DA:45,0
DA:49,2
LF:20
LH:12
BRDA:38,0,0,0
BRDA:38,0,1,0
BRDA:39,1,0,0
BRDA:39,1,1,0
BRDA:40,2,0,0
BRDA:40,2,1,0
BRDA:41,3,0,0
BRDA:41,3,1,0
BRDA:42,4,0,0
BRDA:42,4,1,0
BRDA:44,5,0,0
BRDA:44,5,1,0
BRDA:44,6,0,0
BRDA:44,6,1,0
BRF:14
BRH:0
end_of_record
TN:
SF:/Users/duanguang/Documents/Front-End/legions/legions-design-element/packages/legions-pro-design/src/components/LegionsProDragger/index.tsx
FN:11,(anonymous_0)
FN:30,(anonymous_2)
FN:44,(anonymous_3)
FN:47,(anonymous_4)
FN:80,(anonymous_5)
FN:89,(anonymous_6)
FN:98,(anonymous_7)
FN:105,(anonymous_8)
FN:121,(anonymous_9)
FNF:9
FNH:5
FNDA:5,(anonymous_0)
FNDA:3,(anonymous_2)
FNDA:30,(anonymous_3)
FNDA:0,(anonymous_4)
FNDA:0,(anonymous_5)
FNDA:0,(anonymous_6)
FNDA:0,(anonymous_7)
FNDA:3,(anonymous_8)
FNDA:3,(anonymous_9)
DA:2,2
DA:3,2
DA:4,2
DA:7,2
DA:11,3
DA:12,2
DA:22,2
DA:27,3
DA:28,3
DA:30,3
DA:31,3
DA:33,3
DA:45,30
DA:47,30
DA:48,0
DA:50,0
DA:51,0
DA:52,0
DA:53,0
DA:54,0
DA:55,0
DA:56,0
DA:58,0
DA:59,0
DA:60,0
DA:61,0
DA:63,0
DA:65,0
DA:68,0
DA:71,0
DA:74,0
DA:75,0
DA:76,0
DA:77,0
DA:80,0
DA:81,0
DA:86,3
DA:89,2
DA:92,0
DA:93,0
DA:95,0
DA:98,2
DA:99,0
DA:100,0
DA:101,0
DA:105,3
DA:107,3
DA:108,3
DA:109,3
DA:111,3
DA:112,3
DA:113,3
DA:114,3
DA:115,3
DA:122,3
DA:129,2
LF:56
LH:28
BRDA:11,0,0,3
BRDA:11,0,1,3
BRDA:11,0,2,3
BRDA:50,1,0,0
BRDA:50,1,1,0
BRDA:53,2,0,0
BRDA:53,2,1,0
BRDA:53,3,0,0
BRDA:53,3,1,0
BRDA:53,3,2,0
BRDA:58,4,0,0
BRDA:58,4,1,0
BRDA:58,5,0,0
BRDA:58,5,1,0
BRDA:60,6,0,0
BRDA:60,6,1,0
BRDA:61,7,0,0
BRDA:61,7,1,0
BRDA:63,8,0,0
BRDA:63,8,1,0
BRDA:63,9,0,0
BRDA:63,9,1,0
BRDA:68,10,0,0
BRDA:68,10,1,0
BRDA:71,11,0,0
BRDA:71,11,1,0
BRDA:74,12,0,0
BRDA:74,12,1,0
BRDA:76,13,0,0
BRDA:76,13,1,0
BRDA:81,14,0,0
BRDA:81,14,1,0
BRDA:92,15,0,0
BRDA:92,15,1,0
BRDA:99,16,0,0
BRDA:99,16,1,0
BRF:36
BRH:3
end_of_record
TN:
SF:/Users/duanguang/Documents/Front-End/legions/legions-design-element/packages/legions-pro-design/src/components/LegionsProForm/AbstractForm.tsx
FN:4,(anonymous_0)
FN:5,(anonymous_2)
FN:16,(anonymous_3)
FN:24,(anonymous_4)
FNF:4
FNH:2
FNDA:16,(anonymous_0)
FNDA:0,(anonymous_2)
FNDA:14,(anonymous_3)
FNDA:0,(anonymous_4)
DA:1,2
DA:4,2
DA:5,2
DA:6,0
DA:7,0
DA:8,0
DA:9,0
DA:10,0
DA:11,0
DA:14,0
DA:16,2
DA:17,14
DA:18,14
DA:19,14
DA:20,11
DA:24,2
DA:25,0
DA:26,0
DA:27,0
DA:28,0
DA:29,0
DA:32,0
DA:34,2
LF:23
LH:10
BRDA:6,0,0,0
BRDA:6,0,1,0
BRDA:9,1,0,0
BRDA:9,1,1,0
BRDA:17,2,0,14
BRDA:17,2,1,0
BRDA:19,3,0,11
BRDA:19,3,1,3
BRDA:25,4,0,0
BRDA:25,4,1,0
BRDA:27,5,0,0
BRDA:27,5,1,0
BRF:12
BRH:3
end_of_record
TN:
SF:/Users/duanguang/Documents/Front-End/legions/legions-design-element/packages/legions-pro-design/src/components/LegionsProForm/CreateForm.tsx
FN:19,(anonymous_0)
FN:20,(anonymous_2)
FN:35,(anonymous_3)
FN:49,(anonymous_4)
FN:65,(anonymous_5)
FN:80,(anonymous_6)
FN:93,(anonymous_7)
FN:106,(anonymous_8)
FN:119,(anonymous_9)
FN:134,(anonymous_10)
FN:149,(anonymous_11)
FN:164,(anonymous_12)
FN:180,(anonymous_13)
FN:191,(anonymous_14)
FNF:14
FNH:7
FNDA:4,(anonymous_0)
FNDA:5,(anonymous_2)
FNDA:1,(anonymous_3)
FNDA:3,(anonymous_4)
FNDA:2,(anonymous_5)
FNDA:0,(anonymous_6)
FNDA:0,(anonymous_7)
FNDA:0,(anonymous_8)
FNDA:1,(anonymous_9)
FNDA:0,(anonymous_10)
FNDA:0,(anonymous_11)
FNDA:0,(anonymous_12)
FNDA:1,(anonymous_13)
FNDA:0,(anonymous_14)
DA:1,2
DA:2,2
DA:4,2
DA:5,2
DA:6,2
DA:7,2
DA:8,2
DA:9,2
DA:11,2
DA:13,2
DA:14,2
DA:16,2
DA:17,2
DA:18,2
DA:19,2
DA:20,2
DA:21,15
DA:22,5
DA:35,2
DA:36,3
DA:37,1
DA:49,2
DA:50,9
DA:51,3
DA:65,2
DA:66,6
DA:67,2
DA:80,2
DA:81,0
DA:82,0
DA:93,2
DA:94,0
DA:95,0
DA:106,2
DA:107,0
DA:108,0
DA:119,2
DA:120,3
DA:121,1
DA:134,2
DA:135,0
DA:136,0
DA:149,2
DA:150,0
DA:151,0
DA:164,2
DA:165,0
DA:166,0
DA:180,2
DA:181,3
DA:182,1
DA:191,2
DA:192,0
DA:193,0
DA:206,2
LF:55
LH:41
BRF:0
BRH:0
end_of_record
TN:
SF:/Users/duanguang/Documents/Front-End/legions/legions-design-element/packages/legions-pro-design/src/components/LegionsProForm/FormCascader.tsx
FN:13,(anonymous_0)
FN:14,LabelWithCascaderModel
FN:52,(anonymous_2)
FN:54,FormCascader
FN:57,(anonymous_4)
FN:60,(anonymous_5)
FN:63,(anonymous_6)
FN:66,(anonymous_7)
FN:76,(anonymous_8)
FNF:9
FNH:7
FNDA:2,(anonymous_0)
FNDA:1,LabelWithCascaderModel
FNDA:2,(anonymous_2)
FNDA:1,FormCascader
FNDA:0,(anonymous_4)
FNDA:1,(anonymous_5)
FNDA:0,(anonymous_6)
FNDA:1,(anonymous_7)
FNDA:1,(anonymous_8)
DA:4,2
DA:5,2
DA:7,2
DA:8,2
DA:11,2
DA:13,2
DA:14,1
DA:15,1
DA:16,1
DA:20,2
DA:52,2
DA:53,1
DA:55,1
DA:57,1
DA:60,2
DA:61,1
DA:63,2
DA:64,0
DA:66,2
DA:67,1
DA:68,2
DA:69,3
DA:70,1
DA:71,1
DA:72,0
DA:74,1
DA:77,1
DA:102,2
LF:28
LH:26
BRDA:55,0,0,1
BRDA:55,0,1,0
BRDA:71,1,0,0
BRDA:71,1,1,1
BRF:4
BRH:2
end_of_record
TN:
SF:/Users/duanguang/Documents/Front-End/legions/legions-design-element/packages/legions-pro-design/src/components/LegionsProForm/FormCheckbox.tsx
FN:16,(anonymous_0)
FN:17,LabelWithCheckboxModel
FN:53,(anonymous_2)
FN:55,FormCheckbox
FN:60,(anonymous_4)
FN:63,(anonymous_5)
FN:66,(anonymous_6)
FN:76,(anonymous_7)
FN:92,(anonymous_8)
FNF:9
FNH:2
FNDA:2,(anonymous_0)
FNDA:0,LabelWithCheckboxModel
FNDA:2,(anonymous_2)
FNDA:0,FormCheckbox
FNDA:0,(anonymous_4)
FNDA:0,(anonymous_5)
FNDA:0,(anonymous_6)
FNDA:0,(anonymous_7)
FNDA:0,(anonymous_8)
DA:8,2
DA:9,2
DA:12,2
DA:13,2
DA:15,2
DA:16,2
DA:17,0
DA:18,0
DA:19,0
DA:23,2
DA:53,2
DA:54,0
DA:56,0
DA:57,0
DA:60,2
DA:61,0
DA:63,2
DA:64,0
DA:66,2
DA:67,0
DA:68,0
DA:69,0
DA:70,0
DA:71,0
DA:72,0
DA:74,0
DA:77,0
DA:93,0
DA:94,0
DA:95,0
DA:97,0
DA:106,2
LF:32
LH:12
BRDA:56,0,0,0
BRDA:56,0,1,0
BRDA:71,1,0,0
BRDA:71,1,1,0
BRDA:94,2,0,0
BRDA:94,2,1,0
BRF:6
BRH:0
end_of_record
TN:
SF:/Users/duanguang/Documents/Front-End/legions/legions-design-element/packages/legions-pro-design/src/components/LegionsProForm/FormDatePicker.tsx
FN:9,(anonymous_0)
FN:10,LabelWithDatePickerModel
FN:37,(anonymous_2)
FN:39,FormDatePicker
FN:42,(anonymous_4)
FN:52,(anonymous_5)
FN:55,(anonymous_6)
FN:58,(anonymous_7)
FN:71,(anonymous_8)
FNF:9
FNH:2
FNDA:2,(anonymous_0)
FNDA:0,LabelWithDatePickerModel
FNDA:2,(anonymous_2)
FNDA:0,FormDatePicker
FNDA:0,(anonymous_4)
FNDA:0,(anonymous_5)
FNDA:0,(anonymous_6)
FNDA:0,(anonymous_7)
FNDA:0,(anonymous_8)
DA:1,2
DA:2,2
DA:4,2
DA:5,2
DA:7,2
DA:9,2
DA:10,0
DA:11,0
DA:12,0
DA:16,2
DA:37,2
DA:38,0
DA:40,0
DA:42,2
DA:43,0
DA:44,0
DA:45,0
DA:46,0
DA:47,0
DA:50,0
DA:52,2
DA:53,0
DA:55,2
DA:56,0
DA:58,2
DA:59,0
DA:60,0
DA:61,0
DA:62,0
DA:63,0
DA:64,0
DA:66,0
DA:72,0
DA:101,2
LF:34
LH:13
BRDA:40,0,0,0
BRDA:40,0,1,0
BRDA:44,1,0,0
BRDA:44,1,1,0
BRDA:46,2,0,0
BRDA:46,2,1,0
BRDA:46,3,0,0
BRDA:46,3,1,0
BRDA:50,4,0,0
BRDA:50,4,1,0
BRDA:50,4,2,0
BRDA:63,5,0,0
BRDA:63,5,1,0
BRF:13
BRH:0
end_of_record
TN:
SF:/Users/duanguang/Documents/Front-End/legions/legions-design-element/packages/legions-pro-design/src/components/LegionsProForm/FormElement.tsx
FN:47,(anonymous_0)
FN:77,(anonymous_1)
FN:85,FormElement
FN:93,(anonymous_3)
FN:95,(anonymous_4)
FN:109,(anonymous_5)
FN:112,(anonymous_6)
FN:121,(anonymous_7)
FN:132,(anonymous_8)
FN:142,(anonymous_9)
FN:149,(anonymous_10)
FN:164,(anonymous_11)
FN:172,(anonymous_12)
FN:194,(anonymous_13)
FN:202,(anonymous_14)
FN:209,(anonymous_15)
FN:235,(anonymous_16)
FN:264,(anonymous_17)
FNF:18
FNH:8
FNDA:2,(anonymous_0)
FNDA:2,(anonymous_1)
FNDA:14,FormElement
FNDA:0,(anonymous_3)
FNDA:0,(anonymous_4)
FNDA:14,(anonymous_5)
FNDA:0,(anonymous_6)
FNDA:28,(anonymous_7)
FNDA:14,(anonymous_8)
FNDA:0,(anonymous_9)
FNDA:0,(anonymous_10)
FNDA:0,(anonymous_11)
FNDA:0,(anonymous_12)
FNDA:0,(anonymous_13)
FNDA:0,(anonymous_14)
FNDA:0,(anonymous_15)
FNDA:14,(anonymous_16)
FNDA:14,(anonymous_17)
DA:1,2
DA:2,2
DA:5,2
DA:6,2
DA:7,2
DA:10,2
DA:11,2
DA:47,2
DA:52,2
DA:58,2
DA:64,2
DA:66,2
DA:67,2
DA:77,2
DA:78,2
DA:83,14
DA:84,14
DA:86,14
DA:87,14
DA:90,14
DA:93,14
DA:94,0
DA:95,0
DA:96,0
DA:97,0
DA:98,0
DA:99,0
DA:101,0
DA:102,0
DA:103,0
DA:105,0
DA:109,2
DA:110,14
DA:112,2
DA:113,0
DA:121,42
DA:122,28
DA:123,28
DA:124,0
DA:125,0
DA:126,0
DA:128,0
DA:130,28
DA:132,2
DA:133,14
DA:135,14
DA:136,0
DA:137,0
DA:139,0
DA:142,2
DA:143,0
DA:145,0
DA:146,0
DA:149,2
DA:150,0
DA:151,0
DA:152,0
DA:154,0
DA:155,0
DA:156,0
DA:159,0
DA:160,0
DA:161,0
DA:164,2
DA:165,0
DA:166,0
DA:167,0
DA:168,0
DA:169,0
DA:170,0
DA:171,0
DA:172,0
DA:173,0
DA:174,0
DA:177,0
DA:178,0
DA:179,0
DA:180,0
DA:183,0
DA:194,2
DA:195,0
DA:196,0
DA:197,0
DA:198,0
DA:199,0
DA:200,0
DA:201,0
DA:202,0
DA:203,0
DA:204,0
DA:207,0
DA:208,0
DA:209,0
DA:210,0
DA:214,0
DA:215,0
DA:216,0
DA:220,0
DA:221,0
DA:222,0
DA:223,0
DA:224,0
DA:225,0
DA:226,0
DA:227,0
DA:230,0
DA:235,2
DA:236,14
DA:237,14
DA:238,14
DA:239,14
DA:240,14
DA:241,14
DA:242,0
DA:243,0
DA:244,0
DA:245,0
DA:246,0
DA:248,0
DA:252,0
DA:253,0
DA:264,2
DA:265,14
DA:267,14
DA:271,2
LF:125
LH:46
BRDA:47,0,0,2
BRDA:47,0,1,2
BRDA:86,1,0,14
BRDA:86,1,1,14
BRDA:96,2,0,0
BRDA:96,2,1,0
BRDA:96,3,0,0
BRDA:96,3,1,0
BRDA:96,3,2,0
BRDA:98,4,0,0
BRDA:98,4,1,0
BRDA:102,5,0,0
BRDA:102,5,1,0
BRDA:110,6,0,14
BRDA:110,6,1,14
BRDA:121,7,0,14
BRDA:121,7,1,14
BRDA:123,8,0,0
BRDA:123,8,1,28
BRDA:125,9,0,0
BRDA:125,9,1,0
BRDA:125,10,0,0
BRDA:125,10,1,0
BRDA:135,11,0,0
BRDA:135,11,1,14
BRDA:135,12,0,14
BRDA:135,12,1,14
BRDA:136,13,0,0
BRDA:136,13,1,0
BRDA:145,14,0,0
BRDA:145,14,1,0
BRDA:145,15,0,0
BRDA:145,15,1,0
BRDA:151,16,0,0
BRDA:151,16,1,0
BRDA:155,17,0,0
BRDA:155,17,1,0
BRDA:160,18,0,0
BRDA:160,18,1,0
BRDA:166,19,0,0
BRDA:166,19,1,0
BRDA:168,20,0,0
BRDA:168,20,1,0
BRDA:171,21,0,0
BRDA:171,21,1,0
BRDA:173,22,0,0
BRDA:173,22,1,0
BRDA:173,23,0,0
BRDA:173,23,1,0
BRDA:174,24,0,0
BRDA:174,24,1,0
BRDA:177,25,0,0
BRDA:177,25,1,0
BRDA:177,26,0,0
BRDA:177,26,1,0
BRDA:196,27,0,0
BRDA:196,27,1,0
BRDA:198,28,0,0
BRDA:198,28,1,0
BRDA:201,29,0,0
BRDA:201,29,1,0
BRDA:203,30,0,0
BRDA:203,30,1,0
BRDA:203,31,0,0
BRDA:203,31,1,0
BRDA:204,32,0,0
BRDA:204,32,1,0
BRDA:207,33,0,0
BRDA:207,33,1,0
BRDA:207,34,0,0
BRDA:207,34,1,0
BRDA:220,35,0,0
BRDA:220,35,1,0
BRDA:222,36,0,0
BRDA:222,36,1,0
BRDA:224,37,0,0
BRDA:224,37,1,0
BRDA:224,38,0,0
BRDA:224,38,1,0
BRDA:237,39,0,14
BRDA:237,39,1,0
BRDA:239,40,0,14
BRDA:239,40,1,0
BRDA:241,41,0,0
BRDA:241,41,1,14
BRDA:241,42,0,14
BRDA:241,42,1,0
BRDA:245,43,0,0
BRDA:245,43,1,0
BRDA:245,44,0,0
BRDA:245,44,1,0
BRDA:245,44,2,0
BRDA:246,45,0,0
BRDA:246,45,1,0
BRDA:252,46,0,0
BRDA:252,46,1,0
BRDA:252,47,0,0
BRDA:252,47,1,0
BRDA:252,47,2,0
BRDA:252,47,3,0
BRDA:252,47,4,0
BRF:101
BRH:16
end_of_record
TN:
SF:/Users/duanguang/Documents/Front-End/legions/legions-design-element/packages/legions-pro-design/src/components/LegionsProForm/FormInput.tsx
FN:23,(anonymous_0)
FN:24,LabelWithInputModel
FN:81,(anonymous_2)
FN:82,TooltipInput
FN:86,(anonymous_4)
FN:108,(anonymous_5)
FN:114,(anonymous_6)
FN:139,(anonymous_7)
FN:143,(anonymous_8)
FN:152,(anonymous_9)
FN:154,FormInput
FN:157,(anonymous_11)
FN:163,(anonymous_12)
FN:166,(anonymous_13)
FN:170,(anonymous_14)
FN:174,(anonymous_15)
FN:184,(anonymous_16)
FN:191,(anonymous_17)
FN:194,(anonymous_18)
FN:210,(anonymous_19)
FN:228,(anonymous_20)
FNF:21
FNH:10
FNDA:2,(anonymous_0)
FNDA:7,LabelWithInputModel
FNDA:2,(anonymous_2)
FNDA:6,TooltipInput
FNDA:0,(anonymous_4)
FNDA:0,(anonymous_5)
FNDA:6,(anonymous_6)
FNDA:0,(anonymous_7)
FNDA:0,(anonymous_8)
FNDA:2,(anonymous_9)
FNDA:7,FormInput
FNDA:0,(anonymous_11)
FNDA:7,(anonymous_12)
FNDA:0,(anonymous_13)
FNDA:0,(anonymous_14)
FNDA:0,(anonymous_15)
FNDA:0,(anonymous_16)
FNDA:0,(anonymous_17)
FNDA:7,(anonymous_18)
FNDA:7,(anonymous_19)
FNDA:0,(anonymous_20)
DA:1,2
DA:2,2
DA:12,2
DA:13,2
DA:14,2
DA:15,2
DA:17,2
DA:18,2
DA:23,2
DA:24,7
DA:25,7
DA:26,7
DA:30,2
DA:81,2
DA:83,6
DA:86,2
DA:87,0
DA:88,0
DA:90,0
DA:108,2
DA:109,0
DA:110,0
DA:114,6
DA:115,6
DA:116,18
DA:117,6
DA:118,6
DA:121,6
DA:122,6
DA:123,6
DA:140,0
DA:141,0
DA:142,0
DA:143,0
DA:151,2
DA:152,2
DA:153,7
DA:155,7
DA:157,2
DA:158,0
DA:159,0
DA:161,0
DA:163,2
DA:164,7
DA:166,2
DA:167,0
DA:168,0
DA:170,2
DA:171,0
DA:172,0
DA:174,2
DA:175,0
DA:176,0
DA:177,0
DA:180,0
DA:181,0
DA:182,0
DA:184,2
DA:185,0
DA:186,0
DA:187,0
DA:189,0
DA:191,2
DA:192,0
DA:194,7
DA:195,7
DA:196,21
DA:197,7
DA:198,7
DA:199,7
DA:200,49
DA:201,7
DA:202,7
DA:203,7
DA:204,7
DA:205,7
DA:206,0
DA:208,7
DA:211,7
DA:229,0
DA:272,2
LF:81
LH:52
BRDA:83,0,0,6
BRDA:83,0,1,6
BRDA:87,1,0,0
BRDA:87,1,1,0
BRDA:87,2,0,0
BRDA:87,2,1,0
BRDA:110,3,0,0
BRDA:110,3,1,0
BRDA:124,4,0,1
BRDA:124,4,1,5
BRDA:128,5,0,0
BRDA:128,5,1,5
BRDA:137,6,0,5
BRDA:137,6,1,0
BRDA:137,6,2,0
BRDA:155,7,0,7
BRDA:155,7,1,0
BRDA:158,8,0,0
BRDA:158,8,1,0
BRDA:167,9,0,0
BRDA:167,9,1,0
BRDA:168,10,0,0
BRDA:168,10,1,0
BRDA:172,11,0,0
BRDA:172,11,1,0
BRDA:172,11,2,0
BRDA:176,12,0,0
BRDA:176,12,1,0
BRDA:182,13,0,0
BRDA:182,13,1,0
BRDA:182,13,2,0
BRDA:185,14,0,0
BRDA:185,14,1,0
BRDA:185,15,0,0
BRDA:185,15,1,0
BRDA:185,15,2,0
BRDA:187,16,0,0
BRDA:187,16,1,0
BRDA:189,17,0,0
BRDA:189,17,1,0
BRDA:197,18,0,7
BRDA:197,18,1,7
BRDA:198,19,0,7
BRDA:198,19,1,7
BRDA:199,20,0,7
BRDA:199,20,1,7
BRDA:202,21,0,6
BRDA:202,21,1,1
BRDA:203,22,0,7
BRDA:203,22,1,5
BRDA:205,23,0,0
BRDA:205,23,1,7
BRDA:214,24,0,1
BRDA:214,24,1,6
BRDA:229,25,0,0
BRDA:229,25,1,0
BRDA:234,26,0,1
BRDA:234,26,1,6
BRDA:237,27,0,1
BRDA:237,27,1,0
BRDA:241,28,0,1
BRDA:241,28,1,0
BRDA:242,29,0,1
BRDA:242,29,1,0
BRDA:245,30,0,6
BRDA:245,30,1,6
BRDA:256,31,0,0
BRDA:256,31,1,6
BRF:68
BRH:28
end_of_record
TN:
SF:/Users/duanguang/Documents/Front-End/legions/legions-design-element/packages/legions-pro-design/src/components/LegionsProForm/FormInputNumber.tsx
FN:8,(anonymous_0)
FN:9,LabelWithInputNumberModel
FN:40,(anonymous_2)
FN:42,FormInputNumber
FN:45,(anonymous_4)
FN:52,(anonymous_5)
FN:55,(anonymous_6)
FN:58,(anonymous_7)
FN:68,(anonymous_8)
FN:85,(anonymous_9)
FNF:10
FNH:7
FNDA:2,(anonymous_0)
FNDA:1,LabelWithInputNumberModel
FNDA:2,(anonymous_2)
FNDA:1,FormInputNumber
FNDA:0,(anonymous_4)
FNDA:1,(anonymous_5)
FNDA:0,(anonymous_6)
FNDA:1,(anonymous_7)
FNDA:1,(anonymous_8)
FNDA:0,(anonymous_9)
DA:1,2
DA:2,2
DA:4,2
DA:5,2
DA:7,2
DA:8,2
DA:9,1
DA:10,1
DA:11,1
DA:15,2
DA:40,2
DA:41,1
DA:43,1
DA:45,2
DA:46,0
DA:47,0
DA:48,0
DA:50,0
DA:52,2
DA:53,1
DA:55,2
DA:56,0
DA:58,2
DA:59,1
DA:60,2
DA:61,5
DA:62,1
DA:63,1
DA:64,0
DA:66,1
DA:69,1
DA:86,0
DA:103,2
LF:33
LH:26
BRDA:43,0,0,1
BRDA:43,0,1,0
BRDA:47,1,0,0
BRDA:47,1,1,0
BRDA:50,2,0,0
BRDA:50,2,1,0
BRDA:50,2,2,0
BRDA:63,3,0,0
BRDA:63,3,1,1
BRF:9
BRH:2
end_of_record
TN:
SF:/Users/duanguang/Documents/Front-End/legions/legions-design-element/packages/legions-pro-design/src/components/LegionsProForm/FormMonthPicker.tsx
FN:9,(anonymous_0)
FN:10,LabelWithMonthPickerModel
FN:37,(anonymous_2)
FN:39,FormMonthPicker
FN:42,(anonymous_4)
FN:49,(anonymous_5)
FN:52,(anonymous_6)
FN:55,(anonymous_7)
FN:65,(anonymous_8)
FNF:9
FNH:2
FNDA:2,(anonymous_0)
FNDA:0,LabelWithMonthPickerModel
FNDA:2,(anonymous_2)
FNDA:0,FormMonthPicker
FNDA:0,(anonymous_4)
FNDA:0,(anonymous_5)
FNDA:0,(anonymous_6)
FNDA:0,(anonymous_7)
FNDA:0,(anonymous_8)
DA:1,2
DA:2,2
DA:4,2
DA:5,2
DA:7,2
DA:8,2
DA:9,2
DA:10,0
DA:11,0
DA:12,0
DA:16,2
DA:37,2
DA:38,0
DA:40,0
DA:42,2
DA:43,0
DA:44,0
DA:45,0
DA:47,0
DA:49,2
DA:50,0
DA:52,2
DA:53,0
DA:55,2
DA:56,0
DA:57,0
DA:58,0
DA:59,0
DA:60,0
DA:61,0
DA:63,0
DA:66,0
DA:96,2
LF:33
LH:14
BRDA:40,0,0,0
BRDA:40,0,1,0
BRDA:44,1,0,0
BRDA:44,1,1,0
BRDA:47,2,0,0
BRDA:47,2,1,0
BRDA:47,2,2,0
BRDA:60,3,0,0
BRDA:60,3,1,0
BRF:9
BRH:0
end_of_record
TN:
SF:/Users/duanguang/Documents/Front-End/legions/legions-design-element/packages/legions-pro-design/src/components/LegionsProForm/FormRadioButton.tsx
FN:13,(anonymous_0)
FN:14,LabelWithRadioButtonModel
FN:52,(anonymous_2)
FN:54,FormRadioButton
FN:59,(anonymous_4)
FN:62,(anonymous_5)
FN:65,(anonymous_6)
FN:75,(anonymous_7)
FN:91,(anonymous_8)
FN:96,(anonymous_9)
FNF:10
FNH:2
FNDA:2,(anonymous_0)
FNDA:0,LabelWithRadioButtonModel
FNDA:2,(anonymous_2)
FNDA:0,FormRadioButton
FNDA:0,(anonymous_4)
FNDA:0,(anonymous_5)
FNDA:0,(anonymous_6)
FNDA:0,(anonymous_7)
FNDA:0,(anonymous_8)
FNDA:0,(anonymous_9)
DA:4,2
DA:5,2
DA:7,2
DA:8,2
DA:10,2
DA:11,2
DA:12,2
DA:13,2
DA:14,0
DA:15,0
DA:16,0
DA:20,2
DA:52,2
DA:53,0
DA:55,0
DA:56,0
DA:59,2
DA:60,0
DA:62,2
DA:63,0
DA:65,2
DA:66,0
DA:67,0
DA:68,0
DA:69,0
DA:70,0
DA:71,0
DA:73,0
DA:76,0
DA:92,0
DA:97,0
DA:108,2
LF:32
LH:14
BRDA:55,0,0,0
BRDA:55,0,1,0
BRDA:70,1,0,0
BRDA:70,1,1,0
BRDA:91,2,0,0
BRDA:91,2,1,0
BRDA:96,3,0,0
BRDA:96,3,1,0
BRF:8
BRH:0
end_of_record
TN:
SF:/Users/duanguang/Documents/Front-End/legions/legions-design-element/packages/legions-pro-design/src/components/LegionsProForm/FormRangePicker.tsx
FN:9,(anonymous_0)
FN:10,LabelWithRangePickerModel
FN:37,(anonymous_2)
FN:39,FormRangePicker
FN:42,(anonymous_4)
FN:49,(anonymous_5)
FN:52,(anonymous_6)
FN:55,(anonymous_7)
FN:65,(anonymous_8)
FNF:9
FNH:2
FNDA:2,(anonymous_0)
FNDA:0,LabelWithRangePickerModel
FNDA:2,(anonymous_2)
FNDA:0,FormRangePicker
FNDA:0,(anonymous_4)
FNDA:0,(anonymous_5)
FNDA:0,(anonymous_6)
FNDA:0,(anonymous_7)
FNDA:0,(anonymous_8)
DA:1,2
DA:2,2
DA:4,2
DA:5,2
DA:7,2
DA:8,2
DA:9,2
DA:10,0
DA:11,0
DA:12,0
DA:16,2
DA:37,2
DA:38,0
DA:40,0
DA:42,2
DA:43,0
DA:44,0
DA:45,0
DA:47,0
DA:49,2
DA:50,0
DA:52,2
DA:53,0
DA:55,2
DA:56,0
DA:57,0
DA:58,0
DA:59,0
DA:60,0
DA:61,0
DA:63,0
DA:66,0
DA:94,2
LF:33
LH:14
BRDA:40,0,0,0
BRDA:40,0,1,0
BRDA:44,1,0,0
BRDA:44,1,1,0
BRDA:47,2,0,0
BRDA:47,2,1,0
BRDA:47,2,2,0
BRDA:60,3,0,0
BRDA:60,3,1,0
BRF:9
BRH:0
end_of_record
TN:
SF:/Users/duanguang/Documents/Front-End/legions/legions-design-element/packages/legions-pro-design/src/components/LegionsProForm/FormRender.tsx
FN:14,(anonymous_0)
FN:26,LabelWithRenderModel
FN:72,(anonymous_2)
FN:73,FormRender
FN:76,(anonymous_4)
FNF:5
FNH:5
FNDA:2,(anonymous_0)
FNDA:2,LabelWithRenderModel
FNDA:2,(anonymous_2)
FNDA:2,FormRender
FNDA:2,(anonymous_4)
DA:1,2
DA:14,2
DA:26,2
DA:27,2
DA:28,2
DA:32,2
DA:72,2
DA:74,2
DA:76,2
DA:77,2
DA:79,2
DA:80,2
DA:82,2
LF:13
LH:13
BRDA:74,0,0,2
BRDA:74,0,1,2
BRF:2
BRH:2
end_of_record
TN:
SF:/Users/duanguang/Documents/Front-End/legions/legions-design-element/packages/legions-pro-design/src/components/LegionsProForm/FormSelect.tsx
FN:22,(anonymous_0)
FN:24,(anonymous_2)
FN:51,(anonymous_3)
FN:53,FormSelect
FN:158,(anonymous_5)
FN:178,(anonymous_6)
FN:60,(anonymous_7)
FN:66,(anonymous_8)
FN:70,(anonymous_9)
FN:79,(anonymous_10)
FN:88,(anonymous_11)
FN:96,(anonymous_12)
FN:110,(anonymous_13)
FN:127,(anonymous_14)
FN:138,(anonymous_15)
FN:141,(anonymous_16)
FN:172,(anonymous_17)
FN:191,(anonymous_18)
FN:194,(anonymous_19)
FN:208,(anonymous_20)
FNF:20
FNH:8
FNDA:6,(anonymous_0)
FNDA:4,(anonymous_2)
FNDA:2,(anonymous_3)
FNDA:4,FormSelect
FNDA:0,(anonymous_5)
FNDA:0,(anonymous_6)
FNDA:0,(anonymous_7)
FNDA:4,(anonymous_8)
FNDA:0,(anonymous_9)
FNDA:4,(anonymous_10)
FNDA:0,(anonymous_11)
FNDA:0,(anonymous_12)
FNDA:0,(anonymous_13)
FNDA:0,(anonymous_14)
FNDA:0,(anonymous_15)
FNDA:0,(anonymous_16)
FNDA:0,(anonymous_17)
FNDA:0,(anonymous_18)
FNDA:4,(anonymous_19)
FNDA:4,(anonymous_20)
DA:1,2
DA:2,2
DA:3,2
DA:4,2
DA:5,2
DA:8,2
DA:9,2
DA:10,2
DA:12,2
DA:13,2
DA:22,2
DA:24,2
DA:25,4
DA:26,4
DA:27,4
DA:36,2
DA:51,2
DA:52,4
DA:54,4
DA:55,4
DA:60,2
DA:61,0
DA:66,2
DA:67,4
DA:68,4
DA:70,2
DA:71,0
DA:72,0
DA:73,0
DA:74,0
DA:75,0
DA:79,2
DA:80,4
DA:81,4
DA:82,0
DA:83,0
DA:84,0
DA:88,2
DA:89,0
DA:90,0
DA:91,0
DA:92,0
DA:93,0
DA:94,0
DA:96,0
DA:97,0
DA:98,0
DA:99,0
DA:100,0
DA:102,0
DA:110,2
DA:111,0
DA:112,0
DA:113,0
DA:114,0
DA:115,0
DA:118,0
DA:119,0
DA:120,0
DA:121,0
DA:122,0
DA:125,0
DA:127,2
DA:128,0
DA:129,0
DA:133,0
DA:134,0
DA:136,0
DA:138,2
DA:139,0
DA:141,2
DA:143,0
DA:144,0
DA:145,0
DA:146,0
DA:153,0
DA:154,0
DA:156,0
DA:158,4
DA:160,0
DA:161,0
DA:162,0
DA:163,0
DA:170,0
DA:172,2
DA:173,0
DA:174,0
DA:175,0
DA:178,4
DA:179,0
DA:180,0
DA:181,0
DA:182,0
DA:189,0
DA:191,2
DA:192,0
DA:194,4
DA:195,4
DA:196,8
DA:197,12
DA:198,4
DA:199,4
DA:200,4
DA:201,4
DA:202,4
DA:203,0
DA:205,4
DA:209,4
DA:252,2
LF:109
LH:49
BRDA:54,0,0,4
BRDA:54,0,1,0
BRDA:160,1,0,0
BRDA:160,1,1,0
BRDA:160,2,0,0
BRDA:160,2,1,0
BRDA:160,2,2,0
BRDA:162,3,0,0
BRDA:162,3,1,0
BRDA:162,4,0,0
BRDA:162,4,1,0
BRDA:170,5,0,0
BRDA:170,5,1,0
BRDA:170,5,2,0
BRDA:179,6,0,0
BRDA:179,6,1,0
BRDA:179,7,0,0
BRDA:179,7,1,0
BRDA:181,8,0,0
BRDA:181,8,1,0
BRDA:181,9,0,0
BRDA:181,9,1,0
BRDA:189,10,0,0
BRDA:189,10,1,0
BRDA:56,11,0,4
BRDA:56,11,1,4
BRDA:60,12,0,0
BRDA:60,12,1,0
BRDA:72,13,0,0
BRDA:72,13,1,0
BRDA:74,14,0,0
BRDA:74,14,1,0
BRDA:81,15,0,0
BRDA:81,15,1,4
BRDA:83,16,0,0
BRDA:83,16,1,0
BRDA:89,17,0,0
BRDA:89,17,1,0
BRDA:89,18,0,0
BRDA:89,18,1,0
BRDA:92,19,0,0
BRDA:92,19,1,0
BRDA:92,20,0,0
BRDA:92,20,1,0
BRDA:92,20,2,0
BRDA:93,21,0,0
BRDA:93,21,1,0
BRDA:98,22,0,0
BRDA:98,22,1,0
BRDA:100,23,0,0
BRDA:100,23,1,0
BRDA:102,24,0,0
BRDA:102,24,1,0
BRDA:112,25,0,0
BRDA:112,25,1,0
BRDA:114,26,0,0
BRDA:114,26,1,0
BRDA:114,27,0,0
BRDA:114,27,1,0
BRDA:114,27,2,0
BRDA:119,28,0,0
BRDA:119,28,1,0
BRDA:119,29,0,0
BRDA:119,29,1,0
BRDA:121,30,0,0
BRDA:121,30,1,0
BRDA:121,31,0,0
BRDA:121,31,1,0
BRDA:125,32,0,0
BRDA:125,32,1,0
BRDA:125,32,2,0
BRDA:128,33,0,0
BRDA:128,33,1,0
BRDA:133,34,0,0
BRDA:133,34,1,0
BRDA:136,35,0,0
BRDA:136,35,1,0
BRDA:136,35,2,0
BRDA:139,36,0,0
BRDA:139,36,1,0
BRDA:139,36,2,0
BRDA:143,37,0,0
BRDA:143,37,1,0
BRDA:143,38,0,0
BRDA:143,38,1,0
BRDA:143,38,2,0
BRDA:145,39,0,0
BRDA:145,39,1,0
BRDA:145,40,0,0
BRDA:145,40,1,0
BRDA:153,41,0,0
BRDA:153,41,1,0
BRDA:156,42,0,0
BRDA:156,42,1,0
BRDA:156,42,2,0
BRDA:173,43,0,0
BRDA:173,43,1,0
BRDA:174,44,0,0
BRDA:174,44,1,0
BRDA:198,45,0,4
BRDA:198,45,1,3
BRDA:202,46,0,0
BRDA:202,46,1,4
BRDA:233,47,0,4
BRDA:233,47,1,4
BRF:105
BRH:9
end_of_record
TN:
SF:/Users/duanguang/Documents/Front-End/legions/legions-design-element/packages/legions-pro-design/src/components/LegionsProForm/FormSwitch.tsx
FN:12,(anonymous_0)
FN:13,LabelWithSwitchModel
FN:44,(anonymous_2)
FN:46,FormSwitch
FN:51,(anonymous_4)
FN:54,(anonymous_5)
FN:57,(anonymous_6)
FN:67,(anonymous_7)
FNF:8
FNH:2
FNDA:2,(anonymous_0)
FNDA:0,LabelWithSwitchModel
FNDA:2,(anonymous_2)
FNDA:0,FormSwitch
FNDA:0,(anonymous_4)
FNDA:0,(anonymous_5)
FNDA:0,(anonymous_6)
FNDA:0,(anonymous_7)
DA:4,2
DA:5,2
DA:7,2
DA:8,2
DA:10,2
DA:12,2
DA:13,0
DA:14,0
DA:15,0
DA:19,2
DA:44,2
DA:45,0
DA:47,0
DA:48,0
DA:51,2
DA:52,0
DA:54,2
DA:55,0
DA:57,2
DA:58,0
DA:59,0
DA:60,0
DA:61,0
DA:62,0
DA:63,0
DA:65,0
DA:68,0
DA:94,2
LF:28
LH:12
BRDA:47,0,0,0
BRDA:47,0,1,0
BRDA:62,1,0,0
BRDA:62,1,1,0
BRF:4
BRH:0
end_of_record
TN:
SF:/Users/duanguang/Documents/Front-End/legions/legions-design-element/packages/legions-pro-design/src/components/LegionsProForm/FormText.tsx
FN:11,(anonymous_0)
FN:12,LabelWithTextModel
FN:50,(anonymous_2)
FN:51,TooltipText
FN:54,(anonymous_4)
FN:73,(anonymous_5)
FN:75,FormText
FN:78,(anonymous_7)
FN:81,(anonymous_8)
FN:84,(anonymous_9)
FN:94,(anonymous_10)
FN:110,(anonymous_11)
FNF:12
FNH:3
FNDA:2,(anonymous_0)
FNDA:0,LabelWithTextModel
FNDA:2,(anonymous_2)
FNDA:0,TooltipText
FNDA:0,(anonymous_4)
FNDA:2,(anonymous_5)
FNDA:0,FormText
FNDA:0,(anonymous_7)
FNDA:0,(anonymous_8)
FNDA:0,(anonymous_9)
FNDA:0,(anonymous_10)
FNDA:0,(anonymous_11)
DA:1,2
DA:2,2
DA:4,2
DA:5,2
DA:7,2
DA:11,2
DA:12,0
DA:13,0
DA:14,0
DA:18,2
DA:50,2
DA:52,0
DA:54,2
DA:55,0
DA:56,0
DA:57,0
DA:58,0
DA:59,0
DA:72,2
DA:73,2
DA:74,0
DA:76,0
DA:78,2
DA:79,0
DA:81,2
DA:82,0
DA:84,2
DA:85,0
DA:86,0
DA:87,0
DA:88,0
DA:89,0
DA:90,0
DA:92,0
DA:95,0
DA:111,0
DA:130,2
LF:37
LH:15
BRDA:52,0,0,0
BRDA:52,0,1,0
BRDA:58,1,0,0
BRDA:58,1,1,0
BRDA:76,2,0,0
BRDA:76,2,1,0
BRDA:89,3,0,0
BRDA:89,3,1,0
BRDA:111,4,0,0
BRDA:111,4,1,0
BRF:10
BRH:0
end_of_record
TN:
SF:/Users/duanguang/Documents/Front-End/legions/legions-design-element/packages/legions-pro-design/src/components/LegionsProForm/FormUpload.tsx
FN:14,(anonymous_0)
FN:15,LabelWithUploadModel
FN:53,(anonymous_2)
FN:55,FormUpload
FN:67,(anonymous_4)
FN:70,(anonymous_5)
FN:73,(anonymous_6)
FN:76,(anonymous_7)
FN:86,(anonymous_8)
FNF:9
FNH:7
FNDA:2,(anonymous_0)
FNDA:1,LabelWithUploadModel
FNDA:2,(anonymous_2)
FNDA:1,FormUpload
FNDA:0,(anonymous_4)
FNDA:1,(anonymous_5)
FNDA:0,(anonymous_6)
FNDA:1,(anonymous_7)
FNDA:1,(anonymous_8)
DA:4,2
DA:5,2
DA:7,2
DA:8,2
DA:10,2
DA:12,2
DA:14,2
DA:15,1
DA:16,1
DA:17,1
DA:21,2
DA:53,2
DA:54,1
DA:56,1
DA:57,1
DA:67,1
DA:70,2
DA:71,1
DA:73,2
DA:74,0
DA:76,2
DA:77,1
DA:78,2
DA:79,3
DA:80,1
DA:81,1
DA:82,0
DA:84,1
DA:87,1
DA:112,2
LF:30
LH:28
BRDA:56,0,0,1
BRDA:56,0,1,0
BRDA:81,1,0,0
BRDA:81,1,1,1
BRF:4
BRH:2
end_of_record
TN:
SF:/Users/duanguang/Documents/Front-End/legions/legions-design-element/packages/legions-pro-design/src/components/LegionsProForm/ProForm.tsx
FN:134,(anonymous_0)
FN:147,(anonymous_1)
FN:163,ProForm
FN:190,(anonymous_3)
FN:183,(anonymous_4)
FN:197,(anonymous_5)
FN:200,(anonymous_6)
FN:203,(anonymous_7)
FN:218,(anonymous_8)
FN:237,(anonymous_9)
FN:240,(anonymous_10)
FN:249,(anonymous_11)
FN:251,(anonymous_12)
FN:251,(anonymous_13)
FN:275,(anonymous_14)
FN:276,(anonymous_15)
FN:277,(anonymous_16)
FN:300,(anonymous_17)
FN:303,(anonymous_18)
FN:320,(anonymous_19)
FN:323,(anonymous_20)
FN:329,(anonymous_21)
FN:343,(anonymous_22)
FN:346,(anonymous_23)
FN:350,(anonymous_24)
FN:353,(anonymous_25)
FN:357,(anonymous_26)
FN:364,(anonymous_27)
FN:372,(anonymous_28)
FN:381,(anonymous_29)
FN:393,(anonymous_30)
FN:395,(anonymous_31)
FN:412,(anonymous_32)
FN:414,(anonymous_33)
FN:416,(anonymous_34)
FN:439,(anonymous_35)
FN:453,(anonymous_36)
FN:469,(anonymous_37)
FN:474,(anonymous_38)
FN:492,(anonymous_39)
FN:500,(anonymous_40)
FN:511,(anonymous_41)
FN:529,(anonymous_43)
FN:582,(anonymous_44)
FN:599,(anonymous_46)
FN:624,(anonymous_47)
FN:640,(anonymous_48)
FN:643,(anonymous_49)
FN:652,(anonymous_50)
FN:662,(anonymous_51)
FN:679,(anonymous_52)
FN:684,(anonymous_53)
FN:697,(anonymous_54)
FN:708,(anonymous_55)
FN:826,(anonymous_56)
FN:831,(anonymous_57)
FN:832,(anonymous_58)
FN:838,(anonymous_59)
FN:866,(anonymous_60)
FN:869,(anonymous_61)
FN:882,(anonymous_62)
FN:887,(anonymous_63)
FN:888,(anonymous_64)
FN:890,(anonymous_65)
FN:897,(anonymous_66)
FN:933,(anonymous_67)
FN:955,(anonymous_68)
FN:966,(anonymous_69)
FN:974,(anonymous_70)
FN:978,(anonymous_71)
FN:981,(anonymous_72)
FN:985,(anonymous_73)
FN:992,(anonymous_74)
FN:1018,LegionsProForm
FN:1040,(anonymous_76)
FN:1043,(anonymous_77)
FNF:76
FNH:32
FNDA:2,(anonymous_0)
FNDA:2,(anonymous_1)
FNDA:2,ProForm
FNDA:0,(anonymous_3)
FNDA:13,(anonymous_4)
FNDA:63,(anonymous_5)
FNDA:27,(anonymous_6)
FNDA:6,(anonymous_7)
FNDA:0,(anonymous_8)
FNDA:0,(anonymous_9)
FNDA:0,(anonymous_10)
FNDA:0,(anonymous_11)
FNDA:0,(anonymous_12)
FNDA:0,(anonymous_13)
FNDA:0,(anonymous_14)
FNDA:0,(anonymous_15)
FNDA:0,(anonymous_16)
FNDA:2,(anonymous_17)
FNDA:2,(anonymous_18)
FNDA:0,(anonymous_19)
FNDA:0,(anonymous_20)
FNDA:0,(anonymous_21)
FNDA:0,(anonymous_22)
FNDA:0,(anonymous_23)
FNDA:0,(anonymous_24)
FNDA:0,(anonymous_25)
FNDA:0,(anonymous_26)
FNDA:2,(anonymous_27)
FNDA:0,(anonymous_28)
FNDA:0,(anonymous_29)
FNDA:2,(anonymous_30)
FNDA:13,(anonymous_31)
FNDA:2,(anonymous_32)
FNDA:13,(anonymous_33)
FNDA:1,(anonymous_34)
FNDA:0,(anonymous_35)
FNDA:0,(anonymous_36)
FNDA:0,(anonymous_37)
FNDA:0,(anonymous_38)
FNDA:0,(anonymous_39)
FNDA:0,(anonymous_40)
FNDA:0,(anonymous_41)
FNDA:0,(anonymous_43)
FNDA:0,(anonymous_44)
FNDA:0,(anonymous_46)
FNDA:0,(anonymous_47)
FNDA:0,(anonymous_48)
FNDA:0,(anonymous_49)
FNDA:0,(anonymous_50)
FNDA:0,(anonymous_51)
FNDA:0,(anonymous_52)
FNDA:0,(anonymous_53)
FNDA:13,(anonymous_54)
FNDA:13,(anonymous_55)
FNDA:3,(anonymous_56)
FNDA:25,(anonymous_57)
FNDA:114,(anonymous_58)
FNDA:13,(anonymous_59)
FNDA:0,(anonymous_60)
FNDA:0,(anonymous_61)
FNDA:1,(anonymous_62)
FNDA:2,(anonymous_63)
FNDA:24,(anonymous_64)
FNDA:3,(anonymous_65)
FNDA:0,(anonymous_66)
FNDA:0,(anonymous_67)
FNDA:2,(anonymous_68)
FNDA:2,(anonymous_69)
FNDA:0,(anonymous_70)
FNDA:2,(anonymous_71)
FNDA:0,(anonymous_72)
FNDA:0,(anonymous_73)
FNDA:2,(anonymous_74)
FNDA:2,LegionsProForm
FNDA:2,(anonymous_76)
FNDA:2,(anonymous_77)
DA:1,2
DA:2,2
DA:3,2
DA:4,2
DA:5,2
DA:6,2
DA:7,2
DA:11,2
DA:15,2
DA:16,2
DA:18,2
DA:19,2
DA:20,2
DA:21,2
DA:22,2
DA:24,2
DA:25,2
DA:28,2
DA:29,2
DA:30,2
DA:31,2
DA:33,2
DA:34,2
DA:134,2
DA:136,2
DA:139,2
DA:142,2
DA:147,2
DA:148,2
DA:149,2
DA:152,2
DA:155,2
DA:158,2
DA:159,2
DA:160,2
DA:162,2
DA:164,2
DA:165,2
DA:169,2
DA:170,2
DA:171,2
DA:172,2
DA:173,2
DA:174,2
DA:176,2
DA:177,2
DA:178,2
DA:179,2
DA:181,2
DA:182,2
DA:183,13
DA:186,2
DA:187,2
DA:188,2
DA:190,2
DA:191,0
DA:193,2
DA:197,2
DA:198,63
DA:200,2
DA:201,27
DA:203,2
DA:204,6
DA:205,6
DA:212,6
DA:218,2
DA:219,0
DA:220,0
DA:221,0
DA:222,0
DA:229,0
DA:237,2
DA:238,0
DA:239,0
DA:240,0
DA:241,0
DA:243,0
DA:249,2
DA:250,0
DA:251,0
DA:252,0
DA:253,0
DA:256,0
DA:257,0
DA:258,0
DA:259,0
DA:262,0
DA:263,0
DA:264,0
DA:265,0
DA:268,0
DA:269,0
DA:270,0
DA:273,0
DA:275,2
DA:276,0
DA:277,0
DA:278,0
DA:279,0
DA:282,0
DA:283,0
DA:284,0
DA:287,0
DA:288,0
DA:289,0
DA:291,0
DA:293,0
DA:294,0
DA:295,0
DA:300,2
DA:301,2
DA:302,2
DA:303,2
DA:304,2
DA:306,2
DA:309,2
DA:310,2
DA:312,2
DA:321,0
DA:324,0
DA:325,0
DA:326,0
DA:327,0
DA:329,0
DA:330,0
DA:331,0
DA:335,0
DA:339,0
DA:344,0
DA:347,0
DA:348,0
DA:349,0
DA:350,0
DA:354,0
DA:358,0
DA:361,2
DA:364,2
DA:365,2
DA:366,2
DA:367,0
DA:369,2
DA:370,2
DA:372,2
DA:373,0
DA:374,0
DA:376,0
DA:377,0
DA:379,0
DA:381,2
DA:382,0
DA:383,0
DA:385,0
DA:386,0
DA:387,0
DA:389,0
DA:393,4
DA:394,2
DA:395,2
DA:396,13
DA:397,13
DA:398,13
DA:399,13
DA:412,4
DA:413,2
DA:414,2
DA:415,13
DA:416,1
DA:417,1
DA:418,1
DA:419,1
DA:420,1
DA:421,1
DA:429,1
DA:430,1
DA:431,1
DA:433,1
DA:434,1
DA:435,1
DA:440,0
DA:441,0
DA:453,2
DA:458,0
DA:459,0
DA:460,0
DA:469,2
DA:470,0
DA:471,0
DA:472,0
DA:474,0
DA:475,0
DA:476,0
DA:477,0
DA:480,0
DA:482,0
DA:492,2
DA:493,0
DA:494,0
DA:495,0
DA:496,0
DA:497,0
DA:499,0
DA:500,0
DA:501,0
DA:502,0
DA:503,0
DA:506,0
DA:508,0
DA:511,2
DA:512,0
DA:513,0
DA:514,0
DA:516,0
DA:517,0
DA:518,0
DA:519,0
DA:522,0
DA:523,0
DA:525,0
DA:527,0
DA:529,0
DA:530,0
DA:531,0
DA:533,0
DA:534,0
DA:535,0
DA:536,0
DA:537,0
DA:538,0
DA:539,0
DA:540,0
DA:543,0
DA:544,0
DA:545,0
DA:546,0
DA:547,0
DA:554,0
DA:555,0
DA:556,0
DA:560,0
DA:561,0
DA:562,0
DA:563,0
DA:564,0
DA:565,0
DA:566,0
DA:567,0
DA:568,0
DA:569,0
DA:573,0
DA:575,0
DA:582,0
DA:583,0
DA:584,0
DA:586,0
DA:587,0
DA:588,0
DA:595,0
DA:597,0
DA:599,0
DA:600,0
DA:601,0
DA:602,0
DA:603,0
DA:605,0
DA:606,0
DA:608,0
DA:609,0
DA:610,0
DA:611,0
DA:612,0
DA:613,0
DA:614,0
DA:615,0
DA:616,0
DA:617,0
DA:620,0
DA:622,0
DA:624,0
DA:625,0
DA:626,0
DA:628,0
DA:630,0
DA:640,2
DA:641,0
DA:642,0
DA:643,0
DA:644,0
DA:645,0
DA:648,0
DA:652,2
DA:654,0
DA:655,0
DA:656,0
DA:657,0
DA:658,0
DA:660,0
DA:662,2
DA:663,0
DA:664,0
DA:668,0
DA:669,0
DA:670,0
DA:679,2
DA:680,0
DA:681,0
DA:682,0
DA:683,0
DA:684,0
DA:685,0
DA:686,0
DA:688,0
DA:691,0
DA:697,2
DA:698,13
DA:699,13
DA:700,13
DA:701,0
DA:702,0
DA:703,0
DA:706,13
DA:708,2
DA:709,13
DA:710,13
DA:711,13
DA:712,13
DA:713,13
DA:714,0
DA:716,13
DA:717,13
DA:718,13
DA:720,11
DA:722,13
DA:723,3
DA:724,0
DA:727,13
DA:728,0
DA:729,0
DA:730,0
DA:732,13
DA:733,0
DA:734,0
DA:736,0
DA:739,13
DA:740,13
DA:743,0
DA:745,13
DA:746,13
DA:747,13
DA:755,13
DA:756,0
DA:766,13
DA:767,5
DA:769,8
DA:770,1
DA:772,7
DA:773,3
DA:774,1
DA:775,1
DA:776,1
DA:777,1
DA:779,1
DA:781,0
DA:782,0
DA:783,0
DA:785,1
DA:786,1
DA:789,3
DA:791,4
DA:793,2
DA:795,2
DA:796,0
DA:798,2
DA:799,0
DA:801,2
DA:802,0
DA:804,2
DA:805,1
DA:807,1
DA:808,0
DA:810,1
DA:811,0
DA:813,1
DA:814,0
DA:816,1
DA:817,0
DA:819,1
DA:820,1
DA:823,0
DA:826,3
DA:827,3
DA:828,3
DA:829,3
DA:830,3
DA:831,3
DA:832,114
DA:833,25
DA:834,13
DA:838,3
DA:839,13
DA:840,13
DA:841,13
DA:842,13
DA:843,13
DA:844,13
DA:845,0
DA:847,13
DA:848,0
DA:850,13
DA:856,3
DA:867,0
DA:868,0
DA:869,0
DA:870,0
DA:871,0
DA:874,0
DA:882,2
DA:883,1
DA:885,1
DA:887,1
DA:888,24
DA:889,2
DA:890,3
DA:891,2
DA:898,0
DA:899,0
DA:900,0
DA:924,1
DA:934,0
DA:935,0
DA:941,0
DA:955,2
DA:956,2
DA:958,2
DA:959,2
DA:960,1
DA:962,1
DA:966,2
DA:967,2
DA:973,2
DA:974,2
DA:975,0
DA:977,2
DA:979,2
DA:982,0
DA:986,0
DA:992,2
DA:993,2
DA:994,2
DA:995,2
DA:996,2
DA:997,2
DA:998,2
DA:999,2
DA:1000,2
DA:1001,2
DA:1002,2
DA:1003,2
DA:1004,2
DA:1005,2
DA:1006,2
DA:1007,2
DA:1008,2
DA:1010,2
DA:1011,2
DA:1014,2
DA:1017,2
DA:1019,2
DA:1020,2
DA:1021,0
DA:1022,0
DA:1023,0
DA:1025,2
DA:1026,2
DA:1027,0
DA:1028,0
DA:1030,2
DA:1031,2
DA:1033,2
DA:1034,2
DA:1040,2
DA:1041,2
DA:1043,2
DA:1044,2
DA:1050,2
LF:484
LH:242
BRDA:134,0,0,2
BRDA:134,0,1,2
BRDA:164,1,0,2
BRDA:164,1,1,0
BRDA:173,2,0,2
BRDA:173,2,1,0
BRDA:176,3,0,2
BRDA:176,3,1,0
BRDA:177,4,0,2
BRDA:177,4,1,0
BRDA:182,5,0,2
BRDA:182,5,1,0
BRDA:204,6,0,6
BRDA:204,6,1,6
BRDA:219,7,0,0
BRDA:219,7,1,0
BRDA:220,8,0,0
BRDA:220,8,1,0
BRDA:237,9,0,0
BRDA:237,9,1,0
BRDA:238,10,0,0
BRDA:238,10,1,0
BRDA:238,11,0,0
BRDA:238,11,1,0
BRDA:238,11,2,0
BRDA:240,12,0,0
BRDA:240,12,1,0
BRDA:256,13,0,0
BRDA:256,13,1,0
BRDA:257,14,0,0
BRDA:257,14,1,0
BRDA:262,15,0,0
BRDA:262,15,1,0
BRDA:263,16,0,0
BRDA:263,16,1,0
BRDA:268,17,0,0
BRDA:268,17,1,0
BRDA:268,18,0,0
BRDA:268,18,1,0
BRDA:278,19,0,0
BRDA:278,19,1,0
BRDA:283,20,0,0
BRDA:283,20,1,0
BRDA:284,21,0,0
BRDA:284,21,1,0
BRDA:287,22,0,0
BRDA:287,22,1,0
BRDA:291,23,0,0
BRDA:291,23,1,0
BRDA:293,24,0,0
BRDA:293,24,1,0
BRDA:303,25,0,2
BRDA:303,25,1,1
BRDA:312,26,0,2
BRDA:312,26,1,2
BRDA:326,27,0,0
BRDA:326,27,1,0
BRDA:326,28,0,0
BRDA:326,28,1,0
BRDA:330,29,0,0
BRDA:330,29,1,0
BRDA:349,30,0,0
BRDA:349,30,1,0
BRDA:366,31,0,0
BRDA:366,31,1,2
BRDA:373,32,0,0
BRDA:373,32,1,0
BRDA:376,33,0,0
BRDA:376,33,1,0
BRDA:382,34,0,0
BRDA:382,34,1,0
BRDA:386,35,0,0
BRDA:386,35,1,0
BRDA:393,36,0,2
BRDA:393,36,1,0
BRDA:394,37,0,2
BRDA:394,37,1,0
BRDA:394,38,0,2
BRDA:394,38,1,2
BRDA:398,39,0,13
BRDA:398,39,1,0
BRDA:412,40,0,2
BRDA:412,40,1,0
BRDA:412,41,0,2
BRDA:412,41,1,0
BRDA:413,42,0,2
BRDA:413,42,1,0
BRDA:413,43,0,2
BRDA:413,43,1,2
BRDA:415,44,0,1
BRDA:415,44,1,12
BRDA:415,45,0,13
BRDA:415,45,1,3
BRDA:415,45,2,3
BRDA:417,46,0,1
BRDA:417,46,1,0
BRDA:417,47,0,1
BRDA:417,47,1,1
BRDA:418,48,0,1
BRDA:418,48,1,0
BRDA:420,49,0,1
BRDA:420,49,1,0
BRDA:422,50,0,0
BRDA:422,50,1,1
BRDA:423,51,0,0
BRDA:423,51,1,1
BRDA:426,52,0,1
BRDA:426,52,1,0
BRDA:429,53,0,1
BRDA:429,53,1,0
BRDA:430,54,0,1
BRDA:430,54,1,0
BRDA:433,55,0,1
BRDA:433,55,1,0
BRDA:440,56,0,0
BRDA:440,56,1,0
BRDA:458,57,0,0
BRDA:458,57,1,0
BRDA:458,58,0,0
BRDA:458,58,1,0
BRDA:470,59,0,0
BRDA:470,59,1,0
BRDA:476,60,0,0
BRDA:476,60,1,0
BRDA:476,61,0,0
BRDA:476,61,1,0
BRDA:494,62,0,0
BRDA:494,62,1,0
BRDA:502,63,0,0
BRDA:502,63,1,0
BRDA:502,64,0,0
BRDA:502,64,1,0
BRDA:514,65,0,0
BRDA:514,65,1,0
BRDA:514,66,0,0
BRDA:514,66,1,0
BRDA:522,67,0,0
BRDA:522,67,1,0
BRDA:522,68,0,0
BRDA:522,68,1,0
BRDA:525,69,0,0
BRDA:525,69,1,0
BRDA:525,70,0,0
BRDA:525,70,1,0
BRDA:530,71,0,0
BRDA:530,71,1,0
BRDA:536,72,0,0
BRDA:536,72,1,0
BRDA:537,73,0,0
BRDA:537,73,1,0
BRDA:539,74,0,0
BRDA:539,74,1,0
BRDA:543,75,0,0
BRDA:543,75,1,0
BRDA:545,76,0,0
BRDA:545,76,1,0
BRDA:554,77,0,0
BRDA:554,77,1,0
BRDA:561,78,0,0
BRDA:561,78,1,0
BRDA:563,79,0,0
BRDA:563,79,1,0
BRDA:563,80,0,0
BRDA:563,80,1,0
BRDA:565,81,0,0
BRDA:565,81,1,0
BRDA:567,82,0,0
BRDA:567,82,1,0
BRDA:567,83,0,0
BRDA:567,83,1,0
BRDA:573,84,0,0
BRDA:573,84,1,0
BRDA:573,85,0,0
BRDA:573,85,1,0
BRDA:573,85,2,0
BRDA:575,86,0,0
BRDA:575,86,1,0
BRDA:586,87,0,0
BRDA:586,87,1,0
BRDA:595,88,0,0
BRDA:595,88,1,0
BRDA:600,89,0,0
BRDA:600,89,1,0
BRDA:603,90,0,0
BRDA:603,90,1,0
BRDA:609,91,0,0
BRDA:609,91,1,0
BRDA:611,92,0,0
BRDA:611,92,1,0
BRDA:611,93,0,0
BRDA:611,93,1,0
BRDA:613,94,0,0
BRDA:613,94,1,0
BRDA:615,95,0,0
BRDA:615,95,1,0
BRDA:615,96,0,0
BRDA:615,96,1,0
BRDA:620,97,0,0
BRDA:620,97,1,0
BRDA:620,98,0,0
BRDA:620,98,1,0
BRDA:620,98,2,0
BRDA:622,99,0,0
BRDA:622,99,1,0
BRDA:628,100,0,0
BRDA:628,100,1,0
BRDA:641,101,0,0
BRDA:641,101,1,0
BRDA:644,102,0,0
BRDA:644,102,1,0
BRDA:664,103,0,0
BRDA:664,103,1,0
BRDA:664,104,0,0
BRDA:664,104,1,0
BRDA:685,105,0,0
BRDA:685,105,1,0
BRDA:698,106,0,13
BRDA:698,106,1,13
BRDA:701,107,0,0
BRDA:701,107,1,0
BRDA:713,108,0,0
BRDA:713,108,1,13
BRDA:718,109,0,11
BRDA:718,109,1,2
BRDA:722,110,0,3
BRDA:722,110,1,10
BRDA:723,111,0,0
BRDA:723,111,1,3
BRDA:723,112,0,3
BRDA:723,112,1,2
BRDA:723,112,2,0
BRDA:727,113,0,0
BRDA:727,113,1,13
BRDA:728,114,0,0
BRDA:728,114,1,0
BRDA:729,115,0,0
BRDA:729,115,1,0
BRDA:730,116,0,0
BRDA:730,116,1,0
BRDA:732,117,0,0
BRDA:732,117,1,13
BRDA:733,118,0,0
BRDA:733,118,1,0
BRDA:733,119,0,0
BRDA:733,119,1,0
BRDA:734,120,0,0
BRDA:734,120,1,0
BRDA:739,121,0,13
BRDA:739,121,1,0
BRDA:740,122,0,13
BRDA:740,122,1,13
BRDA:743,123,0,0
BRDA:743,123,1,0
BRDA:743,124,0,0
BRDA:743,124,1,0
BRDA:743,125,0,0
BRDA:743,125,1,0
BRDA:755,126,0,0
BRDA:755,126,1,13
BRDA:766,127,0,5
BRDA:766,127,1,8
BRDA:769,128,0,1
BRDA:769,128,1,7
BRDA:772,129,0,3
BRDA:772,129,1,4
BRDA:773,130,0,1
BRDA:773,130,1,2
BRDA:773,131,0,3
BRDA:773,131,1,3
BRDA:775,132,0,1
BRDA:775,132,1,0
BRDA:775,133,0,1
BRDA:775,133,1,1
BRDA:779,134,0,0
BRDA:779,134,1,1
BRDA:791,135,0,2
BRDA:791,135,1,2
BRDA:795,136,0,0
BRDA:795,136,1,2
BRDA:798,137,0,0
BRDA:798,137,1,2
BRDA:801,138,0,0
BRDA:801,138,1,2
BRDA:804,139,0,1
BRDA:804,139,1,1
BRDA:807,140,0,0
BRDA:807,140,1,1
BRDA:810,141,0,0
BRDA:810,141,1,1
BRDA:813,142,0,0
BRDA:813,142,1,1
BRDA:816,143,0,0
BRDA:816,143,1,1
BRDA:819,144,0,1
BRDA:819,144,1,0
BRDA:827,145,0,3
BRDA:827,145,1,0
BRDA:829,146,0,3
BRDA:829,146,1,0
BRDA:833,147,0,13
BRDA:833,147,1,12
BRDA:839,148,0,13
BRDA:839,148,1,13
BRDA:844,149,0,0
BRDA:844,149,1,13
BRDA:847,150,0,0
BRDA:847,150,1,13
BRDA:851,151,0,13
BRDA:851,151,1,0
BRDA:851,152,0,13
BRDA:851,152,1,0
BRDA:856,153,0,3
BRDA:856,153,1,0
BRDA:889,154,0,2
BRDA:889,154,1,0
BRDA:889,155,0,2
BRDA:889,155,1,2
BRDA:891,156,0,0
BRDA:891,156,1,2
BRDA:893,157,0,2
BRDA:893,157,1,2
BRDA:896,158,0,2
BRDA:896,158,1,0
BRDA:900,159,0,0
BRDA:900,159,1,0
BRDA:915,160,0,0
BRDA:915,160,1,2
BRDA:918,161,0,0
BRDA:918,161,1,2
BRDA:926,162,0,0
BRDA:926,162,1,1
BRDA:929,163,0,1
BRDA:929,163,1,0
BRDA:934,164,0,0
BRDA:934,164,1,0
BRDA:935,165,0,0
BRDA:935,165,1,0
BRDA:959,166,0,1
BRDA:959,166,1,1
BRDA:959,167,0,2
BRDA:959,167,1,1
BRDA:959,167,2,1
BRDA:975,168,0,0
BRDA:975,168,1,0
BRDA:986,169,0,0
BRDA:986,169,1,0
BRDA:1019,170,0,2
BRDA:1019,170,1,2
BRDA:1020,171,0,0
BRDA:1020,171,1,2
BRDA:1021,172,0,0
BRDA:1021,172,1,0
BRDA:1021,173,0,0
BRDA:1021,173,1,0
BRDA:1026,174,0,0
BRDA:1026,174,1,2
BRDA:1033,175,0,2
BRDA:1033,175,1,0
BRF:358
BRH:114
end_of_record
TN:
SF:/Users/duanguang/Documents/Front-End/legions/legions-design-element/packages/legions-pro-design/src/components/LegionsProForm/ProFormUtils.tsx
FN:86,(anonymous_0)
FN:112,ProFormUtils
FN:99,(anonymous_2)
FN:131,(anonymous_3)
FN:140,(anonymous_4)
FN:152,(anonymous_5)
FN:155,(anonymous_6)
FN:160,(anonymous_7)
FN:166,(anonymous_8)
FN:171,(anonymous_9)
FN:178,(anonymous_10)
FN:183,(anonymous_11)
FN:187,(anonymous_12)
FN:192,(anonymous_13)
FN:197,(anonymous_14)
FN:201,(anonymous_15)
FN:205,(anonymous_16)
FN:209,(anonymous_17)
FN:213,(anonymous_18)
FN:217,(anonymous_19)
FN:229,(anonymous_20)
FN:233,(anonymous_21)
FN:237,(anonymous_22)
FN:253,(anonymous_23)
FN:470,(anonymous_24)
FN:471,ProFormFields
FN:475,(anonymous_26)
FNF:27
FNH:20
FNDA:2,(anonymous_0)
FNDA:2,ProFormUtils
FNDA:3,(anonymous_2)
FNDA:16,(anonymous_3)
FNDA:13,(anonymous_4)
FNDA:13,(anonymous_5)
FNDA:16,(anonymous_6)
FNDA:3,(anonymous_7)
FNDA:13,(anonymous_8)
FNDA:13,(anonymous_9)
FNDA:4,(anonymous_10)
FNDA:7,(anonymous_11)
FNDA:0,(anonymous_12)
FNDA:0,(anonymous_13)
FNDA:0,(anonymous_14)
FNDA:0,(anonymous_15)
FNDA:1,(anonymous_16)
FNDA:0,(anonymous_17)
FNDA:0,(anonymous_18)
FNDA:1,(anonymous_19)
FNDA:2,(anonymous_20)
FNDA:0,(anonymous_21)
FNDA:1,(anonymous_22)
FNDA:3,(anonymous_23)
FNDA:2,(anonymous_24)
FNDA:8,ProFormFields
FNDA:2,(anonymous_26)
DA:10,2
DA:11,2
DA:18,2
DA:19,2
DA:20,2
DA:21,2
DA:22,2
DA:23,2
DA:24,2
DA:25,2
DA:26,2
DA:27,2
DA:28,2
DA:29,2
DA:31,2
DA:32,2
DA:33,2
DA:34,2
DA:71,2
DA:80,2
DA:86,2
DA:87,2
DA:88,2
DA:89,2
DA:90,2
DA:91,2
DA:92,2
DA:93,2
DA:94,2
DA:95,2
DA:96,2
DA:97,2
DA:98,2
DA:99,2
DA:100,3
DA:101,3
DA:102,3
DA:103,26
DA:104,0
DA:105,0
DA:108,3
DA:110,2
DA:111,2
DA:117,2
DA:118,0
DA:119,0
DA:121,0
DA:124,0
DA:125,0
DA:126,0
DA:131,22
DA:132,16
DA:140,2
DA:141,13
DA:152,2
DA:153,13
DA:155,2
DA:156,16
DA:160,2
DA:161,3
DA:162,3
DA:163,3
DA:166,2
DA:167,13
DA:168,13
DA:169,13
DA:171,2
DA:172,13
DA:173,13
DA:174,13
DA:176,0
DA:178,2
DA:179,4
DA:180,4
DA:181,4
DA:183,2
DA:184,7
DA:185,7
DA:187,2
DA:188,0
DA:189,0
DA:190,0
DA:192,2
DA:193,0
DA:194,0
DA:195,0
DA:197,2
DA:198,0
DA:199,0
DA:201,2
DA:202,0
DA:203,0
DA:205,2
DA:206,1
DA:207,1
DA:209,2
DA:210,0
DA:211,0
DA:213,2
DA:214,0
DA:215,0
DA:217,2
DA:218,1
DA:219,1
DA:229,2
DA:230,2
DA:231,2
DA:233,2
DA:234,0
DA:235,0
DA:237,2
DA:238,1
DA:239,1
DA:253,2
DA:254,3
DA:255,3
DA:256,3
DA:258,3
DA:259,3
DA:260,3
DA:261,3
DA:262,3
DA:263,3
DA:266,3
DA:267,3
DA:268,3
DA:269,3
DA:270,3
DA:271,1
DA:272,1
DA:273,1
DA:275,3
DA:276,0
DA:277,0
DA:279,3
DA:280,3
DA:283,0
DA:289,3
DA:290,0
DA:292,3
DA:293,6
DA:294,2
DA:306,1
DA:307,0
DA:308,0
DA:320,1
DA:321,3
DA:322,1
DA:336,0
DA:337,0
DA:338,0
DA:349,0
DA:350,0
DA:351,0
DA:362,0
DA:363,0
DA:364,0
DA:375,0
DA:376,0
DA:377,0
DA:390,0
DA:391,0
DA:392,0
DA:405,0
DA:406,0
DA:407,0
DA:420,0
DA:421,0
DA:422,0
DA:435,0
DA:436,0
DA:437,0
DA:450,0
DA:451,0
DA:452,0
DA:462,0
DA:465,2
DA:470,2
DA:472,8
DA:475,2
DA:477,2
DA:479,2
LF:182
LH:123
BRDA:117,0,0,0
BRDA:117,0,1,2
BRDA:118,1,0,0
BRDA:118,1,1,0
BRDA:121,2,0,0
BRDA:121,2,1,0
BRDA:124,3,0,0
BRDA:124,3,1,0
BRDA:124,4,0,0
BRDA:124,4,1,0
BRDA:100,5,0,3
BRDA:100,5,1,3
BRDA:103,6,0,0
BRDA:103,6,1,26
BRDA:131,7,0,6
BRDA:131,7,1,10
BRDA:135,8,0,16
BRDA:135,8,1,8
BRDA:156,9,0,0
BRDA:156,9,1,16
BRDA:161,10,0,3
BRDA:161,10,1,0
BRDA:161,11,0,3
BRDA:161,11,1,3
BRDA:173,12,0,13
BRDA:173,12,1,0
BRDA:180,13,0,4
BRDA:180,13,1,0
BRDA:185,14,0,7
BRDA:185,14,1,0
BRDA:189,15,0,0
BRDA:189,15,1,0
BRDA:194,16,0,0
BRDA:194,16,1,0
BRDA:199,17,0,0
BRDA:199,17,1,0
BRDA:203,18,0,0
BRDA:203,18,1,0
BRDA:207,19,0,1
BRDA:207,19,1,0
BRDA:211,20,0,0
BRDA:211,20,1,0
BRDA:215,21,0,0
BRDA:215,21,1,0
BRDA:219,22,0,1
BRDA:219,22,1,0
BRDA:231,23,0,2
BRDA:231,23,1,2
BRDA:235,24,0,0
BRDA:235,24,1,0
BRDA:239,25,0,1
BRDA:239,25,1,0
BRDA:255,26,0,3
BRDA:255,26,1,0
BRDA:259,27,0,3
BRDA:259,27,1,0
BRDA:262,28,0,3
BRDA:262,28,1,0
BRDA:270,29,0,1
BRDA:270,29,1,2
BRDA:271,30,0,1
BRDA:271,30,1,1
BRDA:272,31,0,1
BRDA:272,31,1,1
BRDA:273,32,0,1
BRDA:273,32,1,1
BRDA:275,33,0,0
BRDA:275,33,1,3
BRDA:276,34,0,0
BRDA:276,34,1,0
BRDA:276,35,0,0
BRDA:276,35,1,0
BRDA:279,36,0,3
BRDA:279,36,1,0
BRDA:280,37,0,3
BRDA:280,37,1,2
BRDA:283,38,0,0
BRDA:283,38,1,0
BRDA:283,39,0,0
BRDA:283,39,1,0
BRDA:283,40,0,0
BRDA:283,40,1,0
BRDA:289,41,0,0
BRDA:289,41,1,3
BRDA:292,42,0,2
BRDA:292,42,1,1
BRDA:306,43,0,0
BRDA:306,43,1,1
BRDA:320,44,0,1
BRDA:320,44,1,0
BRDA:336,45,0,0
BRDA:336,45,1,0
BRDA:349,46,0,0
BRDA:349,46,1,0
BRDA:362,47,0,0
BRDA:362,47,1,0
BRDA:375,48,0,0
BRDA:375,48,1,0
BRDA:390,49,0,0
BRDA:390,49,1,0
BRDA:405,50,0,0
BRDA:405,50,1,0
BRDA:420,51,0,0
BRDA:420,51,1,0
BRDA:435,52,0,0
BRDA:435,52,1,0
BRDA:450,53,0,0
BRDA:450,53,1,0
BRDA:472,54,0,8
BRDA:472,54,1,8
BRF:110
BRH:42
end_of_record
TN:
SF:/Users/duanguang/Documents/Front-End/legions/legions-design-element/packages/legions-pro-design/src/components/LegionsProForm/index.tsx
FNF:0
FNH:0
DA:1,2
DA:3,2
LF:2
LH:2
BRF:0
BRH:0
end_of_record
TN:
SF:/Users/duanguang/Documents/Front-End/legions/legions-design-element/packages/legions-pro-design/src/components/LegionsProForm/demoTest/app.tsx
FN:10,(anonymous_0)
FN:19,(anonymous_1)
FNF:2
FNH:1
FNDA:2,(anonymous_0)
FNDA:0,(anonymous_1)
DA:2,2
DA:3,2
DA:4,2
DA:5,2
DA:6,2
DA:8,2
DA:10,2
DA:11,2
DA:19,2
DA:20,0
LF:10
LH:9
BRDA:6,0,0,2
BRDA:6,0,1,0
BRF:2
BRH:1
end_of_record
TN:
SF:/Users/duanguang/Documents/Front-End/legions/legions-design-element/packages/legions-pro-design/src/components/LegionsProForm/demoTest/model.ts
FN:19,(anonymous_0)
FN:196,FormFields
FN:109,(anonymous_2)
FN:140,(anonymous_3)
FN:170,(anonymous_4)
FNF:5
FNH:2
FNDA:2,(anonymous_0)
FNDA:8,FormFields
FNDA:0,(anonymous_2)
FNDA:0,(anonymous_3)
FNDA:0,(anonymous_4)
DA:10,2
DA:12,2
DA:19,2
DA:27,10
DA:37,10
DA:47,10
DA:57,10
DA:67,10
DA:77,10
DA:87,10
DA:97,10
DA:107,10
DA:110,0
DA:111,0
DA:113,0
DA:125,10
DA:135,8
DA:141,0
DA:142,0
DA:143,0
DA:144,0
DA:160,10
DA:171,0
DA:172,0
DA:173,0
DA:174,0
DA:177,0
DA:181,10
DA:192,10
DA:197,8
DA:198,8
DA:200,2
LF:32
LH:20
BRDA:197,0,0,8
BRDA:197,0,1,0
BRDA:110,1,0,0
BRDA:110,1,1,0
BRDA:173,2,0,0
BRDA:173,2,1,0
BRF:6
BRH:1
end_of_record
TN:
SF:/Users/duanguang/Documents/Front-End/legions/legions-design-element/packages/legions-pro-design/src/components/LegionsProForm/interface/index.ts
FN:12,(anonymous_0)
FN:14,(anonymous_1)
FN:16,(anonymous_2)
FN:19,(anonymous_3)
FN:25,(anonymous_4)
FN:33,(anonymous_5)
FN:41,(anonymous_6)
FN:49,(anonymous_7)
FN:54,(anonymous_8)
FN:57,(anonymous_9)
FN:60,(anonymous_10)
FN:63,(anonymous_11)
FN:67,(anonymous_12)
FNF:13
FNH:13
FNDA:32,(anonymous_0)
FNDA:12,(anonymous_1)
FNDA:2,(anonymous_2)
FNDA:6,(anonymous_3)
FNDA:6,(anonymous_4)
FNDA:6,(anonymous_5)
FNDA:14,(anonymous_6)
FNDA:2,(anonymous_7)
FNDA:2,(anonymous_8)
FNDA:7,(anonymous_9)
FNDA:10,(anonymous_10)
FNDA:2,(anonymous_11)
FNDA:1,(anonymous_12)
DA:12,34
DA:14,14
DA:16,4
DA:19,8
DA:24,2
DA:25,8
DA:32,2
DA:33,8
DA:40,2
DA:41,16
DA:48,2
DA:49,4
DA:54,4
DA:57,9
DA:60,12
DA:63,4
DA:67,3
LF:17
LH:17
BRF:0
BRH:0
end_of_record
TN:
SF:/Users/duanguang/Documents/Front-End/legions/legions-design-element/packages/legions-pro-design/src/components/LegionsProForm/interface/select.ts
FN:50,(anonymous_0)
FN:51,LabelWithSelectModel
FNF:2
FNH:2
FNDA:2,(anonymous_0)
FNDA:4,LabelWithSelectModel
DA:50,2
DA:51,4
DA:52,4
DA:53,4
DA:56,2
LF:5
LH:5
BRF:0
BRH:0
end_of_record
TN:
SF:/Users/duanguang/Documents/Front-End/legions/legions-design-element/packages/legions-pro-design/src/components/LegionsProNumericInput/index.tsx
FN:6,formatNumber
FN:22,(anonymous_1)
FN:24,(anonymous_3)
FN:35,(anonymous_4)
FN:28,(anonymous_5)
FN:42,(anonymous_6)
FNF:6
FNH:2
FNDA:0,formatNumber
FNDA:3,(anonymous_1)
FNDA:0,(anonymous_3)
FNDA:0,(anonymous_4)
FNDA:0,(anonymous_5)
FNDA:1,(anonymous_6)
DA:1,2
DA:2,2
DA:7,0
DA:8,0
DA:9,0
DA:10,0
DA:11,0
DA:12,0
DA:13,0
DA:14,0
DA:16,0
DA:17,0
DA:19,0
DA:22,2
DA:24,1
DA:25,0
DA:26,0
DA:28,2
DA:29,0
DA:30,0
DA:32,0
DA:35,1
DA:36,0
DA:37,0
DA:38,0
DA:40,0
DA:42,2
DA:43,1
DA:44,1
DA:49,1
DA:67,2
LF:31
LH:11
BRDA:9,0,0,0
BRDA:9,0,1,0
BRDA:10,1,0,0
BRDA:10,1,1,0
BRDA:16,2,0,0
BRDA:16,2,1,0
BRDA:19,3,0,0
BRDA:19,3,1,0
BRDA:22,4,0,1
BRDA:22,4,1,1
BRDA:22,4,2,1
BRDA:37,5,0,0
BRDA:37,5,1,0
BRDA:37,6,0,0
BRDA:37,6,1,0
BRDA:37,6,2,0
BRDA:40,7,0,0
BRDA:40,7,1,0
BRDA:30,8,0,0
BRDA:30,8,1,0
BRDA:30,9,0,0
BRDA:30,9,1,0
BRDA:30,9,2,0
BRDA:30,9,3,0
BRDA:45,10,0,0
BRDA:45,10,1,1
BRDA:46,11,0,0
BRDA:46,11,1,0
BRDA:61,12,0,1
BRDA:61,12,1,1
BRF:30
BRH:6
end_of_record
TN:
SF:/Users/duanguang/Documents/Front-End/legions/legions-design-element/packages/legions-pro-design/src/components/LegionsProSelect/index.tsx
FN:27,transformlabelInValue
FN:31,(anonymous_1)
FN:32,(anonymous_2)
FN:46,(anonymous_3)
FN:61,(anonymous_4)
FN:62,(anonymous_5)
FN:77,(anonymous_6)
FN:86,(anonymous_7)
FN:114,LegionsProSelect
FN:104,(anonymous_9)
FN:106,(anonymous_10)
FN:387,(anonymous_11)
FN:402,(anonymous_12)
FN:532,(anonymous_13)
FN:125,(anonymous_14)
FN:132,(anonymous_15)
FN:137,(anonymous_16)
FN:145,(anonymous_17)
FN:156,(anonymous_18)
FN:159,(anonymous_19)
FN:167,(anonymous_20)
FN:182,(anonymous_21)
FN:191,(anonymous_22)
FN:196,(anonymous_23)
FN:205,(anonymous_24)
FN:225,(anonymous_25)
FN:237,(anonymous_26)
FN:257,(anonymous_27)
FN:275,(anonymous_28)
FN:281,(anonymous_29)
FN:305,(anonymous_30)
FN:314,(anonymous_31)
FN:324,(anonymous_32)
FN:326,(anonymous_33)
FN:331,(anonymous_34)
FN:345,(anonymous_35)
FN:347,(anonymous_36)
FN:357,(anonymous_37)
FN:368,(anonymous_38)
FN:382,(anonymous_39)
FN:421,(anonymous_40)
FN:436,(anonymous_41)
FN:468,(anonymous_42)
FN:482,(anonymous_43)
FN:487,(anonymous_44)
FN:493,(anonymous_45)
FN:494,(anonymous_46)
FN:499,(anonymous_47)
FN:513,(anonymous_48)
FN:516,(anonymous_49)
FN:522,(anonymous_50)
FN:525,(anonymous_51)
FN:527,(anonymous_52)
FN:550,(anonymous_53)
FN:562,(anonymous_54)
FN:563,(anonymous_55)
FN:565,(anonymous_56)
FN:579,(anonymous_57)
FN:591,(anonymous_58)
FN:595,(anonymous_59)
FN:597,(anonymous_60)
FN:603,(anonymous_61)
FN:607,(anonymous_62)
FN:618,(anonymous_63)
FN:643,(anonymous_64)
FNF:65
FNH:18
FNDA:4,transformlabelInValue
FNDA:0,(anonymous_1)
FNDA:0,(anonymous_2)
FNDA:2,(anonymous_3)
FNDA:0,(anonymous_4)
FNDA:0,(anonymous_5)
FNDA:0,(anonymous_6)
FNDA:2,(anonymous_7)
FNDA:4,LegionsProSelect
FNDA:0,(anonymous_9)
FNDA:0,(anonymous_10)
FNDA:0,(anonymous_11)
FNDA:0,(anonymous_12)
FNDA:0,(anonymous_13)
FNDA:0,(anonymous_14)
FNDA:4,(anonymous_15)
FNDA:16,(anonymous_16)
FNDA:0,(anonymous_17)
FNDA:0,(anonymous_18)
FNDA:0,(anonymous_19)
FNDA:4,(anonymous_20)
FNDA:0,(anonymous_21)
FNDA:1,(anonymous_22)
FNDA:4,(anonymous_23)
FNDA:0,(anonymous_24)
FNDA:0,(anonymous_25)
FNDA:4,(anonymous_26)
FNDA:0,(anonymous_27)
FNDA:0,(anonymous_28)
FNDA:0,(anonymous_29)
FNDA:4,(anonymous_30)
FNDA:0,(anonymous_31)
FNDA:0,(anonymous_32)
FNDA:0,(anonymous_33)
FNDA:0,(anonymous_34)
FNDA:0,(anonymous_35)
FNDA:0,(anonymous_36)
FNDA:0,(anonymous_37)
FNDA:0,(anonymous_38)
FNDA:0,(anonymous_39)
FNDA:0,(anonymous_40)
FNDA:1,(anonymous_41)
FNDA:0,(anonymous_42)
FNDA:0,(anonymous_43)
FNDA:0,(anonymous_44)
FNDA:0,(anonymous_45)
FNDA:0,(anonymous_46)
FNDA:0,(anonymous_47)
FNDA:0,(anonymous_48)
FNDA:0,(anonymous_49)
FNDA:4,(anonymous_50)
FNDA:0,(anonymous_51)
FNDA:0,(anonymous_52)
FNDA:4,(anonymous_53)
FNDA:0,(anonymous_54)
FNDA:0,(anonymous_55)
FNDA:0,(anonymous_56)
FNDA:7,(anonymous_57)
FNDA:0,(anonymous_58)
FNDA:0,(anonymous_59)
FNDA:0,(anonymous_60)
FNDA:4,(anonymous_61)
FNDA:4,(anonymous_62)
FNDA:0,(anonymous_63)
FNDA:4,(anonymous_64)
DA:2,2
DA:3,2
DA:4,2
DA:5,2
DA:6,2
DA:7,2
DA:9,2
DA:10,2
DA:11,2
DA:14,2
DA:16,2
DA:17,2
DA:27,4
DA:28,4
DA:29,2
DA:30,0
DA:31,0
DA:32,0
DA:33,0
DA:34,0
DA:43,0
DA:45,2
DA:46,2
DA:47,1
DA:48,0
DA:55,0
DA:59,2
DA:60,0
DA:61,0
DA:62,0
DA:63,0
DA:64,0
DA:74,0
DA:76,2
DA:77,0
DA:78,0
DA:79,0
DA:83,4
DA:86,2
DA:87,2
DA:94,2
DA:95,4
DA:96,4
DA:97,4
DA:98,4
DA:99,4
DA:100,4
DA:101,4
DA:102,4
DA:104,4
DA:105,0
DA:106,0
DA:107,0
DA:108,0
DA:110,0
DA:111,0
DA:115,4
DA:116,4
DA:117,4
DA:123,4
DA:125,2
DA:126,0
DA:127,0
DA:128,0
DA:132,2
DA:133,4
DA:134,4
DA:135,4
DA:137,2
DA:138,16
DA:139,16
DA:140,16
DA:141,0
DA:145,2
DA:146,0
DA:147,0
DA:149,0
DA:156,2
DA:157,0
DA:158,0
DA:159,0
DA:160,0
DA:161,0
DA:162,0
DA:167,8
DA:168,4
DA:169,0
DA:170,0
DA:171,0
DA:172,0
DA:173,0
DA:174,0
DA:175,0
DA:177,0
DA:178,0
DA:183,0
DA:184,0
DA:188,4
DA:189,1
DA:192,1
DA:196,2
DA:197,4
DA:198,4
DA:199,3
DA:200,0
DA:203,4
DA:205,2
DA:206,0
DA:207,0
DA:208,0
DA:222,0
DA:225,2
DA:226,0
DA:227,0
DA:228,0
DA:229,0
DA:230,0
DA:231,0
DA:237,2
DA:238,4
DA:239,4
DA:240,4
DA:241,4
DA:242,0
DA:243,0
DA:244,0
DA:245,0
DA:246,0
DA:247,0
DA:248,0
DA:250,0
DA:251,0
DA:257,2
DA:258,0
DA:259,0
DA:261,0
DA:263,0
DA:265,0
DA:266,0
DA:268,0
DA:269,0
DA:270,0
DA:273,0
DA:275,2
DA:276,0
DA:277,0
DA:278,0
DA:279,0
DA:281,2
DA:282,0
DA:283,0
DA:284,0
DA:285,0
DA:287,0
DA:288,0
DA:289,0
DA:290,0
DA:305,4
DA:306,4
DA:308,4
DA:309,0
DA:310,0
DA:312,0
DA:314,0
DA:315,0
DA:316,0
DA:319,0
DA:320,0
DA:321,0
DA:322,0
DA:324,0
DA:325,0
DA:326,0
DA:327,0
DA:328,0
DA:331,0
DA:332,0
DA:333,0
DA:335,0
DA:338,0
DA:339,0
DA:343,0
DA:344,0
DA:345,0
DA:346,0
DA:347,0
DA:348,0
DA:349,0
DA:357,2
DA:358,0
DA:359,0
DA:360,0
DA:361,0
DA:362,0
DA:363,0
DA:364,0
DA:365,0
DA:366,0
DA:368,2
DA:369,0
DA:370,0
DA:371,0
DA:372,0
DA:373,0
DA:374,0
DA:380,0
DA:382,2
DA:383,0
DA:384,0
DA:387,4
DA:388,0
DA:389,0
DA:390,0
DA:391,0
DA:392,0
DA:393,0
DA:394,0
DA:397,0
DA:398,0
DA:402,4
DA:403,0
DA:404,0
DA:405,0
DA:406,0
DA:407,0
DA:410,0
DA:411,0
DA:421,2
DA:422,0
DA:423,0
DA:424,0
DA:425,0
DA:426,0
DA:427,0
DA:428,0
DA:432,0
DA:436,2
DA:437,1
DA:438,1
DA:439,0
DA:441,1
DA:442,1
DA:443,1
DA:444,1
DA:445,1
DA:447,0
DA:448,0
DA:449,0
DA:451,0
DA:452,0
DA:455,0
DA:456,0
DA:458,0
DA:459,0
DA:460,0
DA:461,0
DA:463,0
DA:464,0
DA:465,0
DA:468,2
DA:469,0
DA:470,0
DA:471,0
DA:472,0
DA:473,0
DA:475,0
DA:476,0
DA:477,0
DA:482,2
DA:483,0
DA:484,0
DA:485,0
DA:487,2
DA:488,0
DA:489,0
DA:491,0
DA:493,2
DA:494,0
DA:495,0
DA:497,0
DA:499,2
DA:500,0
DA:501,0
DA:502,0
DA:503,0
DA:510,0
DA:513,2
DA:514,0
DA:516,2
DA:517,0
DA:520,0
DA:522,4
DA:523,4
DA:525,2
DA:526,0
DA:527,0
DA:528,0
DA:530,0
DA:532,4
DA:533,0
DA:534,0
DA:535,0
DA:536,0
DA:537,0
DA:542,0
DA:544,0
DA:547,0
DA:550,4
DA:551,4
DA:552,4
DA:553,4
DA:554,0
DA:555,0
DA:556,0
DA:559,4
DA:561,4
DA:562,0
DA:563,0
DA:564,0
DA:566,0
DA:579,4
DA:580,7
DA:591,2
DA:592,0
DA:593,0
DA:595,0
DA:596,0
DA:598,0
DA:603,4
DA:604,4
DA:605,4
DA:606,4
DA:608,4
DA:609,0
DA:619,0
DA:620,0
DA:622,0
DA:623,0
DA:625,0
DA:643,2
DA:644,4
DA:645,4
DA:651,2
LF:343
LH:114
BRDA:27,0,0,0
BRDA:27,0,1,4
BRDA:28,1,0,2
BRDA:28,1,1,2
BRDA:29,2,0,0
BRDA:29,2,1,2
BRDA:33,3,0,0
BRDA:33,3,1,0
BRDA:45,4,0,1
BRDA:45,4,1,1
BRDA:45,5,0,2
BRDA:45,5,1,1
BRDA:47,6,0,0
BRDA:47,6,1,1
BRDA:59,7,0,0
BRDA:59,7,1,2
BRDA:63,8,0,0
BRDA:63,8,1,0
BRDA:76,9,0,0
BRDA:76,9,1,2
BRDA:76,10,0,2
BRDA:76,10,1,0
BRDA:78,11,0,0
BRDA:78,11,1,0
BRDA:115,12,0,4
BRDA:115,12,1,4
BRDA:100,13,0,4
BRDA:100,13,1,3
BRDA:107,14,0,0
BRDA:107,14,1,0
BRDA:107,15,0,0
BRDA:107,15,1,0
BRDA:110,16,0,0
BRDA:110,16,1,0
BRDA:391,17,0,0
BRDA:391,17,1,0
BRDA:404,18,0,0
BRDA:404,18,1,0
BRDA:534,19,0,0
BRDA:534,19,1,0
BRDA:535,20,0,0
BRDA:535,20,1,0
BRDA:536,21,0,0
BRDA:536,21,1,0
BRDA:542,22,0,0
BRDA:542,22,1,0
BRDA:547,23,0,0
BRDA:547,23,1,0
BRDA:127,24,0,0
BRDA:127,24,1,0
BRDA:127,24,2,0
BRDA:133,25,0,4
BRDA:133,25,1,0
BRDA:138,26,0,16
BRDA:138,26,1,16
BRDA:140,27,0,0
BRDA:140,27,1,16
BRDA:140,28,0,16
BRDA:140,28,1,16
BRDA:140,28,2,0
BRDA:146,29,0,0
BRDA:146,29,1,0
BRDA:157,30,0,0
BRDA:157,30,1,0
BRDA:157,31,0,0
BRDA:157,31,1,0
BRDA:157,31,2,0
BRDA:157,31,3,0
BRDA:157,31,4,0
BRDA:160,32,0,0
BRDA:160,32,1,0
BRDA:167,33,0,4
BRDA:167,33,1,0
BRDA:167,34,0,4
BRDA:167,34,1,0
BRDA:167,35,0,4
BRDA:167,35,1,0
BRDA:167,36,0,4
BRDA:167,36,1,4
BRDA:167,36,2,1
BRDA:167,37,0,4
BRDA:167,37,1,0
BRDA:167,38,0,4
BRDA:167,38,1,0
BRDA:167,39,0,4
BRDA:167,39,1,0
BRDA:168,40,0,0
BRDA:168,40,1,4
BRDA:168,41,0,4
BRDA:168,41,1,1
BRDA:177,42,0,0
BRDA:177,42,1,0
BRDA:188,43,0,1
BRDA:188,43,1,3
BRDA:188,44,0,4
BRDA:188,44,1,1
BRDA:198,45,0,3
BRDA:198,45,1,1
BRDA:198,46,0,4
BRDA:198,46,1,1
BRDA:199,47,0,0
BRDA:199,47,1,3
BRDA:199,48,0,3
BRDA:199,48,1,0
BRDA:199,48,2,0
BRDA:207,49,0,0
BRDA:207,49,1,0
BRDA:207,50,0,0
BRDA:207,50,1,0
BRDA:212,51,0,0
BRDA:212,51,1,0
BRDA:227,52,0,0
BRDA:227,52,1,0
BRDA:229,53,0,0
BRDA:229,53,1,0
BRDA:229,54,0,0
BRDA:229,54,1,0
BRDA:231,55,0,0
BRDA:231,55,1,0
BRDA:241,56,0,0
BRDA:241,56,1,4
BRDA:243,57,0,0
BRDA:243,57,1,0
BRDA:251,58,0,0
BRDA:251,58,1,0
BRDA:258,59,0,0
BRDA:258,59,1,0
BRDA:258,60,0,0
BRDA:258,60,1,0
BRDA:261,61,0,0
BRDA:261,61,1,0
BRDA:261,62,0,0
BRDA:261,62,1,0
BRDA:261,62,2,0
BRDA:265,63,0,0
BRDA:265,63,1,0
BRDA:268,64,0,0
BRDA:268,64,1,0
BRDA:269,65,0,0
BRDA:269,65,1,0
BRDA:270,66,0,0
BRDA:270,66,1,0
BRDA:283,67,0,0
BRDA:283,67,1,0
BRDA:287,68,0,0
BRDA:287,68,1,0
BRDA:287,69,0,0
BRDA:287,69,1,0
BRDA:287,69,2,0
BRDA:287,69,3,0
BRDA:289,70,0,0
BRDA:289,70,1,0
BRDA:308,71,0,0
BRDA:308,71,1,4
BRDA:308,72,0,4
BRDA:308,72,1,0
BRDA:308,72,2,0
BRDA:308,72,3,0
BRDA:315,73,0,0
BRDA:315,73,1,0
BRDA:320,74,0,0
BRDA:320,74,1,0
BRDA:325,75,0,0
BRDA:325,75,1,0
BRDA:327,76,0,0
BRDA:327,76,1,0
BRDA:332,77,0,0
BRDA:332,77,1,0
BRDA:343,78,0,0
BRDA:343,78,1,0
BRDA:346,79,0,0
BRDA:346,79,1,0
BRDA:348,80,0,0
BRDA:348,80,1,0
BRDA:375,81,0,0
BRDA:375,81,1,0
BRDA:377,82,0,0
BRDA:377,82,1,0
BRDA:383,83,0,0
BRDA:383,83,1,0
BRDA:384,84,0,0
BRDA:384,84,1,0
BRDA:424,85,0,0
BRDA:424,85,1,0
BRDA:426,86,0,0
BRDA:426,86,1,0
BRDA:438,87,0,0
BRDA:438,87,1,1
BRDA:443,88,0,1
BRDA:443,88,1,1
BRDA:444,89,0,1
BRDA:444,89,1,0
BRDA:444,90,0,1
BRDA:444,90,1,0
BRDA:448,91,0,0
BRDA:448,91,1,0
BRDA:451,92,0,0
BRDA:451,92,1,0
BRDA:451,93,0,0
BRDA:451,93,1,0
BRDA:460,94,0,0
BRDA:460,94,1,0
BRDA:464,95,0,0
BRDA:464,95,1,0
BRDA:470,96,0,0
BRDA:470,96,1,0
BRDA:472,97,0,0
BRDA:472,97,1,0
BRDA:472,98,0,0
BRDA:472,98,1,0
BRDA:476,99,0,0
BRDA:476,99,1,0
BRDA:476,100,0,0
BRDA:476,100,1,0
BRDA:488,101,0,0
BRDA:488,101,1,0
BRDA:488,102,0,0
BRDA:488,102,1,0
BRDA:488,102,2,0
BRDA:491,103,0,0
BRDA:491,103,1,0
BRDA:497,104,0,0
BRDA:497,104,1,0
BRDA:500,105,0,0
BRDA:500,105,1,0
BRDA:500,106,0,0
BRDA:500,106,1,0
BRDA:502,107,0,0
BRDA:502,107,1,0
BRDA:514,108,0,0
BRDA:514,108,1,0
BRDA:520,109,0,0
BRDA:520,109,1,0
BRDA:522,110,0,0
BRDA:522,110,1,4
BRDA:525,111,0,0
BRDA:525,111,1,0
BRDA:528,112,0,0
BRDA:528,112,1,0
BRDA:553,113,0,0
BRDA:553,113,1,4
BRDA:553,114,0,4
BRDA:553,114,1,1
BRDA:555,115,0,0
BRDA:555,115,1,0
BRDA:555,116,0,0
BRDA:555,116,1,0
BRDA:561,117,0,0
BRDA:561,117,1,4
BRDA:592,118,0,0
BRDA:592,118,1,0
BRDA:608,119,0,0
BRDA:608,119,1,4
BRDA:608,120,0,4
BRDA:608,120,1,4
BRDA:608,120,2,4
BRDA:608,120,3,4
BRDA:608,120,4,0
BRDA:614,121,0,4
BRDA:614,121,1,4
BRDA:614,122,0,0
BRDA:614,122,1,4
BRDA:614,123,0,0
BRDA:614,123,1,4
BRDA:615,124,0,0
BRDA:615,124,1,4
BRDA:615,125,0,0
BRDA:615,125,1,4
BRDA:616,126,0,0
BRDA:616,126,1,4
BRDA:616,127,0,1
BRDA:616,127,1,3
BRDA:619,128,0,0
BRDA:619,128,1,0
BRDA:619,129,0,0
BRDA:619,129,1,0
BRDA:622,130,0,0
BRDA:622,130,1,0
BRDA:628,131,0,0
BRDA:628,131,1,4
BRDA:646,132,0,0
BRDA:646,132,1,4
BRF:282
BRH:73
end_of_record
TN:
SF:/Users/duanguang/Documents/Front-End/legions/legions-design-element/packages/legions-pro-design/src/components/LegionsProUpload/index.tsx
FN:17,(anonymous_0)
FN:30,LegionsProUpload
FN:101,(anonymous_2)
FN:104,(anonymous_3)
FN:137,(anonymous_4)
FN:138,(anonymous_5)
FN:143,(anonymous_6)
FN:153,(anonymous_7)
FN:163,(anonymous_8)
FN:164,(anonymous_9)
FN:165,(anonymous_10)
FN:183,(anonymous_11)
FN:187,(anonymous_12)
FN:189,(anonymous_13)
FN:190,(anonymous_14)
FN:199,(anonymous_15)
FN:200,(anonymous_16)
FN:222,(anonymous_17)
FN:224,(anonymous_18)
FN:42,(anonymous_19)
FN:55,(anonymous_20)
FN:63,(anonymous_21)
FN:66,(anonymous_22)
FN:73,(anonymous_23)
FN:77,(anonymous_24)
FN:84,(anonymous_25)
FN:110,(anonymous_26)
FN:113,(anonymous_27)
FN:114,(anonymous_28)
FN:121,(anonymous_29)
FN:128,(anonymous_30)
FN:233,(anonymous_31)
FN:251,(anonymous_32)
FN:270,(anonymous_33)
FN:27,(anonymous_34)
FNF:35
FNH:6
FNDA:2,(anonymous_0)
FNDA:1,LegionsProUpload
FNDA:0,(anonymous_2)
FNDA:0,(anonymous_3)
FNDA:0,(anonymous_4)
FNDA:0,(anonymous_5)
FNDA:0,(anonymous_6)
FNDA:0,(anonymous_7)
FNDA:0,(anonymous_8)
FNDA:0,(anonymous_9)
FNDA:0,(anonymous_10)
FNDA:0,(anonymous_11)
FNDA:0,(anonymous_12)
FNDA:0,(anonymous_13)
FNDA:0,(anonymous_14)
FNDA:0,(anonymous_15)
FNDA:0,(anonymous_16)
FNDA:0,(anonymous_17)
FNDA:0,(anonymous_18)
FNDA:0,(anonymous_19)
FNDA:0,(anonymous_20)
FNDA:0,(anonymous_21)
FNDA:0,(anonymous_22)
FNDA:0,(anonymous_23)
FNDA:0,(anonymous_24)
FNDA:0,(anonymous_25)
FNDA:1,(anonymous_26)
FNDA:3,(anonymous_27)
FNDA:27,(anonymous_28)
FNDA:0,(anonymous_29)
FNDA:0,(anonymous_30)
FNDA:1,(anonymous_31)
FNDA:0,(anonymous_32)
FNDA:0,(anonymous_33)
FNDA:0,(anonymous_34)
DA:1,2
DA:2,2
DA:4,2
DA:5,2
DA:6,2
DA:7,2
DA:8,2
DA:10,2
DA:17,2
DA:18,2
DA:27,0
DA:29,1
DA:31,1
DA:33,1
DA:36,1
DA:42,2
DA:43,0
DA:44,0
DA:45,0
DA:49,0
DA:50,0
DA:55,2
DA:56,0
DA:57,0
DA:58,0
DA:59,0
DA:61,0
DA:63,2
DA:64,0
DA:65,0
DA:66,0
DA:67,0
DA:71,0
DA:73,0
DA:77,0
DA:78,0
DA:82,0
DA:84,0
DA:85,0
DA:86,0
DA:87,0
DA:90,0
DA:91,0
DA:92,0
DA:93,0
DA:98,0
DA:101,1
DA:102,0
DA:104,1
DA:105,0
DA:106,0
DA:108,0
DA:110,2
DA:111,1
DA:112,1
DA:113,1
DA:114,27
DA:115,3
DA:116,3
DA:118,0
DA:121,2
DA:122,0
DA:123,0
DA:125,0
DA:126,0
DA:128,0
DA:129,0
DA:130,0
DA:131,0
DA:135,0
DA:137,1
DA:138,0
DA:139,0
DA:140,0
DA:141,0
DA:142,0
DA:143,0
DA:144,0
DA:145,0
DA:146,0
DA:149,0
DA:151,0
DA:152,0
DA:153,0
DA:154,0
DA:155,0
DA:156,0
DA:159,0
DA:161,0
DA:162,0
DA:163,0
DA:164,0
DA:165,0
DA:166,0
DA:167,0
DA:168,0
DA:171,0
DA:173,0
DA:174,0
DA:176,0
DA:177,0
DA:178,0
DA:180,0
DA:183,1
DA:184,0
DA:187,1
DA:188,0
DA:189,0
DA:192,0
DA:199,1
DA:200,0
DA:201,0
DA:203,0
DA:205,0
DA:206,0
DA:222,0
DA:224,0
DA:229,0
DA:233,2
DA:234,1
DA:235,1
DA:236,1
DA:244,1
DA:252,0
DA:271,0
DA:287,2
LF:126
LH:37
BRDA:31,0,0,1
BRDA:31,0,1,1
BRDA:102,1,0,0
BRDA:102,1,1,0
BRDA:105,2,0,0
BRDA:105,2,1,0
BRDA:139,3,0,0
BRDA:139,3,1,0
BRDA:141,4,0,0
BRDA:141,4,1,0
BRDA:141,5,0,0
BRDA:141,5,1,0
BRDA:141,5,2,0
BRDA:142,6,0,0
BRDA:142,6,1,0
BRDA:151,7,0,0
BRDA:151,7,1,0
BRDA:151,8,0,0
BRDA:151,8,1,0
BRDA:151,8,2,0
BRDA:152,9,0,0
BRDA:152,9,1,0
BRDA:161,10,0,0
BRDA:161,10,1,0
BRDA:161,11,0,0
BRDA:161,11,1,0
BRDA:162,12,0,0
BRDA:162,12,1,0
BRDA:173,13,0,0
BRDA:173,13,1,0
BRDA:173,14,0,0
BRDA:173,14,1,0
BRDA:173,14,2,0
BRDA:173,14,3,0
BRDA:176,15,0,0
BRDA:176,15,1,0
BRDA:192,16,0,0
BRDA:192,16,1,0
BRDA:201,17,0,0
BRDA:201,17,1,0
BRDA:201,17,2,0
BRDA:214,18,0,0
BRDA:214,18,1,0
BRDA:215,19,0,0
BRDA:215,19,1,0
BRDA:220,20,0,0
BRDA:220,20,1,0
BRDA:220,20,2,0
BRDA:220,20,3,0
BRDA:222,21,0,0
BRDA:222,21,1,0
BRDA:229,22,0,0
BRDA:229,22,1,0
BRDA:34,23,0,0
BRDA:34,23,1,1
BRDA:34,24,0,0
BRDA:34,24,1,0
BRDA:35,25,0,1
BRDA:35,25,1,1
BRDA:35,25,2,1
BRDA:43,26,0,0
BRDA:43,26,1,0
BRDA:43,27,0,0
BRDA:43,27,1,0
BRDA:44,28,0,0
BRDA:44,28,1,0
BRDA:44,29,0,0
BRDA:44,29,1,0
BRDA:44,29,2,0
BRDA:46,30,0,0
BRDA:46,30,1,0
BRDA:49,31,0,0
BRDA:49,31,1,0
BRDA:58,32,0,0
BRDA:58,32,1,0
BRDA:82,33,0,0
BRDA:82,33,1,0
BRDA:85,34,0,0
BRDA:85,34,1,0
BRDA:98,35,0,0
BRDA:98,35,1,0
BRDA:111,36,0,1
BRDA:111,36,1,0
BRDA:115,37,0,3
BRDA:115,37,1,0
BRDA:122,38,0,0
BRDA:122,38,1,0
BRDA:123,39,0,0
BRDA:123,39,1,0
BRDA:125,40,0,0
BRDA:125,40,1,0
BRDA:126,41,0,0
BRDA:126,41,1,0
BRDA:130,42,0,0
BRDA:130,42,1,0
BRDA:130,43,0,0
BRDA:130,43,1,0
BRDA:130,43,2,0
BRDA:130,43,3,0
BRDA:135,44,0,0
BRDA:135,44,1,0
BRDA:242,45,0,0
BRDA:242,45,1,1
BRDA:246,46,0,1
BRDA:246,46,1,0
BRDA:251,47,0,1
BRDA:251,47,1,0
BRDA:252,48,0,0
BRDA:252,48,1,0
BRDA:259,49,0,0
BRDA:259,49,1,1
BRDA:260,50,0,1
BRDA:260,50,1,0
BRDA:260,50,2,0
BRDA:260,50,3,1
BRDA:262,51,0,1
BRDA:262,51,1,1
BRDA:262,51,2,0
BRDA:262,52,0,0
BRDA:262,52,1,0
BRDA:263,53,0,1
BRDA:263,53,1,1
BRDA:263,53,2,0
BRDA:264,54,0,1
BRDA:264,54,1,1
BRDA:264,54,2,1
BRDA:270,55,0,0
BRDA:270,55,1,0
BRDA:271,56,0,0
BRDA:271,56,1,0
BRDA:279,57,0,0
BRDA:279,57,1,0
BRDA:283,58,0,1
BRDA:283,58,1,0
BRF:134
BRH:22
end_of_record
TN:
SF:/Users/duanguang/Documents/Front-End/legions/legions-design-element/packages/legions-pro-design/src/components/LegionsProUpload/uploadType.ts
FNF:0
FNH:0
DA:1,2
DA:2,2
DA:3,2
DA:4,2
DA:5,2
DA:6,2
DA:7,2
DA:8,2
DA:9,2
DA:10,2
DA:11,2
DA:12,2
DA:13,2
DA:14,2
DA:15,2
LF:15
LH:15
BRF:0
BRH:0
end_of_record
TN:
SF:/Users/duanguang/Documents/Front-End/legions/legions-design-element/packages/legions-pro-design/src/components/LegionsStore/StoreBase.ts
FN:28,(anonymous_0)
FN:45,(anonymous_2)
FNF:2
FNH:1
FNDA:4,(anonymous_0)
FNDA:0,(anonymous_2)
DA:12,2
DA:14,2
DA:16,2
DA:28,2
DA:29,2
DA:36,2
DA:45,2
DA:46,0
DA:48,2
LF:9
LH:8
BRDA:28,0,0,2
BRDA:28,0,1,2
BRDA:28,0,2,2
BRF:3
BRH:3
end_of_record
TN:
SF:/Users/duanguang/Documents/Front-End/legions/legions-design-element/packages/legions-pro-design/src/components/LegionsStore/UiStoreBase.ts
FN:4,(anonymous_0)
FNF:1
FNH:1
FNDA:2,(anonymous_0)
DA:1,2
DA:2,2
DA:4,2
DA:5,2
DA:10,2
LF:5
LH:5
BRF:0
BRH:0
end_of_record
TN:
SF:/Users/duanguang/Documents/Front-End/legions/legions-design-element/packages/legions-pro-design/src/components/LegionsStore/index.ts
FN:19,getStore
FNF:1
FNH:0
FNDA:0,getStore
DA:10,2
DA:11,2
DA:12,2
DA:13,2
DA:20,0
DA:21,0
DA:22,0
DA:24,0
DA:26,2
DA:36,2
LF:10
LH:6
BRDA:20,0,0,0
BRDA:20,0,1,0
BRDA:20,1,0,0
BRDA:20,1,1,0
BRF:4
BRH:0
end_of_record
TN:
SF:/Users/duanguang/Documents/Front-End/legions/legions-design-element/packages/legions-pro-design/src/components/LegionsStore/resourceEvent.ts
FNF:0
FNH:0
DA:1,2
DA:4,2
DA:7,2
DA:9,2
DA:11,2
LF:5
LH:5
BRF:0
BRH:0
end_of_record
TN:
SF:/Users/duanguang/Documents/Front-End/legions/legions-design-element/packages/legions-pro-design/src/components/LegionsStoreForm/index.ts
FNF:0
FNH:0
DA:1,2
DA:2,2
DA:3,2
LF:3
LH:3
BRF:0
BRH:0
end_of_record
TN:
SF:/Users/duanguang/Documents/Front-End/legions/legions-design-element/packages/legions-pro-design/src/components/LegionsStoreForm/proFormStore.ts
FN:40,(anonymous_0)
FN:41,HlFormView
FN:42,(anonymous_2)
FN:111,(anonymous_3)
FN:118,(anonymous_4)
FN:128,(anonymous_5)
FN:146,(anonymous_6)
FN:152,(anonymous_7)
FN:154,(anonymous_8)
FN:168,(anonymous_9)
FN:169,(anonymous_10)
FN:176,(anonymous_11)
FN:177,(anonymous_12)
FN:197,(anonymous_13)
FN:198,(anonymous_14)
FN:211,(anonymous_15)
FN:216,(anonymous_16)
FN:251,(anonymous_17)
FN:263,(anonymous_19)
FN:297,(anonymous_21)
FN:300,(anonymous_22)
FN:303,(anonymous_23)
FN:304,(anonymous_24)
FN:305,(anonymous_25)
FN:311,(anonymous_26)
FN:314,(anonymous_27)
FN:317,(anonymous_28)
FN:328,(anonymous_29)
FN:360,(anonymous_30)
FN:378,(anonymous_31)
FN:382,(anonymous_32)
FN:394,(anonymous_33)
FN:397,(anonymous_34)
FN:406,(anonymous_35)
FN:420,(anonymous_36)
FN:426,(anonymous_37)
FN:440,(anonymous_39)
FN:464,(anonymous_40)
FN:481,(anonymous_41)
FN:497,(anonymous_42)
FN:531,(anonymous_43)
FN:542,(anonymous_44)
FN:571,(anonymous_45)
FN:575,(anonymous_46)
FN:628,(anonymous_47)
FN:666,(anonymous_48)
FN:670,ProFormStore
FN:701,(anonymous_50)
FN:723,(anonymous_51)
FN:726,(anonymous_52)
FN:729,(anonymous_53)
FN:738,(anonymous_54)
FN:752,(anonymous_55)
FN:755,(anonymous_56)
FN:764,(anonymous_57)
FN:775,(anonymous_58)
FN:789,(anonymous_59)
FN:839,(anonymous_60)
FN:857,(anonymous_61)
FN:865,(anonymous_62)
FN:872,(anonymous_63)
FN:875,(anonymous_64)
FNF:62
FNH:36
FNDA:2,(anonymous_0)
FNDA:2,HlFormView
FNDA:13,(anonymous_2)
FNDA:0,(anonymous_3)
FNDA:2,(anonymous_4)
FNDA:5,(anonymous_5)
FNDA:2,(anonymous_6)
FNDA:2,(anonymous_7)
FNDA:0,(anonymous_8)
FNDA:14,(anonymous_9)
FNDA:78,(anonymous_10)
FNDA:3,(anonymous_11)
FNDA:42,(anonymous_12)
FNDA:0,(anonymous_13)
FNDA:0,(anonymous_14)
FNDA:0,(anonymous_15)
FNDA:16,(anonymous_16)
FNDA:2,(anonymous_17)
FNDA:4,(anonymous_19)
FNDA:8,(anonymous_21)
FNDA:6,(anonymous_22)
FNDA:2,(anonymous_23)
FNDA:13,(anonymous_24)
FNDA:66,(anonymous_25)
FNDA:0,(anonymous_26)
FNDA:2,(anonymous_27)
FNDA:1,(anonymous_28)
FNDA:1,(anonymous_29)
FNDA:1,(anonymous_30)
FNDA:0,(anonymous_31)
FNDA:0,(anonymous_32)
FNDA:1,(anonymous_33)
FNDA:1,(anonymous_34)
FNDA:0,(anonymous_35)
FNDA:1,(anonymous_36)
FNDA:1,(anonymous_37)
FNDA:0,(anonymous_39)
FNDA:1,(anonymous_40)
FNDA:1,(anonymous_41)
FNDA:0,(anonymous_42)
FNDA:1,(anonymous_43)
FNDA:0,(anonymous_44)
FNDA:0,(anonymous_45)
FNDA:0,(anonymous_46)
FNDA:1,(anonymous_47)
FNDA:2,(anonymous_48)
FNDA:2,ProFormStore
FNDA:2,(anonymous_50)
FNDA:0,(anonymous_51)
FNDA:0,(anonymous_52)
FNDA:40,(anonymous_53)
FNDA:2,(anonymous_54)
FNDA:0,(anonymous_55)
FNDA:0,(anonymous_56)
FNDA:0,(anonymous_57)
FNDA:0,(anonymous_58)
FNDA:0,(anonymous_59)
FNDA:0,(anonymous_60)
FNDA:0,(anonymous_61)
FNDA:0,(anonymous_62)
FNDA:0,(anonymous_63)
FNDA:0,(anonymous_64)
DA:12,2
DA:14,2
DA:15,2
DA:22,2
DA:23,2
DA:24,2
DA:25,2
DA:27,2
DA:28,2
DA:30,2
DA:40,2
DA:42,2
DA:50,2
DA:61,2
DA:69,2
DA:71,2
DA:72,2
DA:77,2
DA:86,2
DA:96,2
DA:104,2
DA:111,4
DA:112,0
DA:118,4
DA:119,2
DA:120,13
DA:121,13
DA:123,2
DA:128,4
DA:129,5
DA:130,36
DA:131,36
DA:133,6
DA:134,6
DA:136,5
DA:146,4
DA:147,2
DA:152,4
DA:153,2
DA:154,2
DA:155,0
DA:156,0
DA:157,0
DA:168,4
DA:169,78
DA:170,14
DA:171,14
DA:172,14
DA:176,4
DA:177,42
DA:178,3
DA:179,3
DA:180,0
DA:186,3
DA:187,3
DA:194,0
DA:197,4
DA:198,0
DA:199,0
DA:200,0
DA:201,0
DA:202,0
DA:204,0
DA:205,0
DA:208,0
DA:211,4
DA:212,0
DA:213,0
DA:216,29
DA:217,16
DA:218,13
DA:219,13
DA:222,3
DA:223,3
DA:224,3
DA:228,2
DA:251,2
DA:252,2
DA:259,2
DA:260,2
DA:263,2
DA:264,2
DA:269,2
DA:288,2
DA:290,2
DA:297,4
DA:298,8
DA:300,4
DA:301,6
DA:303,4
DA:304,2
DA:305,66
DA:306,13
DA:307,13
DA:311,4
DA:312,0
DA:314,4
DA:315,2
DA:317,4
DA:318,1
DA:328,4
DA:339,1
DA:360,2
DA:361,1
DA:362,1
DA:363,1
DA:365,1
DA:366,1
DA:367,0
DA:368,0
DA:369,0
DA:372,1
DA:378,2
DA:379,0
DA:380,0
DA:381,0
DA:382,0
DA:383,0
DA:384,0
DA:386,0
DA:392,0
DA:394,2
DA:395,1
DA:396,1
DA:397,1
DA:398,1
DA:399,1
DA:400,0
DA:407,0
DA:420,2
DA:424,1
DA:425,1
DA:426,1
DA:427,1
DA:428,1
DA:429,0
DA:431,0
DA:432,0
DA:433,0
DA:434,0
DA:441,0
DA:442,0
DA:450,0
DA:464,4
DA:467,1
DA:475,1
DA:477,1
DA:478,1
DA:481,1
DA:482,3
DA:483,1
DA:486,1
DA:487,1
DA:488,1
DA:489,1
DA:490,0
DA:496,1
DA:498,0
DA:499,0
DA:505,1
DA:506,1
DA:507,1
DA:509,1
DA:510,1
DA:517,0
DA:518,0
DA:527,1
DA:528,1
DA:529,1
DA:531,1
DA:532,1
DA:534,0
DA:541,0
DA:542,0
DA:545,1
DA:547,1
DA:551,0
DA:554,0
DA:555,0
DA:556,0
DA:562,0
DA:565,1
DA:566,1
DA:572,0
DA:573,0
DA:574,0
DA:575,0
DA:576,0
DA:577,0
DA:579,0
DA:580,0
DA:587,0
DA:596,1
DA:597,1
DA:598,1
DA:599,1
DA:604,1
DA:611,1
DA:616,0
DA:617,0
DA:619,0
DA:623,1
DA:629,1
DA:635,1
DA:636,1
DA:637,1
DA:638,1
DA:639,1
DA:640,0
DA:646,1
DA:647,1
DA:663,2
DA:666,2
DA:667,2
DA:671,2
DA:679,2
DA:683,2
DA:688,2
DA:701,4
DA:705,2
DA:706,2
DA:707,2
DA:709,2
DA:714,2
DA:718,2
DA:723,4
DA:724,0
DA:726,4
DA:727,0
DA:729,4
DA:730,40
DA:738,4
DA:739,2
DA:747,2
DA:752,4
DA:753,0
DA:755,4
DA:756,0
DA:764,4
DA:765,0
DA:775,2
DA:780,0
DA:781,0
DA:783,0
DA:784,0
DA:785,0
DA:789,0
DA:790,0
DA:792,0
DA:793,0
DA:794,0
DA:796,0
DA:799,0
DA:800,0
DA:801,0
DA:802,0
DA:803,0
DA:809,0
DA:813,0
DA:814,0
DA:818,0
DA:819,0
DA:820,0
DA:821,0
DA:822,0
DA:823,0
DA:839,4
DA:843,0
DA:844,0
DA:845,0
DA:847,0
DA:852,0
DA:857,0
DA:858,0
DA:859,0
DA:865,4
DA:866,0
DA:867,0
DA:872,4
DA:873,0
DA:875,4
DA:876,0
DA:878,2
LF:283
LH:177
BRDA:156,0,0,0
BRDA:156,0,1,0
BRDA:170,1,0,14
BRDA:170,1,1,0
BRDA:177,2,0,42
BRDA:177,2,1,42
BRDA:178,3,0,3
BRDA:178,3,1,0
BRDA:179,4,0,0
BRDA:179,4,1,3
BRDA:186,5,0,3
BRDA:186,5,1,0
BRDA:198,6,0,0
BRDA:198,6,1,0
BRDA:199,7,0,0
BRDA:199,7,1,0
BRDA:201,8,0,0
BRDA:201,8,1,0
BRDA:204,9,0,0
BRDA:204,9,1,0
BRDA:216,10,0,13
BRDA:216,10,1,3
BRDA:217,11,0,13
BRDA:217,11,1,3
BRDA:218,12,0,13
BRDA:218,12,1,0
BRDA:222,13,0,3
BRDA:222,13,1,0
BRDA:223,14,0,3
BRDA:223,14,1,0
BRDA:306,15,0,13
BRDA:306,15,1,0
BRDA:344,16,0,1
BRDA:344,16,1,0
BRDA:345,17,0,1
BRDA:345,17,1,1
BRDA:366,18,0,0
BRDA:366,18,1,1
BRDA:366,19,0,1
BRDA:366,19,1,1
BRDA:379,20,0,0
BRDA:379,20,1,0
BRDA:379,21,0,0
BRDA:379,21,1,0
BRDA:379,21,2,0
BRDA:399,22,0,0
BRDA:399,22,1,1
BRDA:399,23,0,1
BRDA:399,23,1,1
BRDA:407,24,0,0
BRDA:407,24,1,0
BRDA:428,25,0,0
BRDA:428,25,1,1
BRDA:428,26,0,1
BRDA:428,26,1,1
BRDA:432,27,0,0
BRDA:432,27,1,0
BRDA:432,28,0,0
BRDA:432,28,1,0
BRDA:441,29,0,0
BRDA:441,29,1,0
BRDA:467,30,0,0
BRDA:467,30,1,1
BRDA:475,31,0,1
BRDA:475,31,1,0
BRDA:478,32,0,1
BRDA:478,32,1,1
BRDA:482,33,0,0
BRDA:482,33,1,1
BRDA:489,34,0,0
BRDA:489,34,1,1
BRDA:498,35,0,0
BRDA:498,35,1,0
BRDA:506,36,0,1
BRDA:506,36,1,0
BRDA:509,37,0,1
BRDA:509,37,1,0
BRDA:517,38,0,0
BRDA:517,38,1,0
BRDA:529,39,0,1
BRDA:529,39,1,0
BRDA:532,40,0,0
BRDA:532,40,1,1
BRDA:545,41,0,1
BRDA:545,41,1,0
BRDA:547,42,0,0
BRDA:547,42,1,1
BRDA:551,43,0,0
BRDA:551,43,1,0
BRDA:565,44,0,1
BRDA:565,44,1,0
BRDA:572,45,0,0
BRDA:572,45,1,0
BRDA:572,46,0,0
BRDA:572,46,1,0
BRDA:572,46,2,0
BRDA:574,47,0,0
BRDA:574,47,1,0
BRDA:579,48,0,0
BRDA:579,48,1,0
BRDA:596,49,0,1
BRDA:596,49,1,0
BRDA:617,50,0,0
BRDA:617,50,1,0
BRDA:617,51,0,0
BRDA:617,51,1,0
BRDA:636,52,0,1
BRDA:636,52,1,0
BRDA:637,53,0,1
BRDA:637,53,1,0
BRDA:671,54,0,2
BRDA:671,54,1,0
BRDA:707,55,0,2
BRDA:707,55,1,0
BRDA:707,56,0,2
BRDA:707,56,1,2
BRDA:781,57,0,0
BRDA:781,57,1,0
BRDA:781,58,0,0
BRDA:781,58,1,0
BRDA:790,59,0,0
BRDA:790,59,1,0
BRDA:792,60,0,0
BRDA:792,60,1,0
BRDA:794,61,0,0
BRDA:794,61,1,0
BRDA:802,62,0,0
BRDA:802,62,1,0
BRDA:802,63,0,0
BRDA:802,63,1,0
BRDA:802,63,2,0
BRDA:803,64,0,0
BRDA:803,64,1,0
BRDA:804,65,0,0
BRDA:804,65,1,0
BRDA:804,65,2,0
BRDA:809,66,0,0
BRDA:809,66,1,0
BRDA:814,67,0,0
BRDA:814,67,1,0
BRDA:819,68,0,0
BRDA:819,68,1,0
BRDA:819,69,0,0
BRDA:819,69,1,0
BRDA:821,70,0,0
BRDA:821,70,1,0
BRDA:821,71,0,0
BRDA:821,71,1,0
BRDA:823,72,0,0
BRDA:823,72,1,0
BRDA:844,73,0,0
BRDA:844,73,1,0
BRDA:845,74,0,0
BRDA:845,74,1,0
BRDA:858,75,0,0
BRDA:858,75,1,0
BRF:156
BRH:46
end_of_record
TN:
SF:/Users/duanguang/Documents/Front-End/legions/legions-design-element/packages/legions-pro-design/src/components/LegionsStoreForm/tabsView.ts
FN:14,(anonymous_0)
FN:24,TabsItemView
FN:27,(anonymous_2)
FN:30,(anonymous_3)
FN:36,(anonymous_4)
FN:42,(anonymous_5)
FN:48,(anonymous_6)
FN:51,(anonymous_7)
FN:54,(anonymous_8)
FN:57,(anonymous_9)
FN:61,(anonymous_10)
FN:62,TabsFormView
FN:75,(anonymous_12)
FN:82,(anonymous_13)
FN:85,(anonymous_14)
FN:88,(anonymous_15)
FN:92,(anonymous_16)
FN:99,(anonymous_17)
FN:109,(anonymous_18)
FN:112,(anonymous_19)
FN:120,(anonymous_20)
FN:128,(anonymous_21)
FN:143,(anonymous_22)
FNF:23
FNH:2
FNDA:2,(anonymous_0)
FNDA:0,TabsItemView
FNDA:0,(anonymous_2)
FNDA:0,(anonymous_3)
FNDA:0,(anonymous_4)
FNDA:0,(anonymous_5)
FNDA:0,(anonymous_6)
FNDA:0,(anonymous_7)
FNDA:0,(anonymous_8)
FNDA:0,(anonymous_9)
FNDA:2,(anonymous_10)
FNDA:0,TabsFormView
FNDA:0,(anonymous_12)
FNDA:0,(anonymous_13)
FNDA:0,(anonymous_14)
FNDA:0,(anonymous_15)
FNDA:0,(anonymous_16)
FNDA:0,(anonymous_17)
FNDA:0,(anonymous_18)
FNDA:0,(anonymous_19)
FNDA:0,(anonymous_20)
FNDA:0,(anonymous_21)
FNDA:0,(anonymous_22)
DA:11,2
DA:12,2
DA:14,2
DA:16,0
DA:17,0
DA:18,2
DA:20,2
DA:22,2
DA:23,2
DA:25,0
DA:27,4
DA:28,0
DA:30,4
DA:31,0
DA:32,0
DA:34,0
DA:36,4
DA:37,0
DA:38,0
DA:40,0
DA:42,4
DA:43,0
DA:44,0
DA:46,0
DA:48,4
DA:49,0
DA:51,4
DA:52,0
DA:54,4
DA:55,0
DA:57,4
DA:58,0
DA:60,2
DA:61,2
DA:63,0
DA:64,0
DA:65,0
DA:67,2
DA:69,2
DA:72,2
DA:75,4
DA:76,0
DA:77,0
DA:78,0
DA:80,0
DA:82,4
DA:83,0
DA:85,4
DA:86,0
DA:88,2
DA:89,0
DA:90,0
DA:92,4
DA:93,0
DA:94,0
DA:95,0
DA:97,0
DA:99,4
DA:100,0
DA:101,0
DA:102,0
DA:104,0
DA:105,0
DA:107,0
DA:109,4
DA:110,0
DA:112,4
DA:113,0
DA:114,0
DA:120,4
DA:121,0
DA:128,4
DA:129,0
DA:130,0
DA:131,0
DA:132,0
DA:133,0
DA:134,0
DA:136,0
DA:138,0
DA:139,0
DA:141,0
DA:143,0
DA:145,0
DA:147,0
DA:149,2
LF:86
LH:31
BRDA:31,0,0,0
BRDA:31,0,1,0
BRDA:37,1,0,0
BRDA:37,1,1,0
BRDA:43,2,0,0
BRDA:43,2,1,0
BRDA:94,3,0,0
BRDA:94,3,1,0
BRDA:101,4,0,0
BRDA:101,4,1,0
BRDA:104,5,0,0
BRDA:104,5,1,0
BRDA:130,6,0,0
BRDA:130,6,1,0
BRDA:131,7,0,0
BRDA:131,7,1,0
BRDA:132,8,0,0
BRDA:132,8,1,0
BRDA:133,9,0,0
BRDA:133,9,1,0
BRDA:138,10,0,0
BRDA:138,10,1,0
BRDA:141,11,0,0
BRDA:141,11,1,0
BRDA:145,12,0,0
BRDA:145,12,1,0
BRF:26
BRH:0
end_of_record
TN:
SF:/Users/duanguang/Documents/Front-End/legions/legions-design-element/packages/legions-pro-design/src/components/db/Database.ts
FN:2,(anonymous_0)
FN:3,(anonymous_2)
FN:5,(anonymous_5)
FNF:3
FNH:2
FNDA:4,(anonymous_0)
FNDA:2,(anonymous_2)
FNDA:0,(anonymous_5)
DA:1,2
DA:2,2
DA:3,2
DA:4,2
DA:5,2
DA:6,0
DA:18,0
DA:30,2
LF:8
LH:6
BRDA:18,0,0,0
BRDA:4,1,0,0
BRDA:4,1,1,2
BRDA:6,2,0,0
BRF:4
BRH:1
end_of_record
TN:
SF:/Users/duanguang/Documents/Front-End/legions/legions-design-element/packages/legions-pro-design/src/components/db/SelectDatabase.ts
FN:13,(anonymous_0)
FN:23,SelectDatabaseDB
FN:26,(anonymous_2)
FNF:3
FNH:2
FNDA:2,(anonymous_0)
FNDA:2,SelectDatabaseDB
FNDA:0,(anonymous_2)
DA:10,2
DA:11,2
DA:13,2
DA:24,2
DA:25,2
DA:26,2
DA:27,0
DA:30,0
DA:31,0
DA:36,0
DA:39,0
DA:40,0
DA:44,2
LF:13
LH:7
BRDA:24,0,0,2
BRDA:24,0,1,2
BRDA:25,1,0,2
BRDA:25,1,1,0
BRDA:30,2,0,0
BRDA:30,2,1,0
BRDA:30,3,0,0
BRDA:30,3,1,0
BRDA:39,4,0,0
BRDA:39,4,1,0
BRDA:39,5,0,0
BRDA:39,5,1,0
BRF:12
BRH:3
end_of_record
TN:
SF:/Users/duanguang/Documents/Front-End/legions/legions-design-element/packages/legions-pro-design/src/components/db/index.ts
FN:10,(anonymous_0)
FNF:1
FNH:1
FNDA:4,(anonymous_0)
DA:10,6
LF:1
LH:1
BRF:0
BRH:0
end_of_record
