{"E:\\technology\\legions-design-element\\packages\\legions-pro-echarts\\src\\components\\LegionsProEcharts\\index.tsx": {"path":"E:\\technology\\legions-design-element\\packages\\legions-pro-echarts\\src\\components\\LegionsProEcharts\\index.tsx","statementMap":{"0":{"start":{"line":1,"column":0},"end":{"line":1,"column":42}},"1":{"start":{"line":3,"column":0},"end":{"line":3,"column":61}},"2":{"start":{"line":4,"column":0},"end":{"line":4,"column":69}},"3":{"start":{"line":6,"column":0},"end":{"line":6,"column":31}},"4":{"start":{"line":7,"column":0},"end":{"line":7,"column":38}},"5":{"start":{"line":8,"column":0},"end":{"line":8,"column":39}},"6":{"start":{"line":9,"column":0},"end":{"line":9,"column":37}},"7":{"start":{"line":10,"column":0},"end":{"line":10,"column":98}},"8":{"start":{"line":10,"column":48},"end":{"line":10,"column":69}},"9":{"start":{"line":13,"column":6},"end":{"line":13,"column":null}},"10":{"start":{"line":14,"column":6},"end":{"line":14,"column":32}},"11":{"start":{"line":11,"column":11},"end":{"line":11,"column":null}},"12":{"start":{"line":16,"column":0},"end":{"line":16,"column":null}},"13":{"start":{"line":10,"column":22},"end":{"line":10,"column":48}}},"fnMap":{"0":{"name":"(anonymous_0)","decl":{"start":{"line":10,"column":0},"end":{"line":10,"column":22}},"loc":{"start":{"line":10,"column":0},"end":{"line":10,"column":22}}},"1":{"name":"LegionsProEcharts","decl":{"start":{"line":12,"column":4},"end":{"line":12,"column":16}},"loc":{"start":{"line":12,"column":21},"end":{"line":15,"column":5}}}},"branchMap":{"0":{"loc":{"start":{"line":13,"column":6},"end":{"line":13,"column":18}},"type":"binary-expr","locations":[{"start":{"line":13,"column":6},"end":{"line":13,"column":18}},{"start":{"line":13,"column":18},"end":{"line":13,"column":null}}]}},"s":{"0":1,"1":1,"2":1,"3":1,"4":1,"5":1,"6":1,"7":1,"8":1,"9":3,"10":3,"11":1,"12":1,"13":1},"f":{"0":1,"1":3},"b":{"0":[3,0]}}
,"E:\\technology\\legions-design-element\\packages\\legions-pro-echarts\\src\\components\\LegionsProEchartsChartPie\\index.tsx": {"path":"E:\\technology\\legions-design-element\\packages\\legions-pro-echarts\\src\\components\\LegionsProEchartsChartPie\\index.tsx","statementMap":{"0":{"start":{"line":10,"column":0},"end":{"line":10,"column":26}},"1":{"start":{"line":11,"column":0},"end":{"line":11,"column":54}},"2":{"start":{"line":12,"column":0},"end":{"line":12,"column":100}},"3":{"start":{"line":15,"column":0},"end":{"line":15,"column":31}},"4":{"start":{"line":16,"column":0},"end":{"line":16,"column":74}},"5":{"start":{"line":17,"column":0},"end":{"line":17,"column":34}},"6":{"start":{"line":18,"column":0},"end":{"line":18,"column":39}},"7":{"start":{"line":19,"column":0},"end":{"line":19,"column":31}},"8":{"start":{"line":20,"column":0},"end":{"line":20,"column":47}},"9":{"start":{"line":22,"column":0},"end":{"line":22,"column":null}},"10":{"start":{"line":22,"column":47},"end":{"line":22,"column":74}},"11":{"start":{"line":22,"column":0},"end":{"line":22,"column":13}},"12":{"start":{"line":24,"column":4},"end":{"line":24,"column":86}},"13":{"start":{"line":26,"column":4},"end":{"line":26,"column":39}},"14":{"start":{"line":29,"column":0},"end":{"line":29,"column":null}},"15":{"start":{"line":22,"column":13},"end":{"line":22,"column":38}},"16":{"start":{"line":30,"column":0},"end":{"line":30,"column":null}},"17":{"start":{"line":32,"column":16},"end":{"line":32,"column":null}},"18":{"start":{"line":33,"column":0},"end":{"line":33,"column":null}},"19":{"start":{"line":36,"column":0},"end":{"line":36,"column":97}},"20":{"start":{"line":36,"column":55},"end":{"line":36,"column":60}},"21":{"start":{"line":36,"column":0},"end":{"line":36,"column":21}},"22":{"start":{"line":38,"column":4},"end":{"line":38,"column":64}},"23":{"start":{"line":40,"column":4},"end":{"line":45,"column":null}},"24":{"start":{"line":41,"column":8},"end":{"line":43,"column":null}},"25":{"start":{"line":42,"column":12},"end":{"line":42,"column":null}},"26":{"start":{"line":44,"column":8},"end":{"line":44,"column":null}},"27":{"start":{"line":47,"column":4},"end":{"line":72,"column":null}},"28":{"start":{"line":48,"column":8},"end":{"line":71,"column":10}},"29":{"start":{"line":73,"column":4},"end":{"line":77,"column":null}},"30":{"start":{"line":74,"column":8},"end":{"line":76,"column":null}},"31":{"start":{"line":75,"column":12},"end":{"line":75,"column":null}},"32":{"start":{"line":79,"column":4},"end":{"line":102,"column":null}},"33":{"start":{"line":80,"column":30},"end":{"line":80,"column":41}},"34":{"start":{"line":81,"column":23},"end":{"line":81,"column":41}},"35":{"start":{"line":82,"column":8},"end":{"line":100,"column":null}},"36":{"start":{"line":83,"column":12},"end":{"line":99,"column":null}},"37":{"start":{"line":84,"column":28},"end":{"line":89,"column":18}},"38":{"start":{"line":90,"column":16},"end":{"line":90,"column":null}},"39":{"start":{"line":92,"column":28},"end":{"line":97,"column":18}},"40":{"start":{"line":98,"column":16},"end":{"line":98,"column":null}},"41":{"start":{"line":103,"column":4},"end":{"line":124,"column":null}},"42":{"start":{"line":103,"column":4},"end":{"line":103,"column":10}},"43":{"start":{"line":104,"column":27},"end":{"line":104,"column":38}},"44":{"start":{"line":105,"column":24},"end":{"line":105,"column":101}},"45":{"start":{"line":106,"column":8},"end":{"line":123,"column":null}},"46":{"start":{"line":110,"column":20},"end":{"line":118,"column":null}},"47":{"start":{"line":111,"column":24},"end":{"line":117,"column":null}},"48":{"start":{"line":114,"column":36},"end":{"line":114,"column":null}},"49":{"start":{"line":37,"column":11},"end":{"line":37,"column":null}},"50":{"start":{"line":36,"column":21},"end":{"line":125,"column":null}},"51":{"start":{"line":125,"column":0},"end":{"line":125,"column":null}},"52":{"start":{"line":36,"column":21},"end":{"line":36,"column":55}}},"fnMap":{"0":{"name":"(anonymous_0)","decl":{"start":{"line":22,"column":0},"end":{"line":22,"column":13}},"loc":{"start":{"line":22,"column":0},"end":{"line":29,"column":null}}},"1":{"name":"(anonymous_2)","decl":{"start":{"line":30,"column":0},"end":{"line":30,"column":null}},"loc":{"start":{"line":30,"column":0},"end":{"line":30,"column":null}}},"2":{"name":"(anonymous_4)","decl":{"start":{"line":36,"column":0},"end":{"line":36,"column":21}},"loc":{"start":{"line":36,"column":0},"end":{"line":36,"column":21}}},"3":{"name":"(anonymous_6)","decl":{"start":{"line":40,"column":4},"end":{"line":40,"column":8}},"loc":{"start":{"line":40,"column":4},"end":{"line":45,"column":5}}},"4":{"name":"(anonymous_7)","decl":{"start":{"line":47,"column":4},"end":{"line":47,"column":8}},"loc":{"start":{"line":47,"column":4},"end":{"line":72,"column":5}}},"5":{"name":"(anonymous_8)","decl":{"start":{"line":73,"column":4},"end":{"line":73,"column":21}},"loc":{"start":{"line":73,"column":4},"end":{"line":77,"column":5}}},"6":{"name":"(anonymous_9)","decl":{"start":{"line":79,"column":4},"end":{"line":79,"column":11}},"loc":{"start":{"line":79,"column":26},"end":{"line":102,"column":5}}},"7":{"name":"(anonymous_10)","decl":{"start":{"line":103,"column":4},"end":{"line":103,"column":10}},"loc":{"start":{"line":103,"column":4},"end":{"line":124,"column":5}}},"8":{"name":"(anonymous_11)","decl":{"start":{"line":109,"column":30},"end":{"line":109,"column":31}},"loc":{"start":{"line":109,"column":36},"end":{"line":119,"column":17}}},"9":{"name":"(anonymous_12)","decl":{"start":{"line":113,"column":41},"end":{"line":113,"column":42}},"loc":{"start":{"line":113,"column":56},"end":{"line":115,"column":33}}}},"branchMap":{"0":{"loc":{"start":{"line":22,"column":0},"end":{"line":22,"column":13}},"type":"binary-expr","locations":[{"start":{"line":22,"column":0},"end":{"line":22,"column":13}},{"start":{"line":22,"column":0},"end":{"line":22,"column":13}},{"start":{"line":22,"column":0},"end":{"line":22,"column":13}}]},"1":{"loc":{"start":{"line":36,"column":0},"end":{"line":36,"column":21}},"type":"binary-expr","locations":[{"start":{"line":36,"column":0},"end":{"line":36,"column":21}},{"start":{"line":36,"column":0},"end":{"line":36,"column":21}},{"start":{"line":36,"column":0},"end":{"line":36,"column":21}}]},"2":{"loc":{"start":{"line":41,"column":8},"end":{"line":43,"column":null}},"type":"if","locations":[{"start":{"line":41,"column":8},"end":{"line":43,"column":null}},{"start":{"line":41,"column":8},"end":{"line":43,"column":null}}]},"3":{"loc":{"start":{"line":41,"column":12},"end":{"line":41,"column":46}},"type":"binary-expr","locations":[{"start":{"line":41,"column":12},"end":{"line":41,"column":46}},{"start":{"line":41,"column":48},"end":{"line":41,"column":68}}]},"4":{"loc":{"start":{"line":64,"column":49},"end":{"line":64,"column":66}},"type":"cond-expr","locations":[{"start":{"line":64,"column":49},"end":{"line":64,"column":66}},{"start":{"line":64,"column":69},"end":{"line":64,"column":84}}]},"5":{"loc":{"start":{"line":74,"column":8},"end":{"line":76,"column":null}},"type":"if","locations":[{"start":{"line":74,"column":8},"end":{"line":76,"column":null}},{"start":{"line":74,"column":8},"end":{"line":76,"column":null}}]},"6":{"loc":{"start":{"line":82,"column":8},"end":{"line":100,"column":null}},"type":"if","locations":[{"start":{"line":82,"column":8},"end":{"line":100,"column":null}},{"start":{"line":82,"column":8},"end":{"line":100,"column":null}}]},"7":{"loc":{"start":{"line":83,"column":12},"end":{"line":99,"column":null}},"type":"if","locations":[{"start":{"line":83,"column":12},"end":{"line":99,"column":null}},{"start":{"line":83,"column":12},"end":{"line":99,"column":null}}]},"8":{"loc":{"start":{"line":87,"column":39},"end":{"line":87,"column":75}},"type":"cond-expr","locations":[{"start":{"line":87,"column":39},"end":{"line":87,"column":75}},{"start":{"line":87,"column":77},"end":{"line":87,"column":93}}]},"9":{"loc":{"start":{"line":95,"column":39},"end":{"line":95,"column":75}},"type":"cond-expr","locations":[{"start":{"line":95,"column":39},"end":{"line":95,"column":75}},{"start":{"line":95,"column":77},"end":{"line":95,"column":93}}]},"10":{"loc":{"start":{"line":105,"column":47},"end":{"line":105,"column":80}},"type":"cond-expr","locations":[{"start":{"line":105,"column":47},"end":{"line":105,"column":80}},{"start":{"line":105,"column":83},"end":{"line":105,"column":101}}]},"11":{"loc":{"start":{"line":110,"column":20},"end":{"line":118,"column":null}},"type":"if","locations":[{"start":{"line":110,"column":20},"end":{"line":118,"column":null}},{"start":{"line":110,"column":20},"end":{"line":118,"column":null}}]}},"s":{"0":1,"1":1,"2":1,"3":1,"4":1,"5":1,"6":1,"7":1,"8":1,"9":1,"10":1,"11":1,"12":1,"13":1,"14":1,"15":1,"16":1,"17":4,"18":1,"19":1,"20":1,"21":3,"22":3,"23":1,"24":2,"25":0,"26":2,"27":1,"28":4,"29":1,"30":3,"31":1,"32":1,"33":1,"34":1,"35":1,"36":1,"37":1,"38":1,"39":0,"40":0,"41":1,"42":4,"43":4,"44":4,"45":4,"46":3,"47":3,"48":0,"49":1,"50":1,"51":1,"52":1},"f":{"0":2,"1":4,"2":4,"3":2,"4":4,"5":3,"6":1,"7":4,"8":3,"9":0},"b":{"0":[1,1,1],"1":[3,3,3],"2":[0,2],"3":[2,0],"4":[2,2],"5":[1,2],"6":[1,0],"7":[1,0],"8":[0,1],"9":[0,0],"10":[2,2],"11":[3,0]}}
,"E:\\technology\\legions-design-element\\packages\\legions-pro-echarts\\src\\components\\LegionsProEchartsCore\\index.tsx": {"path":"E:\\technology\\legions-design-element\\packages\\legions-pro-echarts\\src\\components\\LegionsProEchartsCore\\index.tsx","statementMap":{"0":{"start":{"line":1,"column":0},"end":{"line":1,"column":40}},"1":{"start":{"line":2,"column":0},"end":{"line":2,"column":42}},"2":{"start":{"line":3,"column":0},"end":{"line":3,"column":38}},"3":{"start":{"line":4,"column":0},"end":{"line":4,"column":41}},"4":{"start":{"line":5,"column":0},"end":{"line":5,"column":68}},"5":{"start":{"line":9,"column":13},"end":{"line":15,"column":1}},"6":{"start":{"line":10,"column":14},"end":{"line":10,"column":16}},"7":{"start":{"line":11,"column":4},"end":{"line":13,"column":7}},"8":{"start":{"line":12,"column":8},"end":{"line":12,"column":26}},"9":{"start":{"line":14,"column":4},"end":{"line":14,"column":13}},"10":{"start":{"line":16,"column":0},"end":{"line":16,"column":101}},"11":{"start":{"line":16,"column":59},"end":{"line":16,"column":68}},"12":{"start":{"line":21,"column":8},"end":{"line":21,"column":null}},"13":{"start":{"line":70,"column":4},"end":{"line":73,"column":null}},"14":{"start":{"line":71,"column":8},"end":{"line":72,"column":87}},"15":{"start":{"line":75,"column":4},"end":{"line":84,"column":6}},"16":{"start":{"line":77,"column":26},"end":{"line":77,"column":51}},"17":{"start":{"line":79,"column":8},"end":{"line":79,"column":87}},"18":{"start":{"line":81,"column":8},"end":{"line":82,"column":37}},"19":{"start":{"line":81,"column":32},"end":{"line":81,"column":97}},"20":{"start":{"line":82,"column":13},"end":{"line":82,"column":37}},"21":{"start":{"line":83,"column":8},"end":{"line":83,"column":null}},"22":{"start":{"line":85,"column":4},"end":{"line":102,"column":6}},"23":{"start":{"line":86,"column":42},"end":{"line":86,"column":52}},"24":{"start":{"line":86,"column":24},"end":{"line":86,"column":25}},"25":{"start":{"line":86,"column":37},"end":{"line":86,"column":42}},"26":{"start":{"line":88,"column":26},"end":{"line":88,"column":48}},"27":{"start":{"line":89,"column":8},"end":{"line":89,"column":50}},"28":{"start":{"line":91,"column":8},"end":{"line":91,"column":110}},"29":{"start":{"line":91,"column":75},"end":{"line":91,"column":110}},"30":{"start":{"line":93,"column":8},"end":{"line":101,"column":null}},"31":{"start":{"line":94,"column":12},"end":{"line":100,"column":15}},"32":{"start":{"line":95,"column":16},"end":{"line":99,"column":null}},"33":{"start":{"line":96,"column":20},"end":{"line":96,"column":39}},"34":{"start":{"line":98,"column":20},"end":{"line":98,"column":36}},"35":{"start":{"line":104,"column":4},"end":{"line":122,"column":6}},"36":{"start":{"line":105,"column":27},"end":{"line":114,"column":9}},"37":{"start":{"line":107,"column":12},"end":{"line":113,"column":null}},"38":{"start":{"line":110,"column":16},"end":{"line":112,"column":19}},"39":{"start":{"line":111,"column":20},"end":{"line":111,"column":41}},"40":{"start":{"line":117,"column":8},"end":{"line":121,"column":null}},"41":{"start":{"line":118,"column":12},"end":{"line":120,"column":null}},"42":{"start":{"line":119,"column":16},"end":{"line":119,"column":56}},"43":{"start":{"line":124,"column":4},"end":{"line":135,"column":6}},"44":{"start":{"line":125,"column":8},"end":{"line":134,"column":null}},"45":{"start":{"line":126,"column":12},"end":{"line":130,"column":null}},"46":{"start":{"line":127,"column":16},"end":{"line":127,"column":43}},"47":{"start":{"line":129,"column":16},"end":{"line":129,"column":32}},"48":{"start":{"line":133,"column":12},"end":{"line":133,"column":49}},"49":{"start":{"line":22,"column":8},"end":{"line":22,"column":40}},"50":{"start":{"line":24,"column":8},"end":{"line":24,"column":35}},"51":{"start":{"line":27,"column":4},"end":{"line":29,"column":null}},"52":{"start":{"line":28,"column":8},"end":{"line":28,"column":24}},"53":{"start":{"line":31,"column":4},"end":{"line":68,"column":null}},"54":{"start":{"line":33,"column":8},"end":{"line":35,"column":null}},"55":{"start":{"line":34,"column":12},"end":{"line":34,"column":19}},"56":{"start":{"line":41,"column":8},"end":{"line":51,"column":null}},"57":{"start":{"line":47,"column":12},"end":{"line":47,"column":27}},"58":{"start":{"line":49,"column":12},"end":{"line":49,"column":28}},"59":{"start":{"line":50,"column":12},"end":{"line":50,"column":19}},"60":{"start":{"line":54,"column":25},"end":{"line":54,"column":89}},"61":{"start":{"line":55,"column":8},"end":{"line":57,"column":null}},"62":{"start":{"line":56,"column":12},"end":{"line":56,"column":19}},"63":{"start":{"line":59,"column":26},"end":{"line":59,"column":48}},"64":{"start":{"line":61,"column":8},"end":{"line":67,"column":null}},"65":{"start":{"line":62,"column":12},"end":{"line":66,"column":null}},"66":{"start":{"line":63,"column":16},"end":{"line":63,"column":35}},"67":{"start":{"line":65,"column":16},"end":{"line":65,"column":32}},"68":{"start":{"line":136,"column":4},"end":{"line":147,"column":null}},"69":{"start":{"line":136,"column":4},"end":{"line":136,"column":10}},"70":{"start":{"line":137,"column":36},"end":{"line":137,"column":46}},"71":{"start":{"line":137,"column":21},"end":{"line":137,"column":22}},"72":{"start":{"line":137,"column":31},"end":{"line":137,"column":36}},"73":{"start":{"line":138,"column":22},"end":{"line":138,"column":53}},"74":{"start":{"line":139,"column":8},"end":{"line":146,"column":null}},"75":{"start":{"line":142,"column":30},"end":{"line":142,"column":54}},"76":{"start":{"line":17,"column":11},"end":{"line":17,"column":null}},"77":{"start":{"line":148,"column":0},"end":{"line":148,"column":null}},"78":{"start":{"line":16,"column":21},"end":{"line":16,"column":59}}},"fnMap":{"0":{"name":"(anonymous_0)","decl":{"start":{"line":9,"column":13},"end":{"line":9,"column":14}},"loc":{"start":{"line":9,"column":22},"end":{"line":15,"column":1}}},"1":{"name":"(anonymous_1)","decl":{"start":{"line":11,"column":17},"end":{"line":11,"column":18}},"loc":{"start":{"line":11,"column":21},"end":{"line":13,"column":5}}},"2":{"name":"(anonymous_2)","decl":{"start":{"line":16,"column":0},"end":{"line":16,"column":21}},"loc":{"start":{"line":16,"column":0},"end":{"line":16,"column":21}}},"3":{"name":"LegionsProEchartsCore","decl":{"start":{"line":20,"column":4},"end":{"line":20,"column":16}},"loc":{"start":{"line":20,"column":52},"end":{"line":25,"column":5}}},"4":{"name":"(anonymous_4)","decl":{"start":{"line":70,"column":25},"end":{"line":70,"column":null}},"loc":{"start":{"line":70,"column":25},"end":{"line":73,"column":5}}},"5":{"name":"(anonymous_5)","decl":{"start":{"line":75,"column":22},"end":{"line":75,"column":null}},"loc":{"start":{"line":75,"column":22},"end":{"line":84,"column":5}}},"6":{"name":"(anonymous_6)","decl":{"start":{"line":85,"column":15},"end":{"line":85,"column":null}},"loc":{"start":{"line":85,"column":15},"end":{"line":102,"column":5}}},"7":{"name":"(anonymous_7)","decl":{"start":{"line":94,"column":37},"end":{"line":94,"column":null}},"loc":{"start":{"line":94,"column":37},"end":{"line":100,"column":13}}},"8":{"name":"(anonymous_8)","decl":{"start":{"line":104,"column":17},"end":{"line":104,"column":18}},"loc":{"start":{"line":104,"column":33},"end":{"line":122,"column":5}}},"9":{"name":"(anonymous_9)","decl":{"start":{"line":105,"column":27},"end":{"line":105,"column":28}},"loc":{"start":{"line":105,"column":42},"end":{"line":114,"column":9}}},"10":{"name":"(anonymous_10)","decl":{"start":{"line":110,"column":38},"end":{"line":110,"column":39}},"loc":{"start":{"line":110,"column":44},"end":{"line":112,"column":17}}},"11":{"name":"(anonymous_11)","decl":{"start":{"line":124,"column":14},"end":{"line":124,"column":null}},"loc":{"start":{"line":124,"column":14},"end":{"line":135,"column":5}}},"12":{"name":"(anonymous_12)","decl":{"start":{"line":27,"column":4},"end":{"line":27,"column":21}},"loc":{"start":{"line":27,"column":4},"end":{"line":29,"column":5}}},"13":{"name":"(anonymous_13)","decl":{"start":{"line":31,"column":4},"end":{"line":31,"column":22}},"loc":{"start":{"line":31,"column":32},"end":{"line":68,"column":5}}},"14":{"name":"(anonymous_14)","decl":{"start":{"line":136,"column":4},"end":{"line":136,"column":10}},"loc":{"start":{"line":136,"column":4},"end":{"line":147,"column":5}}},"15":{"name":"(anonymous_15)","decl":{"start":{"line":142,"column":21},"end":{"line":142,"column":22}},"loc":{"start":{"line":142,"column":23},"end":{"line":142,"column":56}}}},"branchMap":{"0":{"loc":{"start":{"line":21,"column":8},"end":{"line":21,"column":20}},"type":"binary-expr","locations":[{"start":{"line":21,"column":8},"end":{"line":21,"column":20}},{"start":{"line":21,"column":20},"end":{"line":21,"column":null}}]},"1":{"loc":{"start":{"line":71,"column":15},"end":{"line":71,"column":68}},"type":"binary-expr","locations":[{"start":{"line":71,"column":15},"end":{"line":71,"column":68}},{"start":{"line":72,"column":12},"end":{"line":72,"column":86}}]},"2":{"loc":{"start":{"line":79,"column":28},"end":{"line":79,"column":45}},"type":"binary-expr","locations":[{"start":{"line":79,"column":28},"end":{"line":79,"column":45}},{"start":{"line":79,"column":49},"end":{"line":79,"column":51}}]},"3":{"loc":{"start":{"line":81,"column":8},"end":{"line":82,"column":37}},"type":"if","locations":[{"start":{"line":81,"column":8},"end":{"line":82,"column":37}},{"start":{"line":81,"column":8},"end":{"line":82,"column":37}}]},"4":{"loc":{"start":{"line":81,"column":61},"end":{"line":81,"column":85}},"type":"binary-expr","locations":[{"start":{"line":81,"column":61},"end":{"line":81,"column":85}},{"start":{"line":81,"column":89},"end":{"line":81,"column":95}}]},"5":{"loc":{"start":{"line":89,"column":34},"end":{"line":89,"column":42}},"type":"binary-expr","locations":[{"start":{"line":89,"column":34},"end":{"line":89,"column":42}},{"start":{"line":89,"column":46},"end":{"line":89,"column":48}}]},"6":{"loc":{"start":{"line":91,"column":8},"end":{"line":91,"column":110}},"type":"if","locations":[{"start":{"line":91,"column":8},"end":{"line":91,"column":110}},{"start":{"line":91,"column":8},"end":{"line":91,"column":110}}]},"7":{"loc":{"start":{"line":91,"column":12},"end":{"line":91,"column":46}},"type":"binary-expr","locations":[{"start":{"line":91,"column":12},"end":{"line":91,"column":46}},{"start":{"line":91,"column":50},"end":{"line":91,"column":73}}]},"8":{"loc":{"start":{"line":93,"column":8},"end":{"line":101,"column":null}},"type":"if","locations":[{"start":{"line":93,"column":8},"end":{"line":101,"column":null}},{"start":{"line":93,"column":8},"end":{"line":101,"column":null}}]},"9":{"loc":{"start":{"line":107,"column":12},"end":{"line":113,"column":null}},"type":"if","locations":[{"start":{"line":107,"column":12},"end":{"line":113,"column":null}},{"start":{"line":107,"column":12},"end":{"line":113,"column":null}}]},"10":{"loc":{"start":{"line":107,"column":16},"end":{"line":107,"column":45}},"type":"binary-expr","locations":[{"start":{"line":107,"column":16},"end":{"line":107,"column":45}},{"start":{"line":107,"column":49},"end":{"line":107,"column":75}}]},"11":{"loc":{"start":{"line":118,"column":12},"end":{"line":120,"column":null}},"type":"if","locations":[{"start":{"line":118,"column":12},"end":{"line":120,"column":null}},{"start":{"line":118,"column":12},"end":{"line":120,"column":null}}]},"12":{"loc":{"start":{"line":125,"column":8},"end":{"line":134,"column":null}},"type":"if","locations":[{"start":{"line":125,"column":8},"end":{"line":134,"column":null}},{"start":{"line":125,"column":8},"end":{"line":134,"column":null}}]},"13":{"loc":{"start":{"line":33,"column":8},"end":{"line":35,"column":null}},"type":"if","locations":[{"start":{"line":33,"column":8},"end":{"line":35,"column":null}},{"start":{"line":33,"column":8},"end":{"line":35,"column":null}}]},"14":{"loc":{"start":{"line":33,"column":12},"end":{"line":33,"column":60}},"type":"binary-expr","locations":[{"start":{"line":33,"column":12},"end":{"line":33,"column":60}},{"start":{"line":33,"column":64},"end":{"line":33,"column":113}}]},"15":{"loc":{"start":{"line":41,"column":8},"end":{"line":51,"column":null}},"type":"if","locations":[{"start":{"line":41,"column":8},"end":{"line":51,"column":null}},{"start":{"line":41,"column":8},"end":{"line":51,"column":null}}]},"16":{"loc":{"start":{"line":42,"column":12},"end":{"line":42,"column":54}},"type":"binary-expr","locations":[{"start":{"line":42,"column":12},"end":{"line":42,"column":54}},{"start":{"line":43,"column":12},"end":{"line":43,"column":52}},{"start":{"line":44,"column":12},"end":{"line":44,"column":null}}]},"17":{"loc":{"start":{"line":55,"column":8},"end":{"line":57,"column":null}},"type":"if","locations":[{"start":{"line":55,"column":8},"end":{"line":57,"column":null}},{"start":{"line":55,"column":8},"end":{"line":57,"column":null}}]},"18":{"loc":{"start":{"line":61,"column":8},"end":{"line":67,"column":null}},"type":"if","locations":[{"start":{"line":61,"column":8},"end":{"line":67,"column":null}},{"start":{"line":61,"column":8},"end":{"line":67,"column":null}}]},"19":{"loc":{"start":{"line":61,"column":12},"end":{"line":61,"column":54}},"type":"binary-expr","locations":[{"start":{"line":61,"column":12},"end":{"line":61,"column":54}},{"start":{"line":61,"column":58},"end":{"line":61,"column":108}}]}},"s":{"0":1,"1":1,"2":1,"3":1,"4":1,"5":1,"6":2,"7":2,"8":10,"9":2,"10":1,"11":1,"12":3,"13":3,"14":3,"15":3,"16":3,"17":3,"18":3,"19":0,"20":3,"21":3,"22":3,"23":3,"24":3,"25":3,"26":3,"27":3,"28":3,"29":3,"30":3,"31":3,"32":0,"33":0,"34":0,"35":3,"36":3,"37":0,"38":0,"39":0,"40":3,"41":0,"42":0,"43":3,"44":0,"45":0,"46":0,"47":0,"48":0,"49":3,"50":3,"51":1,"52":3,"53":1,"54":1,"55":0,"56":1,"57":0,"58":0,"59":0,"60":1,"61":1,"62":1,"63":0,"64":0,"65":0,"66":0,"67":0,"68":1,"69":4,"70":4,"71":4,"72":4,"73":4,"74":4,"75":5,"76":1,"77":1,"78":1},"f":{"0":2,"1":10,"2":1,"3":3,"4":3,"5":3,"6":3,"7":0,"8":3,"9":0,"10":0,"11":0,"12":3,"13":1,"14":4,"15":5},"b":{"0":[3,3],"1":[3,3],"2":[3,0],"3":[0,3],"4":[0,0],"5":[3,0],"6":[3,0],"7":[3,3],"8":[3,0],"9":[0,0],"10":[0,0],"11":[0,0],"12":[0,0],"13":[0,1],"14":[1,1],"15":[0,1],"16":[1,1,1],"17":[1,0],"18":[0,0],"19":[0,0]}}
,"E:\\technology\\legions-design-element\\packages\\legions-pro-echarts\\src\\components\\core\\constant.icon.ts": {"path":"E:\\technology\\legions-design-element\\packages\\legions-pro-echarts\\src\\components\\core\\constant.icon.ts","statementMap":{"0":{"start":{"line":14,"column":14},"end":{"line":14,"column":null}}},"fnMap":{},"branchMap":{},"s":{"0":1},"f":{},"b":{}}
,"E:\\technology\\legions-design-element\\packages\\legions-pro-echarts\\src\\components\\core\\index.ts": {"path":"E:\\technology\\legions-design-element\\packages\\legions-pro-echarts\\src\\components\\core\\index.ts","statementMap":{"0":{"start":{"line":11,"column":0},"end":{"line":11,"column":9}},"1":{"start":{"line":11,"column":9},"end":{"line":11,"column":44}},"2":{"start":{"line":12,"column":0},"end":{"line":12,"column":9}},"3":{"start":{"line":12,"column":9},"end":{"line":12,"column":46}}},"fnMap":{"0":{"name":"(anonymous_0)","decl":{"start":{"line":11,"column":9},"end":{"line":11,"column":18}},"loc":{"start":{"line":11,"column":9},"end":{"line":11,"column":44}}},"1":{"name":"(anonymous_1)","decl":{"start":{"line":12,"column":9},"end":{"line":12,"column":21}},"loc":{"start":{"line":12,"column":9},"end":{"line":12,"column":46}}}},"branchMap":{},"s":{"0":1,"1":1,"2":1,"3":2},"f":{"0":0,"1":1},"b":{}}
,"E:\\technology\\legions-design-element\\packages\\legions-pro-echarts\\src\\components\\core\\legionsFetch.ts": {"path":"E:\\technology\\legions-design-element\\packages\\legions-pro-echarts\\src\\components\\core\\legionsFetch.ts","statementMap":{"0":{"start":{"line":10,"column":0},"end":{"line":10,"column":41}},"1":{"start":{"line":27,"column":0},"end":{"line":27,"column":13}},"2":{"start":{"line":28,"column":12},"end":{"line":42,"column":null}},"3":{"start":{"line":29,"column":22},"end":{"line":37,"column":10}},"4":{"start":{"line":38,"column":8},"end":{"line":40,"column":null}},"5":{"start":{"line":39,"column":12},"end":{"line":39,"column":null}},"6":{"start":{"line":41,"column":8},"end":{"line":41,"column":23}},"7":{"start":{"line":43,"column":4},"end":{"line":54,"column":null}},"8":{"start":{"line":44,"column":30},"end":{"line":44,"column":75}},"9":{"start":{"line":46,"column":8},"end":{"line":53,"column":15}},"10":{"start":{"line":49,"column":16},"end":{"line":49,"column":49}},"11":{"start":{"line":52,"column":16},"end":{"line":52,"column":52}},"12":{"start":{"line":55,"column":4},"end":{"line":66,"column":null}},"13":{"start":{"line":56,"column":30},"end":{"line":56,"column":74}},"14":{"start":{"line":58,"column":8},"end":{"line":65,"column":15}},"15":{"start":{"line":61,"column":16},"end":{"line":61,"column":49}},"16":{"start":{"line":64,"column":16},"end":{"line":64,"column":52}},"17":{"start":{"line":67,"column":0},"end":{"line":67,"column":null}},"18":{"start":{"line":27,"column":13},"end":{"line":27,"column":25}}},"fnMap":{"0":{"name":"(anonymous_0)","decl":{"start":{"line":27,"column":0},"end":{"line":27,"column":13}},"loc":{"start":{"line":27,"column":0},"end":{"line":67,"column":null}}},"1":{"name":"(anonymous_2)","decl":{"start":{"line":28,"column":4},"end":{"line":28,"column":12}},"loc":{"start":{"line":28,"column":65},"end":{"line":42,"column":5}}},"2":{"name":"(anonymous_3)","decl":{"start":{"line":43,"column":4},"end":{"line":43,"column":7}},"loc":{"start":{"line":43,"column":60},"end":{"line":54,"column":5}}},"3":{"name":"(anonymous_4)","decl":{"start":{"line":47,"column":18},"end":{"line":47,"column":24}},"loc":{"start":{"line":47,"column":24},"end":{"line":50,"column":13}}},"4":{"name":"(anonymous_5)","decl":{"start":{"line":51,"column":19},"end":{"line":51,"column":22}},"loc":{"start":{"line":51,"column":22},"end":{"line":53,"column":13}}},"5":{"name":"(anonymous_6)","decl":{"start":{"line":55,"column":4},"end":{"line":55,"column":8}},"loc":{"start":{"line":55,"column":61},"end":{"line":66,"column":5}}},"6":{"name":"(anonymous_7)","decl":{"start":{"line":59,"column":18},"end":{"line":59,"column":24}},"loc":{"start":{"line":59,"column":24},"end":{"line":62,"column":13}}},"7":{"name":"(anonymous_8)","decl":{"start":{"line":63,"column":19},"end":{"line":63,"column":22}},"loc":{"start":{"line":63,"column":22},"end":{"line":65,"column":13}}}},"branchMap":{"0":{"loc":{"start":{"line":38,"column":8},"end":{"line":40,"column":null}},"type":"if","locations":[{"start":{"line":38,"column":8},"end":{"line":40,"column":null}},{"start":{"line":38,"column":8},"end":{"line":40,"column":null}}]},"1":{"loc":{"start":{"line":46,"column":31},"end":{"line":46,"column":48}},"type":"binary-expr","locations":[{"start":{"line":46,"column":31},"end":{"line":46,"column":48}},{"start":{"line":46,"column":52},"end":{"line":46,"column":56}}]},"2":{"loc":{"start":{"line":52,"column":16},"end":{"line":52,"column":29}},"type":"binary-expr","locations":[{"start":{"line":52,"column":16},"end":{"line":52,"column":29}},{"start":{"line":52,"column":33},"end":{"line":52,"column":51}}]},"3":{"loc":{"start":{"line":58,"column":33},"end":{"line":58,"column":50}},"type":"binary-expr","locations":[{"start":{"line":58,"column":33},"end":{"line":58,"column":50}},{"start":{"line":58,"column":54},"end":{"line":58,"column":58}}]},"4":{"loc":{"start":{"line":64,"column":16},"end":{"line":64,"column":29}},"type":"binary-expr","locations":[{"start":{"line":64,"column":16},"end":{"line":64,"column":29}},{"start":{"line":64,"column":33},"end":{"line":64,"column":51}}]}},"s":{"0":1,"1":1,"2":1,"3":1,"4":1,"5":1,"6":1,"7":1,"8":0,"9":0,"10":0,"11":0,"12":1,"13":1,"14":1,"15":0,"16":0,"17":1,"18":1},"f":{"0":2,"1":1,"2":0,"3":0,"4":0,"5":1,"6":0,"7":0},"b":{"0":[1,0],"1":[0,0],"2":[0,0],"3":[1,0],"4":[0,0]}}
,"E:\\technology\\legions-design-element\\packages\\legions-pro-echarts\\src\\components\\interface\\interface.ts": {"path":"E:\\technology\\legions-design-element\\packages\\legions-pro-echarts\\src\\components\\interface\\interface.ts","statementMap":{"0":{"start":{"line":13,"column":14},"end":{"line":13,"column":45}},"1":{"start":{"line":21,"column":0},"end":{"line":21,"column":13}},"2":{"start":{"line":23,"column":2},"end":{"line":23,"column":30}},"3":{"start":{"line":24,"column":2},"end":{"line":24,"column":25}},"4":{"start":{"line":26,"column":2},"end":{"line":26,"column":28}},"5":{"start":{"line":27,"column":2},"end":{"line":27,"column":52}},"6":{"start":{"line":29,"column":2},"end":{"line":29,"column":49}},"7":{"start":{"line":32,"column":2},"end":{"line":32,"column":54}},"8":{"start":{"line":34,"column":2},"end":{"line":34,"column":35}},"9":{"start":{"line":37,"column":2},"end":{"line":37,"column":26}},"10":{"start":{"line":39,"column":2},"end":{"line":39,"column":53}},"11":{"start":{"line":41,"column":2},"end":{"line":44,"column":28}},"12":{"start":{"line":44,"column":23},"end":{"line":44,"column":28}},"13":{"start":{"line":46,"column":2},"end":{"line":46,"column":93}},"14":{"start":{"line":47,"column":0},"end":{"line":47,"column":null}},"15":{"start":{"line":21,"column":13},"end":{"line":21,"column":40}},"16":{"start":{"line":48,"column":0},"end":{"line":48,"column":13}},"17":{"start":{"line":60,"column":2},"end":{"line":60,"column":126}},"18":{"start":{"line":60,"column":123},"end":{"line":60,"column":126}},"19":{"start":{"line":61,"column":0},"end":{"line":61,"column":null}},"20":{"start":{"line":48,"column":13},"end":{"line":48,"column":42}}},"fnMap":{"0":{"name":"(anonymous_0)","decl":{"start":{"line":21,"column":0},"end":{"line":21,"column":13}},"loc":{"start":{"line":21,"column":0},"end":{"line":47,"column":null}}},"1":{"name":"(anonymous_2)","decl":{"start":{"line":44,"column":17},"end":{"line":44,"column":23}},"loc":{"start":{"line":44,"column":17},"end":{"line":44,"column":27}}},"2":{"name":"(anonymous_3)","decl":{"start":{"line":46,"column":84},"end":{"line":46,"column":91}},"loc":{"start":{"line":46,"column":84},"end":{"line":46,"column":92}}},"3":{"name":"(anonymous_4)","decl":{"start":{"line":48,"column":0},"end":{"line":48,"column":13}},"loc":{"start":{"line":48,"column":0},"end":{"line":61,"column":null}}},"4":{"name":"(anonymous_6)","decl":{"start":{"line":60,"column":117},"end":{"line":60,"column":123}},"loc":{"start":{"line":60,"column":117},"end":{"line":60,"column":125}}}},"branchMap":{},"s":{"0":1,"1":1,"2":3,"3":3,"4":3,"5":3,"6":3,"7":3,"8":3,"9":3,"10":3,"11":3,"12":1,"13":3,"14":1,"15":1,"16":1,"17":0,"18":0,"19":1,"20":1},"f":{"0":4,"1":1,"2":0,"3":1,"4":0},"b":{}}
}
