{"/Users/duanguang/Documents/Front-End/legions/legions-design-element/packages/legions-pro-echarts/src/components/LegionsProEcharts/index.tsx": {"path":"/Users/duanguang/Documents/Front-End/legions/legions-design-element/packages/legions-pro-echarts/src/components/LegionsProEcharts/index.tsx","statementMap":{"0":{"start":{"line":1,"column":0},"end":{"line":1,"column":42}},"1":{"start":{"line":3,"column":0},"end":{"line":3,"column":63}},"2":{"start":{"line":4,"column":0},"end":{"line":4,"column":69}},"3":{"start":{"line":6,"column":0},"end":{"line":6,"column":31}},"4":{"start":{"line":7,"column":0},"end":{"line":7,"column":38}},"5":{"start":{"line":8,"column":0},"end":{"line":8,"column":39}},"6":{"start":{"line":9,"column":0},"end":{"line":9,"column":37}},"7":{"start":{"line":10,"column":0},"end":{"line":10,"column":90}},"8":{"start":{"line":10,"column":40},"end":{"line":10,"column":61}},"9":{"start":{"line":13,"column":6},"end":{"line":13,"column":null}},"10":{"start":{"line":14,"column":6},"end":{"line":14,"column":32}},"11":{"start":{"line":11,"column":11},"end":{"line":11,"column":null}},"12":{"start":{"line":16,"column":0},"end":{"line":16,"column":null}},"13":{"start":{"line":10,"column":14},"end":{"line":10,"column":31}}},"fnMap":{"0":{"name":"(anonymous_0)","decl":{"start":{"line":10,"column":0},"end":{"line":10,"column":14}},"loc":{"start":{"line":10,"column":0},"end":{"line":10,"column":14}}},"1":{"name":"LegionsProEcharts","decl":{"start":{"line":12,"column":4},"end":{"line":12,"column":16}},"loc":{"start":{"line":12,"column":21},"end":{"line":15,"column":5}}}},"branchMap":{"0":{"loc":{"start":{"line":13,"column":6},"end":{"line":13,"column":18}},"type":"binary-expr","locations":[{"start":{"line":13,"column":6},"end":{"line":13,"column":18}},{"start":{"line":13,"column":18},"end":{"line":13,"column":null}}]}},"s":{"0":1,"1":1,"2":1,"3":1,"4":1,"5":1,"6":1,"7":1,"8":1,"9":1,"10":1,"11":1,"12":1,"13":1},"f":{"0":1,"1":1},"b":{"0":[1,0]}}
,"/Users/duanguang/Documents/Front-End/legions/legions-design-element/packages/legions-pro-echarts/src/components/LegionsProEchartsCore/index.tsx": {"path":"/Users/duanguang/Documents/Front-End/legions/legions-design-element/packages/legions-pro-echarts/src/components/LegionsProEchartsCore/index.tsx","statementMap":{"0":{"start":{"line":1,"column":0},"end":{"line":1,"column":40}},"1":{"start":{"line":2,"column":0},"end":{"line":2,"column":42}},"2":{"start":{"line":3,"column":0},"end":{"line":3,"column":38}},"3":{"start":{"line":4,"column":0},"end":{"line":4,"column":41}},"4":{"start":{"line":5,"column":0},"end":{"line":5,"column":69}},"5":{"start":{"line":9,"column":13},"end":{"line":15,"column":1}},"6":{"start":{"line":10,"column":14},"end":{"line":10,"column":16}},"7":{"start":{"line":11,"column":4},"end":{"line":13,"column":7}},"8":{"start":{"line":12,"column":8},"end":{"line":12,"column":26}},"9":{"start":{"line":14,"column":4},"end":{"line":14,"column":13}},"10":{"start":{"line":16,"column":0},"end":{"line":16,"column":94}},"11":{"start":{"line":16,"column":52},"end":{"line":16,"column":61}},"12":{"start":{"line":21,"column":8},"end":{"line":21,"column":null}},"13":{"start":{"line":70,"column":4},"end":{"line":73,"column":null}},"14":{"start":{"line":71,"column":8},"end":{"line":72,"column":87}},"15":{"start":{"line":75,"column":4},"end":{"line":84,"column":6}},"16":{"start":{"line":77,"column":26},"end":{"line":77,"column":51}},"17":{"start":{"line":79,"column":8},"end":{"line":79,"column":87}},"18":{"start":{"line":81,"column":8},"end":{"line":82,"column":37}},"19":{"start":{"line":81,"column":32},"end":{"line":81,"column":97}},"20":{"start":{"line":82,"column":13},"end":{"line":82,"column":37}},"21":{"start":{"line":83,"column":8},"end":{"line":83,"column":25}},"22":{"start":{"line":85,"column":4},"end":{"line":103,"column":6}},"23":{"start":{"line":86,"column":42},"end":{"line":86,"column":52}},"24":{"start":{"line":86,"column":24},"end":{"line":86,"column":25}},"25":{"start":{"line":86,"column":37},"end":{"line":86,"column":42}},"26":{"start":{"line":88,"column":26},"end":{"line":88,"column":48}},"27":{"start":{"line":89,"column":8},"end":{"line":89,"column":50}},"28":{"start":{"line":92,"column":8},"end":{"line":92,"column":110}},"29":{"start":{"line":92,"column":75},"end":{"line":92,"column":110}},"30":{"start":{"line":94,"column":8},"end":{"line":102,"column":null}},"31":{"start":{"line":95,"column":12},"end":{"line":101,"column":15}},"32":{"start":{"line":96,"column":16},"end":{"line":100,"column":null}},"33":{"start":{"line":97,"column":20},"end":{"line":97,"column":39}},"34":{"start":{"line":99,"column":20},"end":{"line":99,"column":36}},"35":{"start":{"line":105,"column":4},"end":{"line":123,"column":6}},"36":{"start":{"line":106,"column":27},"end":{"line":115,"column":9}},"37":{"start":{"line":108,"column":12},"end":{"line":114,"column":null}},"38":{"start":{"line":111,"column":16},"end":{"line":113,"column":19}},"39":{"start":{"line":112,"column":20},"end":{"line":112,"column":41}},"40":{"start":{"line":118,"column":8},"end":{"line":122,"column":null}},"41":{"start":{"line":119,"column":12},"end":{"line":121,"column":null}},"42":{"start":{"line":120,"column":16},"end":{"line":120,"column":56}},"43":{"start":{"line":125,"column":4},"end":{"line":136,"column":6}},"44":{"start":{"line":126,"column":8},"end":{"line":135,"column":null}},"45":{"start":{"line":127,"column":12},"end":{"line":131,"column":null}},"46":{"start":{"line":128,"column":16},"end":{"line":128,"column":43}},"47":{"start":{"line":130,"column":16},"end":{"line":130,"column":32}},"48":{"start":{"line":134,"column":12},"end":{"line":134,"column":49}},"49":{"start":{"line":22,"column":8},"end":{"line":22,"column":40}},"50":{"start":{"line":24,"column":8},"end":{"line":24,"column":35}},"51":{"start":{"line":27,"column":4},"end":{"line":29,"column":null}},"52":{"start":{"line":28,"column":8},"end":{"line":28,"column":24}},"53":{"start":{"line":31,"column":4},"end":{"line":68,"column":null}},"54":{"start":{"line":33,"column":8},"end":{"line":35,"column":null}},"55":{"start":{"line":34,"column":12},"end":{"line":34,"column":19}},"56":{"start":{"line":41,"column":8},"end":{"line":51,"column":null}},"57":{"start":{"line":47,"column":12},"end":{"line":47,"column":27}},"58":{"start":{"line":49,"column":12},"end":{"line":49,"column":28}},"59":{"start":{"line":50,"column":12},"end":{"line":50,"column":19}},"60":{"start":{"line":54,"column":25},"end":{"line":54,"column":89}},"61":{"start":{"line":55,"column":8},"end":{"line":57,"column":null}},"62":{"start":{"line":56,"column":12},"end":{"line":56,"column":19}},"63":{"start":{"line":59,"column":26},"end":{"line":59,"column":48}},"64":{"start":{"line":61,"column":8},"end":{"line":67,"column":null}},"65":{"start":{"line":62,"column":12},"end":{"line":66,"column":null}},"66":{"start":{"line":63,"column":16},"end":{"line":63,"column":35}},"67":{"start":{"line":65,"column":16},"end":{"line":65,"column":32}},"68":{"start":{"line":137,"column":4},"end":{"line":148,"column":null}},"69":{"start":{"line":137,"column":4},"end":{"line":137,"column":10}},"70":{"start":{"line":138,"column":36},"end":{"line":138,"column":46}},"71":{"start":{"line":138,"column":21},"end":{"line":138,"column":22}},"72":{"start":{"line":138,"column":31},"end":{"line":138,"column":36}},"73":{"start":{"line":139,"column":22},"end":{"line":139,"column":53}},"74":{"start":{"line":140,"column":8},"end":{"line":147,"column":null}},"75":{"start":{"line":143,"column":30},"end":{"line":143,"column":54}},"76":{"start":{"line":17,"column":11},"end":{"line":17,"column":null}},"77":{"start":{"line":149,"column":0},"end":{"line":149,"column":null}},"78":{"start":{"line":16,"column":14},"end":{"line":16,"column":35}}},"fnMap":{"0":{"name":"(anonymous_0)","decl":{"start":{"line":9,"column":13},"end":{"line":9,"column":14}},"loc":{"start":{"line":9,"column":22},"end":{"line":15,"column":1}}},"1":{"name":"(anonymous_1)","decl":{"start":{"line":11,"column":17},"end":{"line":11,"column":18}},"loc":{"start":{"line":11,"column":21},"end":{"line":13,"column":5}}},"2":{"name":"(anonymous_2)","decl":{"start":{"line":16,"column":0},"end":{"line":16,"column":14}},"loc":{"start":{"line":16,"column":0},"end":{"line":16,"column":14}}},"3":{"name":"LegionsProEchartsCore","decl":{"start":{"line":20,"column":4},"end":{"line":20,"column":16}},"loc":{"start":{"line":20,"column":52},"end":{"line":25,"column":5}}},"4":{"name":"(anonymous_4)","decl":{"start":{"line":70,"column":25},"end":{"line":70,"column":null}},"loc":{"start":{"line":70,"column":25},"end":{"line":73,"column":5}}},"5":{"name":"(anonymous_5)","decl":{"start":{"line":75,"column":22},"end":{"line":75,"column":null}},"loc":{"start":{"line":75,"column":22},"end":{"line":84,"column":5}}},"6":{"name":"(anonymous_6)","decl":{"start":{"line":85,"column":15},"end":{"line":85,"column":null}},"loc":{"start":{"line":85,"column":15},"end":{"line":103,"column":5}}},"7":{"name":"(anonymous_7)","decl":{"start":{"line":95,"column":37},"end":{"line":95,"column":null}},"loc":{"start":{"line":95,"column":37},"end":{"line":101,"column":13}}},"8":{"name":"(anonymous_8)","decl":{"start":{"line":105,"column":17},"end":{"line":105,"column":18}},"loc":{"start":{"line":105,"column":33},"end":{"line":123,"column":5}}},"9":{"name":"(anonymous_9)","decl":{"start":{"line":106,"column":27},"end":{"line":106,"column":28}},"loc":{"start":{"line":106,"column":42},"end":{"line":115,"column":9}}},"10":{"name":"(anonymous_10)","decl":{"start":{"line":111,"column":38},"end":{"line":111,"column":39}},"loc":{"start":{"line":111,"column":44},"end":{"line":113,"column":17}}},"11":{"name":"(anonymous_11)","decl":{"start":{"line":125,"column":14},"end":{"line":125,"column":null}},"loc":{"start":{"line":125,"column":14},"end":{"line":136,"column":5}}},"12":{"name":"(anonymous_12)","decl":{"start":{"line":27,"column":4},"end":{"line":27,"column":21}},"loc":{"start":{"line":27,"column":4},"end":{"line":29,"column":5}}},"13":{"name":"(anonymous_13)","decl":{"start":{"line":31,"column":4},"end":{"line":31,"column":22}},"loc":{"start":{"line":31,"column":32},"end":{"line":68,"column":5}}},"14":{"name":"(anonymous_14)","decl":{"start":{"line":137,"column":4},"end":{"line":137,"column":10}},"loc":{"start":{"line":137,"column":4},"end":{"line":148,"column":5}}},"15":{"name":"(anonymous_15)","decl":{"start":{"line":143,"column":21},"end":{"line":143,"column":22}},"loc":{"start":{"line":143,"column":23},"end":{"line":143,"column":56}}}},"branchMap":{"0":{"loc":{"start":{"line":21,"column":8},"end":{"line":21,"column":20}},"type":"binary-expr","locations":[{"start":{"line":21,"column":8},"end":{"line":21,"column":20}},{"start":{"line":21,"column":20},"end":{"line":21,"column":null}}]},"1":{"loc":{"start":{"line":71,"column":15},"end":{"line":71,"column":68}},"type":"binary-expr","locations":[{"start":{"line":71,"column":15},"end":{"line":71,"column":68}},{"start":{"line":72,"column":12},"end":{"line":72,"column":86}}]},"2":{"loc":{"start":{"line":79,"column":28},"end":{"line":79,"column":45}},"type":"binary-expr","locations":[{"start":{"line":79,"column":28},"end":{"line":79,"column":45}},{"start":{"line":79,"column":49},"end":{"line":79,"column":51}}]},"3":{"loc":{"start":{"line":81,"column":8},"end":{"line":82,"column":37}},"type":"if","locations":[{"start":{"line":81,"column":8},"end":{"line":82,"column":37}},{"start":{"line":81,"column":8},"end":{"line":82,"column":37}}]},"4":{"loc":{"start":{"line":81,"column":61},"end":{"line":81,"column":85}},"type":"binary-expr","locations":[{"start":{"line":81,"column":61},"end":{"line":81,"column":85}},{"start":{"line":81,"column":89},"end":{"line":81,"column":95}}]},"5":{"loc":{"start":{"line":89,"column":34},"end":{"line":89,"column":42}},"type":"binary-expr","locations":[{"start":{"line":89,"column":34},"end":{"line":89,"column":42}},{"start":{"line":89,"column":46},"end":{"line":89,"column":48}}]},"6":{"loc":{"start":{"line":92,"column":8},"end":{"line":92,"column":110}},"type":"if","locations":[{"start":{"line":92,"column":8},"end":{"line":92,"column":110}},{"start":{"line":92,"column":8},"end":{"line":92,"column":110}}]},"7":{"loc":{"start":{"line":92,"column":12},"end":{"line":92,"column":46}},"type":"binary-expr","locations":[{"start":{"line":92,"column":12},"end":{"line":92,"column":46}},{"start":{"line":92,"column":50},"end":{"line":92,"column":73}}]},"8":{"loc":{"start":{"line":94,"column":8},"end":{"line":102,"column":null}},"type":"if","locations":[{"start":{"line":94,"column":8},"end":{"line":102,"column":null}},{"start":{"line":94,"column":8},"end":{"line":102,"column":null}}]},"9":{"loc":{"start":{"line":108,"column":12},"end":{"line":114,"column":null}},"type":"if","locations":[{"start":{"line":108,"column":12},"end":{"line":114,"column":null}},{"start":{"line":108,"column":12},"end":{"line":114,"column":null}}]},"10":{"loc":{"start":{"line":108,"column":16},"end":{"line":108,"column":45}},"type":"binary-expr","locations":[{"start":{"line":108,"column":16},"end":{"line":108,"column":45}},{"start":{"line":108,"column":49},"end":{"line":108,"column":75}}]},"11":{"loc":{"start":{"line":119,"column":12},"end":{"line":121,"column":null}},"type":"if","locations":[{"start":{"line":119,"column":12},"end":{"line":121,"column":null}},{"start":{"line":119,"column":12},"end":{"line":121,"column":null}}]},"12":{"loc":{"start":{"line":126,"column":8},"end":{"line":135,"column":null}},"type":"if","locations":[{"start":{"line":126,"column":8},"end":{"line":135,"column":null}},{"start":{"line":126,"column":8},"end":{"line":135,"column":null}}]},"13":{"loc":{"start":{"line":33,"column":8},"end":{"line":35,"column":null}},"type":"if","locations":[{"start":{"line":33,"column":8},"end":{"line":35,"column":null}},{"start":{"line":33,"column":8},"end":{"line":35,"column":null}}]},"14":{"loc":{"start":{"line":33,"column":12},"end":{"line":33,"column":60}},"type":"binary-expr","locations":[{"start":{"line":33,"column":12},"end":{"line":33,"column":60}},{"start":{"line":33,"column":64},"end":{"line":33,"column":113}}]},"15":{"loc":{"start":{"line":41,"column":8},"end":{"line":51,"column":null}},"type":"if","locations":[{"start":{"line":41,"column":8},"end":{"line":51,"column":null}},{"start":{"line":41,"column":8},"end":{"line":51,"column":null}}]},"16":{"loc":{"start":{"line":42,"column":12},"end":{"line":42,"column":54}},"type":"binary-expr","locations":[{"start":{"line":42,"column":12},"end":{"line":42,"column":54}},{"start":{"line":43,"column":12},"end":{"line":43,"column":52}},{"start":{"line":44,"column":12},"end":{"line":44,"column":null}}]},"17":{"loc":{"start":{"line":55,"column":8},"end":{"line":57,"column":null}},"type":"if","locations":[{"start":{"line":55,"column":8},"end":{"line":57,"column":null}},{"start":{"line":55,"column":8},"end":{"line":57,"column":null}}]},"18":{"loc":{"start":{"line":61,"column":8},"end":{"line":67,"column":null}},"type":"if","locations":[{"start":{"line":61,"column":8},"end":{"line":67,"column":null}},{"start":{"line":61,"column":8},"end":{"line":67,"column":null}}]},"19":{"loc":{"start":{"line":61,"column":12},"end":{"line":61,"column":54}},"type":"binary-expr","locations":[{"start":{"line":61,"column":12},"end":{"line":61,"column":54}},{"start":{"line":61,"column":58},"end":{"line":61,"column":108}}]}},"s":{"0":1,"1":1,"2":1,"3":1,"4":1,"5":1,"6":0,"7":0,"8":0,"9":0,"10":1,"11":1,"12":1,"13":1,"14":2,"15":1,"16":1,"17":1,"18":1,"19":0,"20":1,"21":1,"22":1,"23":1,"24":1,"25":1,"26":1,"27":1,"28":1,"29":1,"30":1,"31":1,"32":0,"33":0,"34":0,"35":1,"36":1,"37":0,"38":0,"39":0,"40":1,"41":0,"42":0,"43":1,"44":0,"45":0,"46":0,"47":0,"48":0,"49":1,"50":1,"51":1,"52":1,"53":1,"54":0,"55":0,"56":0,"57":0,"58":0,"59":0,"60":0,"61":0,"62":0,"63":0,"64":0,"65":0,"66":0,"67":0,"68":1,"69":1,"70":1,"71":1,"72":1,"73":1,"74":1,"75":1,"76":1,"77":1,"78":1},"f":{"0":0,"1":0,"2":1,"3":1,"4":2,"5":1,"6":1,"7":0,"8":1,"9":0,"10":0,"11":0,"12":1,"13":0,"14":1,"15":1},"b":{"0":[1,1],"1":[2,1],"2":[1,0],"3":[0,1],"4":[0,0],"5":[1,0],"6":[1,0],"7":[1,1],"8":[1,0],"9":[0,0],"10":[0,0],"11":[0,0],"12":[0,0],"13":[0,0],"14":[0,0],"15":[0,0],"16":[0,0,0],"17":[0,0],"18":[0,0],"19":[0,0]}}
,"/Users/duanguang/Documents/Front-End/legions/legions-design-element/packages/legions-pro-echarts/src/components/interface/interface.ts": {"path":"/Users/duanguang/Documents/Front-End/legions/legions-design-element/packages/legions-pro-echarts/src/components/interface/interface.ts","statementMap":{"0":{"start":{"line":13,"column":14},"end":{"line":13,"column":45}},"1":{"start":{"line":15,"column":0},"end":{"line":15,"column":13}},"2":{"start":{"line":17,"column":2},"end":{"line":17,"column":30}},"3":{"start":{"line":18,"column":2},"end":{"line":18,"column":25}},"4":{"start":{"line":20,"column":2},"end":{"line":20,"column":28}},"5":{"start":{"line":21,"column":2},"end":{"line":21,"column":52}},"6":{"start":{"line":23,"column":2},"end":{"line":23,"column":49}},"7":{"start":{"line":26,"column":2},"end":{"line":26,"column":54}},"8":{"start":{"line":28,"column":2},"end":{"line":28,"column":35}},"9":{"start":{"line":31,"column":2},"end":{"line":31,"column":26}},"10":{"start":{"line":33,"column":2},"end":{"line":33,"column":53}},"11":{"start":{"line":35,"column":2},"end":{"line":38,"column":28}},"12":{"start":{"line":38,"column":23},"end":{"line":38,"column":28}},"13":{"start":{"line":40,"column":2},"end":{"line":40,"column":64}},"14":{"start":{"line":41,"column":0},"end":{"line":41,"column":null}},"15":{"start":{"line":15,"column":13},"end":{"line":15,"column":40}},"16":{"start":{"line":42,"column":0},"end":{"line":42,"column":13}},"17":{"start":{"line":54,"column":2},"end":{"line":54,"column":126}},"18":{"start":{"line":54,"column":123},"end":{"line":54,"column":126}},"19":{"start":{"line":55,"column":0},"end":{"line":55,"column":null}},"20":{"start":{"line":42,"column":13},"end":{"line":42,"column":42}}},"fnMap":{"0":{"name":"(anonymous_0)","decl":{"start":{"line":15,"column":0},"end":{"line":15,"column":13}},"loc":{"start":{"line":15,"column":0},"end":{"line":41,"column":null}}},"1":{"name":"(anonymous_2)","decl":{"start":{"line":38,"column":17},"end":{"line":38,"column":23}},"loc":{"start":{"line":38,"column":17},"end":{"line":38,"column":27}}},"2":{"name":"(anonymous_3)","decl":{"start":{"line":40,"column":55},"end":{"line":40,"column":62}},"loc":{"start":{"line":40,"column":55},"end":{"line":40,"column":63}}},"3":{"name":"(anonymous_4)","decl":{"start":{"line":42,"column":0},"end":{"line":42,"column":13}},"loc":{"start":{"line":42,"column":0},"end":{"line":55,"column":null}}},"4":{"name":"(anonymous_6)","decl":{"start":{"line":54,"column":117},"end":{"line":54,"column":123}},"loc":{"start":{"line":54,"column":117},"end":{"line":54,"column":125}}}},"branchMap":{},"s":{"0":1,"1":1,"2":2,"3":2,"4":2,"5":2,"6":2,"7":2,"8":2,"9":2,"10":2,"11":2,"12":0,"13":2,"14":1,"15":1,"16":1,"17":0,"18":0,"19":1,"20":1},"f":{"0":3,"1":0,"2":1,"3":1,"4":0},"b":{}}
}
