TN:
SF:E:\technology\legions-design-element\packages\legions-pro-echarts\src\components\LegionsProEcharts\index.tsx
FN:10,(anonymous_0)
FN:12,LegionsProEcharts
FNF:2
FNH:2
FNDA:1,(anonymous_0)
FNDA:3,LegionsProEcharts
DA:1,1
DA:3,1
DA:4,1
DA:6,1
DA:7,1
DA:8,1
DA:9,1
DA:10,1
DA:11,1
DA:13,3
DA:14,3
DA:16,1
LF:12
LH:12
BRDA:13,0,0,3
BRDA:13,0,1,0
BRF:2
BRH:1
end_of_record
TN:
SF:E:\technology\legions-design-element\packages\legions-pro-echarts\src\components\LegionsProEchartsChartLine\index.tsx
FN:13,(anonymous_0)
FN:21,(anonymous_2)
FN:26,(anonymous_4)
FN:30,(anonymous_6)
FN:37,(anonymous_7)
FN:62,(anonymous_8)
FN:72,(anonymous_9)
FN:112,(anonymous_10)
FN:118,(anonymous_11)
FN:141,(anonymous_12)
FN:147,(anonymous_13)
FN:151,(anonymous_14)
FNF:12
FNH:9
FNDA:2,(anonymous_0)
FNDA:4,(anonymous_2)
FNDA:4,(anonymous_4)
FNDA:2,(anonymous_6)
FNDA:4,(anonymous_7)
FNDA:0,(anonymous_8)
FNDA:0,(anonymous_9)
FNDA:3,(anonymous_10)
FNDA:1,(anonymous_11)
FNDA:4,(anonymous_12)
FNDA:3,(anonymous_13)
FNDA:0,(anonymous_14)
DA:1,1
DA:2,1
DA:3,1
DA:6,1
DA:7,1
DA:8,1
DA:9,1
DA:10,1
DA:11,1
DA:12,1
DA:13,1
DA:15,1
DA:17,1
DA:20,1
DA:21,1
DA:23,4
DA:24,1
DA:26,3
DA:27,1
DA:28,3
DA:30,1
DA:31,2
DA:32,0
DA:34,2
DA:37,1
DA:38,4
DA:63,0
DA:73,0
DA:112,1
DA:113,3
DA:114,1
DA:118,1
DA:119,1
DA:120,1
DA:121,1
DA:122,1
DA:123,1
DA:129,1
DA:131,0
DA:137,0
DA:141,4
DA:142,4
DA:143,4
DA:144,4
DA:148,3
DA:149,3
DA:152,0
DA:163,1
LF:48
LH:42
BRDA:13,0,0,1
BRDA:13,0,1,1
BRDA:13,0,2,1
BRDA:26,1,0,3
BRDA:26,1,1,3
BRDA:26,1,2,3
BRDA:31,2,0,0
BRDA:31,2,1,2
BRDA:31,3,0,2
BRDA:31,3,1,0
BRDA:109,4,0,2
BRDA:109,4,1,2
BRDA:109,5,0,2
BRDA:109,5,1,0
BRDA:113,6,0,1
BRDA:113,6,1,2
BRDA:121,7,0,1
BRDA:121,7,1,0
BRDA:122,8,0,1
BRDA:122,8,1,0
BRDA:126,9,0,0
BRDA:126,9,1,1
BRDA:134,10,0,0
BRDA:134,10,1,0
BRDA:143,11,0,2
BRDA:143,11,1,2
BRDA:148,12,0,3
BRDA:148,12,1,0
BRF:28
BRH:19
end_of_record
TN:
SF:E:\technology\legions-design-element\packages\legions-pro-echarts\src\components\LegionsProEchartsCore\index.tsx
FN:9,(anonymous_0)
FN:11,(anonymous_1)
FN:16,(anonymous_2)
FN:20,LegionsProEchartsCore
FN:70,(anonymous_4)
FN:75,(anonymous_5)
FN:85,(anonymous_6)
FN:94,(anonymous_7)
FN:104,(anonymous_8)
FN:105,(anonymous_9)
FN:110,(anonymous_10)
FN:124,(anonymous_11)
FN:27,(anonymous_12)
FN:31,(anonymous_13)
FN:136,(anonymous_14)
FN:142,(anonymous_15)
FNF:16
FNH:12
FNDA:2,(anonymous_0)
FNDA:10,(anonymous_1)
FNDA:1,(anonymous_2)
FNDA:3,LegionsProEchartsCore
FNDA:4,(anonymous_4)
FNDA:4,(anonymous_5)
FNDA:3,(anonymous_6)
FNDA:0,(anonymous_7)
FNDA:3,(anonymous_8)
FNDA:0,(anonymous_9)
FNDA:0,(anonymous_10)
FNDA:0,(anonymous_11)
FNDA:3,(anonymous_12)
FNDA:1,(anonymous_13)
FNDA:4,(anonymous_14)
FNDA:5,(anonymous_15)
DA:1,1
DA:2,1
DA:3,1
DA:4,1
DA:5,1
DA:9,1
DA:10,2
DA:11,2
DA:12,10
DA:14,2
DA:16,1
DA:17,1
DA:21,3
DA:22,3
DA:24,3
DA:27,1
DA:28,3
DA:31,1
DA:33,1
DA:34,0
DA:41,1
DA:47,0
DA:49,0
DA:50,0
DA:54,1
DA:55,1
DA:56,0
DA:59,1
DA:61,1
DA:62,0
DA:63,0
DA:65,0
DA:70,3
DA:71,4
DA:75,3
DA:77,4
DA:79,4
DA:81,4
DA:82,3
DA:83,4
DA:85,3
DA:86,3
DA:88,3
DA:89,3
DA:91,3
DA:93,3
DA:94,3
DA:95,0
DA:96,0
DA:98,0
DA:104,3
DA:105,3
DA:107,0
DA:110,0
DA:111,0
DA:117,3
DA:118,0
DA:119,0
DA:124,3
DA:125,0
DA:126,0
DA:127,0
DA:129,0
DA:133,0
DA:136,4
DA:137,4
DA:138,4
DA:139,4
DA:142,5
DA:148,1
LF:70
LH:49
BRDA:21,0,0,3
BRDA:21,0,1,3
BRDA:71,1,0,4
BRDA:71,1,1,3
BRDA:79,2,0,4
BRDA:79,2,1,0
BRDA:81,3,0,1
BRDA:81,3,1,3
BRDA:81,4,0,1
BRDA:81,4,1,0
BRDA:89,5,0,3
BRDA:89,5,1,0
BRDA:91,6,0,3
BRDA:91,6,1,0
BRDA:91,7,0,3
BRDA:91,7,1,3
BRDA:93,8,0,3
BRDA:93,8,1,0
BRDA:107,9,0,0
BRDA:107,9,1,0
BRDA:107,10,0,0
BRDA:107,10,1,0
BRDA:118,11,0,0
BRDA:118,11,1,0
BRDA:125,12,0,0
BRDA:125,12,1,0
BRDA:33,13,0,0
BRDA:33,13,1,1
BRDA:33,14,0,1
BRDA:33,14,1,1
BRDA:41,15,0,0
BRDA:41,15,1,1
BRDA:42,16,0,1
BRDA:42,16,1,1
BRDA:42,16,2,1
BRDA:55,17,0,0
BRDA:55,17,1,1
BRDA:61,18,0,0
BRDA:61,18,1,1
BRDA:61,19,0,1
BRDA:61,19,1,1
BRF:41
BRH:24
end_of_record
TN:
SF:E:\technology\legions-design-element\packages\legions-pro-echarts\src\components\core\constant.icon.ts
FNF:0
FNH:0
DA:14,1
LF:1
LH:1
BRF:0
BRH:0
end_of_record
TN:
SF:E:\technology\legions-design-element\packages\legions-pro-echarts\src\components\core\index.ts
FN:11,(anonymous_0)
FN:12,(anonymous_1)
FNF:2
FNH:2
FNDA:4,(anonymous_0)
FNDA:1,(anonymous_1)
DA:11,5
DA:12,2
LF:2
LH:2
BRF:0
BRH:0
end_of_record
TN:
SF:E:\technology\legions-design-element\packages\legions-pro-echarts\src\components\core\legionsFetch.ts
FN:27,(anonymous_0)
FN:28,(anonymous_2)
FN:43,(anonymous_3)
FN:47,(anonymous_4)
FN:51,(anonymous_5)
FN:55,(anonymous_6)
FN:59,(anonymous_7)
FN:63,(anonymous_8)
FNF:8
FNH:3
FNDA:2,(anonymous_0)
FNDA:1,(anonymous_2)
FNDA:0,(anonymous_3)
FNDA:0,(anonymous_4)
FNDA:0,(anonymous_5)
FNDA:1,(anonymous_6)
FNDA:0,(anonymous_7)
FNDA:0,(anonymous_8)
DA:10,1
DA:27,1
DA:28,1
DA:29,1
DA:38,1
DA:39,1
DA:41,1
DA:43,1
DA:44,0
DA:46,0
DA:49,0
DA:52,0
DA:55,1
DA:56,1
DA:58,1
DA:61,0
DA:64,0
DA:67,1
LF:18
LH:12
BRDA:38,0,0,1
BRDA:38,0,1,0
BRDA:46,1,0,0
BRDA:46,1,1,0
BRDA:52,2,0,0
BRDA:52,2,1,0
BRDA:58,3,0,1
BRDA:58,3,1,0
BRDA:64,4,0,0
BRDA:64,4,1,0
BRF:10
BRH:2
end_of_record
TN:
SF:E:\technology\legions-design-element\packages\legions-pro-echarts\src\components\interface\interface.ts
FN:21,(anonymous_0)
FN:44,(anonymous_2)
FN:46,(anonymous_3)
FN:48,(anonymous_4)
FN:60,(anonymous_6)
FNF:5
FNH:3
FNDA:4,(anonymous_0)
FNDA:1,(anonymous_2)
FNDA:0,(anonymous_3)
FNDA:1,(anonymous_4)
FNDA:0,(anonymous_6)
DA:13,1
DA:21,1
DA:23,3
DA:24,3
DA:26,3
DA:27,3
DA:29,3
DA:32,3
DA:34,3
DA:37,3
DA:39,3
DA:41,3
DA:44,1
DA:46,3
DA:47,1
DA:48,1
DA:60,0
DA:61,1
LF:18
LH:17
BRF:0
BRH:0
end_of_record
