TN:
SF:/Users/duanguang/Documents/Front-End/legions/legions-design-element/packages/legions-pro-echarts/src/components/LegionsProEcharts/index.tsx
FN:10,(anonymous_0)
FN:12,LegionsProEcharts
FNF:2
FNH:2
FNDA:1,(anonymous_0)
FNDA:2,LegionsProEcharts
DA:1,1
DA:3,1
DA:4,1
DA:6,1
DA:7,1
DA:8,1
DA:9,1
DA:10,1
DA:11,1
DA:13,2
DA:14,2
DA:16,1
LF:12
LH:12
BRDA:13,0,0,2
BRDA:13,0,1,0
BRF:2
BRH:1
end_of_record
TN:
SF:/Users/duanguang/Documents/Front-End/legions/legions-design-element/packages/legions-pro-echarts/src/components/LegionsProEchartsCore/index.tsx
FN:9,(anonymous_0)
FN:11,(anonymous_1)
FN:16,(anonymous_2)
FN:20,LegionsProEchartsCore
FN:70,(anonymous_4)
FN:75,(anonymous_5)
FN:85,(anonymous_6)
FN:95,(anonymous_7)
FN:105,(anonymous_8)
FN:106,(anonymous_9)
FN:111,(anonymous_10)
FN:125,(anonymous_11)
FN:27,(anonymous_12)
FN:31,(anonymous_13)
FN:137,(anonymous_14)
FN:143,(anonymous_15)
FNF:16
FNH:9
FNDA:0,(anonymous_0)
FNDA:0,(anonymous_1)
FNDA:1,(anonymous_2)
FNDA:2,LegionsProEchartsCore
FNDA:3,(anonymous_4)
FNDA:2,(anonymous_5)
FNDA:2,(anonymous_6)
FNDA:0,(anonymous_7)
FNDA:2,(anonymous_8)
FNDA:0,(anonymous_9)
FNDA:0,(anonymous_10)
FNDA:0,(anonymous_11)
FNDA:2,(anonymous_12)
FNDA:0,(anonymous_13)
FNDA:2,(anonymous_14)
FNDA:2,(anonymous_15)
DA:1,1
DA:2,1
DA:3,1
DA:4,1
DA:5,1
DA:9,1
DA:10,0
DA:11,0
DA:12,0
DA:14,0
DA:16,1
DA:17,1
DA:21,2
DA:22,2
DA:24,2
DA:27,1
DA:28,2
DA:31,1
DA:33,0
DA:34,0
DA:41,0
DA:47,0
DA:49,0
DA:50,0
DA:54,0
DA:55,0
DA:56,0
DA:59,0
DA:61,0
DA:62,0
DA:63,0
DA:65,0
DA:70,2
DA:71,3
DA:75,2
DA:77,2
DA:79,2
DA:81,2
DA:82,2
DA:83,2
DA:85,2
DA:86,2
DA:88,2
DA:89,2
DA:92,2
DA:94,2
DA:95,2
DA:96,0
DA:97,0
DA:99,0
DA:105,2
DA:106,2
DA:108,0
DA:111,0
DA:112,0
DA:118,2
DA:119,0
DA:120,0
DA:125,2
DA:126,0
DA:127,0
DA:128,0
DA:130,0
DA:134,0
DA:137,2
DA:138,2
DA:139,2
DA:140,2
DA:143,2
DA:149,1
LF:70
LH:39
BRDA:21,0,0,2
BRDA:21,0,1,2
BRDA:71,1,0,3
BRDA:71,1,1,2
BRDA:79,2,0,2
BRDA:79,2,1,0
BRDA:81,3,0,0
BRDA:81,3,1,2
BRDA:81,4,0,0
BRDA:81,4,1,0
BRDA:89,5,0,2
BRDA:89,5,1,0
BRDA:92,6,0,2
BRDA:92,6,1,0
BRDA:92,7,0,2
BRDA:92,7,1,2
BRDA:94,8,0,2
BRDA:94,8,1,0
BRDA:108,9,0,0
BRDA:108,9,1,0
BRDA:108,10,0,0
BRDA:108,10,1,0
BRDA:119,11,0,0
BRDA:119,11,1,0
BRDA:126,12,0,0
BRDA:126,12,1,0
BRDA:33,13,0,0
BRDA:33,13,1,0
BRDA:33,14,0,0
BRDA:33,14,1,0
BRDA:41,15,0,0
BRDA:41,15,1,0
BRDA:42,16,0,0
BRDA:42,16,1,0
BRDA:42,16,2,0
BRDA:55,17,0,0
BRDA:55,17,1,0
BRDA:61,18,0,0
BRDA:61,18,1,0
BRDA:61,19,0,0
BRDA:61,19,1,0
BRF:41
BRH:11
end_of_record
TN:
SF:/Users/duanguang/Documents/Front-End/legions/legions-design-element/packages/legions-pro-echarts/src/components/interface/interface.ts
FN:15,(anonymous_0)
FN:38,(anonymous_2)
FN:40,(anonymous_3)
FN:42,(anonymous_4)
FN:54,(anonymous_6)
FNF:5
FNH:3
FNDA:3,(anonymous_0)
FNDA:0,(anonymous_2)
FNDA:2,(anonymous_3)
FNDA:1,(anonymous_4)
FNDA:0,(anonymous_6)
DA:13,1
DA:15,1
DA:17,2
DA:18,2
DA:20,2
DA:21,2
DA:23,2
DA:26,2
DA:28,2
DA:31,2
DA:33,2
DA:35,2
DA:38,0
DA:40,2
DA:41,1
DA:42,1
DA:54,0
DA:55,1
LF:18
LH:16
BRF:0
BRH:0
end_of_record
